2012-01-30T18:26:11+00:00 ERR (3): 
exception 'PDOException' with message 'SQLSTATE[40001]: Serialization failure: 1213 Deadlock found when trying to get lock; try restarting transaction' in /var/www/expressdecor/lib/Zend/Db/Statement/Pdo.php:228
Stack trace:
#0 /var/www/expressdecor/lib/Zend/Db/Statement/Pdo.php(228): PDOStatement->execute(Array)
#1 /var/www/expressdecor/lib/Zend/Db/Statement.php(300): Zend_Db_Statement_Pdo->_execute(Array)
#2 /var/www/expressdecor/lib/Zend/Db/Adapter/Abstract.php(468): Zend_Db_Statement->execute(Array)
#3 /var/www/expressdecor/lib/Zend/Db/Adapter/Pdo/Abstract.php(238): Zend_Db_Adapter_Abstract->query('DELETE FROM `ca...', Array)
#4 /var/www/expressdecor/lib/Varien/Db/Adapter/Pdo/Mysql.php(333): Zend_Db_Adapter_Pdo_Abstract->query('DELETE FROM `ca...', Array)
#5 /var/www/expressdecor/lib/Zend/Db/Adapter/Abstract.php(634): Varien_Db_Adapter_Pdo_Mysql->query('DELETE FROM `ca...')
#6 /var/www/expressdecor/app/code/core/Mage/Catalog/Model/Resource/Eav/Mysql4/Category/Indexer/Product.php(92): Zend_Db_Adapter_Abstract->delete('catalog_categor...', 'product_id='198...')
#7 /var/www/expressdecor/app/code/core/Mage/Index/Model/Indexer/Abstract.php(144): Mage_Catalog_Model_Resource_Eav_Mysql4_Category_Indexer_Product->catalogProductSave(Object(Mage_Index_Model_Event))
#8 /var/www/expressdecor/app/code/core/Mage/Catalog/Model/Category/Indexer/Product.php(241): Mage_Index_Model_Indexer_Abstract->callEventHandler(Object(Mage_Index_Model_Event))
#9 /var/www/expressdecor/app/code/core/Mage/Index/Model/Indexer/Abstract.php(85): Mage_Catalog_Model_Category_Indexer_Product->_processEvent(Object(Mage_Index_Model_Event))
#10 /var/www/expressdecor/app/code/core/Mage/Index/Model/Process.php(186): Mage_Index_Model_Indexer_Abstract->processEvent(Object(Mage_Index_Model_Event))
#11 [internal function]: Mage_Index_Model_Process->processEvent(Object(Mage_Index_Model_Event))
#12 /var/www/expressdecor/app/code/core/Mage/Index/Model/Indexer.php(252): call_user_func_array(Array, Array)
#13 /var/www/expressdecor/app/code/core/Mage/Index/Model/Indexer.php(154): Mage_Index_Model_Indexer->_runAll('processEvent', Array)
#14 /var/www/expressdecor/app/code/core/Mage/Index/Model/Indexer.php(219): Mage_Index_Model_Indexer->indexEvent(Object(Mage_Index_Model_Event))
#15 /var/www/expressdecor/app/code/core/Mage/Catalog/Model/Product.php(525): Mage_Index_Model_Indexer->processEntityAction(Object(Mage_Catalog_Model_Product), 'catalog_product', 'save')
#16 [internal function]: Mage_Catalog_Model_Product->afterCommitCallback()
#17 /var/www/expressdecor/app/code/core/Mage/Core/Model/Resource/Abstract.php(104): call_user_func(Array)
#18 /var/www/expressdecor/app/code/core/Mage/Core/Model/Abstract.php(322): Mage_Core_Model_Resource_Abstract->commit()
#19 /var/www/expressdecor/app/code/core/Mage/Adminhtml/controllers/Catalog/ProductController.php(676): Mage_Core_Model_Abstract->save()
#20 /var/www/expressdecor/app/code/core/Mage/Core/Controller/Varien/Action.php(418): Mage_Adminhtml_Catalog_ProductController->saveAction()
#21 /var/www/expressdecor/app/code/core/Mage/Core/Controller/Varien/Router/Standard.php(253): Mage_Core_Controller_Varien_Action->dispatch('save')
#22 /var/www/expressdecor/app/code/core/Mage/Core/Controller/Varien/Front.php(176): Mage_Core_Controller_Varien_Router_Standard->match(Object(Mage_Core_Controller_Request_Http))
#23 /var/www/expressdecor/app/code/core/Mage/Core/Model/App.php(304): Mage_Core_Controller_Varien_Front->dispatch()
#24 /var/www/expressdecor/app/Mage.php(596): Mage_Core_Model_App->run(Array)
#25 /var/www/expressdecor/index.php(81): Mage::run('', 'store')
#26 {main}

Next exception 'Zend_Db_Statement_Exception' with message 'SQLSTATE[40001]: Serialization failure: 1213 Deadlock found when trying to get lock; try restarting transaction' in /var/www/expressdecor/lib/Zend/Db/Statement/Pdo.php:234
Stack trace:
#0 /var/www/expressdecor/lib/Zend/Db/Statement.php(300): Zend_Db_Statement_Pdo->_execute(Array)
#1 /var/www/expressdecor/lib/Zend/Db/Adapter/Abstract.php(468): Zend_Db_Statement->execute(Array)
#2 /var/www/expressdecor/lib/Zend/Db/Adapter/Pdo/Abstract.php(238): Zend_Db_Adapter_Abstract->query('DELETE FROM `ca...', Array)
#3 /var/www/expressdecor/lib/Varien/Db/Adapter/Pdo/Mysql.php(333): Zend_Db_Adapter_Pdo_Abstract->query('DELETE FROM `ca...', Array)
#4 /var/www/expressdecor/lib/Zend/Db/Adapter/Abstract.php(634): Varien_Db_Adapter_Pdo_Mysql->query('DELETE FROM `ca...')
#5 /var/www/expressdecor/app/code/core/Mage/Catalog/Model/Resource/Eav/Mysql4/Category/Indexer/Product.php(92): Zend_Db_Adapter_Abstract->delete('catalog_categor...', 'product_id='198...')
#6 /var/www/expressdecor/app/code/core/Mage/Index/Model/Indexer/Abstract.php(144): Mage_Catalog_Model_Resource_Eav_Mysql4_Category_Indexer_Product->catalogProductSave(Object(Mage_Index_Model_Event))
#7 /var/www/expressdecor/app/code/core/Mage/Catalog/Model/Category/Indexer/Product.php(241): Mage_Index_Model_Indexer_Abstract->callEventHandler(Object(Mage_Index_Model_Event))
#8 /var/www/expressdecor/app/code/core/Mage/Index/Model/Indexer/Abstract.php(85): Mage_Catalog_Model_Category_Indexer_Product->_processEvent(Object(Mage_Index_Model_Event))
#9 /var/www/expressdecor/app/code/core/Mage/Index/Model/Process.php(186): Mage_Index_Model_Indexer_Abstract->processEvent(Object(Mage_Index_Model_Event))
#10 [internal function]: Mage_Index_Model_Process->processEvent(Object(Mage_Index_Model_Event))
#11 /var/www/expressdecor/app/code/core/Mage/Index/Model/Indexer.php(252): call_user_func_array(Array, Array)
#12 /var/www/expressdecor/app/code/core/Mage/Index/Model/Indexer.php(154): Mage_Index_Model_Indexer->_runAll('processEvent', Array)
#13 /var/www/expressdecor/app/code/core/Mage/Index/Model/Indexer.php(219): Mage_Index_Model_Indexer->indexEvent(Object(Mage_Index_Model_Event))
#14 /var/www/expressdecor/app/code/core/Mage/Catalog/Model/Product.php(525): Mage_Index_Model_Indexer->processEntityAction(Object(Mage_Catalog_Model_Product), 'catalog_product', 'save')
#15 [internal function]: Mage_Catalog_Model_Product->afterCommitCallback()
#16 /var/www/expressdecor/app/code/core/Mage/Core/Model/Resource/Abstract.php(104): call_user_func(Array)
#17 /var/www/expressdecor/app/code/core/Mage/Core/Model/Abstract.php(322): Mage_Core_Model_Resource_Abstract->commit()
#18 /var/www/expressdecor/app/code/core/Mage/Adminhtml/controllers/Catalog/ProductController.php(676): Mage_Core_Model_Abstract->save()
#19 /var/www/expressdecor/app/code/core/Mage/Core/Controller/Varien/Action.php(418): Mage_Adminhtml_Catalog_ProductController->saveAction()
#20 /var/www/expressdecor/app/code/core/Mage/Core/Controller/Varien/Router/Standard.php(253): Mage_Core_Controller_Varien_Action->dispatch('save')
#21 /var/www/expressdecor/app/code/core/Mage/Core/Controller/Varien/Front.php(176): Mage_Core_Controller_Varien_Router_Standard->match(Object(Mage_Core_Controller_Request_Http))
#22 /var/www/expressdecor/app/code/core/Mage/Core/Model/App.php(304): Mage_Core_Controller_Varien_Front->dispatch()
#23 /var/www/expressdecor/app/Mage.php(596): Mage_Core_Model_App->run(Array)
#24 /var/www/expressdecor/index.php(81): Mage::run('', 'store')
#25 {main}
