
Thu Jun 16 14:24:23 UTC 2011:- exception 'Mage_Core_Exception' with message 'Invalid Order: 903507815174367' in /home/mradmin/domains/expressdecor.com/public_html/app/Mage.php:550
Stack trace:
#0 /home/mradmin/domains/expressdecor.com/public_html/app/code/core/Mage/GoogleCheckout/Model/Api/Xml/Callback.php(588): Mage::throwException('Invalid Order: ...')
#1 /home/mradmin/domains/expressdecor.com/public_html/app/code/core/Mage/GoogleCheckout/Model/Api/Xml/Callback.php(807): Mage_GoogleCheckout_Model_Api_Xml_Callback->getOrder()
#2 /home/mradmin/domains/expressdecor.com/public_html/app/code/core/Mage/GoogleCheckout/Model/Api/Xml/Callback.php(91): Mage_GoogleCheckout_Model_Api_Xml_Callback->_responseOrderStateChangeNotification()
#3 /home/mradmin/domains/expressdecor.com/public_html/app/code/core/Mage/GoogleCheckout/Model/Api.php(195): Mage_GoogleCheckout_Model_Api_Xml_Callback->process()
#4 /home/mradmin/domains/expressdecor.com/public_html/app/code/core/Mage/GoogleCheckout/controllers/ApiController.php(32): Mage_GoogleCheckout_Model_Api->processCallback()
#5 /home/mradmin/domains/expressdecor.com/public_html/app/code/core/Mage/Core/Controller/Varien/Action.php(418): Mage_GoogleCheckout_ApiController->indexAction()
#6 /home/mradmin/domains/expressdecor.com/public_html/app/code/core/Mage/Core/Controller/Varien/Router/Standard.php(253): Mage_Core_Controller_Varien_Action->dispatch('index')
#7 /home/mradmin/domains/expressdecor.com/public_html/app/code/community/ArtsOnIT/OfflineMaintenance/Controller/Router/Standard.php(46): Mage_Core_Controller_Varien_Router_Standard->match(Object(Mage_Core_Controller_Request_Http))
#8 /home/mradmin/domains/expressdecor.com/public_html/app/code/core/Mage/Core/Controller/Varien/Front.php(176): ArtsOnIT_OfflineMaintenance_Controller_Router_Standard->match(Object(Mage_Core_Controller_Request_Http))
#9 /home/mradmin/domains/expressdecor.com/public_html/app/code/core/Mage/Core/Model/App.php(304): Mage_Core_Controller_Varien_Front->dispatch()
#10 /home/mradmin/domains/expressdecor.com/public_html/app/Mage.php(596): Mage_Core_Model_App->run(Array)
#11 /home/mradmin/domains/expressdecor.com/public_html/index.php(81): Mage::run('', 'store')
#12 {main}

Tue Jun 21 14:40:48 UTC 2011:- exception 'Mage_Core_Exception' with message 'Invalid Order: 959086929388725' in /home/mradmin/domains/expressdecor.com/public_html/app/Mage.php:550
Stack trace:
#0 /home/mradmin/domains/expressdecor.com/public_html/app/code/core/Mage/GoogleCheckout/Model/Api/Xml/Callback.php(588): Mage::throwException('Invalid Order: ...')
#1 /home/mradmin/domains/expressdecor.com/public_html/app/code/core/Mage/GoogleCheckout/Model/Api/Xml/Callback.php(762): Mage_GoogleCheckout_Model_Api_Xml_Callback->getOrder()
#2 /home/mradmin/domains/expressdecor.com/public_html/app/code/core/Mage/GoogleCheckout/Model/Api/Xml/Callback.php(91): Mage_GoogleCheckout_Model_Api_Xml_Callback->_responseRefundAmountNotification()
#3 /home/mradmin/domains/expressdecor.com/public_html/app/code/core/Mage/GoogleCheckout/Model/Api.php(195): Mage_GoogleCheckout_Model_Api_Xml_Callback->process()
#4 /home/mradmin/domains/expressdecor.com/public_html/app/code/core/Mage/GoogleCheckout/controllers/ApiController.php(32): Mage_GoogleCheckout_Model_Api->processCallback()
#5 /home/mradmin/domains/expressdecor.com/public_html/app/code/core/Mage/Core/Controller/Varien/Action.php(418): Mage_GoogleCheckout_ApiController->indexAction()
#6 /home/mradmin/domains/expressdecor.com/public_html/app/code/core/Mage/Core/Controller/Varien/Router/Standard.php(253): Mage_Core_Controller_Varien_Action->dispatch('index')
#7 /home/mradmin/domains/expressdecor.com/public_html/app/code/community/ArtsOnIT/OfflineMaintenance/Controller/Router/Standard.php(46): Mage_Core_Controller_Varien_Router_Standard->match(Object(Mage_Core_Controller_Request_Http))
#8 /home/mradmin/domains/expressdecor.com/public_html/app/code/core/Mage/Core/Controller/Varien/Front.php(176): ArtsOnIT_OfflineMaintenance_Controller_Router_Standard->match(Object(Mage_Core_Controller_Request_Http))
#9 /home/mradmin/domains/expressdecor.com/public_html/app/code/core/Mage/Core/Model/App.php(304): Mage_Core_Controller_Varien_Front->dispatch()
#10 /home/mradmin/domains/expressdecor.com/public_html/app/Mage.php(596): Mage_Core_Model_App->run(Array)
#11 /home/mradmin/domains/expressdecor.com/public_html/index.php(81): Mage::run('', 'store')
#12 {main}

Tue Jun 21 14:42:13 UTC 2011:- exception 'Mage_Core_Exception' with message 'Invalid Order: 665495399028850' in /home/mradmin/domains/expressdecor.com/public_html/app/Mage.php:550
Stack trace:
#0 /home/mradmin/domains/expressdecor.com/public_html/app/code/core/Mage/GoogleCheckout/Model/Api/Xml/Callback.php(588): Mage::throwException('Invalid Order: ...')
#1 /home/mradmin/domains/expressdecor.com/public_html/app/code/core/Mage/GoogleCheckout/Model/Api/Xml/Callback.php(762): Mage_GoogleCheckout_Model_Api_Xml_Callback->getOrder()
#2 /home/mradmin/domains/expressdecor.com/public_html/app/code/core/Mage/GoogleCheckout/Model/Api/Xml/Callback.php(91): Mage_GoogleCheckout_Model_Api_Xml_Callback->_responseRefundAmountNotification()
#3 /home/mradmin/domains/expressdecor.com/public_html/app/code/core/Mage/GoogleCheckout/Model/Api.php(195): Mage_GoogleCheckout_Model_Api_Xml_Callback->process()
#4 /home/mradmin/domains/expressdecor.com/public_html/app/code/core/Mage/GoogleCheckout/controllers/ApiController.php(32): Mage_GoogleCheckout_Model_Api->processCallback()
#5 /home/mradmin/domains/expressdecor.com/public_html/app/code/core/Mage/Core/Controller/Varien/Action.php(418): Mage_GoogleCheckout_ApiController->indexAction()
#6 /home/mradmin/domains/expressdecor.com/public_html/app/code/core/Mage/Core/Controller/Varien/Router/Standard.php(253): Mage_Core_Controller_Varien_Action->dispatch('index')
#7 /home/mradmin/domains/expressdecor.com/public_html/app/code/community/ArtsOnIT/OfflineMaintenance/Controller/Router/Standard.php(46): Mage_Core_Controller_Varien_Router_Standard->match(Object(Mage_Core_Controller_Request_Http))
#8 /home/mradmin/domains/expressdecor.com/public_html/app/code/core/Mage/Core/Controller/Varien/Front.php(176): ArtsOnIT_OfflineMaintenance_Controller_Router_Standard->match(Object(Mage_Core_Controller_Request_Http))
#9 /home/mradmin/domains/expressdecor.com/public_html/app/code/core/Mage/Core/Model/App.php(304): Mage_Core_Controller_Varien_Front->dispatch()
#10 /home/mradmin/domains/expressdecor.com/public_html/app/Mage.php(596): Mage_Core_Model_App->run(Array)
#11 /home/mradmin/domains/expressdecor.com/public_html/index.php(81): Mage::run('', 'store')
#12 {main}

Tue Jun 21 15:37:38 UTC 2011:- exception 'Mage_Core_Exception' with message 'Invalid Order: 503942198281723' in /home/mradmin/domains/expressdecor.com/public_html/app/Mage.php:550
Stack trace:
#0 /home/mradmin/domains/expressdecor.com/public_html/app/code/core/Mage/GoogleCheckout/Model/Api/Xml/Callback.php(588): Mage::throwException('Invalid Order: ...')
#1 /home/mradmin/domains/expressdecor.com/public_html/app/code/core/Mage/GoogleCheckout/Model/Api/Xml/Callback.php(762): Mage_GoogleCheckout_Model_Api_Xml_Callback->getOrder()
#2 /home/mradmin/domains/expressdecor.com/public_html/app/code/core/Mage/GoogleCheckout/Model/Api/Xml/Callback.php(91): Mage_GoogleCheckout_Model_Api_Xml_Callback->_responseRefundAmountNotification()
#3 /home/mradmin/domains/expressdecor.com/public_html/app/code/core/Mage/GoogleCheckout/Model/Api.php(195): Mage_GoogleCheckout_Model_Api_Xml_Callback->process()
#4 /home/mradmin/domains/expressdecor.com/public_html/app/code/core/Mage/GoogleCheckout/controllers/ApiController.php(32): Mage_GoogleCheckout_Model_Api->processCallback()
#5 /home/mradmin/domains/expressdecor.com/public_html/app/code/core/Mage/Core/Controller/Varien/Action.php(418): Mage_GoogleCheckout_ApiController->indexAction()
#6 /home/mradmin/domains/expressdecor.com/public_html/app/code/core/Mage/Core/Controller/Varien/Router/Standard.php(253): Mage_Core_Controller_Varien_Action->dispatch('index')
#7 /home/mradmin/domains/expressdecor.com/public_html/app/code/community/ArtsOnIT/OfflineMaintenance/Controller/Router/Standard.php(46): Mage_Core_Controller_Varien_Router_Standard->match(Object(Mage_Core_Controller_Request_Http))
#8 /home/mradmin/domains/expressdecor.com/public_html/app/code/core/Mage/Core/Controller/Varien/Front.php(176): ArtsOnIT_OfflineMaintenance_Controller_Router_Standard->match(Object(Mage_Core_Controller_Request_Http))
#9 /home/mradmin/domains/expressdecor.com/public_html/app/code/core/Mage/Core/Model/App.php(304): Mage_Core_Controller_Varien_Front->dispatch()
#10 /home/mradmin/domains/expressdecor.com/public_html/app/Mage.php(596): Mage_Core_Model_App->run(Array)
#11 /home/mradmin/domains/expressdecor.com/public_html/index.php(81): Mage::run('', 'store')
#12 {main}

Tue Jun 21 17:32:35 UTC 2011:- exception 'Mage_Core_Exception' with message 'Invalid Order: 903507815174367' in /home/mradmin/domains/expressdecor.com/public_html/app/Mage.php:550
Stack trace:
#0 /home/mradmin/domains/expressdecor.com/public_html/app/code/core/Mage/GoogleCheckout/Model/Api/Xml/Callback.php(588): Mage::throwException('Invalid Order: ...')
#1 /home/mradmin/domains/expressdecor.com/public_html/app/code/core/Mage/GoogleCheckout/Model/Api/Xml/Callback.php(807): Mage_GoogleCheckout_Model_Api_Xml_Callback->getOrder()
#2 /home/mradmin/domains/expressdecor.com/public_html/app/code/core/Mage/GoogleCheckout/Model/Api/Xml/Callback.php(91): Mage_GoogleCheckout_Model_Api_Xml_Callback->_responseOrderStateChangeNotification()
#3 /home/mradmin/domains/expressdecor.com/public_html/app/code/core/Mage/GoogleCheckout/Model/Api.php(195): Mage_GoogleCheckout_Model_Api_Xml_Callback->process()
#4 /home/mradmin/domains/expressdecor.com/public_html/app/code/core/Mage/GoogleCheckout/controllers/ApiController.php(32): Mage_GoogleCheckout_Model_Api->processCallback()
#5 /home/mradmin/domains/expressdecor.com/public_html/app/code/core/Mage/Core/Controller/Varien/Action.php(418): Mage_GoogleCheckout_ApiController->indexAction()
#6 /home/mradmin/domains/expressdecor.com/public_html/app/code/core/Mage/Core/Controller/Varien/Router/Standard.php(253): Mage_Core_Controller_Varien_Action->dispatch('index')
#7 /home/mradmin/domains/expressdecor.com/public_html/app/code/community/ArtsOnIT/OfflineMaintenance/Controller/Router/Standard.php(46): Mage_Core_Controller_Varien_Router_Standard->match(Object(Mage_Core_Controller_Request_Http))
#8 /home/mradmin/domains/expressdecor.com/public_html/app/code/core/Mage/Core/Controller/Varien/Front.php(176): ArtsOnIT_OfflineMaintenance_Controller_Router_Standard->match(Object(Mage_Core_Controller_Request_Http))
#9 /home/mradmin/domains/expressdecor.com/public_html/app/code/core/Mage/Core/Model/App.php(304): Mage_Core_Controller_Varien_Front->dispatch()
#10 /home/mradmin/domains/expressdecor.com/public_html/app/Mage.php(596): Mage_Core_Model_App->run(Array)
#11 /home/mradmin/domains/expressdecor.com/public_html/index.php(81): Mage::run('', 'store')
#12 {main}

Mon Jun 27 13:41:50 UTC 2011:- exception 'Mage_Core_Exception' with message 'Invalid Order: 336297491903648' in /home/mradmin/domains/expressdecor.com/public_html/app/Mage.php:550
Stack trace:
#0 /home/mradmin/domains/expressdecor.com/public_html/app/code/core/Mage/GoogleCheckout/Model/Api/Xml/Callback.php(588): Mage::throwException('Invalid Order: ...')
#1 /home/mradmin/domains/expressdecor.com/public_html/app/code/core/Mage/GoogleCheckout/Model/Api/Xml/Callback.php(762): Mage_GoogleCheckout_Model_Api_Xml_Callback->getOrder()
#2 /home/mradmin/domains/expressdecor.com/public_html/app/code/core/Mage/GoogleCheckout/Model/Api/Xml/Callback.php(91): Mage_GoogleCheckout_Model_Api_Xml_Callback->_responseRefundAmountNotification()
#3 /home/mradmin/domains/expressdecor.com/public_html/app/code/core/Mage/GoogleCheckout/Model/Api.php(195): Mage_GoogleCheckout_Model_Api_Xml_Callback->process()
#4 /home/mradmin/domains/expressdecor.com/public_html/app/code/core/Mage/GoogleCheckout/controllers/ApiController.php(32): Mage_GoogleCheckout_Model_Api->processCallback()
#5 /home/mradmin/domains/expressdecor.com/public_html/app/code/core/Mage/Core/Controller/Varien/Action.php(418): Mage_GoogleCheckout_ApiController->indexAction()
#6 /home/mradmin/domains/expressdecor.com/public_html/app/code/core/Mage/Core/Controller/Varien/Router/Standard.php(253): Mage_Core_Controller_Varien_Action->dispatch('index')
#7 /home/mradmin/domains/expressdecor.com/public_html/app/code/community/ArtsOnIT/OfflineMaintenance/Controller/Router/Standard.php(46): Mage_Core_Controller_Varien_Router_Standard->match(Object(Mage_Core_Controller_Request_Http))
#8 /home/mradmin/domains/expressdecor.com/public_html/app/code/core/Mage/Core/Controller/Varien/Front.php(176): ArtsOnIT_OfflineMaintenance_Controller_Router_Standard->match(Object(Mage_Core_Controller_Request_Http))
#9 /home/mradmin/domains/expressdecor.com/public_html/app/code/core/Mage/Core/Model/App.php(304): Mage_Core_Controller_Varien_Front->dispatch()
#10 /home/mradmin/domains/expressdecor.com/public_html/app/Mage.php(596): Mage_Core_Model_App->run(Array)
#11 /home/mradmin/domains/expressdecor.com/public_html/index.php(81): Mage::run('', 'store')
#12 {main}

Mon Jun 27 13:50:51 UTC 2011:- exception 'Mage_Core_Exception' with message 'Invalid Order: 172744222382480' in /home/mradmin/domains/expressdecor.com/public_html/app/Mage.php:550
Stack trace:
#0 /home/mradmin/domains/expressdecor.com/public_html/app/code/core/Mage/GoogleCheckout/Model/Api/Xml/Callback.php(588): Mage::throwException('Invalid Order: ...')
#1 /home/mradmin/domains/expressdecor.com/public_html/app/code/core/Mage/GoogleCheckout/Model/Api/Xml/Callback.php(762): Mage_GoogleCheckout_Model_Api_Xml_Callback->getOrder()
#2 /home/mradmin/domains/expressdecor.com/public_html/app/code/core/Mage/GoogleCheckout/Model/Api/Xml/Callback.php(91): Mage_GoogleCheckout_Model_Api_Xml_Callback->_responseRefundAmountNotification()
#3 /home/mradmin/domains/expressdecor.com/public_html/app/code/core/Mage/GoogleCheckout/Model/Api.php(195): Mage_GoogleCheckout_Model_Api_Xml_Callback->process()
#4 /home/mradmin/domains/expressdecor.com/public_html/app/code/core/Mage/GoogleCheckout/controllers/ApiController.php(32): Mage_GoogleCheckout_Model_Api->processCallback()
#5 /home/mradmin/domains/expressdecor.com/public_html/app/code/core/Mage/Core/Controller/Varien/Action.php(418): Mage_GoogleCheckout_ApiController->indexAction()
#6 /home/mradmin/domains/expressdecor.com/public_html/app/code/core/Mage/Core/Controller/Varien/Router/Standard.php(253): Mage_Core_Controller_Varien_Action->dispatch('index')
#7 /home/mradmin/domains/expressdecor.com/public_html/app/code/community/ArtsOnIT/OfflineMaintenance/Controller/Router/Standard.php(46): Mage_Core_Controller_Varien_Router_Standard->match(Object(Mage_Core_Controller_Request_Http))
#8 /home/mradmin/domains/expressdecor.com/public_html/app/code/core/Mage/Core/Controller/Varien/Front.php(176): ArtsOnIT_OfflineMaintenance_Controller_Router_Standard->match(Object(Mage_Core_Controller_Request_Http))
#9 /home/mradmin/domains/expressdecor.com/public_html/app/code/core/Mage/Core/Model/App.php(304): Mage_Core_Controller_Varien_Front->dispatch()
#10 /home/mradmin/domains/expressdecor.com/public_html/app/Mage.php(596): Mage_Core_Model_App->run(Array)
#11 /home/mradmin/domains/expressdecor.com/public_html/index.php(81): Mage::run('', 'store')
#12 {main}

Tue Jul 5 21:07:43 UTC 2011:- exception 'Mage_Core_Exception' with message 'Cannot create an empty shipment.' in /home/mradmin/domains/expressdecor.com/public_html/app/Mage.php:550
Stack trace:
#0 /home/mradmin/domains/expressdecor.com/public_html/app/code/core/Mage/Sales/Model/Order/Shipment.php(515): Mage::throwException('Cannot create a...')
#1 /home/mradmin/domains/expressdecor.com/public_html/app/code/core/Mage/Core/Model/Abstract.php(316): Mage_Sales_Model_Order_Shipment->_beforeSave()
#2 /home/mradmin/domains/expressdecor.com/public_html/app/code/core/Mage/Core/Model/Resource/Transaction.php(150): Mage_Core_Model_Abstract->save()
#3 /home/mradmin/domains/expressdecor.com/public_html/app/code/core/Mage/GoogleCheckout/Model/Api/Xml/Callback.php(717): Mage_Core_Model_Resource_Transaction->save()
#4 /home/mradmin/domains/expressdecor.com/public_html/app/code/core/Mage/GoogleCheckout/Model/Api/Xml/Callback.php(871): Mage_GoogleCheckout_Model_Api_Xml_Callback->_createShipment()
#5 /home/mradmin/domains/expressdecor.com/public_html/app/code/core/Mage/GoogleCheckout/Model/Api/Xml/Callback.php(818): Mage_GoogleCheckout_Model_Api_Xml_Callback->_orderStateChangeFulfillmentDelivered()
#6 /home/mradmin/domains/expressdecor.com/public_html/app/code/core/Mage/GoogleCheckout/Model/Api/Xml/Callback.php(91): Mage_GoogleCheckout_Model_Api_Xml_Callback->_responseOrderStateChangeNotification()
#7 /home/mradmin/domains/expressdecor.com/public_html/app/code/core/Mage/GoogleCheckout/Model/Api.php(195): Mage_GoogleCheckout_Model_Api_Xml_Callback->process()
#8 /home/mradmin/domains/expressdecor.com/public_html/app/code/core/Mage/GoogleCheckout/controllers/ApiController.php(32): Mage_GoogleCheckout_Model_Api->processCallback()
#9 /home/mradmin/domains/expressdecor.com/public_html/app/code/core/Mage/Core/Controller/Varien/Action.php(418): Mage_GoogleCheckout_ApiController->indexAction()
#10 /home/mradmin/domains/expressdecor.com/public_html/app/code/core/Mage/Core/Controller/Varien/Router/Standard.php(253): Mage_Core_Controller_Varien_Action->dispatch('index')
#11 /home/mradmin/domains/expressdecor.com/public_html/app/code/community/ArtsOnIT/OfflineMaintenance/Controller/Router/Standard.php(46): Mage_Core_Controller_Varien_Router_Standard->match(Object(Mage_Core_Controller_Request_Http))
#12 /home/mradmin/domains/expressdecor.com/public_html/app/code/core/Mage/Core/Controller/Varien/Front.php(176): ArtsOnIT_OfflineMaintenance_Controller_Router_Standard->match(Object(Mage_Core_Controller_Request_Http))
#13 /home/mradmin/domains/expressdecor.com/public_html/app/code/core/Mage/Core/Model/App.php(304): Mage_Core_Controller_Varien_Front->dispatch()
#14 /home/mradmin/domains/expressdecor.com/public_html/app/Mage.php(596): Mage_Core_Model_App->run(Array)
#15 /home/mradmin/domains/expressdecor.com/public_html/index.php(81): Mage::run('', 'store')
#16 {main}

Sat Jul 9 20:18:03 UTC 2011:- 500 Internal Server Error

Sat Jul 9 20:20:25 UTC 2011:- 500 Internal Server Error

Sat Jul 9 20:27:09 UTC 2011:- 500 Internal Server Error

Sat Jul 9 21:00:01 UTC 2011:- 500 Internal Server Error

Sat Jul 9 22:56:50 UTC 2011:- 500 Internal Server Error

Sat Jul 9 22:59:13 UTC 2011:- 500 Internal Server Error

Sat Jul 9 23:06:36 UTC 2011:- 500 Internal Server Error

Sat Jul 9 23:40:24 UTC 2011:- 500 Internal Server Error

Tue Jul 12 16:32:31 UTC 2011:- exception 'Mage_Core_Exception' with message 'Invalid Order: 276387078509478' in /home/mradmin/domains/expressdecor.com/public_html/app/Mage.php:550
Stack trace:
#0 /home/mradmin/domains/expressdecor.com/public_html/app/code/core/Mage/GoogleCheckout/Model/Api/Xml/Callback.php(588): Mage::throwException('Invalid Order: ...')
#1 /home/mradmin/domains/expressdecor.com/public_html/app/code/core/Mage/GoogleCheckout/Model/Api/Xml/Callback.php(762): Mage_GoogleCheckout_Model_Api_Xml_Callback->getOrder()
#2 /home/mradmin/domains/expressdecor.com/public_html/app/code/core/Mage/GoogleCheckout/Model/Api/Xml/Callback.php(91): Mage_GoogleCheckout_Model_Api_Xml_Callback->_responseRefundAmountNotification()
#3 /home/mradmin/domains/expressdecor.com/public_html/app/code/core/Mage/GoogleCheckout/Model/Api.php(195): Mage_GoogleCheckout_Model_Api_Xml_Callback->process()
#4 /home/mradmin/domains/expressdecor.com/public_html/app/code/core/Mage/GoogleCheckout/controllers/ApiController.php(32): Mage_GoogleCheckout_Model_Api->processCallback()
#5 /home/mradmin/domains/expressdecor.com/public_html/app/code/core/Mage/Core/Controller/Varien/Action.php(418): Mage_GoogleCheckout_ApiController->indexAction()
#6 /home/mradmin/domains/expressdecor.com/public_html/app/code/core/Mage/Core/Controller/Varien/Router/Standard.php(253): Mage_Core_Controller_Varien_Action->dispatch('index')
#7 /home/mradmin/domains/expressdecor.com/public_html/app/code/community/ArtsOnIT/OfflineMaintenance/Controller/Router/Standard.php(46): Mage_Core_Controller_Varien_Router_Standard->match(Object(Mage_Core_Controller_Request_Http))
#8 /home/mradmin/domains/expressdecor.com/public_html/app/code/core/Mage/Core/Controller/Varien/Front.php(176): ArtsOnIT_OfflineMaintenance_Controller_Router_Standard->match(Object(Mage_Core_Controller_Request_Http))
#9 /home/mradmin/domains/expressdecor.com/public_html/app/code/core/Mage/Core/Model/App.php(304): Mage_Core_Controller_Varien_Front->dispatch()
#10 /home/mradmin/domains/expressdecor.com/public_html/app/Mage.php(596): Mage_Core_Model_App->run(Array)
#11 /home/mradmin/domains/expressdecor.com/public_html/index.php(81): Mage::run('', 'store')
#12 {main}

Fri Jul 22 18:55:37 UTC 2011:- exception 'Mage_Core_Exception' with message 'Invalid Order: 468347633169172' in /home/mradmin/domains/expressdecor.com/public_html/app/Mage.php:550
Stack trace:
#0 /home/mradmin/domains/expressdecor.com/public_html/app/code/core/Mage/GoogleCheckout/Model/Api/Xml/Callback.php(588): Mage::throwException('Invalid Order: ...')
#1 /home/mradmin/domains/expressdecor.com/public_html/app/code/core/Mage/GoogleCheckout/Model/Api/Xml/Callback.php(762): Mage_GoogleCheckout_Model_Api_Xml_Callback->getOrder()
#2 /home/mradmin/domains/expressdecor.com/public_html/app/code/core/Mage/GoogleCheckout/Model/Api/Xml/Callback.php(91): Mage_GoogleCheckout_Model_Api_Xml_Callback->_responseRefundAmountNotification()
#3 /home/mradmin/domains/expressdecor.com/public_html/app/code/core/Mage/GoogleCheckout/Model/Api.php(195): Mage_GoogleCheckout_Model_Api_Xml_Callback->process()
#4 /home/mradmin/domains/expressdecor.com/public_html/app/code/core/Mage/GoogleCheckout/controllers/ApiController.php(32): Mage_GoogleCheckout_Model_Api->processCallback()
#5 /home/mradmin/domains/expressdecor.com/public_html/app/code/core/Mage/Core/Controller/Varien/Action.php(418): Mage_GoogleCheckout_ApiController->indexAction()
#6 /home/mradmin/domains/expressdecor.com/public_html/app/code/core/Mage/Core/Controller/Varien/Router/Standard.php(253): Mage_Core_Controller_Varien_Action->dispatch('index')
#7 /home/mradmin/domains/expressdecor.com/public_html/app/code/community/ArtsOnIT/OfflineMaintenance/Controller/Router/Standard.php(46): Mage_Core_Controller_Varien_Router_Standard->match(Object(Mage_Core_Controller_Request_Http))
#8 /home/mradmin/domains/expressdecor.com/public_html/app/code/core/Mage/Core/Controller/Varien/Front.php(176): ArtsOnIT_OfflineMaintenance_Controller_Router_Standard->match(Object(Mage_Core_Controller_Request_Http))
#9 /home/mradmin/domains/expressdecor.com/public_html/app/code/core/Mage/Core/Model/App.php(304): Mage_Core_Controller_Varien_Front->dispatch()
#10 /home/mradmin/domains/expressdecor.com/public_html/app/Mage.php(596): Mage_Core_Model_App->run(Array)
#11 /home/mradmin/domains/expressdecor.com/public_html/index.php(81): Mage::run('', 'store')
#12 {main}
