2011-06-15T16:39:46+00:00 DEBUG (7): Array
(
    [request] => Array
        (
            [user] => ****
            [vendor] => expressdecordev01
            [partner] => PayPal
            [pwd] => ****
            [verbosity] => MEDIUM
            [tender] => C
            [request_id] => fccb7f6dbb5e6dff7fb83228454e9db3
            [amt] => 340
            [currency] => USD
            [acct] => ****
            [expdate] => ****
            [cvv2] => ****
            [firstname] => sdfsdfsdf
            [lastname] => sdfsdfsdf
            [street] => 2334234 sdfsdf
            [city] => sdfsdfdf
            [state] => FM
            [zip] => 11204
            [country] => US
            [email] => sdfsdf2sdfsdf@sdfs.com
            [shiptofirstname] => sdfsdfsdf
            [shiptolastname] => sdfsdfsdf
            [shiptostreet] => 2334234 sdfsdf
            [shiptocity] => sdfsdfdf
            [shiptostate] => FM
            [shiptozip] => 11204
            [shiptocountry] => US
            [trxtype] => A
        )

    [result] => Array
        (
            [result] => 0
            [pnref] => V35A0B49CA59
            [respmsg] => Approved
            [authcode] => 858PNI
            [avsaddr] => Y
            [avszip] => Y
            [cvv2match] => Y
            [hostcode] => A
            [procavs] => Y
            [proccvv2] => M
            [visacardlevel] => 12
            [iavs] => N
            [request_id] => fccb7f6dbb5e6dff7fb83228454e9db3
            [result_code] => 0
        )

    [__pid] => 29515
)

2011-06-15T16:45:55+00:00 DEBUG (7): Array
(
    [request] => Array
        (
            [user] => ****
            [vendor] => expressdecordev01
            [partner] => PayPal
            [pwd] => ****
            [verbosity] => MEDIUM
            [tender] => C
            [request_id] => c004686577c49a2d45decb086d23c767
            [amt] => 430
            [currency] => USD
            [acct] => ****
            [expdate] => ****
            [cvv2] => ****
            [firstname] => vlad
            [lastname] => vladpavl
            [street] => 2323 sdfsst
            [city] => dfgdfg
            [state] => AR
            [zip] => 11204
            [country] => US
            [email] => ssdfsdf@sdfsdf.com
            [shiptofirstname] => vlad1
            [shiptolastname] => vladpavl
            [shiptostreet] => 334 new addr
            [shiptocity] => dfgdfgdfg
            [shiptostate] => FM
            [shiptozip] => 11375
            [shiptocountry] => US
            [trxtype] => S
        )

    [result] => Array
        (
            [result] => 0
            [pnref] => V24A0B49B7CA
            [respmsg] => Approved
            [authcode] => 990PNI
            [avsaddr] => Y
            [avszip] => Y
            [cvv2match] => Y
            [hostcode] => A
            [procavs] => Y
            [proccvv2] => M
            [visacardlevel] => 12
            [iavs] => N
            [request_id] => c004686577c49a2d45decb086d23c767
            [result_code] => 0
        )

    [__pid] => 29585
)

2011-06-15T16:51:31+00:00 DEBUG (7): Array
(
    [request] => Array
        (
            [user] => ****
            [vendor] => expressdecordev01
            [partner] => PayPal
            [pwd] => ****
            [verbosity] => MEDIUM
            [tender] => C
            [request_id] => 3ac0329e14e37243586b16028c2cb421
            [amt] => 83.63
            [currency] => USD
            [acct] => ****
            [expdate] => ****
            [cvv2] => ****
            [firstname] => vlad
            [lastname] => vladpavl
            [street] => 2323 sdfsst
            [city] => dfgdfg
            [state] => AR
            [zip] => 11204
            [country] => US
            [email] => ssdfsdf@sdfsdf.com
            [shiptofirstname] => vlad1
            [shiptolastname] => vladpavl
            [shiptostreet] => 334 new addr
            [shiptocity] => dfgdfgdfg
            [shiptostate] => FM
            [shiptozip] => 11375
            [shiptocountry] => US
            [trxtype] => S
        )

    [result] => Array
        (
            [result] => 0
            [pnref] => V35A0B49CF36
            [respmsg] => Approved
            [authcode] => 517PNI
            [avsaddr] => Y
            [avszip] => Y
            [cvv2match] => Y
            [hostcode] => A
            [procavs] => Y
            [proccvv2] => M
            [visacardlevel] => 12
            [iavs] => N
            [request_id] => 3ac0329e14e37243586b16028c2cb421
            [result_code] => 0
        )

    [__pid] => 29645
)

2011-06-15T17:03:37+00:00 DEBUG (7): Array
(
    [request] => Array
        (
            [user] => ****
            [vendor] => expressdecordev01
            [partner] => PayPal
            [pwd] => ****
            [verbosity] => MEDIUM
            [tender] => C
            [request_id] => 1beeeb9be7d744f0f22482a0df9fc17e
            [trxtype] => C
            [origid] => V35A0B49CF36
        )

    [result] => Array
        (
            [result] => 0
            [pnref] => V24A0B49BF2A
            [respmsg] => Approved
            [hostcode] => A
            [request_id] => 1beeeb9be7d744f0f22482a0df9fc17e
            [result_code] => 0
        )

    [__pid] => 29789
)

2011-06-15T17:34:59+00:00 DEBUG (7): Array
(
    [request] => Array
        (
            [user] => ****
            [vendor] => expressdecordev01
            [partner] => PayPal
            [pwd] => ****
            [verbosity] => MEDIUM
            [tender] => C
            [request_id] => fbde1827969025575cbdbca5ee426330
            [amt] => 114.95
            [currency] => USD
            [acct] => ****
            [expdate] => ****
            [cvv2] => ****
            [firstname] => mike
            [lastname] => vlad
            [street] => 234234 sdfsdfsdf
            [city] => sdfsdfsdf
            [state] => DC
            [zip] => 11204
            [country] => US
            [email] => info@styleizing.com
            [shiptofirstname] => mike
            [shiptolastname] => vlad
            [shiptostreet] => 234234 sdfsdfsdf
            [shiptocity] => sdfsdfsdf
            [shiptostate] => DC
            [shiptozip] => 11204
            [shiptocountry] => US
            [trxtype] => S
        )

    [result] => Array
        (
            [result] => 0
            [pnref] => V35A0B49E227
            [respmsg] => Approved
            [authcode] => 425PNI
            [avsaddr] => Y
            [avszip] => Y
            [cvv2match] => Y
            [hostcode] => A
            [procavs] => Y
            [proccvv2] => M
            [visacardlevel] => 12
            [iavs] => N
            [request_id] => fbde1827969025575cbdbca5ee426330
            [result_code] => 0
        )

    [__pid] => 30227
)

2011-06-15T17:48:29+00:00 DEBUG (7): Array
(
    [request] => Array
        (
            [user] => ****
            [vendor] => expressdecordev01
            [partner] => PayPal
            [pwd] => ****
            [verbosity] => MEDIUM
            [tender] => C
            [request_id] => 21ec858fd569075c3ab033bc70e9c16a
            [amt] => 62.5
            [currency] => USD
            [acct] => ****
            [expdate] => ****
            [cvv2] => ****
            [firstname] => vlad
            [lastname] => sdfsdf
            [street] => 2342 sdfsdfsdf
            [city] => sdfsdfsdf
            [state] => FL
            [zip] => 34234
            [country] => US
            [email] => sdfsdf@sdfsdf.com
            [shiptofirstname] => vlad
            [shiptolastname] => sdfsdf
            [shiptostreet] => 2342 sdfsdfsdf
            [shiptocity] => sdfsdfsdf
            [shiptostate] => FL
            [shiptozip] => 34234
            [shiptocountry] => US
            [trxtype] => S
        )

    [result] => Array
        (
            [result] => 0
            [pnref] => V24A0B49D1B4
            [respmsg] => Approved
            [authcode] => 518PNI
            [avsaddr] => Y
            [avszip] => Y
            [cvv2match] => Y
            [hostcode] => A
            [procavs] => Y
            [proccvv2] => M
            [visacardlevel] => 12
            [iavs] => N
            [request_id] => 21ec858fd569075c3ab033bc70e9c16a
            [result_code] => 0
        )

    [__pid] => 30381
)

2011-06-15T17:51:08+00:00 DEBUG (7): Array
(
    [request] => Array
        (
            [user] => ****
            [vendor] => expressdecordev01
            [partner] => PayPal
            [pwd] => ****
            [verbosity] => MEDIUM
            [tender] => C
            [request_id] => 9e1c85bb351e55d8f6e0709a33be5daf
            [trxtype] => C
            [origid] => V24A0B49D1B4
        )

    [result] => Array
        (
            [result] => 0
            [pnref] => V25A0B49D42D
            [respmsg] => Approved
            [hostcode] => A
            [request_id] => 9e1c85bb351e55d8f6e0709a33be5daf
            [result_code] => 0
        )

    [__pid] => 30413
)

2011-06-15T17:59:04+00:00 DEBUG (7): Array
(
    [request] => Array
        (
            [user] => ****
            [vendor] => expressdecordev01
            [partner] => PayPal
            [pwd] => ****
            [verbosity] => MEDIUM
            [tender] => C
            [request_id] => 27d1c0e03765a3079d7a168cc9ddc33a
            [amt] => 110
            [currency] => USD
            [acct] => ****
            [expdate] => ****
            [cvv2] => ****
            [firstname] => val
            [lastname] => sdfsdfsdf
            [street] => 3434 st
            [city] => brookkl
            [state] => NH
            [zip] => 11204
            [country] => US
            [email] => sdfsdf@345sdf.com
            [shiptofirstname] => val
            [shiptolastname] => sdfsdfsdf
            [shiptostreet] => 3434 st
            [shiptocity] => brookkl
            [shiptostate] => NH
            [shiptozip] => 11204
            [shiptocountry] => US
            [trxtype] => S
        )

    [result] => Array
        (
            [result] => 0
            [pnref] => V34A0B49ED41
            [respmsg] => Approved
            [authcode] => 483PNI
            [avsaddr] => N
            [avszip] => Y
            [cvv2match] => Y
            [hostcode] => A
            [procavs] => Z
            [proccvv2] => M
            [visacardlevel] => 12
            [iavs] => N
            [request_id] => 27d1c0e03765a3079d7a168cc9ddc33a
            [result_code] => 0
        )

    [__pid] => 30511
)

2011-06-15T18:49:32+00:00 DEBUG (7): Array
(
    [request] => Array
        (
            [user] => ****
            [vendor] => expressdecordev01
            [partner] => PayPal
            [pwd] => ****
            [verbosity] => MEDIUM
            [tender] => C
            [request_id] => bc92875e3bb85d33cd30b18545bac82f
            [amt] => 124.95
            [currency] => USD
            [acct] => ****
            [expdate] => ****
            [cvv2] => ****
            [firstname] => walt
            [lastname] => sdfsdfsdf
            [street] => 323 dfsdfsd s
            [city] => sdfsdfsdf
            [state] => NE
            [zip] => 22323
            [country] => US
            [email] => sdfsdf2sdfsdf@sdfsdf33.com
            [shiptofirstname] => walt
            [shiptolastname] => sdfsdfsdf
            [shiptostreet] => 323 dfsdfsd s
            [shiptocity] => sdfsdfsdf
            [shiptostate] => NE
            [shiptozip] => 22323
            [shiptocountry] => US
            [trxtype] => S
        )

    [result] => Array
        (
            [result] => 0
            [pnref] => V34A0B4A0128
            [respmsg] => Approved
            [authcode] => 901PNI
            [avsaddr] => Y
            [avszip] => Y
            [cvv2match] => Y
            [hostcode] => A
            [procavs] => Y
            [proccvv2] => M
            [visacardlevel] => 12
            [iavs] => N
            [request_id] => bc92875e3bb85d33cd30b18545bac82f
            [result_code] => 0
        )

    [__pid] => 31206
)

2011-10-10T01:36:48+00:00 DEBUG (7): Array
(
    [request] => Array
        (
            [user] => ****
            [vendor] => expressdecor2009
            [partner] => PayPal
            [pwd] => ****
            [verbosity] => MEDIUM
            [tender] => C
            [request_id] => fa875ab24ead97c72ec0c5203dcad201
            [amt] => 37.67
            [currency] => USD
            [acct] => ****
            [expdate] => ****
            [cvv2] => ****
            [firstname] => Rakesh
            [lastname] => Pardeshi
            [street] => 12 Harbor Park Dr
            [city] => Port Washington
            [state] => NY
            [zip] => 11050
            [country] => US
            [email] => kbedi@kraususa.com
            [shiptofirstname] => Rakesh
            [shiptolastname] => Pardeshi
            [shiptostreet] => 12 Harbor Park Dr
            [shiptocity] => Port Washington
            [shiptostate] => NY
            [shiptozip] => 11050
            [shiptocountry] => US
            [trxtype] => S
        )

    [result] => Array
        (
            [result] => 1
            [respmsg] => User authentication failed
            [request_id] => fa875ab24ead97c72ec0c5203dcad201
            [result_code] => 1
        )

    [__pid] => 583
)

2011-10-10T01:37:00+00:00 DEBUG (7): Array
(
    [request] => Array
        (
            [user] => ****
            [vendor] => expressdecor2009
            [partner] => PayPal
            [pwd] => ****
            [verbosity] => MEDIUM
            [tender] => C
            [request_id] => c43cbd3a8156c4f25555cdee3e8d8a47
            [amt] => 37.67
            [currency] => USD
            [acct] => ****
            [expdate] => ****
            [cvv2] => ****
            [firstname] => Rakesh
            [lastname] => Pardeshi
            [street] => 12 Harbor Park Dr
            [city] => Port Washington
            [state] => NY
            [zip] => 11050
            [country] => US
            [email] => kbedi@kraususa.com
            [shiptofirstname] => Rakesh
            [shiptolastname] => Pardeshi
            [shiptostreet] => 12 Harbor Park Dr
            [shiptocity] => Port Washington
            [shiptostate] => NY
            [shiptozip] => 11050
            [shiptocountry] => US
            [trxtype] => S
        )

    [result] => Array
        (
            [result] => 1
            [respmsg] => User authentication failed
            [request_id] => c43cbd3a8156c4f25555cdee3e8d8a47
            [result_code] => 1
        )

    [__pid] => 595
)

2011-10-10T01:38:19+00:00 DEBUG (7): Array
(
    [request] => Array
        (
            [user] => ****
            [vendor] => expressdecor2009
            [partner] => PayPal
            [pwd] => ****
            [verbosity] => MEDIUM
            [tender] => C
            [request_id] => 3f4e899a8d9ed1e11fa78db6921c3b6a
            [amt] => 37.67
            [currency] => USD
            [acct] => ****
            [expdate] => ****
            [cvv2] => ****
            [firstname] => Rakesh
            [lastname] => Pardeshi
            [street] => 12 Harbor Park Dr
            [city] => Port Washington
            [state] => NY
            [zip] => 11050
            [country] => US
            [email] => kbedi@kraususa.com
            [shiptofirstname] => Rakesh
            [shiptolastname] => Pardeshi
            [shiptostreet] => 12 Harbor Park Dr
            [shiptocity] => Port Washington
            [shiptostate] => NY
            [shiptozip] => 11050
            [shiptocountry] => US
            [trxtype] => S
        )

    [result] => Array
        (
            [result] => 1
            [respmsg] => User authentication failed
            [request_id] => 3f4e899a8d9ed1e11fa78db6921c3b6a
            [result_code] => 1
        )

    [__pid] => 603
)

2011-10-10T01:39:40+00:00 DEBUG (7): Array
(
    [request] => Array
        (
            [user] => ****
            [vendor] => expressdecor2009
            [partner] => PayPal
            [pwd] => ****
            [verbosity] => MEDIUM
            [tender] => C
            [request_id] => 33768b064d3e97a129453d449eada478
            [amt] => 37.67
            [currency] => USD
            [acct] => ****
            [expdate] => ****
            [cvv2] => ****
            [firstname] => Rakesh
            [lastname] => Pardeshi
            [street] => 12 Harbor Park Dr
            [city] => Port Washington
            [state] => NY
            [zip] => 11050
            [country] => US
            [email] => kbedi@kraususa.com
            [shiptofirstname] => Rakesh
            [shiptolastname] => Pardeshi
            [shiptostreet] => 12 Harbor Park Dr
            [shiptocity] => Port Washington
            [shiptostate] => NY
            [shiptozip] => 11050
            [shiptocountry] => US
            [trxtype] => S
        )

    [result] => Array
        (
            [result] => 1
            [respmsg] => User authentication failed
            [request_id] => 33768b064d3e97a129453d449eada478
            [result_code] => 1
        )

    [__pid] => 594
)

2011-10-10T02:00:01+00:00 DEBUG (7): Array
(
    [request] => Array
        (
            [user] => ****
            [vendor] => expressdecor2009
            [partner] => PayPal
            [pwd] => ****
            [verbosity] => MEDIUM
            [tender] => C
            [request_id] => a6985366962845b518e1b08f26c1b0db
            [amt] => 26.33
            [currency] => USD
            [acct] => ****
            [expdate] => ****
            [cvv2] => ****
            [firstname] => Rakesh
            [lastname] => Pardeshi
            [street] => 12 Harbor Park Dr
            [city] => Port Washington
            [state] => NY
            [zip] => 11050
            [country] => US
            [email] => kbedi@kraususa.com
            [shiptofirstname] => Rakesh
            [shiptolastname] => Pardeshi
            [shiptostreet] => 12 Harbor Park Dr
            [shiptocity] => Port Washington
            [shiptostate] => NY
            [shiptozip] => 11050
            [shiptocountry] => US
            [trxtype] => S
        )

    [result] => Array
        (
            [result] => 1
            [respmsg] => User authentication failed
            [request_id] => a6985366962845b518e1b08f26c1b0db
            [result_code] => 1
        )

    [__pid] => 14195
)

2011-10-10T02:26:57+00:00 DEBUG (7): Array
(
    [request] => Array
        (
            [user] => ****
            [vendor] => expressdecor2009
            [partner] => PayPal
            [pwd] => ****
            [verbosity] => MEDIUM
            [tender] => C
            [request_id] => 501fe22ae226506434d3057016ab6380
            [amt] => 26.33
            [currency] => USD
            [acct] => ****
            [expdate] => ****
            [cvv2] => ****
            [firstname] => Rakesh
            [lastname] => Pardeshi
            [street] => 12 Harbor Park Dr
            [city] => Port Washington
            [state] => NY
            [zip] => 11050
            [country] => US
            [email] => kbedi@kraususa.com
            [shiptofirstname] => Rakesh
            [shiptolastname] => Pardeshi
            [shiptostreet] => 12 Harbor Park Dr
            [shiptocity] => Port Washington
            [shiptostate] => NY
            [shiptozip] => 11050
            [shiptocountry] => US
            [trxtype] => S
        )

    [result] => Array
        (
            [result] => 1
            [respmsg] => User authentication failed
            [request_id] => 501fe22ae226506434d3057016ab6380
            [result_code] => 1
        )

    [__pid] => 14198
)

