ACTIVITY,,,"Retrieving number of rows"
ACTIVITY,,,"Preparing data"
WARNING,2,1,"Unknown field, the column will be ignored"
WARNING,2,4,"Unknown field, the column will be ignored"
ACTIVITY,,,Importing
WARNING,65,-1,"The attribute 'sale' does not apply to attribute set 'Default', and will not be imported"
WARNING,65,-1,"The attribute 'california_compliant' does not apply to attribute set 'Default', and will not be imported"
WARNING,65,-1,"The attribute 'includes_seats' does not apply to attribute set 'Default', and will not be imported"
WARNING,65,-1,"The attribute 'sink_overflow' does not apply to attribute set 'Default', and will not be imported"
WARNING,65,-1,"The attribute 'includes_seat' does not apply to attribute set 'Default', and will not be imported"
WARNING,65,-1,"The attribute 'watersense_certified' does not apply to attribute set 'Default', and will not be imported"
WARNING,65,-1,"The attribute 'hand_showersh_ncludes_hose' does not apply to attribute set 'Default', and will not be imported"
WARNING,65,-1,"The attribute 'hand_showersh_includes_slide_bar' does not apply to attribute set 'Default', and will not be imported"
WARNING,65,-1,"The attribute 'bath_shower_faucets_includes_handles' does not apply to attribute set 'Default', and will not be imported"
WARNING,65,-1,"The attribute 'lighting_energy_star' does not apply to attribute set 'Default', and will not be imported"
WARNING,65,-1,"The attribute 'soap_dispencers_opening' does not apply to attribute set 'Default', and will not be imported"
WARNING,65,-1,"The attribute 'availability' does not apply to attribute set 'Default', and will not be imported"
WARNING,65,9,"The attribute 'bathtub_width_txt' does not apply to attribute set 'Default', and will not be imported"
WARNING,65,10,"The attribute 'bathtub_height_txt' does not apply to attribute set 'Default', and will not be imported"
WARNING,65,11,"The attribute 'bathtub_length_txt' does not apply to attribute set 'Default', and will not be imported"
WARNING,67,-1,"The attribute 'sale' does not apply to attribute set 'Default', and will not be imported"
WARNING,67,-1,"The attribute 'california_compliant' does not apply to attribute set 'Default', and will not be imported"
WARNING,67,-1,"The attribute 'includes_seats' does not apply to attribute set 'Default', and will not be imported"
WARNING,67,-1,"The attribute 'sink_overflow' does not apply to attribute set 'Default', and will not be imported"
WARNING,67,-1,"The attribute 'includes_seat' does not apply to attribute set 'Default', and will not be imported"
WARNING,67,-1,"The attribute 'watersense_certified' does not apply to attribute set 'Default', and will not be imported"
WARNING,67,-1,"The attribute 'hand_showersh_ncludes_hose' does not apply to attribute set 'Default', and will not be imported"
WARNING,67,-1,"The attribute 'hand_showersh_includes_slide_bar' does not apply to attribute set 'Default', and will not be imported"
WARNING,67,-1,"The attribute 'bath_shower_faucets_includes_handles' does not apply to attribute set 'Default', and will not be imported"
WARNING,67,-1,"The attribute 'lighting_energy_star' does not apply to attribute set 'Default', and will not be imported"
WARNING,67,-1,"The attribute 'soap_dispencers_opening' does not apply to attribute set 'Default', and will not be imported"
WARNING,67,-1,"The attribute 'availability' does not apply to attribute set 'Default', and will not be imported"
WARNING,67,9,"The attribute 'bathtub_width_txt' does not apply to attribute set 'Default', and will not be imported"
WARNING,67,10,"The attribute 'bathtub_height_txt' does not apply to attribute set 'Default', and will not be imported"
WARNING,67,11,"The attribute 'bathtub_length_txt' does not apply to attribute set 'Default', and will not be imported"
WARNING,72,-1,"The attribute 'sale' does not apply to attribute set 'Default', and will not be imported"
WARNING,72,-1,"The attribute 'california_compliant' does not apply to attribute set 'Default', and will not be imported"
WARNING,72,-1,"The attribute 'includes_seats' does not apply to attribute set 'Default', and will not be imported"
WARNING,72,-1,"The attribute 'sink_overflow' does not apply to attribute set 'Default', and will not be imported"
WARNING,72,-1,"The attribute 'includes_seat' does not apply to attribute set 'Default', and will not be imported"
WARNING,72,-1,"The attribute 'watersense_certified' does not apply to attribute set 'Default', and will not be imported"
WARNING,72,-1,"The attribute 'hand_showersh_ncludes_hose' does not apply to attribute set 'Default', and will not be imported"
WARNING,72,-1,"The attribute 'hand_showersh_includes_slide_bar' does not apply to attribute set 'Default', and will not be imported"
WARNING,72,-1,"The attribute 'bath_shower_faucets_includes_handles' does not apply to attribute set 'Default', and will not be imported"
WARNING,72,-1,"The attribute 'lighting_energy_star' does not apply to attribute set 'Default', and will not be imported"
WARNING,72,-1,"The attribute 'soap_dispencers_opening' does not apply to attribute set 'Default', and will not be imported"
WARNING,72,-1,"The attribute 'availability' does not apply to attribute set 'Default', and will not be imported"
WARNING,73,-1,"The attribute 'sale' does not apply to attribute set 'Default', and will not be imported"
WARNING,73,-1,"The attribute 'california_compliant' does not apply to attribute set 'Default', and will not be imported"
WARNING,73,-1,"The attribute 'includes_seats' does not apply to attribute set 'Default', and will not be imported"
WARNING,73,-1,"The attribute 'sink_overflow' does not apply to attribute set 'Default', and will not be imported"
WARNING,73,-1,"The attribute 'includes_seat' does not apply to attribute set 'Default', and will not be imported"
WARNING,73,-1,"The attribute 'watersense_certified' does not apply to attribute set 'Default', and will not be imported"
WARNING,73,-1,"The attribute 'hand_showersh_ncludes_hose' does not apply to attribute set 'Default', and will not be imported"
WARNING,73,-1,"The attribute 'hand_showersh_includes_slide_bar' does not apply to attribute set 'Default', and will not be imported"
WARNING,73,-1,"The attribute 'bath_shower_faucets_includes_handles' does not apply to attribute set 'Default', and will not be imported"
WARNING,73,-1,"The attribute 'lighting_energy_star' does not apply to attribute set 'Default', and will not be imported"
WARNING,73,-1,"The attribute 'soap_dispencers_opening' does not apply to attribute set 'Default', and will not be imported"
WARNING,73,-1,"The attribute 'availability' does not apply to attribute set 'Default', and will not be imported"
WARNING,74,-1,"The attribute 'sale' does not apply to attribute set 'Default', and will not be imported"
WARNING,74,-1,"The attribute 'california_compliant' does not apply to attribute set 'Default', and will not be imported"
WARNING,74,-1,"The attribute 'includes_seats' does not apply to attribute set 'Default', and will not be imported"
WARNING,74,-1,"The attribute 'sink_overflow' does not apply to attribute set 'Default', and will not be imported"
WARNING,74,-1,"The attribute 'includes_seat' does not apply to attribute set 'Default', and will not be imported"
WARNING,74,-1,"The attribute 'watersense_certified' does not apply to attribute set 'Default', and will not be imported"
WARNING,74,-1,"The attribute 'hand_showersh_ncludes_hose' does not apply to attribute set 'Default', and will not be imported"
WARNING,74,-1,"The attribute 'hand_showersh_includes_slide_bar' does not apply to attribute set 'Default', and will not be imported"
WARNING,74,-1,"The attribute 'bath_shower_faucets_includes_handles' does not apply to attribute set 'Default', and will not be imported"
WARNING,74,-1,"The attribute 'lighting_energy_star' does not apply to attribute set 'Default', and will not be imported"
WARNING,74,-1,"The attribute 'soap_dispencers_opening' does not apply to attribute set 'Default', and will not be imported"
WARNING,74,-1,"The attribute 'availability' does not apply to attribute set 'Default', and will not be imported"
SUCCESS,65,0,
SUCCESS,67,0,
SUCCESS,72,0,
SUCCESS,73,0,
SUCCESS,74,0,
ACTIVITY,,,Done
