ACTIVITY,,,"Fetching number of rows"
ACTIVITY,,,Importing
ERROR,1,0,"Invalid SKU (sku)"
SUCCESS,2,3,
SUCCESS,3,3,
SUCCESS,4,3,
SUCCESS,5,3,
SUCCESS,6,3,
SUCCESS,7,3,
SUCCESS,8,3,
SUCCESS,9,3,
SUCCESS,10,3,
SUCCESS,11,3,
SUCCESS,12,3,
SUCCESS,13,3,
SUCCESS,14,3,
SUCCESS,15,3,
SUCCESS,16,3,
SUCCESS,17,3,
SUCCESS,18,3,
SUCCESS,19,3,
SUCCESS,20,3,
SUCCESS,21,3,
SUCCESS,22,3,
SUCCESS,23,3,
SUCCESS,24,3,
SUCCESS,25,3,
SUCCESS,26,3,
SUCCESS,27,3,
SUCCESS,28,3,
SUCCESS,29,3,
SUCCESS,30,3,
SUCCESS,31,3,
SUCCESS,32,3,
SUCCESS,33,3,
SUCCESS,34,3,
SUCCESS,35,3,
SUCCESS,36,3,
SUCCESS,37,3,
SUCCESS,38,3,
SUCCESS,39,3,
SUCCESS,40,3,
SUCCESS,41,3,
SUCCESS,42,3,
SUCCESS,43,3,
SUCCESS,44,3,
SUCCESS,45,3,
SUCCESS,46,3,
SUCCESS,47,3,
SUCCESS,48,3,
SUCCESS,49,3,
SUCCESS,50,3,
SUCCESS,51,3,
SUCCESS,52,3,
SUCCESS,53,3,
SUCCESS,54,3,
SUCCESS,55,3,
SUCCESS,56,3,
SUCCESS,57,3,
SUCCESS,58,3,
SUCCESS,59,3,
SUCCESS,60,3,
SUCCESS,61,3,
SUCCESS,62,3,
SUCCESS,63,3,
SUCCESS,64,3,
SUCCESS,65,3,
SUCCESS,66,3,
SUCCESS,67,3,
SUCCESS,68,3,
SUCCESS,69,3,
SUCCESS,70,3,
SUCCESS,71,3,
SUCCESS,72,3,
SUCCESS,73,3,
SUCCESS,74,3,
SUCCESS,75,3,
SUCCESS,76,3,
SUCCESS,77,3,
SUCCESS,78,3,
SUCCESS,79,3,
SUCCESS,80,3,
SUCCESS,81,3,
SUCCESS,82,3,
SUCCESS,83,3,
SUCCESS,84,3,
SUCCESS,85,3,
SUCCESS,86,3,
WARNING,87,3,"Original file image does not exist"
WARNING,88,3,"Original file image does not exist"
SUCCESS,89,3,
WARNING,90,3,"Original file image does not exist"
WARNING,91,3,"Original file image does not exist"
SUCCESS,92,3,
WARNING,93,3,"Original file image does not exist"
WARNING,94,3,"Original file image does not exist"
SUCCESS,95,3,
WARNING,96,3,"Original file image does not exist"
WARNING,97,3,"Original file image does not exist"
SUCCESS,98,3,
SUCCESS,99,3,
SUCCESS,100,3,
SUCCESS,101,3,
SUCCESS,102,3,
SUCCESS,103,3,
SUCCESS,104,3,
SUCCESS,105,3,
SUCCESS,106,3,
SUCCESS,107,3,
SUCCESS,108,3,
SUCCESS,109,3,
SUCCESS,110,3,
SUCCESS,111,3,
SUCCESS,112,3,
SUCCESS,113,3,
SUCCESS,114,3,
SUCCESS,115,3,
SUCCESS,116,3,
SUCCESS,117,3,
SUCCESS,118,3,
SUCCESS,119,3,
SUCCESS,120,3,
SUCCESS,121,3,
SUCCESS,122,3,
SUCCESS,123,3,
SUCCESS,124,3,
SUCCESS,125,3,
SUCCESS,126,3,
SUCCESS,127,3,
SUCCESS,128,3,
SUCCESS,129,3,
SUCCESS,130,3,
SUCCESS,131,3,
SUCCESS,132,3,
SUCCESS,133,3,
SUCCESS,134,3,
SUCCESS,135,3,
ERROR,136,0,"Invalid SKU (WHNCMAP3021)"
SUCCESS,137,3,
ERROR,138,0,"Invalid SKU (WHNCMAP3321)"
SUCCESS,139,3,
SUCCESS,140,3,
SUCCESS,141,3,
SUCCESS,142,3,
SUCCESS,143,3,
ERROR,144,0,"Invalid SKU (WINEHAUS)"
SUCCESS,145,3,
SUCCESS,146,3,
SUCCESS,147,3,
SUCCESS,148,3,
SUCCESS,149,3,
SUCCESS,150,3,
SUCCESS,151,3,
SUCCESS,152,3,
SUCCESS,153,3,
SUCCESS,154,3,
SUCCESS,155,3,
SUCCESS,156,3,
ERROR,157,0,"Invalid SKU (WHNCUS2917)"
ERROR,158,0,"Invalid SKU (WHND10-5)"
ERROR,159,0,"Invalid SKU (WHND11-5)"
ERROR,160,0,"Invalid SKU (WHND11-7)"
ERROR,161,0,"Invalid SKU (WHND1913)"
ERROR,162,0,"Invalid SKU (WHND1913)"
SUCCESS,163,3,
SUCCESS,164,3,
SUCCESS,165,3,
SUCCESS,166,3,
ERROR,167,0,"Invalid SKU (WHNDB3016)"
ERROR,168,0,"Invalid SKU (WHNDB3016)"
SUCCESS,169,3,
SUCCESS,170,3,
SUCCESS,171,3,
SUCCESS,172,3,
SUCCESS,173,3,
SUCCESS,174,3,
SUCCESS,175,3,
SUCCESS,176,3,
SUCCESS,177,3,
ERROR,178,0,"Invalid SKU (WHNU1212)"
SUCCESS,179,3,
SUCCESS,180,3,
SUCCESS,181,3,
SUCCESS,182,3,
ERROR,183,0,"Invalid SKU (WHNU2119)"
ERROR,184,0,"Invalid SKU (WHNU2318)"
SUCCESS,185,3,
ERROR,186,0,"Invalid SKU (WHNU2816)"
ERROR,187,0,"Invalid SKU (WHNU2918REC)"
SUCCESS,188,3,
ERROR,189,0,"Invalid SKU (WHNUB3016)"
ERROR,190,0,"Invalid SKU (WHNUM2016)"
SUCCESS,191,3,
ERROR,192,0,"Invalid SKU (WH4124)"
SUCCESS,193,3,
SUCCESS,194,3,
SUCCESS,195,3,
SUCCESS,196,3,
SUCCESS,197,3,
SUCCESS,198,3,
SUCCESS,199,3,
SUCCESS,200,3,
SUCCESS,201,3,
SUCCESS,202,3,
SUCCESS,203,3,
SUCCESS,204,3,
SUCCESS,205,3,
SUCCESS,206,3,
SUCCESS,207,3,
SUCCESS,208,3,
SUCCESS,209,3,
SUCCESS,210,3,
SUCCESS,211,3,
SUCCESS,212,3,
SUCCESS,213,3,
SUCCESS,214,3,
SUCCESS,215,3,
SUCCESS,216,3,
SUCCESS,217,3,
SUCCESS,218,3,
SUCCESS,219,3,
SUCCESS,220,3,
SUCCESS,221,3,
SUCCESS,222,3,
SUCCESS,223,3,
SUCCESS,224,3,
SUCCESS,225,3,
SUCCESS,226,3,
SUCCESS,227,3,
WARNING,228,3,"Original file image does not exist"
SUCCESS,229,3,
SUCCESS,230,3,
SUCCESS,231,3,
SUCCESS,232,3,
SUCCESS,233,3,
SUCCESS,234,3,
SUCCESS,235,3,
SUCCESS,236,3,
SUCCESS,237,3,
SUCCESS,238,3,
SUCCESS,239,3,
SUCCESS,240,3,
SUCCESS,241,3,
SUCCESS,242,3,
SUCCESS,243,3,
SUCCESS,244,3,
SUCCESS,245,3,
SUCCESS,246,3,
SUCCESS,247,3,
SUCCESS,248,3,
SUCCESS,249,3,
SUCCESS,250,3,
SUCCESS,251,3,
SUCCESS,252,3,
SUCCESS,253,3,
SUCCESS,254,3,
SUCCESS,255,3,
WARNING,256,3,"Original file image does not exist"
SUCCESS,257,3,
SUCCESS,258,3,
SUCCESS,259,3,
SUCCESS,260,3,
SUCCESS,261,3,
SUCCESS,262,3,
SUCCESS,263,3,
SUCCESS,264,3,
SUCCESS,265,3,
SUCCESS,266,3,
SUCCESS,267,3,
SUCCESS,268,3,
SUCCESS,269,3,
SUCCESS,270,3,
SUCCESS,271,3,
SUCCESS,272,3,
SUCCESS,273,3,
SUCCESS,274,3,
SUCCESS,275,3,
SUCCESS,276,3,
SUCCESS,277,3,
SUCCESS,278,3,
SUCCESS,279,3,
SUCCESS,280,3,
SUCCESS,281,3,
SUCCESS,282,3,
SUCCESS,283,3,
SUCCESS,284,3,
SUCCESS,285,3,
SUCCESS,286,3,
SUCCESS,287,3,
SUCCESS,288,3,
SUCCESS,289,3,
SUCCESS,290,3,
SUCCESS,291,3,
SUCCESS,292,3,
SUCCESS,293,3,
SUCCESS,294,3,
SUCCESS,295,3,
SUCCESS,296,3,
SUCCESS,297,3,
SUCCESS,298,3,
SUCCESS,299,3,
SUCCESS,300,3,
SUCCESS,301,3,
SUCCESS,302,3,
SUCCESS,303,3,
SUCCESS,304,3,
SUCCESS,305,3,
SUCCESS,306,3,
SUCCESS,307,3,
SUCCESS,308,3,
SUCCESS,309,3,
SUCCESS,310,3,
SUCCESS,311,3,
SUCCESS,312,3,
SUCCESS,313,3,
SUCCESS,314,3,
SUCCESS,315,3,
SUCCESS,316,3,
SUCCESS,317,3,
WARNING,318,3,"Original file image does not exist"
SUCCESS,319,3,
SUCCESS,320,3,
WARNING,321,3,"Original file image does not exist"
SUCCESS,322,3,
SUCCESS,323,3,
SUCCESS,324,3,
SUCCESS,325,3,
SUCCESS,326,3,
SUCCESS,327,3,
SUCCESS,328,3,
SUCCESS,329,3,
SUCCESS,330,3,
SUCCESS,331,3,
SUCCESS,332,3,
SUCCESS,333,3,
SUCCESS,334,3,
SUCCESS,335,3,
SUCCESS,336,3,
SUCCESS,337,3,
SUCCESS,338,3,
SUCCESS,339,3,
SUCCESS,340,3,
SUCCESS,341,3,
SUCCESS,342,3,
SUCCESS,343,3,
SUCCESS,344,3,
SUCCESS,345,3,
SUCCESS,346,3,
SUCCESS,347,3,
SUCCESS,348,3,
SUCCESS,349,3,
ACTIVITY,,,"Running after import procedures"
ACTIVITY,,,Done
