ACTIVITY,,,"Retrieving number of rows"
ACTIVITY,,,"Preparing data"
WARNING,2,37,"Empty title, the column will be ignored"
WARNING,2,38,"Empty title, the column will be ignored"
WARNING,2,39,"Empty title, the column will be ignored"
WARNING,2,40,"Empty title, the column will be ignored"
WARNING,2,41,"Empty title, the column will be ignored"
WARNING,2,42,"Empty title, the column will be ignored"
WARNING,2,43,"Empty title, the column will be ignored"
WARNING,2,44,"Empty title, the column will be ignored"
WARNING,2,45,"Empty title, the column will be ignored"
WARNING,2,46,"Empty title, the column will be ignored"
WARNING,2,47,"Empty title, the column will be ignored"
WARNING,2,48,"Empty title, the column will be ignored"
WARNING,2,49,"Empty title, the column will be ignored"
WARNING,2,50,"Empty title, the column will be ignored"
WARNING,2,51,"Empty title, the column will be ignored"
WARNING,2,52,"Empty title, the column will be ignored"
WARNING,2,53,"Empty title, the column will be ignored"
WARNING,2,54,"Empty title, the column will be ignored"
WARNING,2,55,"Empty title, the column will be ignored"
WARNING,2,56,"Empty title, the column will be ignored"
WARNING,2,57,"Empty title, the column will be ignored"
WARNING,2,58,"Empty title, the column will be ignored"
WARNING,2,59,"Empty title, the column will be ignored"
WARNING,2,60,"Empty title, the column will be ignored"
WARNING,2,61,"Empty title, the column will be ignored"
WARNING,2,62,"Empty title, the column will be ignored"
WARNING,2,63,"Empty title, the column will be ignored"
WARNING,2,64,"Empty title, the column will be ignored"
WARNING,2,65,"Empty title, the column will be ignored"
WARNING,2,66,"Empty title, the column will be ignored"
WARNING,2,67,"Empty title, the column will be ignored"
WARNING,2,68,"Empty title, the column will be ignored"
WARNING,2,69,"Empty title, the column will be ignored"
WARNING,2,70,"Empty title, the column will be ignored"
WARNING,2,71,"Empty title, the column will be ignored"
WARNING,2,72,"Empty title, the column will be ignored"
WARNING,2,73,"Empty title, the column will be ignored"
WARNING,2,74,"Empty title, the column will be ignored"
WARNING,2,75,"Empty title, the column will be ignored"
WARNING,2,76,"Empty title, the column will be ignored"
WARNING,2,77,"Empty title, the column will be ignored"
WARNING,2,78,"Empty title, the column will be ignored"
WARNING,2,79,"Empty title, the column will be ignored"
WARNING,2,80,"Empty title, the column will be ignored"
WARNING,2,81,"Empty title, the column will be ignored"
WARNING,2,82,"Empty title, the column will be ignored"
WARNING,2,83,"Empty title, the column will be ignored"
WARNING,2,84,"Empty title, the column will be ignored"
WARNING,2,85,"Empty title, the column will be ignored"
WARNING,2,86,"Empty title, the column will be ignored"
WARNING,2,87,"Empty title, the column will be ignored"
WARNING,2,88,"Empty title, the column will be ignored"
WARNING,2,89,"Empty title, the column will be ignored"
WARNING,2,90,"Empty title, the column will be ignored"
WARNING,2,91,"Empty title, the column will be ignored"
WARNING,2,92,"Empty title, the column will be ignored"
WARNING,2,93,"Empty title, the column will be ignored"
WARNING,2,94,"Empty title, the column will be ignored"
WARNING,2,95,"Empty title, the column will be ignored"
WARNING,2,96,"Empty title, the column will be ignored"
WARNING,2,97,"Empty title, the column will be ignored"
WARNING,2,98,"Empty title, the column will be ignored"
WARNING,2,99,"Empty title, the column will be ignored"
WARNING,2,100,"Empty title, the column will be ignored"
WARNING,2,101,"Empty title, the column will be ignored"
WARNING,2,102,"Empty title, the column will be ignored"
WARNING,2,103,"Empty title, the column will be ignored"
WARNING,2,104,"Empty title, the column will be ignored"
WARNING,2,105,"Empty title, the column will be ignored"
WARNING,2,106,"Empty title, the column will be ignored"
WARNING,2,107,"Empty title, the column will be ignored"
WARNING,2,108,"Empty title, the column will be ignored"
WARNING,2,109,"Empty title, the column will be ignored"
WARNING,2,110,"Empty title, the column will be ignored"
WARNING,2,111,"Empty title, the column will be ignored"
WARNING,2,112,"Empty title, the column will be ignored"
WARNING,2,113,"Empty title, the column will be ignored"
WARNING,2,114,"Empty title, the column will be ignored"
WARNING,2,115,"Empty title, the column will be ignored"
WARNING,2,116,"Empty title, the column will be ignored"
WARNING,2,117,"Empty title, the column will be ignored"
WARNING,2,118,"Empty title, the column will be ignored"
WARNING,2,119,"Empty title, the column will be ignored"
WARNING,2,120,"Empty title, the column will be ignored"
WARNING,2,121,"Empty title, the column will be ignored"
WARNING,2,122,"Empty title, the column will be ignored"
WARNING,2,123,"Empty title, the column will be ignored"
WARNING,2,124,"Empty title, the column will be ignored"
WARNING,2,125,"Empty title, the column will be ignored"
WARNING,2,126,"Empty title, the column will be ignored"
WARNING,2,127,"Empty title, the column will be ignored"
WARNING,2,128,"Empty title, the column will be ignored"
WARNING,2,129,"Empty title, the column will be ignored"
WARNING,2,130,"Empty title, the column will be ignored"
WARNING,2,131,"Empty title, the column will be ignored"
WARNING,2,132,"Empty title, the column will be ignored"
WARNING,2,133,"Empty title, the column will be ignored"
WARNING,2,134,"Empty title, the column will be ignored"
WARNING,2,135,"Empty title, the column will be ignored"
WARNING,2,136,"Empty title, the column will be ignored"
WARNING,2,137,"Empty title, the column will be ignored"
WARNING,2,138,"Empty title, the column will be ignored"
WARNING,2,139,"Empty title, the column will be ignored"
WARNING,2,140,"Empty title, the column will be ignored"
WARNING,2,141,"Empty title, the column will be ignored"
WARNING,2,142,"Empty title, the column will be ignored"
WARNING,2,143,"Empty title, the column will be ignored"
WARNING,2,144,"Empty title, the column will be ignored"
WARNING,2,145,"Empty title, the column will be ignored"
WARNING,2,146,"Empty title, the column will be ignored"
WARNING,2,147,"Empty title, the column will be ignored"
WARNING,2,148,"Empty title, the column will be ignored"
WARNING,2,149,"Empty title, the column will be ignored"
WARNING,2,150,"Empty title, the column will be ignored"
WARNING,2,151,"Empty title, the column will be ignored"
WARNING,2,152,"Empty title, the column will be ignored"
WARNING,2,153,"Empty title, the column will be ignored"
WARNING,2,154,"Empty title, the column will be ignored"
WARNING,2,155,"Empty title, the column will be ignored"
WARNING,2,156,"Empty title, the column will be ignored"
WARNING,2,157,"Empty title, the column will be ignored"
WARNING,2,158,"Empty title, the column will be ignored"
WARNING,2,159,"Empty title, the column will be ignored"
WARNING,2,160,"Empty title, the column will be ignored"
WARNING,2,161,"Empty title, the column will be ignored"
WARNING,2,162,"Empty title, the column will be ignored"
WARNING,2,163,"Empty title, the column will be ignored"
WARNING,2,164,"Empty title, the column will be ignored"
WARNING,2,165,"Empty title, the column will be ignored"
WARNING,2,166,"Empty title, the column will be ignored"
WARNING,2,167,"Empty title, the column will be ignored"
WARNING,2,168,"Empty title, the column will be ignored"
WARNING,2,169,"Empty title, the column will be ignored"
WARNING,2,170,"Empty title, the column will be ignored"
WARNING,2,171,"Empty title, the column will be ignored"
WARNING,2,172,"Empty title, the column will be ignored"
WARNING,2,173,"Empty title, the column will be ignored"
WARNING,2,174,"Empty title, the column will be ignored"
WARNING,2,175,"Empty title, the column will be ignored"
WARNING,2,176,"Empty title, the column will be ignored"
WARNING,2,177,"Empty title, the column will be ignored"
WARNING,2,178,"Empty title, the column will be ignored"
WARNING,2,179,"Empty title, the column will be ignored"
WARNING,2,180,"Empty title, the column will be ignored"
WARNING,2,181,"Empty title, the column will be ignored"
WARNING,2,182,"Empty title, the column will be ignored"
WARNING,2,183,"Empty title, the column will be ignored"
WARNING,2,184,"Empty title, the column will be ignored"
WARNING,2,185,"Empty title, the column will be ignored"
WARNING,2,186,"Empty title, the column will be ignored"
WARNING,2,187,"Empty title, the column will be ignored"
WARNING,2,188,"Empty title, the column will be ignored"
WARNING,2,189,"Empty title, the column will be ignored"
WARNING,2,190,"Empty title, the column will be ignored"
WARNING,2,191,"Empty title, the column will be ignored"
WARNING,2,192,"Empty title, the column will be ignored"
WARNING,2,193,"Empty title, the column will be ignored"
WARNING,2,194,"Empty title, the column will be ignored"
WARNING,2,195,"Empty title, the column will be ignored"
WARNING,2,196,"Empty title, the column will be ignored"
WARNING,2,197,"Empty title, the column will be ignored"
WARNING,2,198,"Empty title, the column will be ignored"
WARNING,2,199,"Empty title, the column will be ignored"
WARNING,2,200,"Empty title, the column will be ignored"
WARNING,2,201,"Empty title, the column will be ignored"
WARNING,2,202,"Empty title, the column will be ignored"
WARNING,2,203,"Empty title, the column will be ignored"
WARNING,2,204,"Empty title, the column will be ignored"
WARNING,2,205,"Empty title, the column will be ignored"
WARNING,2,206,"Empty title, the column will be ignored"
WARNING,2,207,"Empty title, the column will be ignored"
WARNING,2,208,"Empty title, the column will be ignored"
WARNING,2,209,"Empty title, the column will be ignored"
WARNING,2,210,"Empty title, the column will be ignored"
WARNING,2,211,"Empty title, the column will be ignored"
WARNING,2,212,"Empty title, the column will be ignored"
WARNING,2,213,"Empty title, the column will be ignored"
WARNING,2,214,"Empty title, the column will be ignored"
WARNING,2,215,"Empty title, the column will be ignored"
WARNING,2,216,"Empty title, the column will be ignored"
WARNING,2,217,"Empty title, the column will be ignored"
WARNING,2,218,"Empty title, the column will be ignored"
WARNING,2,219,"Empty title, the column will be ignored"
WARNING,2,220,"Empty title, the column will be ignored"
WARNING,2,221,"Empty title, the column will be ignored"
WARNING,2,222,"Empty title, the column will be ignored"
WARNING,2,223,"Empty title, the column will be ignored"
WARNING,2,224,"Empty title, the column will be ignored"
WARNING,2,225,"Empty title, the column will be ignored"
WARNING,2,226,"Empty title, the column will be ignored"
WARNING,2,227,"Empty title, the column will be ignored"
WARNING,2,228,"Empty title, the column will be ignored"
WARNING,2,229,"Empty title, the column will be ignored"
WARNING,2,230,"Empty title, the column will be ignored"
WARNING,2,231,"Empty title, the column will be ignored"
WARNING,2,232,"Empty title, the column will be ignored"
WARNING,2,233,"Empty title, the column will be ignored"
WARNING,2,234,"Empty title, the column will be ignored"
WARNING,2,235,"Empty title, the column will be ignored"
WARNING,2,236,"Empty title, the column will be ignored"
WARNING,2,237,"Empty title, the column will be ignored"
WARNING,2,238,"Empty title, the column will be ignored"
WARNING,2,239,"Empty title, the column will be ignored"
WARNING,2,240,"Empty title, the column will be ignored"
WARNING,2,241,"Empty title, the column will be ignored"
WARNING,2,242,"Empty title, the column will be ignored"
WARNING,2,243,"Empty title, the column will be ignored"
WARNING,2,244,"Empty title, the column will be ignored"
WARNING,2,245,"Empty title, the column will be ignored"
WARNING,2,246,"Empty title, the column will be ignored"
WARNING,2,247,"Empty title, the column will be ignored"
WARNING,2,248,"Empty title, the column will be ignored"
WARNING,2,249,"Empty title, the column will be ignored"
WARNING,2,250,"Empty title, the column will be ignored"
WARNING,2,251,"Empty title, the column will be ignored"
WARNING,2,252,"Empty title, the column will be ignored"
WARNING,2,253,"Empty title, the column will be ignored"
WARNING,2,254,"Empty title, the column will be ignored"
WARNING,2,255,"Empty title, the column will be ignored"
WARNING,2,256,"Empty title, the column will be ignored"
WARNING,2,5,"Unknown field, the column will be ignored"
WARNING,2,7,"Unknown field, the column will be ignored"
WARNING,2,8,"Unknown field, the column will be ignored"
WARNING,2,10,"Unknown field, the column will be ignored"
WARNING,2,11,"Unknown field, the column will be ignored"
WARNING,2,12,"Unknown field, the column will be ignored"
WARNING,2,13,"Unknown field, the column will be ignored"
WARNING,2,14,"Unknown field, the column will be ignored"
WARNING,2,15,"Unknown field, the column will be ignored"
WARNING,2,16,"Unknown field, the column will be ignored"
WARNING,2,17,"Unknown field, the column will be ignored"
WARNING,2,18,"Unknown field, the column will be ignored"
WARNING,2,19,"Unknown field, the column will be ignored"
WARNING,2,20,"Unknown field, the column will be ignored"
WARNING,2,21,"Unknown field, the column will be ignored"
WARNING,2,22,"Unknown field, the column will be ignored"
WARNING,2,23,"Unknown field, the column will be ignored"
WARNING,2,24,"Unknown field, the column will be ignored"
WARNING,2,25,"Unknown field, the column will be ignored"
WARNING,2,26,"Unknown field, the column will be ignored"
WARNING,2,27,"Unknown field, the column will be ignored"
WARNING,2,28,"Unknown field, the column will be ignored"
WARNING,2,29,"Unknown field, the column will be ignored"
WARNING,2,30,"Unknown field, the column will be ignored"
WARNING,2,31,"Unknown field, the column will be ignored"
WARNING,2,32,"Unknown field, the column will be ignored"
WARNING,2,33,"Unknown field, the column will be ignored"
WARNING,2,34,"Unknown field, the column will be ignored"
WARNING,2,35,"Unknown field, the column will be ignored"
WARNING,2,36,"Unknown field, the column will be ignored"
ACTIVITY,,,Importing
WARNING,2,1,"The attribute 'allow_open_amount' does not apply to product type 'simple', and will not be imported"
WARNING,2,1,"The attribute 'price_view' does not apply to product type 'simple', and will not be imported"
WARNING,2,-1,"The attribute 'sale' does not apply to attribute set 'Default', and will not be imported"
WARNING,2,-1,"The attribute 'ada_compliant' does not apply to attribute set 'Default', and will not be imported"
WARNING,2,-1,"The attribute 'california_compliant' does not apply to attribute set 'Default', and will not be imported"
WARNING,2,-1,"The attribute 'includes_seats' does not apply to attribute set 'Default', and will not be imported"
WARNING,3,1,"The attribute 'allow_open_amount' does not apply to product type 'simple', and will not be imported"
WARNING,3,1,"The attribute 'price_view' does not apply to product type 'simple', and will not be imported"
WARNING,3,-1,"The attribute 'sale' does not apply to attribute set 'Default', and will not be imported"
WARNING,3,-1,"The attribute 'ada_compliant' does not apply to attribute set 'Default', and will not be imported"
WARNING,3,-1,"The attribute 'california_compliant' does not apply to attribute set 'Default', and will not be imported"
WARNING,3,-1,"The attribute 'includes_seats' does not apply to attribute set 'Default', and will not be imported"
WARNING,4,1,"The attribute 'allow_open_amount' does not apply to product type 'simple', and will not be imported"
WARNING,4,1,"The attribute 'price_view' does not apply to product type 'simple', and will not be imported"
WARNING,4,-1,"The attribute 'sale' does not apply to attribute set 'Default', and will not be imported"
WARNING,4,-1,"The attribute 'ada_compliant' does not apply to attribute set 'Default', and will not be imported"
WARNING,4,-1,"The attribute 'california_compliant' does not apply to attribute set 'Default', and will not be imported"
WARNING,4,-1,"The attribute 'includes_seats' does not apply to attribute set 'Default', and will not be imported"
WARNING,5,1,"The attribute 'allow_open_amount' does not apply to product type 'simple', and will not be imported"
WARNING,5,1,"The attribute 'price_view' does not apply to product type 'simple', and will not be imported"
WARNING,5,-1,"The attribute 'sale' does not apply to attribute set 'Default', and will not be imported"
WARNING,5,-1,"The attribute 'ada_compliant' does not apply to attribute set 'Default', and will not be imported"
WARNING,5,-1,"The attribute 'california_compliant' does not apply to attribute set 'Default', and will not be imported"
WARNING,5,-1,"The attribute 'includes_seats' does not apply to attribute set 'Default', and will not be imported"
WARNING,6,1,"The attribute 'allow_open_amount' does not apply to product type 'simple', and will not be imported"
WARNING,6,1,"The attribute 'price_view' does not apply to product type 'simple', and will not be imported"
WARNING,6,-1,"The attribute 'sale' does not apply to attribute set 'Default', and will not be imported"
WARNING,6,-1,"The attribute 'ada_compliant' does not apply to attribute set 'Default', and will not be imported"
WARNING,6,-1,"The attribute 'california_compliant' does not apply to attribute set 'Default', and will not be imported"
WARNING,6,-1,"The attribute 'includes_seats' does not apply to attribute set 'Default', and will not be imported"
WARNING,7,1,"The attribute 'allow_open_amount' does not apply to product type 'simple', and will not be imported"
WARNING,7,1,"The attribute 'price_view' does not apply to product type 'simple', and will not be imported"
WARNING,7,-1,"The attribute 'sale' does not apply to attribute set 'Default', and will not be imported"
WARNING,7,-1,"The attribute 'ada_compliant' does not apply to attribute set 'Default', and will not be imported"
WARNING,7,-1,"The attribute 'california_compliant' does not apply to attribute set 'Default', and will not be imported"
WARNING,7,-1,"The attribute 'includes_seats' does not apply to attribute set 'Default', and will not be imported"
WARNING,8,1,"The attribute 'allow_open_amount' does not apply to product type 'simple', and will not be imported"
WARNING,8,1,"The attribute 'price_view' does not apply to product type 'simple', and will not be imported"
WARNING,8,-1,"The attribute 'sale' does not apply to attribute set 'Default', and will not be imported"
WARNING,8,-1,"The attribute 'ada_compliant' does not apply to attribute set 'Default', and will not be imported"
WARNING,8,-1,"The attribute 'california_compliant' does not apply to attribute set 'Default', and will not be imported"
WARNING,8,-1,"The attribute 'includes_seats' does not apply to attribute set 'Default', and will not be imported"
WARNING,9,1,"The attribute 'allow_open_amount' does not apply to product type 'simple', and will not be imported"
WARNING,9,1,"The attribute 'price_view' does not apply to product type 'simple', and will not be imported"
WARNING,9,-1,"The attribute 'sale' does not apply to attribute set 'Default', and will not be imported"
WARNING,9,-1,"The attribute 'ada_compliant' does not apply to attribute set 'Default', and will not be imported"
WARNING,9,-1,"The attribute 'california_compliant' does not apply to attribute set 'Default', and will not be imported"
WARNING,9,-1,"The attribute 'includes_seats' does not apply to attribute set 'Default', and will not be imported"
WARNING,10,1,"The attribute 'allow_open_amount' does not apply to product type 'simple', and will not be imported"
WARNING,10,1,"The attribute 'price_view' does not apply to product type 'simple', and will not be imported"
WARNING,10,-1,"The attribute 'sale' does not apply to attribute set 'Default', and will not be imported"
WARNING,10,-1,"The attribute 'ada_compliant' does not apply to attribute set 'Default', and will not be imported"
WARNING,10,-1,"The attribute 'california_compliant' does not apply to attribute set 'Default', and will not be imported"
WARNING,10,-1,"The attribute 'includes_seats' does not apply to attribute set 'Default', and will not be imported"
WARNING,2,3,"Original file image does not exist. Image field was not updated"
WARNING,3,3,"Original file image does not exist. Image field was not updated"
WARNING,4,3,"Original file image does not exist. Image field was not updated"
WARNING,5,3,"Original file image does not exist. Image field was not updated"
WARNING,6,3,"Original file image does not exist. Image field was not updated"
WARNING,7,3,"Original file image does not exist. Image field was not updated"
WARNING,8,3,"Original file image does not exist. Image field was not updated"
WARNING,9,3,"Original file image does not exist. Image field was not updated"
WARNING,10,3,"Original file image does not exist. Image field was not updated"
SUCCESS,2,0,
SUCCESS,3,0,
SUCCESS,4,0,
SUCCESS,5,0,
SUCCESS,6,0,
SUCCESS,7,0,
SUCCESS,8,0,
SUCCESS,9,0,
SUCCESS,10,0,
ACTIVITY,,,"Reindexing: Catalog URL Rewrites"
ACTIVITY,,,Done
