ACTIVITY,,,"Fetching number of rows"
ACTIVITY,,,Importing
ERROR,1,0,"Invalid SKU (sku)"
SUCCESS,2,3,
SUCCESS,3,3,
SUCCESS,4,3,
SUCCESS,5,3,
SUCCESS,6,3,
SUCCESS,7,3,
SUCCESS,8,3,
SUCCESS,9,3,
SUCCESS,10,3,
SUCCESS,11,3,
SUCCESS,12,3,
SUCCESS,13,3,
SUCCESS,14,3,
SUCCESS,15,3,
SUCCESS,16,3,
SUCCESS,17,3,
SUCCESS,18,3,
SUCCESS,19,3,
SUCCESS,20,3,
SUCCESS,21,3,
SUCCESS,22,3,
SUCCESS,23,3,
SUCCESS,24,3,
SUCCESS,25,3,
SUCCESS,26,3,
SUCCESS,27,3,
SUCCESS,28,3,
SUCCESS,29,3,
SUCCESS,30,3,
SUCCESS,31,3,
SUCCESS,32,3,
SUCCESS,33,3,
WARNING,34,3,"Original file image does not exist"
WARNING,35,3,"Original file image does not exist"
WARNING,36,3,"Original file image does not exist"
SUCCESS,37,3,
SUCCESS,38,3,
SUCCESS,39,3,
SUCCESS,40,3,
SUCCESS,41,3,
SUCCESS,42,3,
SUCCESS,43,3,
SUCCESS,44,3,
SUCCESS,45,3,
SUCCESS,46,3,
SUCCESS,47,3,
SUCCESS,48,3,
SUCCESS,49,3,
SUCCESS,50,3,
SUCCESS,51,3,
SUCCESS,52,3,
SUCCESS,53,3,
SUCCESS,54,3,
SUCCESS,55,3,
SUCCESS,56,3,
SUCCESS,57,3,
SUCCESS,58,3,
SUCCESS,59,3,
SUCCESS,60,3,
SUCCESS,61,3,
SUCCESS,62,3,
SUCCESS,63,3,
SUCCESS,64,3,
SUCCESS,65,3,
SUCCESS,66,3,
SUCCESS,67,3,
SUCCESS,68,3,
SUCCESS,69,3,
SUCCESS,70,3,
SUCCESS,71,3,
SUCCESS,72,3,
SUCCESS,73,3,
SUCCESS,74,3,
SUCCESS,75,3,
SUCCESS,76,3,
SUCCESS,77,3,
SUCCESS,78,3,
SUCCESS,79,3,
SUCCESS,80,3,
SUCCESS,81,3,
SUCCESS,82,3,
SUCCESS,83,3,
SUCCESS,84,3,
SUCCESS,85,3,
SUCCESS,86,3,
SUCCESS,87,3,
SUCCESS,88,3,
SUCCESS,89,3,
SUCCESS,90,3,
SUCCESS,91,3,
SUCCESS,92,3,
SUCCESS,93,3,
SUCCESS,94,3,
SUCCESS,95,3,
SUCCESS,96,3,
SUCCESS,97,3,
SUCCESS,98,3,
SUCCESS,99,3,
SUCCESS,100,3,
SUCCESS,101,3,
SUCCESS,102,3,
SUCCESS,103,3,
SUCCESS,104,3,
SUCCESS,105,3,
SUCCESS,106,3,
SUCCESS,107,3,
SUCCESS,108,3,
SUCCESS,109,3,
SUCCESS,110,3,
SUCCESS,111,3,
SUCCESS,112,3,
SUCCESS,113,3,
SUCCESS,114,3,
SUCCESS,115,3,
SUCCESS,116,3,
SUCCESS,117,3,
SUCCESS,118,3,
SUCCESS,119,3,
SUCCESS,120,3,
SUCCESS,121,3,
SUCCESS,122,3,
SUCCESS,123,3,
SUCCESS,124,3,
SUCCESS,125,3,
SUCCESS,126,3,
SUCCESS,127,3,
SUCCESS,128,3,
SUCCESS,129,3,
SUCCESS,130,3,
SUCCESS,131,3,
SUCCESS,132,3,
SUCCESS,133,3,
SUCCESS,134,3,
SUCCESS,135,3,
SUCCESS,136,3,
SUCCESS,137,3,
SUCCESS,138,3,
SUCCESS,139,3,
SUCCESS,140,3,
SUCCESS,141,3,
SUCCESS,142,3,
SUCCESS,143,3,
SUCCESS,144,3,
SUCCESS,145,3,
ACTIVITY,,,"Running after import procedures"
ACTIVITY,,,Done
