ACTIVITY,,,"Fetching number of rows"
ACTIVITY,,,Importing
ERROR,1,0,"Invalid SKU (sku)"
SUCCESS,2,3,
SUCCESS,3,3,
SUCCESS,4,3,
SUCCESS,5,3,
SUCCESS,6,3,
SUCCESS,7,3,
SUCCESS,8,3,
SUCCESS,9,3,
SUCCESS,10,3,
SUCCESS,11,3,
SUCCESS,12,3,
SUCCESS,13,3,
SUCCESS,14,3,
SUCCESS,15,3,
SUCCESS,16,3,
SUCCESS,17,3,
SUCCESS,18,3,
SUCCESS,19,3,
SUCCESS,20,3,
SUCCESS,21,3,
SUCCESS,22,3,
SUCCESS,23,3,
SUCCESS,24,3,
SUCCESS,25,3,
SUCCESS,26,3,
SUCCESS,27,3,
SUCCESS,28,3,
SUCCESS,29,3,
SUCCESS,30,3,
SUCCESS,31,3,
SUCCESS,32,3,
SUCCESS,33,3,
SUCCESS,34,3,
SUCCESS,35,3,
SUCCESS,36,3,
SUCCESS,37,3,
SUCCESS,38,3,
SUCCESS,39,3,
SUCCESS,40,3,
SUCCESS,41,3,
SUCCESS,42,3,
SUCCESS,43,3,
SUCCESS,44,3,
SUCCESS,45,3,
SUCCESS,46,3,
SUCCESS,47,3,
SUCCESS,48,3,
SUCCESS,49,3,
SUCCESS,50,3,
SUCCESS,51,3,
SUCCESS,52,3,
SUCCESS,53,3,
SUCCESS,54,3,
SUCCESS,55,3,
SUCCESS,56,3,
SUCCESS,57,3,
SUCCESS,58,3,
SUCCESS,59,3,
SUCCESS,60,3,
SUCCESS,61,3,
SUCCESS,62,3,
SUCCESS,63,3,
SUCCESS,64,3,
SUCCESS,65,3,
SUCCESS,66,3,
SUCCESS,67,3,
SUCCESS,68,3,
SUCCESS,69,3,
SUCCESS,70,3,
SUCCESS,71,3,
SUCCESS,72,3,
SUCCESS,73,3,
SUCCESS,74,3,
SUCCESS,75,3,
SUCCESS,76,3,
SUCCESS,77,3,
SUCCESS,78,3,
SUCCESS,79,3,
SUCCESS,80,3,
SUCCESS,81,3,
SUCCESS,82,3,
SUCCESS,83,3,
SUCCESS,84,3,
SUCCESS,85,3,
SUCCESS,86,3,
SUCCESS,87,3,
SUCCESS,88,3,
SUCCESS,89,3,
SUCCESS,90,3,
SUCCESS,91,3,
SUCCESS,92,3,
SUCCESS,93,3,
SUCCESS,94,3,
SUCCESS,95,3,
SUCCESS,96,3,
SUCCESS,97,3,
SUCCESS,98,3,
SUCCESS,99,3,
SUCCESS,100,3,
SUCCESS,101,3,
SUCCESS,102,3,
SUCCESS,103,3,
SUCCESS,104,3,
SUCCESS,105,3,
SUCCESS,106,3,
SUCCESS,107,3,
SUCCESS,108,3,
SUCCESS,109,3,
SUCCESS,110,3,
SUCCESS,111,3,
SUCCESS,112,3,
SUCCESS,113,3,
SUCCESS,114,3,
SUCCESS,115,3,
SUCCESS,116,3,
SUCCESS,117,3,
SUCCESS,118,3,
SUCCESS,119,3,
SUCCESS,120,3,
SUCCESS,121,3,
SUCCESS,122,3,
SUCCESS,123,3,
SUCCESS,124,3,
SUCCESS,125,3,
SUCCESS,126,3,
SUCCESS,127,3,
SUCCESS,128,3,
SUCCESS,129,3,
SUCCESS,130,3,
SUCCESS,131,3,
SUCCESS,132,3,
SUCCESS,133,3,
SUCCESS,134,3,
SUCCESS,135,3,
SUCCESS,136,3,
SUCCESS,137,3,
SUCCESS,138,3,
SUCCESS,139,3,
SUCCESS,140,3,
SUCCESS,141,3,
SUCCESS,142,3,
SUCCESS,143,3,
SUCCESS,144,3,
SUCCESS,145,3,
SUCCESS,146,3,
SUCCESS,147,3,
SUCCESS,148,3,
SUCCESS,149,3,
SUCCESS,150,3,
SUCCESS,151,3,
SUCCESS,152,3,
SUCCESS,153,3,
SUCCESS,154,3,
SUCCESS,155,3,
SUCCESS,156,3,
SUCCESS,157,3,
SUCCESS,158,3,
SUCCESS,159,3,
SUCCESS,160,3,
SUCCESS,161,3,
SUCCESS,162,3,
SUCCESS,163,3,
SUCCESS,164,3,
SUCCESS,165,3,
SUCCESS,166,3,
SUCCESS,167,3,
SUCCESS,168,3,
SUCCESS,169,3,
SUCCESS,170,3,
SUCCESS,171,3,
SUCCESS,172,3,
SUCCESS,173,3,
SUCCESS,174,3,
SUCCESS,175,3,
SUCCESS,176,3,
SUCCESS,177,3,
SUCCESS,178,3,
SUCCESS,179,3,
SUCCESS,180,3,
SUCCESS,181,3,
SUCCESS,182,3,
SUCCESS,183,3,
SUCCESS,184,3,
SUCCESS,185,3,
SUCCESS,186,3,
SUCCESS,187,3,
SUCCESS,188,3,
SUCCESS,189,3,
SUCCESS,190,3,
SUCCESS,191,3,
SUCCESS,192,3,
SUCCESS,193,3,
SUCCESS,194,3,
SUCCESS,195,3,
SUCCESS,196,3,
SUCCESS,197,3,
SUCCESS,198,3,
SUCCESS,199,3,
SUCCESS,200,3,
SUCCESS,201,3,
SUCCESS,202,3,
SUCCESS,203,3,
SUCCESS,204,3,
SUCCESS,205,3,
SUCCESS,206,3,
SUCCESS,207,3,
SUCCESS,208,3,
SUCCESS,209,3,
SUCCESS,210,3,
SUCCESS,211,3,
SUCCESS,212,3,
SUCCESS,213,3,
SUCCESS,214,3,
SUCCESS,215,3,
SUCCESS,216,3,
SUCCESS,217,3,
SUCCESS,218,3,
SUCCESS,219,3,
SUCCESS,220,3,
SUCCESS,221,3,
SUCCESS,222,3,
SUCCESS,223,3,
SUCCESS,224,3,
SUCCESS,225,3,
SUCCESS,226,3,
SUCCESS,227,3,
SUCCESS,228,3,
SUCCESS,229,3,
SUCCESS,230,3,
SUCCESS,231,3,
SUCCESS,232,3,
SUCCESS,233,3,
SUCCESS,234,3,
SUCCESS,235,3,
SUCCESS,236,3,
SUCCESS,237,3,
SUCCESS,238,3,
SUCCESS,239,3,
SUCCESS,240,3,
SUCCESS,241,3,
SUCCESS,242,3,
SUCCESS,243,3,
SUCCESS,244,3,
SUCCESS,245,3,
SUCCESS,246,3,
SUCCESS,247,3,
SUCCESS,248,3,
SUCCESS,249,3,
SUCCESS,250,3,
SUCCESS,251,3,
SUCCESS,252,3,
SUCCESS,253,3,
SUCCESS,254,3,
SUCCESS,255,3,
SUCCESS,256,3,
SUCCESS,257,3,
SUCCESS,258,3,
SUCCESS,259,3,
SUCCESS,260,3,
SUCCESS,261,3,
SUCCESS,262,3,
SUCCESS,263,3,
SUCCESS,264,3,
SUCCESS,265,3,
SUCCESS,266,3,
SUCCESS,267,3,
SUCCESS,268,3,
SUCCESS,269,3,
SUCCESS,270,3,
SUCCESS,271,3,
SUCCESS,272,3,
SUCCESS,273,3,
SUCCESS,274,3,
SUCCESS,275,3,
SUCCESS,276,3,
SUCCESS,277,3,
SUCCESS,278,3,
SUCCESS,279,3,
SUCCESS,280,3,
SUCCESS,281,3,
SUCCESS,282,3,
SUCCESS,283,3,
SUCCESS,284,3,
SUCCESS,285,3,
SUCCESS,286,3,
SUCCESS,287,3,
SUCCESS,288,3,
SUCCESS,289,3,
SUCCESS,290,3,
SUCCESS,291,3,
SUCCESS,292,3,
SUCCESS,293,3,
SUCCESS,294,3,
SUCCESS,295,3,
SUCCESS,296,3,
SUCCESS,297,3,
SUCCESS,298,3,
SUCCESS,299,3,
SUCCESS,300,3,
SUCCESS,301,3,
SUCCESS,302,3,
SUCCESS,303,3,
SUCCESS,304,3,
SUCCESS,305,3,
SUCCESS,306,3,
SUCCESS,307,3,
SUCCESS,308,3,
SUCCESS,309,3,
SUCCESS,310,3,
SUCCESS,311,3,
SUCCESS,312,3,
SUCCESS,313,3,
SUCCESS,314,3,
SUCCESS,315,3,
SUCCESS,316,3,
SUCCESS,317,3,
SUCCESS,318,3,
SUCCESS,319,3,
SUCCESS,320,3,
SUCCESS,321,3,
SUCCESS,322,3,
SUCCESS,323,3,
SUCCESS,324,3,
SUCCESS,325,3,
SUCCESS,326,3,
SUCCESS,327,3,
SUCCESS,328,3,
SUCCESS,329,3,
SUCCESS,330,3,
SUCCESS,331,3,
SUCCESS,332,3,
SUCCESS,333,3,
SUCCESS,334,3,
SUCCESS,335,3,
SUCCESS,336,3,
SUCCESS,337,3,
SUCCESS,338,3,
SUCCESS,339,3,
SUCCESS,340,3,
SUCCESS,341,3,
SUCCESS,342,3,
SUCCESS,343,3,
SUCCESS,344,3,
SUCCESS,345,3,
SUCCESS,346,3,
SUCCESS,347,3,
SUCCESS,348,3,
SUCCESS,349,3,
SUCCESS,350,3,
SUCCESS,351,3,
SUCCESS,352,3,
SUCCESS,353,3,
SUCCESS,354,3,
SUCCESS,355,3,
SUCCESS,356,3,
SUCCESS,357,3,
SUCCESS,358,3,
SUCCESS,359,3,
SUCCESS,360,3,
SUCCESS,361,3,
SUCCESS,362,3,
SUCCESS,363,3,
SUCCESS,364,3,
SUCCESS,365,3,
SUCCESS,366,3,
SUCCESS,367,3,
SUCCESS,368,3,
SUCCESS,369,3,
SUCCESS,370,3,
SUCCESS,371,3,
SUCCESS,372,3,
SUCCESS,373,3,
SUCCESS,374,3,
SUCCESS,375,3,
SUCCESS,376,3,
SUCCESS,377,3,
SUCCESS,378,3,
SUCCESS,379,3,
SUCCESS,380,3,
SUCCESS,381,3,
SUCCESS,382,3,
SUCCESS,383,3,
SUCCESS,384,3,
SUCCESS,385,3,
SUCCESS,386,3,
SUCCESS,387,3,
SUCCESS,388,3,
SUCCESS,389,3,
SUCCESS,390,3,
SUCCESS,391,3,
SUCCESS,392,3,
SUCCESS,393,3,
SUCCESS,394,3,
SUCCESS,395,3,
SUCCESS,396,3,
SUCCESS,397,3,
SUCCESS,398,3,
SUCCESS,399,3,
SUCCESS,400,3,
SUCCESS,401,3,
SUCCESS,402,3,
SUCCESS,403,3,
SUCCESS,404,3,
SUCCESS,405,3,
SUCCESS,406,3,
SUCCESS,407,3,
SUCCESS,408,3,
SUCCESS,409,3,
SUCCESS,410,3,
SUCCESS,411,3,
SUCCESS,412,3,
SUCCESS,413,3,
SUCCESS,414,3,
SUCCESS,415,3,
SUCCESS,416,3,
SUCCESS,417,3,
SUCCESS,418,3,
SUCCESS,419,3,
SUCCESS,420,3,
SUCCESS,421,3,
SUCCESS,422,3,
SUCCESS,423,3,
SUCCESS,424,3,
SUCCESS,425,3,
SUCCESS,426,3,
SUCCESS,427,3,
SUCCESS,428,3,
SUCCESS,429,3,
SUCCESS,430,3,
SUCCESS,431,3,
SUCCESS,432,3,
SUCCESS,433,3,
SUCCESS,434,3,
SUCCESS,435,3,
SUCCESS,436,3,
SUCCESS,437,3,
SUCCESS,438,3,
SUCCESS,439,3,
SUCCESS,440,3,
SUCCESS,441,3,
SUCCESS,442,3,
SUCCESS,443,3,
SUCCESS,444,3,
SUCCESS,445,3,
SUCCESS,446,3,
SUCCESS,447,3,
SUCCESS,448,3,
SUCCESS,449,3,
SUCCESS,450,3,
SUCCESS,451,3,
SUCCESS,452,3,
SUCCESS,453,3,
SUCCESS,454,3,
SUCCESS,455,3,
SUCCESS,456,3,
SUCCESS,457,3,
SUCCESS,458,3,
SUCCESS,459,3,
SUCCESS,460,3,
SUCCESS,461,3,
SUCCESS,462,3,
SUCCESS,463,3,
SUCCESS,464,3,
SUCCESS,465,3,
SUCCESS,466,3,
SUCCESS,467,3,
SUCCESS,468,3,
SUCCESS,469,3,
SUCCESS,470,3,
SUCCESS,471,3,
SUCCESS,472,3,
SUCCESS,473,3,
SUCCESS,474,3,
SUCCESS,475,3,
SUCCESS,476,3,
SUCCESS,477,3,
SUCCESS,478,3,
SUCCESS,479,3,
SUCCESS,480,3,
SUCCESS,481,3,
SUCCESS,482,3,
SUCCESS,483,3,
SUCCESS,484,3,
SUCCESS,485,3,
SUCCESS,486,3,
SUCCESS,487,3,
SUCCESS,488,3,
SUCCESS,489,3,
SUCCESS,490,3,
SUCCESS,491,3,
SUCCESS,492,3,
SUCCESS,493,3,
SUCCESS,494,3,
SUCCESS,495,3,
SUCCESS,496,3,
SUCCESS,497,3,
SUCCESS,498,3,
SUCCESS,499,3,
SUCCESS,500,3,
SUCCESS,501,3,
SUCCESS,502,3,
SUCCESS,503,3,
SUCCESS,504,3,
SUCCESS,505,3,
SUCCESS,506,3,
SUCCESS,507,3,
SUCCESS,508,3,
SUCCESS,509,3,
SUCCESS,510,3,
SUCCESS,511,3,
SUCCESS,512,3,
SUCCESS,513,3,
SUCCESS,514,3,
SUCCESS,515,3,
SUCCESS,516,3,
SUCCESS,517,3,
SUCCESS,518,3,
SUCCESS,519,3,
SUCCESS,520,3,
SUCCESS,521,3,
SUCCESS,522,3,
SUCCESS,523,3,
SUCCESS,524,3,
SUCCESS,525,3,
SUCCESS,526,3,
SUCCESS,527,3,
SUCCESS,528,3,
SUCCESS,529,3,
SUCCESS,530,3,
SUCCESS,531,3,
SUCCESS,532,3,
SUCCESS,533,3,
SUCCESS,534,3,
SUCCESS,535,3,
SUCCESS,536,3,
SUCCESS,537,3,
SUCCESS,538,3,
SUCCESS,539,3,
SUCCESS,540,3,
SUCCESS,541,3,
SUCCESS,542,3,
SUCCESS,543,3,
SUCCESS,544,3,
SUCCESS,545,3,
SUCCESS,546,3,
SUCCESS,547,3,
SUCCESS,548,3,
SUCCESS,549,3,
SUCCESS,550,3,
SUCCESS,551,3,
SUCCESS,552,3,
SUCCESS,553,3,
SUCCESS,554,3,
SUCCESS,555,3,
SUCCESS,556,3,
SUCCESS,557,3,
SUCCESS,558,3,
SUCCESS,559,3,
SUCCESS,560,3,
SUCCESS,561,3,
SUCCESS,562,3,
SUCCESS,563,3,
SUCCESS,564,3,
SUCCESS,565,3,
SUCCESS,566,3,
SUCCESS,567,3,
SUCCESS,568,3,
SUCCESS,569,3,
SUCCESS,570,3,
SUCCESS,571,3,
SUCCESS,572,3,
SUCCESS,573,3,
SUCCESS,574,3,
SUCCESS,575,3,
SUCCESS,576,3,
SUCCESS,577,3,
SUCCESS,578,3,
SUCCESS,579,3,
SUCCESS,580,3,
SUCCESS,581,3,
SUCCESS,582,3,
SUCCESS,583,3,
SUCCESS,584,3,
SUCCESS,585,3,
SUCCESS,586,3,
SUCCESS,587,3,
SUCCESS,588,3,
SUCCESS,589,3,
SUCCESS,590,3,
SUCCESS,591,3,
SUCCESS,592,3,
SUCCESS,593,3,
SUCCESS,594,3,
SUCCESS,595,3,
SUCCESS,596,3,
SUCCESS,597,3,
SUCCESS,598,3,
SUCCESS,599,3,
SUCCESS,600,3,
SUCCESS,601,3,
SUCCESS,602,3,
SUCCESS,603,3,
SUCCESS,604,3,
SUCCESS,605,3,
SUCCESS,606,3,
SUCCESS,607,3,
SUCCESS,608,3,
SUCCESS,609,3,
SUCCESS,610,3,
SUCCESS,611,3,
SUCCESS,612,3,
SUCCESS,613,3,
SUCCESS,614,3,
SUCCESS,615,3,
SUCCESS,616,3,
SUCCESS,617,3,
SUCCESS,618,3,
SUCCESS,619,3,
SUCCESS,620,3,
SUCCESS,621,3,
SUCCESS,622,3,
SUCCESS,623,3,
SUCCESS,624,3,
SUCCESS,625,3,
SUCCESS,626,3,
SUCCESS,627,3,
SUCCESS,628,3,
SUCCESS,629,3,
SUCCESS,630,3,
SUCCESS,631,3,
SUCCESS,632,3,
SUCCESS,633,3,
SUCCESS,634,3,
SUCCESS,635,3,
SUCCESS,636,3,
SUCCESS,637,3,
SUCCESS,638,3,
SUCCESS,639,3,
SUCCESS,640,3,
SUCCESS,641,3,
SUCCESS,642,3,
SUCCESS,643,3,
SUCCESS,644,3,
SUCCESS,645,3,
SUCCESS,646,3,
SUCCESS,647,3,
SUCCESS,648,3,
SUCCESS,649,3,
SUCCESS,650,3,
SUCCESS,651,3,
SUCCESS,652,3,
SUCCESS,653,3,
SUCCESS,654,3,
SUCCESS,655,3,
SUCCESS,656,3,
SUCCESS,657,3,
SUCCESS,658,3,
SUCCESS,659,3,
SUCCESS,660,3,
SUCCESS,661,3,
SUCCESS,662,3,
SUCCESS,663,3,
SUCCESS,664,3,
SUCCESS,665,3,
SUCCESS,666,3,
SUCCESS,667,3,
SUCCESS,668,3,
WARNING,669,3,"Original file image does not exist"
SUCCESS,670,3,
SUCCESS,671,3,
WARNING,672,3,"Original file image does not exist"
SUCCESS,673,3,
SUCCESS,674,3,
WARNING,675,3,"Original file image does not exist"
SUCCESS,676,3,
SUCCESS,677,3,
WARNING,678,3,"Original file image does not exist"
SUCCESS,679,3,
SUCCESS,680,3,
WARNING,681,3,"Original file image does not exist"
SUCCESS,682,3,
SUCCESS,683,3,
SUCCESS,684,3,
SUCCESS,685,3,
SUCCESS,686,3,
SUCCESS,687,3,
SUCCESS,688,3,
SUCCESS,689,3,
SUCCESS,690,3,
SUCCESS,691,3,
SUCCESS,692,3,
SUCCESS,693,3,
SUCCESS,694,3,
SUCCESS,695,3,
SUCCESS,696,3,
SUCCESS,697,3,
SUCCESS,698,3,
SUCCESS,699,3,
SUCCESS,700,3,
SUCCESS,701,3,
SUCCESS,702,3,
SUCCESS,703,3,
SUCCESS,704,3,
SUCCESS,705,3,
SUCCESS,706,3,
SUCCESS,707,3,
SUCCESS,708,3,
SUCCESS,709,3,
SUCCESS,710,3,
SUCCESS,711,3,
SUCCESS,712,3,
SUCCESS,713,3,
SUCCESS,714,3,
SUCCESS,715,3,
SUCCESS,716,3,
SUCCESS,717,3,
SUCCESS,718,3,
SUCCESS,719,3,
SUCCESS,720,3,
SUCCESS,721,3,
SUCCESS,722,3,
SUCCESS,723,3,
SUCCESS,724,3,
SUCCESS,725,3,
SUCCESS,726,3,
SUCCESS,727,3,
SUCCESS,728,3,
SUCCESS,729,3,
SUCCESS,730,3,
SUCCESS,731,3,
SUCCESS,732,3,
SUCCESS,733,3,
SUCCESS,734,3,
SUCCESS,735,3,
SUCCESS,736,3,
SUCCESS,737,3,
SUCCESS,738,3,
SUCCESS,739,3,
SUCCESS,740,3,
SUCCESS,741,3,
SUCCESS,742,3,
SUCCESS,743,3,
SUCCESS,744,3,
SUCCESS,745,3,
SUCCESS,746,3,
SUCCESS,747,3,
SUCCESS,748,3,
SUCCESS,749,3,
SUCCESS,750,3,
SUCCESS,751,3,
SUCCESS,752,3,
SUCCESS,753,3,
SUCCESS,754,3,
SUCCESS,755,3,
SUCCESS,756,3,
SUCCESS,757,3,
SUCCESS,758,3,
SUCCESS,759,3,
SUCCESS,760,3,
SUCCESS,761,3,
SUCCESS,762,3,
SUCCESS,763,3,
SUCCESS,764,3,
SUCCESS,765,3,
SUCCESS,766,3,
SUCCESS,767,3,
SUCCESS,768,3,
SUCCESS,769,3,
SUCCESS,770,3,
SUCCESS,771,3,
SUCCESS,772,3,
SUCCESS,773,3,
SUCCESS,774,3,
SUCCESS,775,3,
SUCCESS,776,3,
SUCCESS,777,3,
SUCCESS,778,3,
SUCCESS,779,3,
SUCCESS,780,3,
SUCCESS,781,3,
SUCCESS,782,3,
SUCCESS,783,3,
SUCCESS,784,3,
SUCCESS,785,3,
SUCCESS,786,3,
SUCCESS,787,3,
SUCCESS,788,3,
SUCCESS,789,3,
SUCCESS,790,3,
SUCCESS,791,3,
SUCCESS,792,3,
SUCCESS,793,3,
SUCCESS,794,3,
SUCCESS,795,3,
SUCCESS,796,3,
SUCCESS,797,3,
SUCCESS,798,3,
SUCCESS,799,3,
SUCCESS,800,3,
SUCCESS,801,3,
SUCCESS,802,3,
SUCCESS,803,3,
SUCCESS,804,3,
SUCCESS,805,3,
SUCCESS,806,3,
SUCCESS,807,3,
SUCCESS,808,3,
SUCCESS,809,3,
SUCCESS,810,3,
SUCCESS,811,3,
SUCCESS,812,3,
SUCCESS,813,3,
SUCCESS,814,3,
SUCCESS,815,3,
SUCCESS,816,3,
SUCCESS,817,3,
SUCCESS,818,3,
SUCCESS,819,3,
SUCCESS,820,3,
SUCCESS,821,3,
SUCCESS,822,3,
SUCCESS,823,3,
SUCCESS,824,3,
SUCCESS,825,3,
SUCCESS,826,3,
SUCCESS,827,3,
SUCCESS,828,3,
SUCCESS,829,3,
SUCCESS,830,3,
SUCCESS,831,3,
SUCCESS,832,3,
SUCCESS,833,3,
SUCCESS,834,3,
SUCCESS,835,3,
SUCCESS,836,3,
SUCCESS,837,3,
SUCCESS,838,3,
SUCCESS,839,3,
SUCCESS,840,3,
SUCCESS,841,3,
SUCCESS,842,3,
SUCCESS,843,3,
SUCCESS,844,3,
SUCCESS,845,3,
SUCCESS,846,3,
SUCCESS,847,3,
SUCCESS,848,3,
SUCCESS,849,3,
SUCCESS,850,3,
SUCCESS,851,3,
SUCCESS,852,3,
SUCCESS,853,3,
SUCCESS,854,3,
SUCCESS,855,3,
SUCCESS,856,3,
SUCCESS,857,3,
SUCCESS,858,3,
SUCCESS,859,3,
SUCCESS,860,3,
SUCCESS,861,3,
SUCCESS,862,3,
SUCCESS,863,3,
SUCCESS,864,3,
SUCCESS,865,3,
SUCCESS,866,3,
SUCCESS,867,3,
SUCCESS,868,3,
SUCCESS,869,3,
SUCCESS,870,3,
SUCCESS,871,3,
SUCCESS,872,3,
SUCCESS,873,3,
SUCCESS,874,3,
SUCCESS,875,3,
SUCCESS,876,3,
SUCCESS,877,3,
SUCCESS,878,3,
SUCCESS,879,3,
SUCCESS,880,3,
SUCCESS,881,3,
SUCCESS,882,3,
SUCCESS,883,3,
SUCCESS,884,3,
SUCCESS,885,3,
SUCCESS,886,3,
SUCCESS,887,3,
SUCCESS,888,3,
SUCCESS,889,3,
SUCCESS,890,3,
SUCCESS,891,3,
SUCCESS,892,3,
SUCCESS,893,3,
SUCCESS,894,3,
SUCCESS,895,3,
SUCCESS,896,3,
SUCCESS,897,3,
SUCCESS,898,3,
SUCCESS,899,3,
SUCCESS,900,3,
SUCCESS,901,3,
SUCCESS,902,3,
SUCCESS,903,3,
SUCCESS,904,3,
SUCCESS,905,3,
SUCCESS,906,3,
SUCCESS,907,3,
SUCCESS,908,3,
SUCCESS,909,3,
SUCCESS,910,3,
SUCCESS,911,3,
SUCCESS,912,3,
SUCCESS,913,3,
SUCCESS,914,3,
SUCCESS,915,3,
SUCCESS,916,3,
SUCCESS,917,3,
SUCCESS,918,3,
SUCCESS,919,3,
SUCCESS,920,3,
SUCCESS,921,3,
SUCCESS,922,3,
SUCCESS,923,3,
SUCCESS,924,3,
SUCCESS,925,3,
SUCCESS,926,3,
SUCCESS,927,3,
SUCCESS,928,3,
SUCCESS,929,3,
SUCCESS,930,3,
SUCCESS,931,3,
SUCCESS,932,3,
SUCCESS,933,3,
SUCCESS,934,3,
SUCCESS,935,3,
SUCCESS,936,3,
SUCCESS,937,3,
SUCCESS,938,3,
SUCCESS,939,3,
SUCCESS,940,3,
SUCCESS,941,3,
SUCCESS,942,3,
SUCCESS,943,3,
SUCCESS,944,3,
SUCCESS,945,3,
SUCCESS,946,3,
SUCCESS,947,3,
SUCCESS,948,3,
SUCCESS,949,3,
SUCCESS,950,3,
SUCCESS,951,3,
SUCCESS,952,3,
SUCCESS,953,3,
SUCCESS,954,3,
SUCCESS,955,3,
SUCCESS,956,3,
SUCCESS,957,3,
SUCCESS,958,3,
SUCCESS,959,3,
SUCCESS,960,3,
SUCCESS,961,3,
SUCCESS,962,3,
SUCCESS,963,3,
SUCCESS,964,3,
SUCCESS,965,3,
SUCCESS,966,3,
SUCCESS,967,3,
SUCCESS,968,3,
SUCCESS,969,3,
SUCCESS,970,3,
SUCCESS,971,3,
SUCCESS,972,3,
SUCCESS,973,3,
SUCCESS,974,3,
SUCCESS,975,3,
SUCCESS,976,3,
SUCCESS,977,3,
SUCCESS,978,3,
SUCCESS,979,3,
SUCCESS,980,3,
SUCCESS,981,3,
SUCCESS,982,3,
SUCCESS,983,3,
SUCCESS,984,3,
SUCCESS,985,3,
SUCCESS,986,3,
SUCCESS,987,3,
SUCCESS,988,3,
SUCCESS,989,3,
SUCCESS,990,3,
SUCCESS,991,3,
SUCCESS,992,3,
SUCCESS,993,3,
SUCCESS,994,3,
SUCCESS,995,3,
SUCCESS,996,3,
SUCCESS,997,3,
SUCCESS,998,3,
SUCCESS,999,3,
SUCCESS,1000,3,
SUCCESS,1001,3,
SUCCESS,1002,3,
SUCCESS,1003,3,
SUCCESS,1004,3,
SUCCESS,1005,3,
SUCCESS,1006,3,
SUCCESS,1007,3,
SUCCESS,1008,3,
SUCCESS,1009,3,
SUCCESS,1010,3,
SUCCESS,1011,3,
SUCCESS,1012,3,
SUCCESS,1013,3,
SUCCESS,1014,3,
SUCCESS,1015,3,
SUCCESS,1016,3,
SUCCESS,1017,3,
SUCCESS,1018,3,
SUCCESS,1019,3,
SUCCESS,1020,3,
SUCCESS,1021,3,
SUCCESS,1022,3,
SUCCESS,1023,3,
SUCCESS,1024,3,
SUCCESS,1025,3,
SUCCESS,1026,3,
SUCCESS,1027,3,
SUCCESS,1028,3,
SUCCESS,1029,3,
SUCCESS,1030,3,
SUCCESS,1031,3,
SUCCESS,1032,3,
SUCCESS,1033,3,
SUCCESS,1034,3,
SUCCESS,1035,3,
SUCCESS,1036,3,
SUCCESS,1037,3,
SUCCESS,1038,3,
SUCCESS,1039,3,
SUCCESS,1040,3,
SUCCESS,1041,3,
SUCCESS,1042,3,
SUCCESS,1043,3,
SUCCESS,1044,3,
SUCCESS,1045,3,
SUCCESS,1046,3,
SUCCESS,1047,3,
SUCCESS,1048,3,
SUCCESS,1049,3,
SUCCESS,1050,3,
SUCCESS,1051,3,
SUCCESS,1052,3,
SUCCESS,1053,3,
SUCCESS,1054,3,
SUCCESS,1055,3,
SUCCESS,1056,3,
SUCCESS,1057,3,
SUCCESS,1058,3,
SUCCESS,1059,3,
SUCCESS,1060,3,
SUCCESS,1061,3,
SUCCESS,1062,3,
SUCCESS,1063,3,
SUCCESS,1064,3,
SUCCESS,1065,3,
SUCCESS,1066,3,
SUCCESS,1067,3,
SUCCESS,1068,3,
SUCCESS,1069,3,
SUCCESS,1070,3,
SUCCESS,1071,3,
SUCCESS,1072,3,
SUCCESS,1073,3,
SUCCESS,1074,3,
SUCCESS,1075,3,
SUCCESS,1076,3,
SUCCESS,1077,3,
SUCCESS,1078,3,
SUCCESS,1079,3,
SUCCESS,1080,3,
SUCCESS,1081,3,
SUCCESS,1082,3,
SUCCESS,1083,3,
SUCCESS,1084,3,
SUCCESS,1085,3,
SUCCESS,1086,3,
SUCCESS,1087,3,
SUCCESS,1088,3,
SUCCESS,1089,3,
SUCCESS,1090,3,
SUCCESS,1091,3,
SUCCESS,1092,3,
SUCCESS,1093,3,
SUCCESS,1094,3,
SUCCESS,1095,3,
SUCCESS,1096,3,
SUCCESS,1097,3,
SUCCESS,1098,3,
SUCCESS,1099,3,
SUCCESS,1100,3,
SUCCESS,1101,3,
SUCCESS,1102,3,
SUCCESS,1103,3,
SUCCESS,1104,3,
SUCCESS,1105,3,
SUCCESS,1106,3,
SUCCESS,1107,3,
SUCCESS,1108,3,
SUCCESS,1109,3,
SUCCESS,1110,3,
SUCCESS,1111,3,
SUCCESS,1112,3,
SUCCESS,1113,3,
SUCCESS,1114,3,
SUCCESS,1115,3,
SUCCESS,1116,3,
SUCCESS,1117,3,
SUCCESS,1118,3,
SUCCESS,1119,3,
SUCCESS,1120,3,
SUCCESS,1121,3,
SUCCESS,1122,3,
SUCCESS,1123,3,
SUCCESS,1124,3,
SUCCESS,1125,3,
SUCCESS,1126,3,
SUCCESS,1127,3,
SUCCESS,1128,3,
SUCCESS,1129,3,
SUCCESS,1130,3,
SUCCESS,1131,3,
SUCCESS,1132,3,
SUCCESS,1133,3,
SUCCESS,1134,3,
SUCCESS,1135,3,
SUCCESS,1136,3,
SUCCESS,1137,3,
SUCCESS,1138,3,
SUCCESS,1139,3,
SUCCESS,1140,3,
SUCCESS,1141,3,
SUCCESS,1142,3,
SUCCESS,1143,3,
SUCCESS,1144,3,
SUCCESS,1145,3,
SUCCESS,1146,3,
SUCCESS,1147,3,
SUCCESS,1148,3,
SUCCESS,1149,3,
SUCCESS,1150,3,
SUCCESS,1151,3,
SUCCESS,1152,3,
SUCCESS,1153,3,
SUCCESS,1154,3,
SUCCESS,1155,3,
SUCCESS,1156,3,
SUCCESS,1157,3,
SUCCESS,1158,3,
SUCCESS,1159,3,
SUCCESS,1160,3,
SUCCESS,1161,3,
SUCCESS,1162,3,
SUCCESS,1163,3,
SUCCESS,1164,3,
SUCCESS,1165,3,
SUCCESS,1166,3,
SUCCESS,1167,3,
SUCCESS,1168,3,
SUCCESS,1169,3,
SUCCESS,1170,3,
SUCCESS,1171,3,
SUCCESS,1172,3,
SUCCESS,1173,3,
SUCCESS,1174,3,
SUCCESS,1175,3,
SUCCESS,1176,3,
SUCCESS,1177,3,
SUCCESS,1178,3,
SUCCESS,1179,3,
SUCCESS,1180,3,
SUCCESS,1181,3,
SUCCESS,1182,3,
SUCCESS,1183,3,
SUCCESS,1184,3,
SUCCESS,1185,3,
SUCCESS,1186,3,
SUCCESS,1187,3,
SUCCESS,1188,3,
SUCCESS,1189,3,
SUCCESS,1190,3,
SUCCESS,1191,3,
SUCCESS,1192,3,
SUCCESS,1193,3,
SUCCESS,1194,3,
SUCCESS,1195,3,
SUCCESS,1196,3,
SUCCESS,1197,3,
SUCCESS,1198,3,
SUCCESS,1199,3,
SUCCESS,1200,3,
SUCCESS,1201,3,
SUCCESS,1202,3,
SUCCESS,1203,3,
SUCCESS,1204,3,
SUCCESS,1205,3,
SUCCESS,1206,3,
SUCCESS,1207,3,
SUCCESS,1208,3,
SUCCESS,1209,3,
SUCCESS,1210,3,
SUCCESS,1211,3,
SUCCESS,1212,3,
SUCCESS,1213,3,
SUCCESS,1214,3,
SUCCESS,1215,3,
SUCCESS,1216,3,
SUCCESS,1217,3,
SUCCESS,1218,3,
SUCCESS,1219,3,
SUCCESS,1220,3,
SUCCESS,1221,3,
SUCCESS,1222,3,
SUCCESS,1223,3,
SUCCESS,1224,3,
SUCCESS,1225,3,
SUCCESS,1226,3,
SUCCESS,1227,3,
SUCCESS,1228,3,
SUCCESS,1229,3,
SUCCESS,1230,3,
SUCCESS,1231,3,
SUCCESS,1232,3,
SUCCESS,1233,3,
SUCCESS,1234,3,
SUCCESS,1235,3,
SUCCESS,1236,3,
SUCCESS,1237,3,
SUCCESS,1238,3,
SUCCESS,1239,3,
SUCCESS,1240,3,
SUCCESS,1241,3,
SUCCESS,1242,3,
SUCCESS,1243,3,
SUCCESS,1244,3,
SUCCESS,1245,3,
SUCCESS,1246,3,
SUCCESS,1247,3,
SUCCESS,1248,3,
SUCCESS,1249,3,
SUCCESS,1250,3,
SUCCESS,1251,3,
SUCCESS,1252,3,
SUCCESS,1253,3,
SUCCESS,1254,3,
SUCCESS,1255,3,
SUCCESS,1256,3,
SUCCESS,1257,3,
SUCCESS,1258,3,
SUCCESS,1259,3,
SUCCESS,1260,3,
SUCCESS,1261,3,
SUCCESS,1262,3,
SUCCESS,1263,3,
SUCCESS,1264,3,
SUCCESS,1265,3,
SUCCESS,1266,3,
SUCCESS,1267,3,
SUCCESS,1268,3,
SUCCESS,1269,3,
SUCCESS,1270,3,
SUCCESS,1271,3,
SUCCESS,1272,3,
SUCCESS,1273,3,
SUCCESS,1274,3,
SUCCESS,1275,3,
SUCCESS,1276,3,
SUCCESS,1277,3,
SUCCESS,1278,3,
SUCCESS,1279,3,
SUCCESS,1280,3,
SUCCESS,1281,3,
SUCCESS,1282,3,
SUCCESS,1283,3,
SUCCESS,1284,3,
SUCCESS,1285,3,
SUCCESS,1286,3,
SUCCESS,1287,3,
SUCCESS,1288,3,
SUCCESS,1289,3,
SUCCESS,1290,3,
SUCCESS,1291,3,
SUCCESS,1292,3,
SUCCESS,1293,3,
SUCCESS,1294,3,
SUCCESS,1295,3,
SUCCESS,1296,3,
SUCCESS,1297,3,
SUCCESS,1298,3,
SUCCESS,1299,3,
SUCCESS,1300,3,
SUCCESS,1301,3,
SUCCESS,1302,3,
SUCCESS,1303,3,
SUCCESS,1304,3,
SUCCESS,1305,3,
SUCCESS,1306,3,
SUCCESS,1307,3,
SUCCESS,1308,3,
SUCCESS,1309,3,
SUCCESS,1310,3,
SUCCESS,1311,3,
SUCCESS,1312,3,
SUCCESS,1313,3,
SUCCESS,1314,3,
SUCCESS,1315,3,
SUCCESS,1316,3,
SUCCESS,1317,3,
SUCCESS,1318,3,
SUCCESS,1319,3,
SUCCESS,1320,3,
SUCCESS,1321,3,
SUCCESS,1322,3,
SUCCESS,1323,3,
SUCCESS,1324,3,
SUCCESS,1325,3,
SUCCESS,1326,3,
SUCCESS,1327,3,
SUCCESS,1328,3,
SUCCESS,1329,3,
SUCCESS,1330,3,
SUCCESS,1331,3,
SUCCESS,1332,3,
SUCCESS,1333,3,
SUCCESS,1334,3,
SUCCESS,1335,3,
SUCCESS,1336,3,
SUCCESS,1337,3,
SUCCESS,1338,3,
SUCCESS,1339,3,
SUCCESS,1340,3,
SUCCESS,1341,3,
SUCCESS,1342,3,
SUCCESS,1343,3,
SUCCESS,1344,3,
SUCCESS,1345,3,
SUCCESS,1346,3,
SUCCESS,1347,3,
SUCCESS,1348,3,
SUCCESS,1349,3,
SUCCESS,1350,3,
SUCCESS,1351,3,
SUCCESS,1352,3,
SUCCESS,1353,3,
SUCCESS,1354,3,
SUCCESS,1355,3,
SUCCESS,1356,3,
SUCCESS,1357,3,
SUCCESS,1358,3,
SUCCESS,1359,3,
SUCCESS,1360,3,
SUCCESS,1361,3,
SUCCESS,1362,3,
SUCCESS,1363,3,
SUCCESS,1364,3,
SUCCESS,1365,3,
SUCCESS,1366,3,
SUCCESS,1367,3,
SUCCESS,1368,3,
SUCCESS,1369,3,
SUCCESS,1370,3,
SUCCESS,1371,3,
SUCCESS,1372,3,
SUCCESS,1373,3,
SUCCESS,1374,3,
SUCCESS,1375,3,
SUCCESS,1376,3,
SUCCESS,1377,3,
SUCCESS,1378,3,
SUCCESS,1379,3,
SUCCESS,1380,3,
SUCCESS,1381,3,
SUCCESS,1382,3,
SUCCESS,1383,3,
SUCCESS,1384,3,
SUCCESS,1385,3,
SUCCESS,1386,3,
SUCCESS,1387,3,
SUCCESS,1388,3,
SUCCESS,1389,3,
SUCCESS,1390,3,
SUCCESS,1391,3,
SUCCESS,1392,3,
SUCCESS,1393,3,
SUCCESS,1394,3,
SUCCESS,1395,3,
SUCCESS,1396,3,
SUCCESS,1397,3,
SUCCESS,1398,3,
SUCCESS,1399,3,
SUCCESS,1400,3,
SUCCESS,1401,3,
SUCCESS,1402,3,
SUCCESS,1403,3,
SUCCESS,1404,3,
SUCCESS,1405,3,
SUCCESS,1406,3,
SUCCESS,1407,3,
SUCCESS,1408,3,
SUCCESS,1409,3,
SUCCESS,1410,3,
SUCCESS,1411,3,
SUCCESS,1412,3,
SUCCESS,1413,3,
SUCCESS,1414,3,
SUCCESS,1415,3,
SUCCESS,1416,3,
SUCCESS,1417,3,
SUCCESS,1418,3,
SUCCESS,1419,3,
SUCCESS,1420,3,
SUCCESS,1421,3,
SUCCESS,1422,3,
SUCCESS,1423,3,
SUCCESS,1424,3,
SUCCESS,1425,3,
SUCCESS,1426,3,
SUCCESS,1427,3,
SUCCESS,1428,3,
SUCCESS,1429,3,
SUCCESS,1430,3,
SUCCESS,1431,3,
SUCCESS,1432,3,
SUCCESS,1433,3,
SUCCESS,1434,3,
SUCCESS,1435,3,
SUCCESS,1436,3,
SUCCESS,1437,3,
SUCCESS,1438,3,
SUCCESS,1439,3,
SUCCESS,1440,3,
SUCCESS,1441,3,
SUCCESS,1442,3,
SUCCESS,1443,3,
SUCCESS,1444,3,
SUCCESS,1445,3,
SUCCESS,1446,3,
SUCCESS,1447,3,
SUCCESS,1448,3,
SUCCESS,1449,3,
SUCCESS,1450,3,
SUCCESS,1451,3,
SUCCESS,1452,3,
SUCCESS,1453,3,
SUCCESS,1454,3,
SUCCESS,1455,3,
SUCCESS,1456,3,
SUCCESS,1457,3,
SUCCESS,1458,3,
SUCCESS,1459,3,
SUCCESS,1460,3,
SUCCESS,1461,3,
SUCCESS,1462,3,
SUCCESS,1463,3,
SUCCESS,1464,3,
SUCCESS,1465,3,
SUCCESS,1466,3,
SUCCESS,1467,3,
SUCCESS,1468,3,
SUCCESS,1469,3,
SUCCESS,1470,3,
SUCCESS,1471,3,
SUCCESS,1472,3,
SUCCESS,1473,3,
SUCCESS,1474,3,
SUCCESS,1475,3,
SUCCESS,1476,3,
SUCCESS,1477,3,
SUCCESS,1478,3,
SUCCESS,1479,3,
SUCCESS,1480,3,
SUCCESS,1481,3,
SUCCESS,1482,3,
SUCCESS,1483,3,
SUCCESS,1484,3,
SUCCESS,1485,3,
SUCCESS,1486,3,
SUCCESS,1487,3,
SUCCESS,1488,3,
SUCCESS,1489,3,
SUCCESS,1490,3,
SUCCESS,1491,3,
SUCCESS,1492,3,
SUCCESS,1493,3,
SUCCESS,1494,3,
SUCCESS,1495,3,
SUCCESS,1496,3,
SUCCESS,1497,3,
SUCCESS,1498,3,
SUCCESS,1499,3,
SUCCESS,1500,3,
SUCCESS,1501,3,
SUCCESS,1502,3,
SUCCESS,1503,3,
SUCCESS,1504,3,
SUCCESS,1505,3,
SUCCESS,1506,3,
SUCCESS,1507,3,
SUCCESS,1508,3,
SUCCESS,1509,3,
SUCCESS,1510,3,
SUCCESS,1511,3,
SUCCESS,1512,3,
SUCCESS,1513,3,
SUCCESS,1514,3,
SUCCESS,1515,3,
SUCCESS,1516,3,
SUCCESS,1517,3,
SUCCESS,1518,3,
SUCCESS,1519,3,
SUCCESS,1520,3,
SUCCESS,1521,3,
SUCCESS,1522,3,
SUCCESS,1523,3,
SUCCESS,1524,3,
SUCCESS,1525,3,
SUCCESS,1526,3,
SUCCESS,1527,3,
SUCCESS,1528,3,
SUCCESS,1529,3,
SUCCESS,1530,3,
SUCCESS,1531,3,
SUCCESS,1532,3,
SUCCESS,1533,3,
SUCCESS,1534,3,
SUCCESS,1535,3,
SUCCESS,1536,3,
SUCCESS,1537,3,
SUCCESS,1538,3,
SUCCESS,1539,3,
SUCCESS,1540,3,
SUCCESS,1541,3,
SUCCESS,1542,3,
SUCCESS,1543,3,
SUCCESS,1544,3,
SUCCESS,1545,3,
SUCCESS,1546,3,
SUCCESS,1547,3,
SUCCESS,1548,3,
SUCCESS,1549,3,
SUCCESS,1550,3,
SUCCESS,1551,3,
SUCCESS,1552,3,
SUCCESS,1553,3,
SUCCESS,1554,3,
SUCCESS,1555,3,
SUCCESS,1556,3,
SUCCESS,1557,3,
SUCCESS,1558,3,
SUCCESS,1559,3,
SUCCESS,1560,3,
SUCCESS,1561,3,
SUCCESS,1562,3,
SUCCESS,1563,3,
SUCCESS,1564,3,
SUCCESS,1565,3,
SUCCESS,1566,3,
SUCCESS,1567,3,
SUCCESS,1568,3,
SUCCESS,1569,3,
SUCCESS,1570,3,
SUCCESS,1571,3,
SUCCESS,1572,3,
SUCCESS,1573,3,
SUCCESS,1574,3,
SUCCESS,1575,3,
SUCCESS,1576,3,
SUCCESS,1577,3,
SUCCESS,1578,3,
SUCCESS,1579,3,
SUCCESS,1580,3,
SUCCESS,1581,3,
SUCCESS,1582,3,
SUCCESS,1583,3,
SUCCESS,1584,3,
SUCCESS,1585,3,
SUCCESS,1586,3,
SUCCESS,1587,3,
SUCCESS,1588,3,
SUCCESS,1589,3,
SUCCESS,1590,3,
SUCCESS,1591,3,
SUCCESS,1592,3,
SUCCESS,1593,3,
SUCCESS,1594,3,
SUCCESS,1595,3,
SUCCESS,1596,3,
SUCCESS,1597,3,
SUCCESS,1598,3,
SUCCESS,1599,3,
SUCCESS,1600,3,
SUCCESS,1601,3,
SUCCESS,1602,3,
SUCCESS,1603,3,
SUCCESS,1604,3,
SUCCESS,1605,3,
SUCCESS,1606,3,
SUCCESS,1607,3,
SUCCESS,1608,3,
SUCCESS,1609,3,
SUCCESS,1610,3,
SUCCESS,1611,3,
SUCCESS,1612,3,
SUCCESS,1613,3,
SUCCESS,1614,3,
SUCCESS,1615,3,
SUCCESS,1616,3,
SUCCESS,1617,3,
SUCCESS,1618,3,
SUCCESS,1619,3,
SUCCESS,1620,3,
SUCCESS,1621,3,
SUCCESS,1622,3,
SUCCESS,1623,3,
SUCCESS,1624,3,
SUCCESS,1625,3,
SUCCESS,1626,3,
SUCCESS,1627,3,
SUCCESS,1628,3,
SUCCESS,1629,3,
SUCCESS,1630,3,
SUCCESS,1631,3,
SUCCESS,1632,3,
SUCCESS,1633,3,
SUCCESS,1634,3,
SUCCESS,1635,3,
SUCCESS,1636,3,
SUCCESS,1637,3,
SUCCESS,1638,3,
SUCCESS,1639,3,
SUCCESS,1640,3,
SUCCESS,1641,3,
SUCCESS,1642,3,
SUCCESS,1643,3,
SUCCESS,1644,3,
SUCCESS,1645,3,
SUCCESS,1646,3,
SUCCESS,1647,3,
SUCCESS,1648,3,
SUCCESS,1649,3,
SUCCESS,1650,3,
SUCCESS,1651,3,
SUCCESS,1652,3,
SUCCESS,1653,3,
SUCCESS,1654,3,
SUCCESS,1655,3,
SUCCESS,1656,3,
SUCCESS,1657,3,
SUCCESS,1658,3,
SUCCESS,1659,3,
SUCCESS,1660,3,
SUCCESS,1661,3,
SUCCESS,1662,3,
SUCCESS,1663,3,
SUCCESS,1664,3,
SUCCESS,1665,3,
SUCCESS,1666,3,
SUCCESS,1667,3,
SUCCESS,1668,3,
SUCCESS,1669,3,
SUCCESS,1670,3,
SUCCESS,1671,3,
SUCCESS,1672,3,
SUCCESS,1673,3,
SUCCESS,1674,3,
SUCCESS,1675,3,
SUCCESS,1676,3,
SUCCESS,1677,3,
SUCCESS,1678,3,
SUCCESS,1679,3,
SUCCESS,1680,3,
SUCCESS,1681,3,
SUCCESS,1682,3,
SUCCESS,1683,3,
SUCCESS,1684,3,
SUCCESS,1685,3,
SUCCESS,1686,3,
SUCCESS,1687,3,
SUCCESS,1688,3,
SUCCESS,1689,3,
SUCCESS,1690,3,
SUCCESS,1691,3,
SUCCESS,1692,3,
SUCCESS,1693,3,
SUCCESS,1694,3,
SUCCESS,1695,3,
SUCCESS,1696,3,
SUCCESS,1697,3,
SUCCESS,1698,3,
SUCCESS,1699,3,
SUCCESS,1700,3,
SUCCESS,1701,3,
SUCCESS,1702,3,
SUCCESS,1703,3,
SUCCESS,1704,3,
SUCCESS,1705,3,
SUCCESS,1706,3,
SUCCESS,1707,3,
SUCCESS,1708,3,
SUCCESS,1709,3,
SUCCESS,1710,3,
SUCCESS,1711,3,
SUCCESS,1712,3,
SUCCESS,1713,3,
SUCCESS,1714,3,
SUCCESS,1715,3,
SUCCESS,1716,3,
SUCCESS,1717,3,
SUCCESS,1718,3,
SUCCESS,1719,3,
SUCCESS,1720,3,
SUCCESS,1721,3,
SUCCESS,1722,3,
SUCCESS,1723,3,
SUCCESS,1724,3,
SUCCESS,1725,3,
SUCCESS,1726,3,
SUCCESS,1727,3,
SUCCESS,1728,3,
SUCCESS,1729,3,
SUCCESS,1730,3,
SUCCESS,1731,3,
SUCCESS,1732,3,
SUCCESS,1733,3,
SUCCESS,1734,3,
SUCCESS,1735,3,
SUCCESS,1736,3,
SUCCESS,1737,3,
SUCCESS,1738,3,
SUCCESS,1739,3,
SUCCESS,1740,3,
SUCCESS,1741,3,
SUCCESS,1742,3,
SUCCESS,1743,3,
SUCCESS,1744,3,
SUCCESS,1745,3,
SUCCESS,1746,3,
SUCCESS,1747,3,
SUCCESS,1748,3,
SUCCESS,1749,3,
SUCCESS,1750,3,
SUCCESS,1751,3,
SUCCESS,1752,3,
SUCCESS,1753,3,
SUCCESS,1754,3,
SUCCESS,1755,3,
SUCCESS,1756,3,
SUCCESS,1757,3,
SUCCESS,1758,3,
SUCCESS,1759,3,
SUCCESS,1760,3,
SUCCESS,1761,3,
SUCCESS,1762,3,
SUCCESS,1763,3,
SUCCESS,1764,3,
SUCCESS,1765,3,
SUCCESS,1766,3,
SUCCESS,1767,3,
SUCCESS,1768,3,
SUCCESS,1769,3,
SUCCESS,1770,3,
SUCCESS,1771,3,
SUCCESS,1772,3,
SUCCESS,1773,3,
SUCCESS,1774,3,
SUCCESS,1775,3,
SUCCESS,1776,3,
SUCCESS,1777,3,
SUCCESS,1778,3,
SUCCESS,1779,3,
SUCCESS,1780,3,
SUCCESS,1781,3,
SUCCESS,1782,3,
SUCCESS,1783,3,
SUCCESS,1784,3,
SUCCESS,1785,3,
SUCCESS,1786,3,
SUCCESS,1787,3,
SUCCESS,1788,3,
SUCCESS,1789,3,
SUCCESS,1790,3,
SUCCESS,1791,3,
SUCCESS,1792,3,
SUCCESS,1793,3,
SUCCESS,1794,3,
SUCCESS,1795,3,
SUCCESS,1796,3,
SUCCESS,1797,3,
SUCCESS,1798,3,
SUCCESS,1799,3,
SUCCESS,1800,3,
SUCCESS,1801,3,
SUCCESS,1802,3,
SUCCESS,1803,3,
SUCCESS,1804,3,
SUCCESS,1805,3,
SUCCESS,1806,3,
SUCCESS,1807,3,
SUCCESS,1808,3,
SUCCESS,1809,3,
SUCCESS,1810,3,
SUCCESS,1811,3,
SUCCESS,1812,3,
SUCCESS,1813,3,
SUCCESS,1814,3,
SUCCESS,1815,3,
SUCCESS,1816,3,
SUCCESS,1817,3,
SUCCESS,1818,3,
SUCCESS,1819,3,
SUCCESS,1820,3,
SUCCESS,1821,3,
SUCCESS,1822,3,
SUCCESS,1823,3,
SUCCESS,1824,3,
SUCCESS,1825,3,
SUCCESS,1826,3,
SUCCESS,1827,3,
SUCCESS,1828,3,
SUCCESS,1829,3,
SUCCESS,1830,3,
SUCCESS,1831,3,
SUCCESS,1832,3,
SUCCESS,1833,3,
SUCCESS,1834,3,
SUCCESS,1835,3,
SUCCESS,1836,3,
SUCCESS,1837,3,
SUCCESS,1838,3,
SUCCESS,1839,3,
SUCCESS,1840,3,
SUCCESS,1841,3,
SUCCESS,1842,3,
SUCCESS,1843,3,
SUCCESS,1844,3,
SUCCESS,1845,3,
SUCCESS,1846,3,
SUCCESS,1847,3,
SUCCESS,1848,3,
SUCCESS,1849,3,
SUCCESS,1850,3,
SUCCESS,1851,3,
SUCCESS,1852,3,
SUCCESS,1853,3,
SUCCESS,1854,3,
SUCCESS,1855,3,
SUCCESS,1856,3,
SUCCESS,1857,3,
SUCCESS,1858,3,
SUCCESS,1859,3,
SUCCESS,1860,3,
SUCCESS,1861,3,
SUCCESS,1862,3,
SUCCESS,1863,3,
SUCCESS,1864,3,
SUCCESS,1865,3,
SUCCESS,1866,3,
SUCCESS,1867,3,
SUCCESS,1868,3,
SUCCESS,1869,3,
SUCCESS,1870,3,
SUCCESS,1871,3,
SUCCESS,1872,3,
SUCCESS,1873,3,
SUCCESS,1874,3,
SUCCESS,1875,3,
SUCCESS,1876,3,
SUCCESS,1877,3,
SUCCESS,1878,3,
SUCCESS,1879,3,
SUCCESS,1880,3,
SUCCESS,1881,3,
SUCCESS,1882,3,
SUCCESS,1883,3,
SUCCESS,1884,3,
SUCCESS,1885,3,
SUCCESS,1886,3,
SUCCESS,1887,3,
SUCCESS,1888,3,
SUCCESS,1889,3,
SUCCESS,1890,3,
SUCCESS,1891,3,
SUCCESS,1892,3,
SUCCESS,1893,3,
SUCCESS,1894,3,
SUCCESS,1895,3,
SUCCESS,1896,3,
SUCCESS,1897,3,
SUCCESS,1898,3,
SUCCESS,1899,3,
SUCCESS,1900,3,
SUCCESS,1901,3,
SUCCESS,1902,3,
SUCCESS,1903,3,
SUCCESS,1904,3,
SUCCESS,1905,3,
SUCCESS,1906,3,
SUCCESS,1907,3,
SUCCESS,1908,3,
SUCCESS,1909,3,
SUCCESS,1910,3,
SUCCESS,1911,3,
SUCCESS,1912,3,
SUCCESS,1913,3,
SUCCESS,1914,3,
SUCCESS,1915,3,
SUCCESS,1916,3,
SUCCESS,1917,3,
SUCCESS,1918,3,
SUCCESS,1919,3,
SUCCESS,1920,3,
SUCCESS,1921,3,
SUCCESS,1922,3,
SUCCESS,1923,3,
SUCCESS,1924,3,
SUCCESS,1925,3,
SUCCESS,1926,3,
SUCCESS,1927,3,
SUCCESS,1928,3,
SUCCESS,1929,3,
SUCCESS,1930,3,
SUCCESS,1931,3,
SUCCESS,1932,3,
SUCCESS,1933,3,
SUCCESS,1934,3,
SUCCESS,1935,3,
SUCCESS,1936,3,
SUCCESS,1937,3,
SUCCESS,1938,3,
SUCCESS,1939,3,
SUCCESS,1940,3,
SUCCESS,1941,3,
SUCCESS,1942,3,
SUCCESS,1943,3,
SUCCESS,1944,3,
SUCCESS,1945,3,
SUCCESS,1946,3,
SUCCESS,1947,3,
SUCCESS,1948,3,
SUCCESS,1949,3,
SUCCESS,1950,3,
SUCCESS,1951,3,
SUCCESS,1952,3,
SUCCESS,1953,3,
SUCCESS,1954,3,
SUCCESS,1955,3,
SUCCESS,1956,3,
SUCCESS,1957,3,
SUCCESS,1958,3,
SUCCESS,1959,3,
SUCCESS,1960,3,
SUCCESS,1961,3,
SUCCESS,1962,3,
SUCCESS,1963,3,
SUCCESS,1964,3,
SUCCESS,1965,3,
SUCCESS,1966,3,
SUCCESS,1967,3,
SUCCESS,1968,3,
SUCCESS,1969,3,
SUCCESS,1970,3,
SUCCESS,1971,3,
SUCCESS,1972,3,
SUCCESS,1973,3,
SUCCESS,1974,3,
SUCCESS,1975,3,
SUCCESS,1976,3,
SUCCESS,1977,3,
SUCCESS,1978,3,
SUCCESS,1979,3,
SUCCESS,1980,3,
SUCCESS,1981,3,
SUCCESS,1982,3,
SUCCESS,1983,3,
SUCCESS,1984,3,
SUCCESS,1985,3,
SUCCESS,1986,3,
SUCCESS,1987,3,
SUCCESS,1988,3,
SUCCESS,1989,3,
SUCCESS,1990,3,
SUCCESS,1991,3,
SUCCESS,1992,3,
SUCCESS,1993,3,
SUCCESS,1994,3,
SUCCESS,1995,3,
SUCCESS,1996,3,
SUCCESS,1997,3,
SUCCESS,1998,3,
SUCCESS,1999,3,
SUCCESS,2000,3,
SUCCESS,2001,3,
SUCCESS,2002,3,
SUCCESS,2003,3,
SUCCESS,2004,3,
SUCCESS,2005,3,
SUCCESS,2006,3,
SUCCESS,2007,3,
SUCCESS,2008,3,
SUCCESS,2009,3,
SUCCESS,2010,3,
SUCCESS,2011,3,
SUCCESS,2012,3,
SUCCESS,2013,3,
SUCCESS,2014,3,
SUCCESS,2015,3,
SUCCESS,2016,3,
SUCCESS,2017,3,
SUCCESS,2018,3,
SUCCESS,2019,3,
SUCCESS,2020,3,
SUCCESS,2021,3,
SUCCESS,2022,3,
SUCCESS,2023,3,
SUCCESS,2024,3,
SUCCESS,2025,3,
SUCCESS,2026,3,
SUCCESS,2027,3,
SUCCESS,2028,3,
SUCCESS,2029,3,
SUCCESS,2030,3,
SUCCESS,2031,3,
SUCCESS,2032,3,
SUCCESS,2033,3,
SUCCESS,2034,3,
SUCCESS,2035,3,
SUCCESS,2036,3,
SUCCESS,2037,3,
SUCCESS,2038,3,
SUCCESS,2039,3,
SUCCESS,2040,3,
SUCCESS,2041,3,
SUCCESS,2042,3,
SUCCESS,2043,3,
SUCCESS,2044,3,
SUCCESS,2045,3,
SUCCESS,2046,3,
SUCCESS,2047,3,
SUCCESS,2048,3,
SUCCESS,2049,3,
SUCCESS,2050,3,
SUCCESS,2051,3,
SUCCESS,2052,3,
SUCCESS,2053,3,
SUCCESS,2054,3,
SUCCESS,2055,3,
SUCCESS,2056,3,
SUCCESS,2057,3,
SUCCESS,2058,3,
SUCCESS,2059,3,
SUCCESS,2060,3,
SUCCESS,2061,3,
SUCCESS,2062,3,
SUCCESS,2063,3,
SUCCESS,2064,3,
SUCCESS,2065,3,
SUCCESS,2066,3,
SUCCESS,2067,3,
SUCCESS,2068,3,
SUCCESS,2069,3,
SUCCESS,2070,3,
SUCCESS,2071,3,
SUCCESS,2072,3,
SUCCESS,2073,3,
SUCCESS,2074,3,
SUCCESS,2075,3,
SUCCESS,2076,3,
SUCCESS,2077,3,
SUCCESS,2078,3,
SUCCESS,2079,3,
SUCCESS,2080,3,
SUCCESS,2081,3,
SUCCESS,2082,3,
SUCCESS,2083,3,
SUCCESS,2084,3,
SUCCESS,2085,3,
SUCCESS,2086,3,
SUCCESS,2087,3,
SUCCESS,2088,3,
SUCCESS,2089,3,
SUCCESS,2090,3,
SUCCESS,2091,3,
SUCCESS,2092,3,
SUCCESS,2093,3,
SUCCESS,2094,3,
SUCCESS,2095,3,
SUCCESS,2096,3,
SUCCESS,2097,3,
SUCCESS,2098,3,
SUCCESS,2099,3,
SUCCESS,2100,3,
SUCCESS,2101,3,
SUCCESS,2102,3,
SUCCESS,2103,3,
SUCCESS,2104,3,
SUCCESS,2105,3,
SUCCESS,2106,3,
SUCCESS,2107,3,
SUCCESS,2108,3,
SUCCESS,2109,3,
SUCCESS,2110,3,
ACTIVITY,,,"Running after import procedures"
ACTIVITY,,,Done
