ACTIVITY,,,"Retrieving number of rows"
ACTIVITY,,,"Preparing data"
ACTIVITY,,,Importing
ERROR,3,1,"Duplicate SKU"
ERROR,4,1,"Duplicate SKU"
ERROR,5,1,"Duplicate SKU"
ERROR,6,1,"Duplicate SKU"
ERROR,8,1,"Duplicate SKU"
ERROR,9,1,"Duplicate SKU"
ERROR,10,1,"Duplicate SKU"
ERROR,11,1,"Duplicate SKU"
ERROR,13,1,"Duplicate SKU"
ERROR,14,1,"Duplicate SKU"
ERROR,15,1,"Duplicate SKU"
ERROR,16,1,"Duplicate SKU"
ERROR,18,1,"Duplicate SKU"
ERROR,19,1,"Duplicate SKU"
ERROR,20,1,"Duplicate SKU"
ERROR,21,1,"Duplicate SKU"
ERROR,23,1,"Duplicate SKU"
ERROR,24,1,"Duplicate SKU"
ERROR,25,1,"Duplicate SKU"
ERROR,26,1,"Duplicate SKU"
ERROR,28,1,"Duplicate SKU"
ERROR,29,1,"Duplicate SKU"
ERROR,30,1,"Duplicate SKU"
ERROR,31,1,"Duplicate SKU"
ERROR,33,1,"Duplicate SKU"
ERROR,34,1,"Duplicate SKU"
ERROR,35,1,"Duplicate SKU"
ERROR,36,1,"Duplicate SKU"
ERROR,38,1,"Duplicate SKU"
ERROR,39,1,"Duplicate SKU"
ERROR,40,1,"Duplicate SKU"
ERROR,41,1,"Duplicate SKU"
ERROR,43,1,"Duplicate SKU"
ERROR,44,1,"Duplicate SKU"
ERROR,45,1,"Duplicate SKU"
ERROR,46,1,"Duplicate SKU"
ERROR,48,1,"Duplicate SKU"
ERROR,49,1,"Duplicate SKU"
ERROR,50,1,"Duplicate SKU"
ERROR,51,1,"Duplicate SKU"
ERROR,53,1,"Duplicate SKU"
ERROR,54,1,"Duplicate SKU"
ERROR,55,1,"Duplicate SKU"
ERROR,56,1,"Duplicate SKU"
ERROR,58,1,"Duplicate SKU"
ERROR,59,1,"Duplicate SKU"
ERROR,60,1,"Duplicate SKU"
ERROR,61,1,"Duplicate SKU"
ERROR,63,1,"Duplicate SKU"
ERROR,64,1,"Duplicate SKU"
ERROR,65,1,"Duplicate SKU"
ERROR,66,1,"Duplicate SKU"
ERROR,68,1,"Duplicate SKU"
ERROR,69,1,"Duplicate SKU"
ERROR,70,1,"Duplicate SKU"
ERROR,71,1,"Duplicate SKU"
ERROR,73,1,"Duplicate SKU"
ERROR,74,1,"Duplicate SKU"
ERROR,75,1,"Duplicate SKU"
ERROR,76,1,"Duplicate SKU"
ERROR,78,1,"Duplicate SKU"
ERROR,79,1,"Duplicate SKU"
ERROR,80,1,"Duplicate SKU"
ERROR,81,1,"Duplicate SKU"
ERROR,83,1,"Duplicate SKU"
ERROR,84,1,"Duplicate SKU"
ERROR,85,1,"Duplicate SKU"
ERROR,86,1,"Duplicate SKU"
ERROR,88,1,"Duplicate SKU"
ERROR,89,1,"Duplicate SKU"
ERROR,90,1,"Duplicate SKU"
ERROR,91,1,"Duplicate SKU"
ERROR,93,1,"Duplicate SKU"
ERROR,94,1,"Duplicate SKU"
ERROR,95,1,"Duplicate SKU"
ERROR,96,1,"Duplicate SKU"
ERROR,98,1,"Duplicate SKU"
ERROR,99,1,"Duplicate SKU"
ERROR,100,1,"Duplicate SKU"
ERROR,101,1,"Duplicate SKU"
ERROR,103,1,"Duplicate SKU"
ERROR,104,1,"Duplicate SKU"
ERROR,105,1,"Duplicate SKU"
ERROR,106,1,"Duplicate SKU"
ERROR,108,1,"Duplicate SKU"
ERROR,109,1,"Duplicate SKU"
ERROR,110,1,"Duplicate SKU"
ERROR,111,1,"Duplicate SKU"
ERROR,113,1,"Duplicate SKU"
ERROR,114,1,"Duplicate SKU"
ERROR,115,1,"Duplicate SKU"
ERROR,116,1,"Duplicate SKU"
ERROR,118,1,"Duplicate SKU"
ERROR,119,1,"Duplicate SKU"
ERROR,120,1,"Duplicate SKU"
ERROR,121,1,"Duplicate SKU"
ERROR,123,1,"Duplicate SKU"
ERROR,124,1,"Duplicate SKU"
ERROR,125,1,"Duplicate SKU"
ERROR,126,1,"Duplicate SKU"
ERROR,128,1,"Duplicate SKU"
ERROR,129,1,"Duplicate SKU"
ERROR,130,1,"Duplicate SKU"
ERROR,131,1,"Duplicate SKU"
ERROR,133,1,"Duplicate SKU"
ERROR,134,1,"Duplicate SKU"
ERROR,135,1,"Duplicate SKU"
ERROR,136,1,"Duplicate SKU"
ERROR,138,1,"Duplicate SKU"
ERROR,139,1,"Duplicate SKU"
ERROR,140,1,"Duplicate SKU"
ERROR,141,1,"Duplicate SKU"
ERROR,143,1,"Duplicate SKU"
ERROR,144,1,"Duplicate SKU"
ERROR,145,1,"Duplicate SKU"
ERROR,146,1,"Duplicate SKU"
ERROR,148,1,"Duplicate SKU"
ERROR,149,1,"Duplicate SKU"
ERROR,150,1,"Duplicate SKU"
ERROR,151,1,"Duplicate SKU"
ERROR,153,1,"Duplicate SKU"
ERROR,154,1,"Duplicate SKU"
ERROR,155,1,"Duplicate SKU"
ERROR,156,1,"Duplicate SKU"
ERROR,158,1,"Duplicate SKU"
ERROR,159,1,"Duplicate SKU"
ERROR,160,1,"Duplicate SKU"
ERROR,161,1,"Duplicate SKU"
ERROR,163,1,"Duplicate SKU"
ERROR,164,1,"Duplicate SKU"
ERROR,165,1,"Duplicate SKU"
ERROR,166,1,"Duplicate SKU"
ERROR,168,1,"Duplicate SKU"
ERROR,169,1,"Duplicate SKU"
ERROR,170,1,"Duplicate SKU"
ERROR,171,1,"Duplicate SKU"
ERROR,173,1,"Duplicate SKU"
ERROR,174,1,"Duplicate SKU"
ERROR,175,1,"Duplicate SKU"
ERROR,176,1,"Duplicate SKU"
ERROR,178,1,"Duplicate SKU"
ERROR,179,1,"Duplicate SKU"
ERROR,180,1,"Duplicate SKU"
ERROR,181,1,"Duplicate SKU"
ERROR,183,1,"Duplicate SKU"
ERROR,184,1,"Duplicate SKU"
ERROR,185,1,"Duplicate SKU"
ERROR,186,1,"Duplicate SKU"
ERROR,188,1,"Duplicate SKU"
ERROR,189,1,"Duplicate SKU"
ERROR,190,1,"Duplicate SKU"
ERROR,191,1,"Duplicate SKU"
ERROR,193,1,"Duplicate SKU"
ERROR,194,1,"Duplicate SKU"
ERROR,195,1,"Duplicate SKU"
ERROR,196,1,"Duplicate SKU"
ERROR,198,1,"Duplicate SKU"
ERROR,199,1,"Duplicate SKU"
ERROR,200,1,"Duplicate SKU"
ERROR,201,1,"Duplicate SKU"
ERROR,203,1,"Duplicate SKU"
ERROR,204,1,"Duplicate SKU"
ERROR,205,1,"Duplicate SKU"
ERROR,206,1,"Duplicate SKU"
ERROR,208,1,"Duplicate SKU"
ERROR,209,1,"Duplicate SKU"
ERROR,210,1,"Duplicate SKU"
ERROR,211,1,"Duplicate SKU"
ERROR,213,1,"Duplicate SKU"
ERROR,214,1,"Duplicate SKU"
ERROR,215,1,"Duplicate SKU"
ERROR,216,1,"Duplicate SKU"
ERROR,218,1,"Duplicate SKU"
ERROR,219,1,"Duplicate SKU"
ERROR,220,1,"Duplicate SKU"
ERROR,221,1,"Duplicate SKU"
ERROR,223,1,"Duplicate SKU"
ERROR,224,1,"Duplicate SKU"
ERROR,225,1,"Duplicate SKU"
ERROR,226,1,"Duplicate SKU"
ERROR,228,1,"Duplicate SKU"
ERROR,229,1,"Duplicate SKU"
ERROR,230,1,"Duplicate SKU"
ERROR,231,1,"Duplicate SKU"
ERROR,233,1,"Duplicate SKU"
ERROR,234,1,"Duplicate SKU"
ERROR,235,1,"Duplicate SKU"
ERROR,236,1,"Duplicate SKU"
ERROR,238,1,"Duplicate SKU"
ERROR,239,1,"Duplicate SKU"
ERROR,240,1,"Duplicate SKU"
ERROR,241,1,"Duplicate SKU"
ERROR,243,1,"Duplicate SKU"
ERROR,244,1,"Duplicate SKU"
ERROR,245,1,"Duplicate SKU"
ERROR,246,1,"Duplicate SKU"
ERROR,248,1,"Duplicate SKU"
ERROR,249,1,"Duplicate SKU"
ERROR,250,1,"Duplicate SKU"
ERROR,251,1,"Duplicate SKU"
ERROR,253,1,"Duplicate SKU"
ERROR,254,1,"Duplicate SKU"
ERROR,255,1,"Duplicate SKU"
ERROR,256,1,"Duplicate SKU"
ERROR,258,1,"Duplicate SKU"
ERROR,259,1,"Duplicate SKU"
ERROR,260,1,"Duplicate SKU"
ERROR,261,1,"Duplicate SKU"
ERROR,263,1,"Duplicate SKU"
ERROR,264,1,"Duplicate SKU"
ERROR,265,1,"Duplicate SKU"
ERROR,266,1,"Duplicate SKU"
ERROR,268,1,"Duplicate SKU"
ERROR,269,1,"Duplicate SKU"
ERROR,270,1,"Duplicate SKU"
ERROR,271,1,"Duplicate SKU"
ERROR,273,1,"Duplicate SKU"
ERROR,274,1,"Duplicate SKU"
ERROR,275,1,"Duplicate SKU"
ERROR,276,1,"Duplicate SKU"
ERROR,278,1,"Duplicate SKU"
ERROR,279,1,"Duplicate SKU"
ERROR,280,1,"Duplicate SKU"
ERROR,282,1,"Duplicate SKU"
ERROR,283,1,"Duplicate SKU"
ERROR,285,1,"Duplicate SKU"
ERROR,286,1,"Duplicate SKU"
ERROR,287,1,"Duplicate SKU"
ERROR,289,1,"Duplicate SKU"
ERROR,291,1,"Duplicate SKU"
ERROR,293,1,"Duplicate SKU"
ERROR,294,1,"Duplicate SKU"
ERROR,295,1,"Duplicate SKU"
ERROR,300,1,"Duplicate SKU"
ERROR,301,1,"Duplicate SKU"
ERROR,303,1,"Duplicate SKU"
ERROR,305,1,"Duplicate SKU"
ERROR,306,1,"Duplicate SKU"
ERROR,307,1,"Duplicate SKU"
ERROR,309,1,"Duplicate SKU"
ERROR,310,1,"Duplicate SKU"
ERROR,312,1,"Duplicate SKU"
ERROR,313,1,"Duplicate SKU"
ERROR,314,1,"Duplicate SKU"
ERROR,316,1,"Duplicate SKU"
ERROR,318,1,"Duplicate SKU"
ERROR,320,1,"Duplicate SKU"
ERROR,321,1,"Duplicate SKU"
ERROR,322,1,"Duplicate SKU"
ERROR,327,1,"Duplicate SKU"
ERROR,328,1,"Duplicate SKU"
ERROR,329,1,"Duplicate SKU"
ERROR,330,1,"Duplicate SKU"
ERROR,332,1,"Duplicate SKU"
ERROR,333,1,"Duplicate SKU"
ERROR,334,1,"Duplicate SKU"
ERROR,336,1,"Duplicate SKU"
ERROR,337,1,"Duplicate SKU"
ERROR,339,1,"Duplicate SKU"
ERROR,340,1,"Duplicate SKU"
ERROR,341,1,"Duplicate SKU"
ERROR,343,1,"Duplicate SKU"
ERROR,344,1,"Duplicate SKU"
ERROR,345,1,"Duplicate SKU"
ERROR,349,1,"Duplicate SKU"
ERROR,350,1,"Duplicate SKU"
ERROR,351,1,"Duplicate SKU"
ERROR,352,1,"Duplicate SKU"
ERROR,354,1,"Duplicate SKU"
ERROR,355,1,"Duplicate SKU"
ERROR,359,1,"Duplicate SKU"
ERROR,360,1,"Duplicate SKU"
ERROR,361,1,"Duplicate SKU"
ERROR,362,1,"Duplicate SKU"
ERROR,364,1,"Duplicate SKU"
ERROR,365,1,"Duplicate SKU"
ERROR,366,1,"Duplicate SKU"
ERROR,368,1,"Duplicate SKU"
ERROR,369,1,"Duplicate SKU"
ERROR,371,1,"Duplicate SKU"
ERROR,372,1,"Duplicate SKU"
ERROR,373,1,"Duplicate SKU"
ERROR,375,1,"Duplicate SKU"
ERROR,377,1,"Duplicate SKU"
ERROR,379,1,"Duplicate SKU"
ERROR,380,1,"Duplicate SKU"
ERROR,381,1,"Duplicate SKU"
ERROR,386,1,"Duplicate SKU"
ERROR,387,1,"Duplicate SKU"
ERROR,388,1,"Duplicate SKU"
ERROR,389,1,"Duplicate SKU"
ERROR,391,1,"Duplicate SKU"
ERROR,392,1,"Duplicate SKU"
ERROR,393,1,"Duplicate SKU"
ERROR,395,1,"Duplicate SKU"
ERROR,396,1,"Duplicate SKU"
ERROR,398,1,"Duplicate SKU"
ERROR,399,1,"Duplicate SKU"
ERROR,400,1,"Duplicate SKU"
ERROR,403,1,"Duplicate SKU"
ERROR,404,1,"Duplicate SKU"
ERROR,408,1,"Duplicate SKU"
ERROR,409,1,"Duplicate SKU"
ERROR,410,1,"Duplicate SKU"
ERROR,411,1,"Duplicate SKU"
ERROR,413,1,"Duplicate SKU"
ERROR,414,1,"Duplicate SKU"
ERROR,415,1,"Duplicate SKU"
ERROR,417,1,"Duplicate SKU"
ERROR,418,1,"Duplicate SKU"
ERROR,420,1,"Duplicate SKU"
ERROR,421,1,"Duplicate SKU"
ERROR,422,1,"Duplicate SKU"
ERROR,424,1,"Duplicate SKU"
ERROR,426,1,"Duplicate SKU"
ERROR,428,1,"Duplicate SKU"
ERROR,429,1,"Duplicate SKU"
ERROR,430,1,"Duplicate SKU"
ERROR,435,1,"Duplicate SKU"
ERROR,436,1,"Duplicate SKU"
ERROR,437,1,"Duplicate SKU"
ERROR,438,1,"Duplicate SKU"
ERROR,440,1,"Duplicate SKU"
ERROR,441,1,"Duplicate SKU"
ERROR,442,1,"Duplicate SKU"
ERROR,444,1,"Duplicate SKU"
ERROR,445,1,"Duplicate SKU"
ERROR,447,1,"Duplicate SKU"
ERROR,448,1,"Duplicate SKU"
ERROR,449,1,"Duplicate SKU"
ERROR,451,1,"Duplicate SKU"
ERROR,452,1,"Duplicate SKU"
ERROR,453,1,"Duplicate SKU"
ERROR,457,1,"Duplicate SKU"
ERROR,458,1,"Duplicate SKU"
ERROR,459,1,"Duplicate SKU"
ERROR,460,1,"Duplicate SKU"
ERROR,462,1,"Duplicate SKU"
ERROR,463,1,"Duplicate SKU"
ERROR,464,1,"Duplicate SKU"
ERROR,466,1,"Duplicate SKU"
ERROR,467,1,"Duplicate SKU"
ERROR,469,1,"Duplicate SKU"
ERROR,470,1,"Duplicate SKU"
ERROR,471,1,"Duplicate SKU"
ERROR,473,1,"Duplicate SKU"
ERROR,475,1,"Duplicate SKU"
ERROR,477,1,"Duplicate SKU"
ERROR,478,1,"Duplicate SKU"
ERROR,479,1,"Duplicate SKU"
ERROR,484,1,"Duplicate SKU"
ERROR,485,1,"Duplicate SKU"
ERROR,486,1,"Duplicate SKU"
ERROR,487,1,"Duplicate SKU"
ERROR,489,1,"Duplicate SKU"
ERROR,490,1,"Duplicate SKU"
ERROR,491,1,"Duplicate SKU"
ERROR,493,1,"Duplicate SKU"
ERROR,494,1,"Duplicate SKU"
ERROR,496,1,"Duplicate SKU"
ERROR,497,1,"Duplicate SKU"
ERROR,498,1,"Duplicate SKU"
ERROR,500,1,"Duplicate SKU"
ERROR,501,1,"Duplicate SKU"
ERROR,506,1,"Duplicate SKU"
ERROR,507,1,"Duplicate SKU"
ERROR,508,1,"Duplicate SKU"
ERROR,509,1,"Duplicate SKU"
ERROR,511,1,"Duplicate SKU"
ERROR,512,1,"Duplicate SKU"
ERROR,513,1,"Duplicate SKU"
ERROR,515,1,"Duplicate SKU"
ERROR,516,1,"Duplicate SKU"
ERROR,518,1,"Duplicate SKU"
ERROR,519,1,"Duplicate SKU"
ERROR,520,1,"Duplicate SKU"
ERROR,522,1,"Duplicate SKU"
ERROR,524,1,"Duplicate SKU"
ERROR,526,1,"Duplicate SKU"
ERROR,527,1,"Duplicate SKU"
ERROR,528,1,"Duplicate SKU"
ERROR,533,1,"Duplicate SKU"
ERROR,534,1,"Duplicate SKU"
ERROR,535,1,"Duplicate SKU"
ERROR,536,1,"Duplicate SKU"
ERROR,538,1,"Duplicate SKU"
ERROR,539,1,"Duplicate SKU"
ERROR,540,1,"Duplicate SKU"
ERROR,542,1,"Duplicate SKU"
ERROR,543,1,"Duplicate SKU"
ERROR,545,1,"Duplicate SKU"
ERROR,546,1,"Duplicate SKU"
ERROR,547,1,"Duplicate SKU"
ERROR,549,1,"Duplicate SKU"
ERROR,550,1,"Duplicate SKU"
ERROR,551,1,"Duplicate SKU"
ERROR,555,1,"Duplicate SKU"
ERROR,556,1,"Duplicate SKU"
ERROR,557,1,"Duplicate SKU"
ERROR,558,1,"Duplicate SKU"
ERROR,560,1,"Duplicate SKU"
ERROR,561,1,"Duplicate SKU"
ERROR,562,1,"Duplicate SKU"
ERROR,564,1,"Duplicate SKU"
ERROR,565,1,"Duplicate SKU"
ERROR,567,1,"Duplicate SKU"
ERROR,568,1,"Duplicate SKU"
ERROR,569,1,"Duplicate SKU"
ERROR,571,1,"Duplicate SKU"
ERROR,573,1,"Duplicate SKU"
ERROR,575,1,"Duplicate SKU"
ERROR,576,1,"Duplicate SKU"
ERROR,577,1,"Duplicate SKU"
ERROR,582,1,"Duplicate SKU"
ERROR,583,1,"Duplicate SKU"
ERROR,584,1,"Duplicate SKU"
ERROR,585,1,"Duplicate SKU"
ERROR,587,1,"Duplicate SKU"
ERROR,588,1,"Duplicate SKU"
ERROR,589,1,"Duplicate SKU"
ERROR,591,1,"Duplicate SKU"
ERROR,592,1,"Duplicate SKU"
ERROR,594,1,"Duplicate SKU"
ERROR,595,1,"Duplicate SKU"
ERROR,596,1,"Duplicate SKU"
ERROR,598,1,"Duplicate SKU"
ERROR,599,1,"Duplicate SKU"
ERROR,600,1,"Duplicate SKU"
ERROR,604,1,"Duplicate SKU"
ERROR,605,1,"Duplicate SKU"
ERROR,606,1,"Duplicate SKU"
ERROR,607,1,"Duplicate SKU"
ERROR,609,1,"Duplicate SKU"
ERROR,610,1,"Duplicate SKU"
ERROR,611,1,"Duplicate SKU"
ERROR,613,1,"Duplicate SKU"
ERROR,614,1,"Duplicate SKU"
ERROR,616,1,"Duplicate SKU"
ERROR,617,1,"Duplicate SKU"
ERROR,618,1,"Duplicate SKU"
ERROR,620,1,"Duplicate SKU"
ERROR,622,1,"Duplicate SKU"
ERROR,624,1,"Duplicate SKU"
ERROR,625,1,"Duplicate SKU"
ERROR,626,1,"Duplicate SKU"
ERROR,631,1,"Duplicate SKU"
ERROR,632,1,"Duplicate SKU"
ERROR,633,1,"Duplicate SKU"
ERROR,634,1,"Duplicate SKU"
ERROR,636,1,"Duplicate SKU"
ERROR,637,1,"Duplicate SKU"
ERROR,638,1,"Duplicate SKU"
ERROR,640,1,"Duplicate SKU"
ERROR,641,1,"Duplicate SKU"
ERROR,643,1,"Duplicate SKU"
ERROR,644,1,"Duplicate SKU"
ERROR,645,1,"Duplicate SKU"
ERROR,647,1,"Duplicate SKU"
ERROR,648,1,"Duplicate SKU"
ERROR,649,1,"Duplicate SKU"
ERROR,653,1,"Duplicate SKU"
ERROR,654,1,"Duplicate SKU"
ERROR,655,1,"Duplicate SKU"
ERROR,656,1,"Duplicate SKU"
ERROR,658,1,"Duplicate SKU"
ERROR,659,1,"Duplicate SKU"
ERROR,663,1,"Duplicate SKU"
ERROR,664,1,"Duplicate SKU"
ERROR,665,1,"Duplicate SKU"
ERROR,666,1,"Duplicate SKU"
ERROR,668,1,"Duplicate SKU"
ERROR,669,1,"Duplicate SKU"
ERROR,670,1,"Duplicate SKU"
ERROR,672,1,"Duplicate SKU"
ERROR,673,1,"Duplicate SKU"
ERROR,675,1,"Duplicate SKU"
ERROR,676,1,"Duplicate SKU"
ERROR,677,1,"Duplicate SKU"
ERROR,679,1,"Duplicate SKU"
ERROR,681,1,"Duplicate SKU"
ERROR,683,1,"Duplicate SKU"
ERROR,684,1,"Duplicate SKU"
ERROR,685,1,"Duplicate SKU"
ERROR,690,1,"Duplicate SKU"
ERROR,691,1,"Duplicate SKU"
ERROR,692,1,"Duplicate SKU"
ERROR,693,1,"Duplicate SKU"
ERROR,695,1,"Duplicate SKU"
ERROR,696,1,"Duplicate SKU"
ERROR,697,1,"Duplicate SKU"
ERROR,699,1,"Duplicate SKU"
ERROR,700,1,"Duplicate SKU"
ERROR,703,1,"Duplicate SKU"
ERROR,704,1,"Duplicate SKU"
ERROR,706,1,"Duplicate SKU"
ERROR,708,1,"Duplicate SKU"
ERROR,710,1,"Duplicate SKU"
ERROR,711,1,"Duplicate SKU"
ERROR,712,1,"Duplicate SKU"
ERROR,717,1,"Duplicate SKU"
ERROR,718,1,"Duplicate SKU"
ERROR,719,1,"Duplicate SKU"
ERROR,720,1,"Duplicate SKU"
ERROR,722,1,"Duplicate SKU"
ERROR,723,1,"Duplicate SKU"
ERROR,724,1,"Duplicate SKU"
ERROR,726,1,"Duplicate SKU"
ERROR,727,1,"Duplicate SKU"
ERROR,729,1,"Duplicate SKU"
ERROR,730,1,"Duplicate SKU"
ERROR,731,1,"Duplicate SKU"
ERROR,733,1,"Duplicate SKU"
ERROR,735,1,"Duplicate SKU"
ERROR,737,1,"Duplicate SKU"
ERROR,738,1,"Duplicate SKU"
ERROR,739,1,"Duplicate SKU"
ERROR,744,1,"Duplicate SKU"
ERROR,745,1,"Duplicate SKU"
ERROR,746,1,"Duplicate SKU"
ERROR,747,1,"Duplicate SKU"
ERROR,749,1,"Duplicate SKU"
ERROR,750,1,"Duplicate SKU"
ERROR,751,1,"Duplicate SKU"
ERROR,753,1,"Duplicate SKU"
ERROR,754,1,"Duplicate SKU"
ERROR,756,1,"Duplicate SKU"
ERROR,757,1,"Duplicate SKU"
ERROR,758,1,"Duplicate SKU"
ERROR,760,1,"Duplicate SKU"
ERROR,762,1,"Duplicate SKU"
ERROR,764,1,"Duplicate SKU"
ERROR,765,1,"Duplicate SKU"
ERROR,766,1,"Duplicate SKU"
ERROR,771,1,"Duplicate SKU"
ERROR,772,1,"Duplicate SKU"
ERROR,773,1,"Duplicate SKU"
ERROR,774,1,"Duplicate SKU"
ERROR,776,1,"Duplicate SKU"
ERROR,777,1,"Duplicate SKU"
ERROR,778,1,"Duplicate SKU"
ERROR,780,1,"Duplicate SKU"
ERROR,781,1,"Duplicate SKU"
ERROR,783,1,"Duplicate SKU"
ERROR,784,1,"Duplicate SKU"
ERROR,785,1,"Duplicate SKU"
ERROR,787,1,"Duplicate SKU"
ERROR,789,1,"Duplicate SKU"
ERROR,791,1,"Duplicate SKU"
ERROR,792,1,"Duplicate SKU"
ERROR,793,1,"Duplicate SKU"
ERROR,798,1,"Duplicate SKU"
ERROR,799,1,"Duplicate SKU"
ERROR,800,1,"Duplicate SKU"
ERROR,801,1,"Duplicate SKU"
ERROR,803,1,"Duplicate SKU"
ERROR,804,1,"Duplicate SKU"
ERROR,805,1,"Duplicate SKU"
ERROR,806,1,"Duplicate SKU"
ERROR,808,1,"Duplicate SKU"
ERROR,809,1,"Duplicate SKU"
ERROR,810,1,"Duplicate SKU"
ERROR,811,1,"Duplicate SKU"
ERROR,813,1,"Duplicate SKU"
ERROR,814,1,"Duplicate SKU"
ERROR,815,1,"Duplicate SKU"
ERROR,816,1,"Duplicate SKU"
ERROR,818,1,"Duplicate SKU"
ERROR,819,1,"Duplicate SKU"
ERROR,820,1,"Duplicate SKU"
ERROR,821,1,"Duplicate SKU"
ERROR,823,1,"Duplicate SKU"
ERROR,824,1,"Duplicate SKU"
ERROR,825,1,"Duplicate SKU"
ERROR,826,1,"Duplicate SKU"
ERROR,828,1,"Duplicate SKU"
ERROR,829,1,"Duplicate SKU"
ERROR,830,1,"Duplicate SKU"
ERROR,831,1,"Duplicate SKU"
ERROR,833,1,"Duplicate SKU"
ERROR,834,1,"Duplicate SKU"
ERROR,835,1,"Duplicate SKU"
ERROR,836,1,"Duplicate SKU"
ERROR,838,1,"Duplicate SKU"
ERROR,839,1,"Duplicate SKU"
ERROR,840,1,"Duplicate SKU"
ERROR,841,1,"Duplicate SKU"
ERROR,843,1,"Duplicate SKU"
ERROR,844,1,"Duplicate SKU"
ERROR,845,1,"Duplicate SKU"
ERROR,846,1,"Duplicate SKU"
ERROR,848,1,"Duplicate SKU"
ERROR,849,1,"Duplicate SKU"
ERROR,850,1,"Duplicate SKU"
ERROR,851,1,"Duplicate SKU"
ERROR,853,1,"Duplicate SKU"
ERROR,854,1,"Duplicate SKU"
ERROR,855,1,"Duplicate SKU"
ERROR,856,1,"Duplicate SKU"
ERROR,858,1,"Duplicate SKU"
ERROR,859,1,"Duplicate SKU"
ERROR,860,1,"Duplicate SKU"
ERROR,861,1,"Duplicate SKU"
ERROR,863,1,"Duplicate SKU"
ERROR,864,1,"Duplicate SKU"
ERROR,865,1,"Duplicate SKU"
ERROR,866,1,"Duplicate SKU"
ERROR,868,1,"Duplicate SKU"
ERROR,869,1,"Duplicate SKU"
ERROR,870,1,"Duplicate SKU"
ERROR,871,1,"Duplicate SKU"
ERROR,873,1,"Duplicate SKU"
ERROR,874,1,"Duplicate SKU"
ERROR,875,1,"Duplicate SKU"
ERROR,876,1,"Duplicate SKU"
ERROR,878,1,"Duplicate SKU"
ERROR,879,1,"Duplicate SKU"
ERROR,880,1,"Duplicate SKU"
ERROR,881,1,"Duplicate SKU"
ERROR,883,1,"Duplicate SKU"
ERROR,884,1,"Duplicate SKU"
ERROR,885,1,"Duplicate SKU"
ERROR,886,1,"Duplicate SKU"
ERROR,888,1,"Duplicate SKU"
ERROR,889,1,"Duplicate SKU"
ERROR,890,1,"Duplicate SKU"
ERROR,891,1,"Duplicate SKU"
ERROR,893,1,"Duplicate SKU"
ERROR,894,1,"Duplicate SKU"
ERROR,895,1,"Duplicate SKU"
ERROR,896,1,"Duplicate SKU"
ERROR,898,1,"Duplicate SKU"
ERROR,899,1,"Duplicate SKU"
ERROR,900,1,"Duplicate SKU"
ERROR,901,1,"Duplicate SKU"
ERROR,903,1,"Duplicate SKU"
ERROR,904,1,"Duplicate SKU"
ERROR,905,1,"Duplicate SKU"
ERROR,906,1,"Duplicate SKU"
ERROR,908,1,"Duplicate SKU"
ERROR,909,1,"Duplicate SKU"
ERROR,910,1,"Duplicate SKU"
ERROR,911,1,"Duplicate SKU"
ERROR,913,1,"Duplicate SKU"
ERROR,914,1,"Duplicate SKU"
ERROR,915,1,"Duplicate SKU"
ERROR,916,1,"Duplicate SKU"
ERROR,918,1,"Duplicate SKU"
ERROR,919,1,"Duplicate SKU"
ERROR,920,1,"Duplicate SKU"
ERROR,921,1,"Duplicate SKU"
ERROR,923,1,"Duplicate SKU"
ERROR,924,1,"Duplicate SKU"
ERROR,925,1,"Duplicate SKU"
ERROR,926,1,"Duplicate SKU"
ERROR,928,1,"Duplicate SKU"
ERROR,929,1,"Duplicate SKU"
ERROR,930,1,"Duplicate SKU"
ERROR,932,1,"Duplicate SKU"
ERROR,933,1,"Duplicate SKU"
ERROR,934,1,"Duplicate SKU"
ERROR,936,1,"Duplicate SKU"
ERROR,937,1,"Duplicate SKU"
ERROR,938,1,"Duplicate SKU"
ERROR,940,1,"Duplicate SKU"
ERROR,941,1,"Duplicate SKU"
ERROR,942,1,"Duplicate SKU"
ERROR,943,1,"Duplicate SKU"
ERROR,945,1,"Duplicate SKU"
ERROR,946,1,"Duplicate SKU"
ERROR,947,1,"Duplicate SKU"
ERROR,948,1,"Duplicate SKU"
ERROR,950,1,"Duplicate SKU"
ERROR,951,1,"Duplicate SKU"
ERROR,952,1,"Duplicate SKU"
ERROR,954,1,"Duplicate SKU"
ERROR,955,1,"Duplicate SKU"
ERROR,956,1,"Duplicate SKU"
ERROR,958,1,"Duplicate SKU"
ERROR,959,1,"Duplicate SKU"
ERROR,960,1,"Duplicate SKU"
ERROR,962,1,"Duplicate SKU"
ERROR,963,1,"Duplicate SKU"
ERROR,964,1,"Duplicate SKU"
ERROR,965,1,"Duplicate SKU"
ERROR,967,1,"Duplicate SKU"
ERROR,968,1,"Duplicate SKU"
ERROR,969,1,"Duplicate SKU"
ERROR,971,1,"Duplicate SKU"
ERROR,972,1,"Duplicate SKU"
ERROR,973,1,"Duplicate SKU"
ERROR,975,1,"Duplicate SKU"
ERROR,976,1,"Duplicate SKU"
ERROR,977,1,"Duplicate SKU"
ERROR,979,1,"Duplicate SKU"
ERROR,980,1,"Duplicate SKU"
ERROR,981,1,"Duplicate SKU"
ERROR,982,1,"Duplicate SKU"
ERROR,984,1,"Duplicate SKU"
ERROR,985,1,"Duplicate SKU"
ERROR,986,1,"Duplicate SKU"
ERROR,987,1,"Duplicate SKU"
ERROR,989,1,"Duplicate SKU"
ERROR,990,1,"Duplicate SKU"
ERROR,991,1,"Duplicate SKU"
ERROR,992,1,"Duplicate SKU"
ERROR,994,1,"Duplicate SKU"
ERROR,995,1,"Duplicate SKU"
ERROR,996,1,"Duplicate SKU"
ERROR,998,1,"Duplicate SKU"
ERROR,999,1,"Duplicate SKU"
ERROR,1000,1,"Duplicate SKU"
ERROR,1003,1,"Duplicate SKU"
ERROR,1004,1,"Duplicate SKU"
ERROR,1006,1,"Duplicate SKU"
ERROR,1007,1,"Duplicate SKU"
ERROR,1008,1,"Duplicate SKU"
ERROR,1010,1,"Duplicate SKU"
ERROR,1011,1,"Duplicate SKU"
ERROR,1012,1,"Duplicate SKU"
ERROR,1014,1,"Duplicate SKU"
ERROR,1015,1,"Duplicate SKU"
ERROR,1016,1,"Duplicate SKU"
ERROR,1018,1,"Duplicate SKU"
ERROR,1019,1,"Duplicate SKU"
ERROR,1020,1,"Duplicate SKU"
ERROR,1022,1,"Duplicate SKU"
ERROR,1024,1,"Duplicate SKU"
ERROR,1026,1,"Duplicate SKU"
ERROR,1027,1,"Duplicate SKU"
ERROR,1028,1,"Duplicate SKU"
ERROR,1030,1,"Duplicate SKU"
ERROR,1031,1,"Duplicate SKU"
ERROR,1032,1,"Duplicate SKU"
ERROR,1034,1,"Duplicate SKU"
ERROR,1036,1,"Duplicate SKU"
ERROR,1037,1,"Duplicate SKU"
ERROR,1038,1,"Duplicate SKU"
ERROR,1040,1,"Duplicate SKU"
ERROR,1041,1,"Duplicate SKU"
ERROR,1042,1,"Duplicate SKU"
ERROR,1044,1,"Duplicate SKU"
ERROR,1045,1,"Duplicate SKU"
ERROR,1046,1,"Duplicate SKU"
ERROR,1048,1,"Duplicate SKU"
ERROR,1050,1,"Duplicate SKU"
ERROR,1051,1,"Duplicate SKU"
ERROR,1052,1,"Duplicate SKU"
ERROR,1054,1,"Duplicate SKU"
ERROR,1055,1,"Duplicate SKU"
ERROR,1056,1,"Duplicate SKU"
ERROR,1058,1,"Duplicate SKU"
ERROR,1059,1,"Duplicate SKU"
ERROR,1060,1,"Duplicate SKU"
ERROR,1062,1,"Duplicate SKU"
ERROR,1063,1,"Duplicate SKU"
ERROR,1064,1,"Duplicate SKU"
ERROR,1066,1,"Duplicate SKU"
ERROR,1067,1,"Duplicate SKU"
ERROR,1068,1,"Duplicate SKU"
ERROR,1070,1,"Duplicate SKU"
ERROR,1071,1,"Duplicate SKU"
ERROR,1072,1,"Duplicate SKU"
ERROR,1074,1,"Duplicate SKU"
ERROR,1076,1,"Duplicate SKU"
ERROR,1077,1,"Duplicate SKU"
ERROR,1078,1,"Duplicate SKU"
ERROR,1080,1,"Duplicate SKU"
ERROR,1081,1,"Duplicate SKU"
ERROR,1082,1,"Duplicate SKU"
ERROR,1084,1,"Duplicate SKU"
ERROR,1085,1,"Duplicate SKU"
ERROR,1086,1,"Duplicate SKU"
ERROR,1088,1,"Duplicate SKU"
ERROR,1090,1,"Duplicate SKU"
ERROR,1091,1,"Duplicate SKU"
ERROR,1092,1,"Duplicate SKU"
ERROR,1094,1,"Duplicate SKU"
ERROR,1095,1,"Duplicate SKU"
ERROR,1096,1,"Duplicate SKU"
ERROR,1098,1,"Duplicate SKU"
ERROR,1099,1,"Duplicate SKU"
ERROR,1100,1,"Duplicate SKU"
SUCCESS,1025,2,
SUCCESS,1029,2,
SUCCESS,1033,2,
SUCCESS,1035,2,
SUCCESS,1039,2,
SUCCESS,1043,2,
SUCCESS,1047,2,
SUCCESS,1049,2,
SUCCESS,1053,2,
SUCCESS,1057,2,
SUCCESS,1061,2,
SUCCESS,1065,2,
SUCCESS,1069,2,
SUCCESS,1073,2,
SUCCESS,1075,2,
SUCCESS,1079,2,
SUCCESS,1083,2,
SUCCESS,1087,2,
SUCCESS,1089,2,
SUCCESS,1093,2,
SUCCESS,1097,2,
SUCCESS,1101,2,
ERROR,1104,1,"Duplicate SKU"
ERROR,1105,1,"Duplicate SKU"
ERROR,1106,1,"Duplicate SKU"
ERROR,1108,1,"Duplicate SKU"
ERROR,1109,1,"Duplicate SKU"
ERROR,1110,1,"Duplicate SKU"
ERROR,1112,1,"Duplicate SKU"
ERROR,1113,1,"Duplicate SKU"
ERROR,1114,1,"Duplicate SKU"
ERROR,1116,1,"Duplicate SKU"
ERROR,1118,1,"Duplicate SKU"
ERROR,1119,1,"Duplicate SKU"
ERROR,1120,1,"Duplicate SKU"
ERROR,1122,1,"Duplicate SKU"
ERROR,1123,1,"Duplicate SKU"
ERROR,1124,1,"Duplicate SKU"
ERROR,1125,1,"Duplicate SKU"
ERROR,1127,1,"Duplicate SKU"
ERROR,1128,1,"Duplicate SKU"
ERROR,1129,1,"Duplicate SKU"
ERROR,1130,1,"Duplicate SKU"
ERROR,1132,1,"Duplicate SKU"
ERROR,1133,1,"Duplicate SKU"
ERROR,1134,1,"Duplicate SKU"
ERROR,1136,1,"Duplicate SKU"
ERROR,1137,1,"Duplicate SKU"
ERROR,1138,1,"Duplicate SKU"
ERROR,1140,1,"Duplicate SKU"
ERROR,1142,1,"Duplicate SKU"
ERROR,1144,1,"Duplicate SKU"
ERROR,1146,1,"Duplicate SKU"
ERROR,1147,1,"Duplicate SKU"
ERROR,1148,1,"Duplicate SKU"
ERROR,1152,1,"Duplicate SKU"
ERROR,1153,1,"Duplicate SKU"
ERROR,1154,1,"Duplicate SKU"
ERROR,1156,1,"Duplicate SKU"
ERROR,1157,1,"Duplicate SKU"
ERROR,1158,1,"Duplicate SKU"
ERROR,1160,1,"Duplicate SKU"
ERROR,1162,1,"Duplicate SKU"
ERROR,1164,1,"Duplicate SKU"
ERROR,1165,1,"Duplicate SKU"
ERROR,1166,1,"Duplicate SKU"
ERROR,1200,1,"Duplicate SKU"
ERROR,1201,1,"Duplicate SKU"
SUCCESS,1103,2,
SUCCESS,1107,2,
SUCCESS,1111,2,
SUCCESS,1115,2,
SUCCESS,1117,2,
SUCCESS,1131,2,
SUCCESS,1135,2,
SUCCESS,1139,2,
SUCCESS,1141,2,
SUCCESS,1143,2,
SUCCESS,1145,2,
SUCCESS,1151,2,
SUCCESS,1155,2,
SUCCESS,1159,2,
SUCCESS,1161,2,
SUCCESS,1163,2,
SUCCESS,1199,2,
ERROR,1203,1,"Duplicate SKU"
ERROR,1204,1,"Duplicate SKU"
ERROR,1215,1,"Duplicate SKU"
ERROR,1216,1,"Duplicate SKU"
ERROR,1218,1,"Duplicate SKU"
ERROR,1219,1,"Duplicate SKU"
ERROR,1230,1,"Duplicate SKU"
ERROR,1231,1,"Duplicate SKU"
ERROR,1233,1,"Duplicate SKU"
ERROR,1234,1,"Duplicate SKU"
ERROR,1245,1,"Duplicate SKU"
ERROR,1246,1,"Duplicate SKU"
ERROR,1248,1,"Duplicate SKU"
ERROR,1249,1,"Duplicate SKU"
ERROR,1260,1,"Duplicate SKU"
ERROR,1261,1,"Duplicate SKU"
ERROR,1263,1,"Duplicate SKU"
ERROR,1264,1,"Duplicate SKU"
ERROR,1278,1,"Duplicate SKU"
ERROR,1279,1,"Duplicate SKU"
ERROR,1281,1,"Duplicate SKU"
ERROR,1282,1,"Duplicate SKU"
ERROR,1294,1,"Duplicate SKU"
ERROR,1295,1,"Duplicate SKU"
ERROR,1297,1,"Duplicate SKU"
ERROR,1298,1,"Duplicate SKU"
SUCCESS,1202,2,
SUCCESS,1208,2,
SUCCESS,1214,2,
SUCCESS,1217,2,
SUCCESS,1223,2,
SUCCESS,1229,2,
SUCCESS,1232,2,
SUCCESS,1238,2,
SUCCESS,1244,2,
SUCCESS,1247,2,
SUCCESS,1253,2,
SUCCESS,1259,2,
SUCCESS,1262,2,
SUCCESS,1268,2,
SUCCESS,1277,2,
SUCCESS,1280,2,
SUCCESS,1286,2,
SUCCESS,1293,2,
SUCCESS,1296,2,
SUCCESS,1301,2,
ERROR,1308,1,"Duplicate SKU"
ERROR,1309,1,"Duplicate SKU"
ERROR,1311,1,"Duplicate SKU"
ERROR,1312,1,"Duplicate SKU"
ERROR,1323,1,"Duplicate SKU"
ERROR,1324,1,"Duplicate SKU"
ERROR,1326,1,"Duplicate SKU"
ERROR,1327,1,"Duplicate SKU"
ERROR,1339,1,"Duplicate SKU"
ERROR,1340,1,"Duplicate SKU"
ERROR,1342,1,"Duplicate SKU"
ERROR,1343,1,"Duplicate SKU"
ERROR,1353,1,"Duplicate SKU"
ERROR,1354,1,"Duplicate SKU"
ERROR,1356,1,"Duplicate SKU"
ERROR,1357,1,"Duplicate SKU"
ERROR,1369,1,"Duplicate SKU"
ERROR,1370,1,"Duplicate SKU"
ERROR,1372,1,"Duplicate SKU"
ERROR,1373,1,"Duplicate SKU"
ERROR,1383,1,"Duplicate SKU"
ERROR,1384,1,"Duplicate SKU"
ERROR,1386,1,"Duplicate SKU"
ERROR,1387,1,"Duplicate SKU"
ERROR,1393,1,"Duplicate SKU"
ERROR,1394,1,"Duplicate SKU"
ERROR,1396,1,"Duplicate SKU"
ERROR,1397,1,"Duplicate SKU"
SUCCESS,1307,2,
SUCCESS,1310,2,
SUCCESS,1316,2,
SUCCESS,1322,2,
SUCCESS,1325,2,
SUCCESS,1331,2,
SUCCESS,1338,2,
SUCCESS,1341,2,
SUCCESS,1346,2,
SUCCESS,1352,2,
SUCCESS,1355,2,
SUCCESS,1361,2,
SUCCESS,1368,2,
SUCCESS,1371,2,
SUCCESS,1376,2,
SUCCESS,1382,2,
SUCCESS,1385,2,
SUCCESS,1392,2,
SUCCESS,1395,2,
ERROR,1403,1,"Duplicate SKU"
ERROR,1404,1,"Duplicate SKU"
ERROR,1406,1,"Duplicate SKU"
ERROR,1407,1,"Duplicate SKU"
ERROR,1414,1,"Duplicate SKU"
ERROR,1415,1,"Duplicate SKU"
ERROR,1417,1,"Duplicate SKU"
ERROR,1418,1,"Duplicate SKU"
ERROR,1425,1,"Duplicate SKU"
ERROR,1426,1,"Duplicate SKU"
ERROR,1428,1,"Duplicate SKU"
ERROR,1429,1,"Duplicate SKU"
ERROR,1439,1,"Duplicate SKU"
ERROR,1440,1,"Duplicate SKU"
ERROR,1442,1,"Duplicate SKU"
ERROR,1443,1,"Duplicate SKU"
ERROR,1453,1,"Duplicate SKU"
ERROR,1454,1,"Duplicate SKU"
ERROR,1456,1,"Duplicate SKU"
ERROR,1457,1,"Duplicate SKU"
ERROR,1468,1,"Duplicate SKU"
ERROR,1469,1,"Duplicate SKU"
ERROR,1471,1,"Duplicate SKU"
ERROR,1472,1,"Duplicate SKU"
ERROR,1477,1,"Duplicate SKU"
ERROR,1485,1,"Duplicate SKU"
ERROR,1486,1,"Duplicate SKU"
ERROR,1488,1,"Duplicate SKU"
ERROR,1489,1,"Duplicate SKU"
ERROR,1494,1,"Duplicate SKU"
SUCCESS,1402,2,
SUCCESS,1405,2,
SUCCESS,1413,2,
SUCCESS,1416,2,
SUCCESS,1424,2,
SUCCESS,1427,2,
SUCCESS,1432,2,
SUCCESS,1438,2,
SUCCESS,1441,2,
SUCCESS,1446,2,
SUCCESS,1452,2,
SUCCESS,1455,2,
SUCCESS,1460,2,
SUCCESS,1467,2,
SUCCESS,1470,2,
SUCCESS,1476,2,
SUCCESS,1484,2,
SUCCESS,1487,2,
SUCCESS,1493,2,
SUCCESS,1501,2,
ERROR,1503,1,"Duplicate SKU"
ERROR,1505,1,"Duplicate SKU"
ERROR,1506,1,"Duplicate SKU"
ERROR,1509,1,"Duplicate SKU"
ERROR,1510,1,"Duplicate SKU"
ERROR,1512,1,"Duplicate SKU"
ERROR,1513,1,"Duplicate SKU"
ERROR,1514,1,"Duplicate SKU"
ERROR,1515,1,"Duplicate SKU"
ERROR,1517,1,"Duplicate SKU"
ERROR,1519,1,"Duplicate SKU"
ERROR,1520,1,"Duplicate SKU"
ERROR,1521,1,"Duplicate SKU"
ERROR,1522,1,"Duplicate SKU"
ERROR,1524,1,"Duplicate SKU"
ERROR,1525,1,"Duplicate SKU"
ERROR,1526,1,"Duplicate SKU"
ERROR,1527,1,"Duplicate SKU"
ERROR,1529,1,"Duplicate SKU"
ERROR,1530,1,"Duplicate SKU"
ERROR,1531,1,"Duplicate SKU"
ERROR,1532,1,"Duplicate SKU"
SUCCESS,1504,2,
SUCCESS,1508,2,
SUCCESS,1511,2,
SUCCESS,1516,2,
SUCCESS,1518,2,
SUCCESS,1523,2,
SUCCESS,1528,2,
ACTIVITY,,,Done
