ACTIVITY,,,"Retrieving number of rows"
ACTIVITY,,,"Preparing data"
WARNING,2,6,"Unknown field, the column will be ignored"
WARNING,2,8,"Unknown field, the column will be ignored"
WARNING,2,9,"Unknown field, the column will be ignored"
WARNING,2,10,"Unknown field, the column will be ignored"
ACTIVITY,,,Importing
SUCCESS,2,2,
SUCCESS,2,5,
WARNING,2,14,"Original file image does not exist. Image field was not updated"
WARNING,2,14,"Original file image does not exist. Image field was not updated"
WARNING,2,14,"Original file image does not exist. Image field was not updated"
SUCCESS,3,2,
SUCCESS,3,5,
SUCCESS,4,2,
SUCCESS,4,5,
SUCCESS,5,2,
SUCCESS,5,5,
SUCCESS,6,2,
SUCCESS,6,5,
SUCCESS,7,2,
SUCCESS,7,5,
SUCCESS,8,2,
SUCCESS,9,2,
SUCCESS,9,5,
SUCCESS,10,2,
SUCCESS,11,2,
SUCCESS,12,2,
SUCCESS,13,2,
SUCCESS,13,5,
SUCCESS,14,2,
SUCCESS,14,5,
SUCCESS,15,2,
SUCCESS,15,5,
SUCCESS,16,2,
SUCCESS,17,2,
SUCCESS,18,2,
SUCCESS,18,5,
SUCCESS,19,2,
SUCCESS,20,2,
SUCCESS,20,5,
SUCCESS,21,2,
SUCCESS,22,2,
SUCCESS,22,5,
SUCCESS,23,2,
SUCCESS,23,5,
SUCCESS,24,2,
SUCCESS,24,5,
WARNING,24,14,"Original file image does not exist. Image field was not updated"
WARNING,24,14,"Original file image does not exist. Image field was not updated"
WARNING,24,14,"Original file image does not exist. Image field was not updated"
SUCCESS,25,2,
SUCCESS,25,5,
SUCCESS,26,2,
SUCCESS,26,5,
WARNING,26,14,"Original file image does not exist. Image field was not updated"
WARNING,26,14,"Original file image does not exist. Image field was not updated"
WARNING,26,14,"Original file image does not exist. Image field was not updated"
SUCCESS,27,2,
SUCCESS,28,2,
SUCCESS,28,5,
SUCCESS,29,2,
SUCCESS,29,5,
SUCCESS,30,2,
SUCCESS,30,5,
SUCCESS,31,2,
SUCCESS,31,5,
SUCCESS,32,2,
SUCCESS,32,5,
SUCCESS,33,2,
SUCCESS,33,5,
SUCCESS,34,2,
SUCCESS,34,5,
SUCCESS,35,2,
SUCCESS,36,2,
SUCCESS,36,5,
SUCCESS,37,2,
SUCCESS,37,5,
SUCCESS,38,2,
SUCCESS,38,5,
SUCCESS,39,2,
SUCCESS,40,2,
SUCCESS,40,5,
SUCCESS,41,2,
SUCCESS,41,5,
SUCCESS,42,2,
SUCCESS,42,5,
SUCCESS,43,2,
SUCCESS,43,5,
SUCCESS,44,2,
SUCCESS,44,5,
SUCCESS,45,2,
SUCCESS,46,2,
SUCCESS,46,5,
SUCCESS,47,2,
SUCCESS,47,5,
SUCCESS,48,2,
SUCCESS,49,2,
SUCCESS,50,2,
SUCCESS,50,5,
SUCCESS,51,2,
SUCCESS,51,5,
SUCCESS,52,2,
SUCCESS,52,5,
SUCCESS,53,2,
SUCCESS,53,5,
SUCCESS,54,2,
SUCCESS,54,5,
SUCCESS,55,2,
SUCCESS,55,5,
SUCCESS,56,2,
SUCCESS,56,5,
SUCCESS,57,2,
SUCCESS,57,5,
SUCCESS,58,2,
SUCCESS,58,5,
SUCCESS,59,2,
SUCCESS,59,5,
SUCCESS,60,2,
SUCCESS,61,2,
SUCCESS,61,5,
SUCCESS,62,2,
SUCCESS,62,5,
SUCCESS,63,2,
SUCCESS,64,2,
SUCCESS,64,5,
SUCCESS,65,2,
SUCCESS,65,5,
SUCCESS,66,2,
SUCCESS,66,5,
SUCCESS,67,2,
SUCCESS,67,5,
SUCCESS,68,2,
SUCCESS,69,2,
SUCCESS,69,5,
SUCCESS,70,2,
SUCCESS,71,2,
SUCCESS,71,5,
SUCCESS,72,2,
SUCCESS,73,2,
SUCCESS,73,5,
SUCCESS,74,2,
SUCCESS,74,5,
SUCCESS,75,2,
SUCCESS,75,5,
SUCCESS,76,2,
SUCCESS,76,5,
SUCCESS,77,2,
SUCCESS,77,5,
SUCCESS,78,2,
SUCCESS,78,5,
SUCCESS,79,2,
SUCCESS,79,5,
SUCCESS,80,2,
SUCCESS,80,5,
SUCCESS,81,2,
SUCCESS,81,5,
SUCCESS,82,2,
SUCCESS,82,5,
SUCCESS,83,2,
SUCCESS,83,5,
SUCCESS,84,2,
SUCCESS,84,5,
SUCCESS,85,2,
SUCCESS,86,2,
SUCCESS,86,5,
SUCCESS,87,2,
SUCCESS,87,5,
SUCCESS,88,2,
SUCCESS,88,5,
SUCCESS,89,2,
SUCCESS,90,2,
SUCCESS,91,2,
SUCCESS,92,2,
SUCCESS,92,5,
SUCCESS,93,2,
SUCCESS,93,5,
SUCCESS,94,2,
SUCCESS,94,5,
SUCCESS,95,2,
SUCCESS,95,5,
SUCCESS,96,2,
SUCCESS,96,5,
SUCCESS,97,2,
SUCCESS,97,5,
SUCCESS,98,2,
SUCCESS,98,5,
SUCCESS,99,2,
SUCCESS,99,5,
SUCCESS,100,2,
SUCCESS,100,5,
SUCCESS,101,2,
SUCCESS,101,5,
WARNING,165,17,"The attribute 'manufacturer' does not apply to attribute set 'Showers', and will not be imported"
WARNING,166,17,"The attribute 'manufacturer' does not apply to attribute set 'Showers', and will not be imported"
WARNING,167,17,"The attribute 'manufacturer' does not apply to attribute set 'Showers', and will not be imported"
WARNING,168,17,"The attribute 'manufacturer' does not apply to attribute set 'Showers', and will not be imported"
WARNING,169,17,"The attribute 'manufacturer' does not apply to attribute set 'Showers', and will not be imported"
WARNING,170,17,"The attribute 'manufacturer' does not apply to attribute set 'Showers', and will not be imported"
WARNING,171,17,"The attribute 'manufacturer' does not apply to attribute set 'Showers', and will not be imported"
SUCCESS,102,2,
SUCCESS,102,5,
SUCCESS,103,2,
SUCCESS,103,5,
SUCCESS,104,2,
SUCCESS,104,5,
SUCCESS,105,2,
SUCCESS,105,5,
SUCCESS,106,2,
SUCCESS,106,5,
SUCCESS,107,2,
SUCCESS,107,5,
SUCCESS,108,2,
SUCCESS,108,5,
SUCCESS,109,2,
SUCCESS,109,5,
SUCCESS,110,2,
SUCCESS,110,5,
SUCCESS,111,2,
SUCCESS,111,5,
SUCCESS,112,2,
SUCCESS,112,5,
SUCCESS,113,2,
SUCCESS,113,5,
SUCCESS,114,2,
SUCCESS,115,2,
SUCCESS,115,5,
SUCCESS,116,2,
SUCCESS,116,5,
SUCCESS,117,2,
SUCCESS,117,5,
SUCCESS,118,2,
SUCCESS,119,2,
SUCCESS,119,5,
SUCCESS,120,2,
SUCCESS,121,2,
SUCCESS,122,2,
SUCCESS,122,5,
SUCCESS,123,2,
SUCCESS,123,5,
SUCCESS,124,2,
SUCCESS,124,5,
SUCCESS,125,2,
SUCCESS,126,2,
SUCCESS,126,5,
SUCCESS,127,2,
SUCCESS,128,2,
SUCCESS,128,5,
SUCCESS,129,2,
SUCCESS,130,2,
SUCCESS,131,2,
SUCCESS,132,2,
SUCCESS,133,2,
SUCCESS,134,2,
SUCCESS,135,2,
SUCCESS,136,2,
SUCCESS,137,2,
SUCCESS,137,5,
SUCCESS,138,2,
SUCCESS,138,5,
SUCCESS,139,2,
SUCCESS,140,2,
SUCCESS,140,5,
SUCCESS,141,2,
SUCCESS,141,5,
SUCCESS,142,2,
SUCCESS,143,2,
SUCCESS,143,5,
SUCCESS,144,2,
SUCCESS,145,2,
SUCCESS,146,2,
SUCCESS,146,5,
SUCCESS,147,2,
SUCCESS,148,2,
SUCCESS,148,5,
SUCCESS,149,2,
SUCCESS,149,5,
SUCCESS,150,2,
SUCCESS,151,2,
SUCCESS,152,2,
SUCCESS,153,2,
SUCCESS,153,5,
SUCCESS,154,2,
SUCCESS,155,2,
SUCCESS,155,5,
SUCCESS,156,2,
SUCCESS,156,5,
SUCCESS,157,2,
SUCCESS,158,2,
SUCCESS,158,5,
SUCCESS,159,2,
SUCCESS,160,2,
SUCCESS,160,5,
SUCCESS,161,2,
SUCCESS,161,5,
SUCCESS,162,2,
SUCCESS,162,5,
SUCCESS,163,2,
SUCCESS,163,5,
SUCCESS,164,2,
SUCCESS,164,5,
SUCCESS,165,2,
SUCCESS,165,5,
SUCCESS,166,2,
SUCCESS,166,5,
SUCCESS,167,2,
SUCCESS,167,5,
SUCCESS,168,2,
SUCCESS,168,5,
SUCCESS,169,2,
SUCCESS,169,5,
SUCCESS,170,2,
SUCCESS,170,5,
SUCCESS,171,2,
SUCCESS,171,5,
SUCCESS,172,2,
SUCCESS,172,5,
SUCCESS,173,2,
SUCCESS,173,5,
SUCCESS,174,2,
SUCCESS,174,5,
SUCCESS,175,2,
SUCCESS,175,5,
SUCCESS,176,2,
SUCCESS,176,5,
SUCCESS,177,2,
SUCCESS,177,5,
SUCCESS,178,2,
SUCCESS,178,5,
SUCCESS,179,2,
SUCCESS,179,5,
SUCCESS,180,2,
SUCCESS,180,5,
SUCCESS,181,2,
SUCCESS,181,5,
SUCCESS,182,2,
SUCCESS,182,5,
SUCCESS,183,2,
SUCCESS,184,2,
SUCCESS,185,2,
SUCCESS,185,5,
SUCCESS,186,2,
SUCCESS,186,5,
SUCCESS,187,2,
SUCCESS,188,2,
SUCCESS,189,2,
SUCCESS,190,2,
SUCCESS,190,5,
SUCCESS,191,2,
SUCCESS,191,5,
SUCCESS,192,2,
SUCCESS,192,5,
SUCCESS,193,2,
SUCCESS,193,5,
SUCCESS,194,2,
SUCCESS,194,5,
SUCCESS,195,2,
SUCCESS,196,2,
SUCCESS,196,5,
SUCCESS,197,2,
SUCCESS,198,2,
SUCCESS,199,2,
SUCCESS,200,2,
SUCCESS,200,5,
SUCCESS,201,2,
SUCCESS,201,5,
WARNING,274,17,"The attribute 'manufacturer' does not apply to attribute set 'Showers', and will not be imported"
WARNING,275,17,"The attribute 'manufacturer' does not apply to attribute set 'Showers', and will not be imported"
WARNING,276,17,"The attribute 'manufacturer' does not apply to attribute set 'Showers', and will not be imported"
WARNING,277,17,"The attribute 'manufacturer' does not apply to attribute set 'Showers', and will not be imported"
WARNING,278,17,"The attribute 'manufacturer' does not apply to attribute set 'Showers', and will not be imported"
WARNING,279,17,"The attribute 'manufacturer' does not apply to attribute set 'Showers', and will not be imported"
WARNING,280,17,"The attribute 'manufacturer' does not apply to attribute set 'Showers', and will not be imported"
WARNING,281,17,"The attribute 'manufacturer' does not apply to attribute set 'Showers', and will not be imported"
WARNING,282,17,"The attribute 'manufacturer' does not apply to attribute set 'Showers', and will not be imported"
WARNING,283,17,"The attribute 'manufacturer' does not apply to attribute set 'Showers', and will not be imported"
WARNING,284,17,"The attribute 'manufacturer' does not apply to attribute set 'Showers', and will not be imported"
WARNING,285,17,"The attribute 'manufacturer' does not apply to attribute set 'Showers', and will not be imported"
WARNING,286,17,"The attribute 'manufacturer' does not apply to attribute set 'Showers', and will not be imported"
WARNING,287,17,"The attribute 'manufacturer' does not apply to attribute set 'Showers', and will not be imported"
WARNING,288,17,"The attribute 'manufacturer' does not apply to attribute set 'Showers', and will not be imported"
WARNING,289,17,"The attribute 'manufacturer' does not apply to attribute set 'Showers', and will not be imported"
WARNING,290,17,"The attribute 'manufacturer' does not apply to attribute set 'Showers', and will not be imported"
WARNING,291,17,"The attribute 'manufacturer' does not apply to attribute set 'Showers', and will not be imported"
WARNING,292,17,"The attribute 'manufacturer' does not apply to attribute set 'Showers', and will not be imported"
WARNING,293,17,"The attribute 'manufacturer' does not apply to attribute set 'Showers', and will not be imported"
WARNING,294,17,"The attribute 'manufacturer' does not apply to attribute set 'Showers', and will not be imported"
WARNING,295,17,"The attribute 'manufacturer' does not apply to attribute set 'Showers', and will not be imported"
WARNING,296,17,"The attribute 'manufacturer' does not apply to attribute set 'Showers', and will not be imported"
WARNING,297,17,"The attribute 'manufacturer' does not apply to attribute set 'Showers', and will not be imported"
WARNING,298,17,"The attribute 'manufacturer' does not apply to attribute set 'Showers', and will not be imported"
WARNING,299,17,"The attribute 'manufacturer' does not apply to attribute set 'Showers', and will not be imported"
WARNING,300,17,"The attribute 'manufacturer' does not apply to attribute set 'Showers', and will not be imported"
WARNING,301,17,"The attribute 'manufacturer' does not apply to attribute set 'Showers', and will not be imported"
SUCCESS,202,2,
SUCCESS,202,5,
SUCCESS,203,2,
SUCCESS,203,5,
SUCCESS,204,2,
SUCCESS,205,2,
SUCCESS,205,5,
SUCCESS,206,2,
SUCCESS,207,2,
SUCCESS,207,5,
SUCCESS,208,2,
SUCCESS,208,5,
SUCCESS,209,2,
SUCCESS,209,5,
SUCCESS,210,2,
SUCCESS,211,2,
SUCCESS,211,5,
SUCCESS,212,2,
SUCCESS,212,5,
SUCCESS,213,2,
SUCCESS,213,5,
SUCCESS,214,2,
SUCCESS,215,2,
SUCCESS,215,5,
SUCCESS,216,2,
SUCCESS,216,5,
SUCCESS,217,2,
SUCCESS,217,5,
SUCCESS,218,2,
SUCCESS,218,5,
SUCCESS,219,2,
SUCCESS,219,5,
SUCCESS,220,2,
SUCCESS,220,5,
SUCCESS,221,2,
SUCCESS,221,5,
SUCCESS,222,2,
SUCCESS,222,5,
SUCCESS,223,2,
SUCCESS,223,5,
SUCCESS,224,2,
SUCCESS,224,5,
SUCCESS,225,2,
SUCCESS,225,5,
SUCCESS,226,2,
SUCCESS,226,5,
SUCCESS,227,2,
SUCCESS,227,5,
SUCCESS,228,2,
SUCCESS,228,5,
SUCCESS,229,2,
SUCCESS,229,5,
SUCCESS,230,2,
SUCCESS,230,5,
SUCCESS,231,2,
SUCCESS,231,5,
SUCCESS,232,2,
SUCCESS,232,5,
SUCCESS,233,2,
SUCCESS,233,5,
SUCCESS,234,2,
SUCCESS,234,5,
SUCCESS,235,2,
SUCCESS,236,2,
SUCCESS,236,5,
SUCCESS,237,2,
SUCCESS,237,5,
SUCCESS,238,2,
SUCCESS,238,5,
SUCCESS,239,2,
SUCCESS,239,5,
SUCCESS,240,2,
SUCCESS,240,5,
SUCCESS,241,2,
SUCCESS,241,5,
SUCCESS,242,2,
SUCCESS,242,5,
SUCCESS,243,2,
SUCCESS,243,5,
SUCCESS,244,2,
SUCCESS,244,5,
SUCCESS,245,2,
SUCCESS,245,5,
SUCCESS,246,2,
SUCCESS,246,5,
SUCCESS,247,2,
SUCCESS,247,5,
SUCCESS,248,2,
SUCCESS,248,5,
SUCCESS,249,2,
SUCCESS,249,5,
SUCCESS,250,2,
SUCCESS,250,5,
SUCCESS,251,2,
SUCCESS,251,5,
SUCCESS,252,2,
SUCCESS,252,5,
SUCCESS,253,2,
SUCCESS,253,5,
SUCCESS,254,2,
SUCCESS,254,5,
SUCCESS,255,2,
SUCCESS,255,5,
SUCCESS,256,2,
SUCCESS,256,5,
SUCCESS,257,2,
SUCCESS,257,5,
SUCCESS,258,2,
SUCCESS,258,5,
SUCCESS,259,2,
SUCCESS,259,5,
SUCCESS,260,2,
SUCCESS,260,5,
SUCCESS,261,2,
SUCCESS,261,5,
SUCCESS,262,2,
SUCCESS,262,5,
SUCCESS,263,2,
SUCCESS,263,5,
SUCCESS,264,2,
SUCCESS,264,5,
SUCCESS,265,2,
SUCCESS,265,5,
SUCCESS,266,2,
SUCCESS,266,5,
SUCCESS,267,2,
SUCCESS,268,2,
SUCCESS,268,5,
SUCCESS,269,2,
SUCCESS,269,5,
SUCCESS,270,2,
SUCCESS,270,5,
SUCCESS,271,2,
SUCCESS,271,5,
SUCCESS,272,2,
SUCCESS,272,5,
SUCCESS,273,2,
SUCCESS,273,5,
SUCCESS,274,2,
SUCCESS,275,2,
SUCCESS,276,2,
SUCCESS,277,2,
SUCCESS,278,2,
SUCCESS,278,5,
SUCCESS,279,2,
SUCCESS,280,2,
SUCCESS,280,5,
SUCCESS,281,2,
SUCCESS,281,5,
SUCCESS,282,2,
SUCCESS,282,5,
SUCCESS,283,2,
SUCCESS,284,2,
SUCCESS,284,5,
SUCCESS,285,2,
SUCCESS,286,2,
SUCCESS,287,2,
SUCCESS,288,2,
SUCCESS,288,5,
SUCCESS,289,2,
SUCCESS,289,5,
SUCCESS,290,2,
SUCCESS,290,5,
SUCCESS,291,2,
SUCCESS,292,2,
SUCCESS,293,2,
SUCCESS,294,2,
SUCCESS,294,5,
SUCCESS,295,2,
SUCCESS,295,5,
SUCCESS,296,2,
SUCCESS,297,2,
SUCCESS,298,2,
SUCCESS,299,2,
SUCCESS,300,2,
SUCCESS,301,2,
SUCCESS,301,5,
WARNING,302,17,"The attribute 'manufacturer' does not apply to attribute set 'Showers', and will not be imported"
WARNING,303,17,"The attribute 'manufacturer' does not apply to attribute set 'Showers', and will not be imported"
WARNING,304,17,"The attribute 'manufacturer' does not apply to attribute set 'Showers', and will not be imported"
WARNING,305,17,"The attribute 'manufacturer' does not apply to attribute set 'Showers', and will not be imported"
WARNING,306,17,"The attribute 'manufacturer' does not apply to attribute set 'Showers', and will not be imported"
WARNING,307,17,"The attribute 'manufacturer' does not apply to attribute set 'Showers', and will not be imported"
WARNING,308,17,"The attribute 'manufacturer' does not apply to attribute set 'Showers', and will not be imported"
WARNING,309,17,"The attribute 'manufacturer' does not apply to attribute set 'Showers', and will not be imported"
WARNING,310,17,"The attribute 'manufacturer' does not apply to attribute set 'Showers', and will not be imported"
WARNING,311,17,"The attribute 'manufacturer' does not apply to attribute set 'Showers', and will not be imported"
WARNING,312,17,"The attribute 'manufacturer' does not apply to attribute set 'Showers', and will not be imported"
WARNING,313,17,"The attribute 'manufacturer' does not apply to attribute set 'Showers', and will not be imported"
WARNING,314,17,"The attribute 'manufacturer' does not apply to attribute set 'Showers', and will not be imported"
WARNING,315,17,"The attribute 'manufacturer' does not apply to attribute set 'Showers', and will not be imported"
WARNING,316,17,"The attribute 'manufacturer' does not apply to attribute set 'Showers', and will not be imported"
WARNING,317,17,"The attribute 'manufacturer' does not apply to attribute set 'Showers', and will not be imported"
WARNING,318,17,"The attribute 'manufacturer' does not apply to attribute set 'Showers', and will not be imported"
WARNING,319,17,"The attribute 'manufacturer' does not apply to attribute set 'Showers', and will not be imported"
WARNING,320,17,"The attribute 'manufacturer' does not apply to attribute set 'Showers', and will not be imported"
WARNING,321,17,"The attribute 'manufacturer' does not apply to attribute set 'Showers', and will not be imported"
WARNING,334,17,"The attribute 'manufacturer' does not apply to attribute set 'Showers', and will not be imported"
WARNING,335,17,"The attribute 'manufacturer' does not apply to attribute set 'Showers', and will not be imported"
WARNING,336,17,"The attribute 'manufacturer' does not apply to attribute set 'Showers', and will not be imported"
WARNING,337,17,"The attribute 'manufacturer' does not apply to attribute set 'Showers', and will not be imported"
WARNING,338,17,"The attribute 'manufacturer' does not apply to attribute set 'Showers', and will not be imported"
WARNING,339,17,"The attribute 'manufacturer' does not apply to attribute set 'Showers', and will not be imported"
WARNING,340,17,"The attribute 'manufacturer' does not apply to attribute set 'Showers', and will not be imported"
WARNING,341,17,"The attribute 'manufacturer' does not apply to attribute set 'Showers', and will not be imported"
WARNING,342,17,"The attribute 'manufacturer' does not apply to attribute set 'Showers', and will not be imported"
WARNING,343,17,"The attribute 'manufacturer' does not apply to attribute set 'Showers', and will not be imported"
WARNING,344,17,"The attribute 'manufacturer' does not apply to attribute set 'Showers', and will not be imported"
WARNING,345,17,"The attribute 'manufacturer' does not apply to attribute set 'Showers', and will not be imported"
WARNING,346,17,"The attribute 'manufacturer' does not apply to attribute set 'Showers', and will not be imported"
WARNING,347,17,"The attribute 'manufacturer' does not apply to attribute set 'Showers', and will not be imported"
WARNING,348,17,"The attribute 'manufacturer' does not apply to attribute set 'Showers', and will not be imported"
WARNING,349,17,"The attribute 'manufacturer' does not apply to attribute set 'Showers', and will not be imported"
WARNING,350,17,"The attribute 'manufacturer' does not apply to attribute set 'Showers', and will not be imported"
WARNING,351,17,"The attribute 'manufacturer' does not apply to attribute set 'Showers', and will not be imported"
WARNING,352,17,"The attribute 'manufacturer' does not apply to attribute set 'Showers', and will not be imported"
WARNING,353,17,"The attribute 'manufacturer' does not apply to attribute set 'Showers', and will not be imported"
WARNING,354,17,"The attribute 'manufacturer' does not apply to attribute set 'Showers', and will not be imported"
WARNING,355,17,"The attribute 'manufacturer' does not apply to attribute set 'Showers', and will not be imported"
WARNING,356,17,"The attribute 'manufacturer' does not apply to attribute set 'Showers', and will not be imported"
WARNING,357,17,"The attribute 'manufacturer' does not apply to attribute set 'Showers', and will not be imported"
WARNING,358,17,"The attribute 'manufacturer' does not apply to attribute set 'Showers', and will not be imported"
WARNING,359,17,"The attribute 'manufacturer' does not apply to attribute set 'Showers', and will not be imported"
WARNING,360,17,"The attribute 'manufacturer' does not apply to attribute set 'Showers', and will not be imported"
WARNING,361,17,"The attribute 'manufacturer' does not apply to attribute set 'Showers', and will not be imported"
WARNING,362,17,"The attribute 'manufacturer' does not apply to attribute set 'Showers', and will not be imported"
WARNING,363,17,"The attribute 'manufacturer' does not apply to attribute set 'Showers', and will not be imported"
WARNING,364,17,"The attribute 'manufacturer' does not apply to attribute set 'Showers', and will not be imported"
WARNING,365,17,"The attribute 'manufacturer' does not apply to attribute set 'Showers', and will not be imported"
WARNING,366,17,"The attribute 'manufacturer' does not apply to attribute set 'Showers', and will not be imported"
WARNING,367,17,"The attribute 'manufacturer' does not apply to attribute set 'Showers', and will not be imported"
WARNING,368,17,"The attribute 'manufacturer' does not apply to attribute set 'Showers', and will not be imported"
WARNING,369,17,"The attribute 'manufacturer' does not apply to attribute set 'Showers', and will not be imported"
WARNING,370,17,"The attribute 'manufacturer' does not apply to attribute set 'Showers', and will not be imported"
WARNING,371,17,"The attribute 'manufacturer' does not apply to attribute set 'Showers', and will not be imported"
WARNING,372,17,"The attribute 'manufacturer' does not apply to attribute set 'Showers', and will not be imported"
WARNING,373,17,"The attribute 'manufacturer' does not apply to attribute set 'Showers', and will not be imported"
WARNING,374,17,"The attribute 'manufacturer' does not apply to attribute set 'Showers', and will not be imported"
WARNING,375,17,"The attribute 'manufacturer' does not apply to attribute set 'Showers', and will not be imported"
WARNING,376,17,"The attribute 'manufacturer' does not apply to attribute set 'Showers', and will not be imported"
WARNING,377,17,"The attribute 'manufacturer' does not apply to attribute set 'Showers', and will not be imported"
WARNING,378,17,"The attribute 'manufacturer' does not apply to attribute set 'Showers', and will not be imported"
WARNING,379,17,"The attribute 'manufacturer' does not apply to attribute set 'Showers', and will not be imported"
WARNING,380,17,"The attribute 'manufacturer' does not apply to attribute set 'Showers', and will not be imported"
WARNING,381,17,"The attribute 'manufacturer' does not apply to attribute set 'Showers', and will not be imported"
WARNING,382,17,"The attribute 'manufacturer' does not apply to attribute set 'Showers', and will not be imported"
WARNING,383,17,"The attribute 'manufacturer' does not apply to attribute set 'Showers', and will not be imported"
WARNING,384,17,"The attribute 'manufacturer' does not apply to attribute set 'Showers', and will not be imported"
WARNING,385,17,"The attribute 'manufacturer' does not apply to attribute set 'Showers', and will not be imported"
WARNING,386,17,"The attribute 'manufacturer' does not apply to attribute set 'Showers', and will not be imported"
WARNING,387,17,"The attribute 'manufacturer' does not apply to attribute set 'Showers', and will not be imported"
WARNING,388,17,"The attribute 'manufacturer' does not apply to attribute set 'Showers', and will not be imported"
WARNING,389,17,"The attribute 'manufacturer' does not apply to attribute set 'Showers', and will not be imported"
WARNING,390,17,"The attribute 'manufacturer' does not apply to attribute set 'Showers', and will not be imported"
WARNING,391,17,"The attribute 'manufacturer' does not apply to attribute set 'Showers', and will not be imported"
WARNING,392,17,"The attribute 'manufacturer' does not apply to attribute set 'Showers', and will not be imported"
WARNING,393,17,"The attribute 'manufacturer' does not apply to attribute set 'Showers', and will not be imported"
WARNING,394,17,"The attribute 'manufacturer' does not apply to attribute set 'Showers', and will not be imported"
WARNING,395,17,"The attribute 'manufacturer' does not apply to attribute set 'Showers', and will not be imported"
WARNING,396,17,"The attribute 'manufacturer' does not apply to attribute set 'Showers', and will not be imported"
WARNING,397,17,"The attribute 'manufacturer' does not apply to attribute set 'Showers', and will not be imported"
WARNING,398,17,"The attribute 'manufacturer' does not apply to attribute set 'Showers', and will not be imported"
WARNING,399,17,"The attribute 'manufacturer' does not apply to attribute set 'Showers', and will not be imported"
WARNING,400,17,"The attribute 'manufacturer' does not apply to attribute set 'Showers', and will not be imported"
WARNING,401,17,"The attribute 'manufacturer' does not apply to attribute set 'Showers', and will not be imported"
SUCCESS,302,2,
SUCCESS,302,5,
SUCCESS,303,2,
SUCCESS,303,5,
SUCCESS,304,2,
SUCCESS,305,2,
SUCCESS,305,5,
SUCCESS,306,5,
SUCCESS,307,2,
SUCCESS,307,5,
SUCCESS,308,2,
SUCCESS,308,5,
SUCCESS,309,2,
SUCCESS,309,5,
SUCCESS,310,2,
SUCCESS,310,5,
SUCCESS,311,2,
SUCCESS,311,5,
SUCCESS,312,2,
SUCCESS,312,5,
SUCCESS,313,2,
SUCCESS,313,5,
SUCCESS,314,2,
SUCCESS,314,5,
SUCCESS,315,2,
SUCCESS,315,5,
SUCCESS,316,2,
SUCCESS,317,2,
SUCCESS,318,2,
SUCCESS,319,2,
SUCCESS,320,2,
SUCCESS,321,2,
SUCCESS,322,2,
SUCCESS,322,5,
SUCCESS,323,2,
SUCCESS,323,5,
SUCCESS,324,2,
SUCCESS,325,2,
SUCCESS,326,2,
SUCCESS,327,2,
SUCCESS,328,2,
SUCCESS,329,2,
SUCCESS,330,2,
SUCCESS,331,2,
SUCCESS,331,5,
SUCCESS,332,2,
SUCCESS,332,5,
SUCCESS,333,2,
SUCCESS,334,2,
SUCCESS,334,5,
SUCCESS,335,2,
SUCCESS,335,5,
SUCCESS,336,2,
SUCCESS,337,2,
SUCCESS,337,5,
SUCCESS,338,2,
SUCCESS,338,5,
SUCCESS,339,2,
SUCCESS,340,2,
SUCCESS,341,2,
SUCCESS,341,5,
SUCCESS,342,2,
SUCCESS,342,5,
SUCCESS,343,2,
SUCCESS,343,5,
SUCCESS,344,2,
SUCCESS,344,5,
SUCCESS,345,2,
SUCCESS,345,5,
SUCCESS,346,2,
SUCCESS,346,5,
SUCCESS,347,2,
SUCCESS,347,5,
SUCCESS,348,2,
SUCCESS,348,5,
SUCCESS,349,2,
SUCCESS,350,2,
SUCCESS,350,5,
SUCCESS,351,2,
SUCCESS,351,5,
SUCCESS,352,2,
SUCCESS,353,2,
SUCCESS,353,5,
SUCCESS,354,2,
SUCCESS,354,5,
SUCCESS,355,2,
SUCCESS,356,2,
SUCCESS,356,5,
SUCCESS,357,2,
SUCCESS,357,5,
SUCCESS,358,2,
SUCCESS,358,5,
SUCCESS,359,2,
SUCCESS,359,5,
SUCCESS,360,2,
SUCCESS,361,2,
SUCCESS,361,5,
SUCCESS,362,2,
SUCCESS,362,5,
SUCCESS,363,2,
SUCCESS,363,5,
SUCCESS,364,2,
SUCCESS,365,2,
SUCCESS,366,2,
SUCCESS,367,2,
SUCCESS,368,2,
SUCCESS,369,2,
SUCCESS,370,2,
SUCCESS,370,5,
SUCCESS,371,2,
SUCCESS,371,5,
SUCCESS,372,2,
SUCCESS,372,5,
SUCCESS,373,2,
SUCCESS,373,5,
SUCCESS,374,2,
SUCCESS,374,5,
SUCCESS,375,2,
SUCCESS,375,5,
SUCCESS,376,2,
SUCCESS,376,5,
SUCCESS,377,2,
SUCCESS,377,5,
SUCCESS,378,2,
SUCCESS,378,5,
SUCCESS,379,2,
SUCCESS,379,5,
SUCCESS,380,2,
SUCCESS,380,5,
SUCCESS,381,2,
SUCCESS,382,2,
SUCCESS,382,5,
SUCCESS,383,2,
SUCCESS,383,5,
SUCCESS,384,2,
SUCCESS,384,5,
SUCCESS,385,2,
SUCCESS,385,5,
SUCCESS,386,2,
SUCCESS,386,5,
SUCCESS,387,2,
SUCCESS,387,5,
SUCCESS,388,2,
SUCCESS,389,2,
SUCCESS,390,2,
SUCCESS,390,5,
SUCCESS,391,2,
SUCCESS,391,5,
SUCCESS,392,2,
SUCCESS,392,5,
SUCCESS,393,2,
SUCCESS,393,5,
SUCCESS,394,2,
SUCCESS,394,5,
SUCCESS,395,2,
SUCCESS,395,5,
SUCCESS,396,2,
SUCCESS,396,5,
SUCCESS,397,2,
SUCCESS,397,5,
SUCCESS,398,2,
SUCCESS,398,5,
SUCCESS,399,2,
SUCCESS,399,5,
SUCCESS,400,2,
SUCCESS,400,5,
SUCCESS,401,2,
WARNING,402,17,"The attribute 'manufacturer' does not apply to attribute set 'Showers', and will not be imported"
WARNING,403,17,"The attribute 'manufacturer' does not apply to attribute set 'Showers', and will not be imported"
WARNING,404,17,"The attribute 'manufacturer' does not apply to attribute set 'Showers', and will not be imported"
WARNING,405,17,"The attribute 'manufacturer' does not apply to attribute set 'Showers', and will not be imported"
WARNING,406,17,"The attribute 'manufacturer' does not apply to attribute set 'Showers', and will not be imported"
WARNING,407,17,"The attribute 'manufacturer' does not apply to attribute set 'Showers', and will not be imported"
WARNING,408,17,"The attribute 'manufacturer' does not apply to attribute set 'Showers', and will not be imported"
WARNING,409,17,"The attribute 'manufacturer' does not apply to attribute set 'Showers', and will not be imported"
WARNING,410,17,"The attribute 'manufacturer' does not apply to attribute set 'Showers', and will not be imported"
WARNING,411,17,"The attribute 'manufacturer' does not apply to attribute set 'Showers', and will not be imported"
WARNING,412,17,"The attribute 'manufacturer' does not apply to attribute set 'Showers', and will not be imported"
WARNING,413,17,"The attribute 'manufacturer' does not apply to attribute set 'Showers', and will not be imported"
WARNING,414,17,"The attribute 'manufacturer' does not apply to attribute set 'Showers', and will not be imported"
WARNING,415,17,"The attribute 'manufacturer' does not apply to attribute set 'Showers', and will not be imported"
WARNING,416,17,"The attribute 'manufacturer' does not apply to attribute set 'Showers', and will not be imported"
WARNING,417,17,"The attribute 'manufacturer' does not apply to attribute set 'Showers', and will not be imported"
WARNING,418,17,"The attribute 'manufacturer' does not apply to attribute set 'Showers', and will not be imported"
WARNING,419,17,"The attribute 'manufacturer' does not apply to attribute set 'Showers', and will not be imported"
WARNING,420,17,"The attribute 'manufacturer' does not apply to attribute set 'Showers', and will not be imported"
WARNING,421,17,"The attribute 'manufacturer' does not apply to attribute set 'Showers', and will not be imported"
SUCCESS,402,2,
SUCCESS,403,2,
SUCCESS,403,5,
SUCCESS,404,2,
SUCCESS,404,5,
SUCCESS,405,2,
SUCCESS,405,5,
SUCCESS,406,2,
SUCCESS,406,5,
SUCCESS,407,2,
SUCCESS,408,2,
SUCCESS,409,2,
SUCCESS,410,2,
SUCCESS,411,2,
SUCCESS,411,5,
SUCCESS,412,2,
SUCCESS,412,5,
SUCCESS,413,2,
SUCCESS,413,5,
SUCCESS,414,2,
SUCCESS,414,5,
SUCCESS,415,2,
SUCCESS,415,5,
SUCCESS,416,2,
SUCCESS,416,5,
SUCCESS,417,2,
SUCCESS,417,5,
SUCCESS,418,2,
SUCCESS,418,5,
SUCCESS,419,2,
SUCCESS,419,5,
SUCCESS,420,2,
SUCCESS,420,5,
SUCCESS,421,2,
SUCCESS,421,5,
ACTIVITY,,,"Reindexing: Catalog URL Rewrites"
