ACTIVITY,,,"Retrieving number of rows"
ACTIVITY,,,"Preparing data"
WARNING,2,6,"Unknown field, the column will be ignored"
WARNING,2,8,"Unknown field, the column will be ignored"
WARNING,2,9,"Unknown field, the column will be ignored"
WARNING,2,10,"Unknown field, the column will be ignored"
ACTIVITY,,,Importing
WARNING,4,14,"Original file image does not exist. Image field was not updated"
WARNING,4,14,"Original file image does not exist. Image field was not updated"
WARNING,4,14,"Original file image does not exist. Image field was not updated"
WARNING,5,14,"Original file image does not exist. Image field was not updated"
WARNING,5,14,"Original file image does not exist. Image field was not updated"
WARNING,5,14,"Original file image does not exist. Image field was not updated"
WARNING,6,14,"Original file image does not exist. Image field was not updated"
WARNING,6,14,"Original file image does not exist. Image field was not updated"
WARNING,6,14,"Original file image does not exist. Image field was not updated"
WARNING,7,14,"Original file image does not exist. Image field was not updated"
WARNING,7,14,"Original file image does not exist. Image field was not updated"
WARNING,7,14,"Original file image does not exist. Image field was not updated"
WARNING,8,14,"Original file image does not exist. Image field was not updated"
WARNING,8,14,"Original file image does not exist. Image field was not updated"
WARNING,8,14,"Original file image does not exist. Image field was not updated"
WARNING,9,14,"Original file image does not exist. Image field was not updated"
WARNING,9,14,"Original file image does not exist. Image field was not updated"
WARNING,9,14,"Original file image does not exist. Image field was not updated"
WARNING,10,14,"Original file image does not exist. Image field was not updated"
WARNING,10,14,"Original file image does not exist. Image field was not updated"
WARNING,10,14,"Original file image does not exist. Image field was not updated"
WARNING,16,14,"Original file image does not exist. Image field was not updated"
WARNING,16,14,"Original file image does not exist. Image field was not updated"
WARNING,16,14,"Original file image does not exist. Image field was not updated"
WARNING,17,14,"Original file image does not exist. Image field was not updated"
WARNING,17,14,"Original file image does not exist. Image field was not updated"
WARNING,17,14,"Original file image does not exist. Image field was not updated"
WARNING,18,14,"Original file image does not exist. Image field was not updated"
WARNING,18,14,"Original file image does not exist. Image field was not updated"
WARNING,18,14,"Original file image does not exist. Image field was not updated"
WARNING,20,14,"Original file image does not exist. Image field was not updated"
WARNING,20,14,"Original file image does not exist. Image field was not updated"
WARNING,20,14,"Original file image does not exist. Image field was not updated"
WARNING,21,14,"Original file image does not exist. Image field was not updated"
WARNING,21,14,"Original file image does not exist. Image field was not updated"
WARNING,21,14,"Original file image does not exist. Image field was not updated"
WARNING,23,14,"Original file image does not exist. Image field was not updated"
WARNING,23,14,"Original file image does not exist. Image field was not updated"
WARNING,23,14,"Original file image does not exist. Image field was not updated"
WARNING,24,14,"Original file image does not exist. Image field was not updated"
WARNING,24,14,"Original file image does not exist. Image field was not updated"
WARNING,24,14,"Original file image does not exist. Image field was not updated"
WARNING,26,14,"Original file image does not exist. Image field was not updated"
WARNING,26,14,"Original file image does not exist. Image field was not updated"
WARNING,26,14,"Original file image does not exist. Image field was not updated"
WARNING,27,14,"Original file image does not exist. Image field was not updated"
WARNING,27,14,"Original file image does not exist. Image field was not updated"
WARNING,27,14,"Original file image does not exist. Image field was not updated"
WARNING,28,14,"Original file image does not exist. Image field was not updated"
WARNING,28,14,"Original file image does not exist. Image field was not updated"
WARNING,28,14,"Original file image does not exist. Image field was not updated"
WARNING,29,14,"Original file image does not exist. Image field was not updated"
WARNING,29,14,"Original file image does not exist. Image field was not updated"
WARNING,29,14,"Original file image does not exist. Image field was not updated"
WARNING,32,14,"Original file image does not exist. Image field was not updated"
WARNING,32,14,"Original file image does not exist. Image field was not updated"
WARNING,32,14,"Original file image does not exist. Image field was not updated"
WARNING,34,14,"Original file image does not exist. Image field was not updated"
WARNING,34,14,"Original file image does not exist. Image field was not updated"
WARNING,34,14,"Original file image does not exist. Image field was not updated"
WARNING,36,14,"Original file image does not exist. Image field was not updated"
WARNING,36,14,"Original file image does not exist. Image field was not updated"
WARNING,36,14,"Original file image does not exist. Image field was not updated"
WARNING,38,14,"Original file image does not exist. Image field was not updated"
WARNING,38,14,"Original file image does not exist. Image field was not updated"
WARNING,38,14,"Original file image does not exist. Image field was not updated"
WARNING,43,14,"Original file image does not exist. Image field was not updated"
WARNING,43,14,"Original file image does not exist. Image field was not updated"
WARNING,43,14,"Original file image does not exist. Image field was not updated"
WARNING,49,14,"Original file image does not exist. Image field was not updated"
WARNING,49,14,"Original file image does not exist. Image field was not updated"
WARNING,49,14,"Original file image does not exist. Image field was not updated"
WARNING,50,14,"Original file image does not exist. Image field was not updated"
WARNING,50,14,"Original file image does not exist. Image field was not updated"
WARNING,50,14,"Original file image does not exist. Image field was not updated"
WARNING,70,14,"Original file image does not exist. Image field was not updated"
WARNING,70,14,"Original file image does not exist. Image field was not updated"
WARNING,70,14,"Original file image does not exist. Image field was not updated"
WARNING,71,14,"Original file image does not exist. Image field was not updated"
WARNING,71,14,"Original file image does not exist. Image field was not updated"
WARNING,71,14,"Original file image does not exist. Image field was not updated"
WARNING,73,14,"Original file image does not exist. Image field was not updated"
WARNING,73,14,"Original file image does not exist. Image field was not updated"
WARNING,73,14,"Original file image does not exist. Image field was not updated"
WARNING,88,14,"Original file image does not exist. Image field was not updated"
WARNING,88,14,"Original file image does not exist. Image field was not updated"
WARNING,88,14,"Original file image does not exist. Image field was not updated"
WARNING,89,14,"Original file image does not exist. Image field was not updated"
WARNING,89,14,"Original file image does not exist. Image field was not updated"
WARNING,89,14,"Original file image does not exist. Image field was not updated"
WARNING,90,14,"Original file image does not exist. Image field was not updated"
WARNING,90,14,"Original file image does not exist. Image field was not updated"
WARNING,90,14,"Original file image does not exist. Image field was not updated"
WARNING,91,14,"Original file image does not exist. Image field was not updated"
WARNING,91,14,"Original file image does not exist. Image field was not updated"
WARNING,91,14,"Original file image does not exist. Image field was not updated"
WARNING,92,14,"Original file image does not exist. Image field was not updated"
WARNING,92,14,"Original file image does not exist. Image field was not updated"
WARNING,92,14,"Original file image does not exist. Image field was not updated"
ACTIVITY,,,"Reindexing: Catalog URL Rewrites"
