ACTIVITY,,,"Retrieving number of rows"
ACTIVITY,,,"Preparing data"
WARNING,2,6,"Unknown field, the column will be ignored"
WARNING,2,8,"Unknown field, the column will be ignored"
WARNING,2,9,"Unknown field, the column will be ignored"
WARNING,2,10,"Unknown field, the column will be ignored"
ACTIVITY,,,Importing
WARNING,4,-1,"The attribute 'sale' does not apply to attribute set 'Default', and will not be imported"
WARNING,4,-1,"The attribute 'california_compliant' does not apply to attribute set 'Default', and will not be imported"
WARNING,4,-1,"The attribute 'includes_seats' does not apply to attribute set 'Default', and will not be imported"
WARNING,4,-1,"The attribute 'sink_overflow' does not apply to attribute set 'Default', and will not be imported"
WARNING,4,-1,"The attribute 'includes_seat' does not apply to attribute set 'Default', and will not be imported"
WARNING,4,-1,"The attribute 'watersense_certified' does not apply to attribute set 'Default', and will not be imported"
WARNING,4,-1,"The attribute 'hand_showersh_ncludes_hose' does not apply to attribute set 'Default', and will not be imported"
WARNING,4,-1,"The attribute 'hand_showersh_includes_slide_bar' does not apply to attribute set 'Default', and will not be imported"
WARNING,4,-1,"The attribute 'bath_shower_faucets_includes_handles' does not apply to attribute set 'Default', and will not be imported"
WARNING,2,14,"Original file image does not exist. Image field was not updated"
WARNING,2,14,"Original file image does not exist. Image field was not updated"
WARNING,2,14,"Original file image does not exist. Image field was not updated"
WARNING,3,14,"Original file image does not exist. Image field was not updated"
WARNING,3,14,"Original file image does not exist. Image field was not updated"
WARNING,3,14,"Original file image does not exist. Image field was not updated"
WARNING,4,14,"Original file image does not exist. Image field was not updated"
WARNING,4,14,"Original file image does not exist. Image field was not updated"
WARNING,4,14,"Original file image does not exist. Image field was not updated"
WARNING,5,14,"Original file image does not exist. Image field was not updated"
WARNING,5,14,"Original file image does not exist. Image field was not updated"
WARNING,5,14,"Original file image does not exist. Image field was not updated"
WARNING,6,14,"Original file image does not exist. Image field was not updated"
WARNING,6,14,"Original file image does not exist. Image field was not updated"
WARNING,6,14,"Original file image does not exist. Image field was not updated"
WARNING,7,14,"Original file image does not exist. Image field was not updated"
WARNING,7,14,"Original file image does not exist. Image field was not updated"
WARNING,7,14,"Original file image does not exist. Image field was not updated"
WARNING,8,14,"Original file image does not exist. Image field was not updated"
WARNING,8,14,"Original file image does not exist. Image field was not updated"
WARNING,8,14,"Original file image does not exist. Image field was not updated"
WARNING,9,14,"Original file image does not exist. Image field was not updated"
WARNING,9,14,"Original file image does not exist. Image field was not updated"
WARNING,9,14,"Original file image does not exist. Image field was not updated"
WARNING,10,14,"Original file image does not exist. Image field was not updated"
WARNING,10,14,"Original file image does not exist. Image field was not updated"
WARNING,10,14,"Original file image does not exist. Image field was not updated"
WARNING,11,14,"Original file image does not exist. Image field was not updated"
WARNING,11,14,"Original file image does not exist. Image field was not updated"
WARNING,11,14,"Original file image does not exist. Image field was not updated"
WARNING,12,14,"Original file image does not exist. Image field was not updated"
WARNING,12,14,"Original file image does not exist. Image field was not updated"
WARNING,12,14,"Original file image does not exist. Image field was not updated"
WARNING,13,14,"Original file image does not exist. Image field was not updated"
WARNING,13,14,"Original file image does not exist. Image field was not updated"
WARNING,13,14,"Original file image does not exist. Image field was not updated"
WARNING,14,14,"Original file image does not exist. Image field was not updated"
WARNING,14,14,"Original file image does not exist. Image field was not updated"
WARNING,14,14,"Original file image does not exist. Image field was not updated"
WARNING,15,14,"Original file image does not exist. Image field was not updated"
WARNING,15,14,"Original file image does not exist. Image field was not updated"
WARNING,15,14,"Original file image does not exist. Image field was not updated"
WARNING,16,14,"Original file image does not exist. Image field was not updated"
WARNING,16,14,"Original file image does not exist. Image field was not updated"
WARNING,16,14,"Original file image does not exist. Image field was not updated"
WARNING,17,14,"Original file image does not exist. Image field was not updated"
WARNING,17,14,"Original file image does not exist. Image field was not updated"
WARNING,17,14,"Original file image does not exist. Image field was not updated"
WARNING,18,14,"Original file image does not exist. Image field was not updated"
WARNING,18,14,"Original file image does not exist. Image field was not updated"
WARNING,18,14,"Original file image does not exist. Image field was not updated"
WARNING,19,14,"Original file image does not exist. Image field was not updated"
WARNING,19,14,"Original file image does not exist. Image field was not updated"
WARNING,19,14,"Original file image does not exist. Image field was not updated"
WARNING,20,14,"Original file image does not exist. Image field was not updated"
WARNING,20,14,"Original file image does not exist. Image field was not updated"
WARNING,20,14,"Original file image does not exist. Image field was not updated"
WARNING,21,14,"Original file image does not exist. Image field was not updated"
WARNING,21,14,"Original file image does not exist. Image field was not updated"
WARNING,21,14,"Original file image does not exist. Image field was not updated"
WARNING,22,14,"Original file image does not exist. Image field was not updated"
WARNING,22,14,"Original file image does not exist. Image field was not updated"
WARNING,22,14,"Original file image does not exist. Image field was not updated"
WARNING,23,14,"Original file image does not exist. Image field was not updated"
WARNING,23,14,"Original file image does not exist. Image field was not updated"
WARNING,23,14,"Original file image does not exist. Image field was not updated"
WARNING,24,14,"Original file image does not exist. Image field was not updated"
WARNING,24,14,"Original file image does not exist. Image field was not updated"
WARNING,24,14,"Original file image does not exist. Image field was not updated"
WARNING,25,14,"Original file image does not exist. Image field was not updated"
WARNING,25,14,"Original file image does not exist. Image field was not updated"
WARNING,25,14,"Original file image does not exist. Image field was not updated"
WARNING,26,14,"Original file image does not exist. Image field was not updated"
WARNING,26,14,"Original file image does not exist. Image field was not updated"
WARNING,26,14,"Original file image does not exist. Image field was not updated"
WARNING,27,14,"Original file image does not exist. Image field was not updated"
WARNING,27,14,"Original file image does not exist. Image field was not updated"
WARNING,27,14,"Original file image does not exist. Image field was not updated"
WARNING,28,14,"Original file image does not exist. Image field was not updated"
WARNING,28,14,"Original file image does not exist. Image field was not updated"
WARNING,28,14,"Original file image does not exist. Image field was not updated"
WARNING,29,14,"Original file image does not exist. Image field was not updated"
WARNING,29,14,"Original file image does not exist. Image field was not updated"
WARNING,29,14,"Original file image does not exist. Image field was not updated"
WARNING,30,14,"Original file image does not exist. Image field was not updated"
WARNING,30,14,"Original file image does not exist. Image field was not updated"
WARNING,30,14,"Original file image does not exist. Image field was not updated"
WARNING,31,14,"Original file image does not exist. Image field was not updated"
WARNING,31,14,"Original file image does not exist. Image field was not updated"
WARNING,31,14,"Original file image does not exist. Image field was not updated"
WARNING,32,14,"Original file image does not exist. Image field was not updated"
WARNING,32,14,"Original file image does not exist. Image field was not updated"
WARNING,32,14,"Original file image does not exist. Image field was not updated"
WARNING,33,14,"Original file image does not exist. Image field was not updated"
WARNING,33,14,"Original file image does not exist. Image field was not updated"
WARNING,33,14,"Original file image does not exist. Image field was not updated"
WARNING,34,14,"Original file image does not exist. Image field was not updated"
WARNING,34,14,"Original file image does not exist. Image field was not updated"
WARNING,34,14,"Original file image does not exist. Image field was not updated"
WARNING,35,14,"Original file image does not exist. Image field was not updated"
WARNING,35,14,"Original file image does not exist. Image field was not updated"
WARNING,35,14,"Original file image does not exist. Image field was not updated"
WARNING,77,14,"Original file image does not exist. Image field was not updated"
WARNING,77,14,"Original file image does not exist. Image field was not updated"
WARNING,77,14,"Original file image does not exist. Image field was not updated"
WARNING,78,14,"Original file image does not exist. Image field was not updated"
WARNING,78,14,"Original file image does not exist. Image field was not updated"
WARNING,78,14,"Original file image does not exist. Image field was not updated"
WARNING,79,14,"Original file image does not exist. Image field was not updated"
WARNING,79,14,"Original file image does not exist. Image field was not updated"
WARNING,79,14,"Original file image does not exist. Image field was not updated"
WARNING,80,14,"Original file image does not exist. Image field was not updated"
WARNING,80,14,"Original file image does not exist. Image field was not updated"
WARNING,80,14,"Original file image does not exist. Image field was not updated"
WARNING,81,14,"Original file image does not exist. Image field was not updated"
WARNING,81,14,"Original file image does not exist. Image field was not updated"
WARNING,81,14,"Original file image does not exist. Image field was not updated"
WARNING,82,14,"Original file image does not exist. Image field was not updated"
WARNING,82,14,"Original file image does not exist. Image field was not updated"
WARNING,82,14,"Original file image does not exist. Image field was not updated"
WARNING,83,14,"Original file image does not exist. Image field was not updated"
WARNING,83,14,"Original file image does not exist. Image field was not updated"
WARNING,83,14,"Original file image does not exist. Image field was not updated"
WARNING,84,14,"Original file image does not exist. Image field was not updated"
WARNING,84,14,"Original file image does not exist. Image field was not updated"
WARNING,84,14,"Original file image does not exist. Image field was not updated"
WARNING,85,14,"Original file image does not exist. Image field was not updated"
WARNING,85,14,"Original file image does not exist. Image field was not updated"
WARNING,85,14,"Original file image does not exist. Image field was not updated"
WARNING,86,14,"Original file image does not exist. Image field was not updated"
WARNING,86,14,"Original file image does not exist. Image field was not updated"
WARNING,86,14,"Original file image does not exist. Image field was not updated"
WARNING,87,14,"Original file image does not exist. Image field was not updated"
WARNING,87,14,"Original file image does not exist. Image field was not updated"
WARNING,87,14,"Original file image does not exist. Image field was not updated"
WARNING,88,14,"Original file image does not exist. Image field was not updated"
WARNING,88,14,"Original file image does not exist. Image field was not updated"
WARNING,88,14,"Original file image does not exist. Image field was not updated"
WARNING,89,14,"Original file image does not exist. Image field was not updated"
WARNING,89,14,"Original file image does not exist. Image field was not updated"
WARNING,89,14,"Original file image does not exist. Image field was not updated"
WARNING,90,14,"Original file image does not exist. Image field was not updated"
WARNING,90,14,"Original file image does not exist. Image field was not updated"
WARNING,90,14,"Original file image does not exist. Image field was not updated"
WARNING,91,14,"Original file image does not exist. Image field was not updated"
WARNING,91,14,"Original file image does not exist. Image field was not updated"
WARNING,91,14,"Original file image does not exist. Image field was not updated"
WARNING,92,14,"Original file image does not exist. Image field was not updated"
WARNING,92,14,"Original file image does not exist. Image field was not updated"
WARNING,92,14,"Original file image does not exist. Image field was not updated"
WARNING,93,14,"Original file image does not exist. Image field was not updated"
WARNING,93,14,"Original file image does not exist. Image field was not updated"
WARNING,93,14,"Original file image does not exist. Image field was not updated"
WARNING,94,14,"Original file image does not exist. Image field was not updated"
WARNING,94,14,"Original file image does not exist. Image field was not updated"
WARNING,94,14,"Original file image does not exist. Image field was not updated"
WARNING,95,14,"Original file image does not exist. Image field was not updated"
WARNING,95,14,"Original file image does not exist. Image field was not updated"
WARNING,95,14,"Original file image does not exist. Image field was not updated"
WARNING,96,14,"Original file image does not exist. Image field was not updated"
WARNING,96,14,"Original file image does not exist. Image field was not updated"
WARNING,96,14,"Original file image does not exist. Image field was not updated"
WARNING,97,14,"Original file image does not exist. Image field was not updated"
WARNING,97,14,"Original file image does not exist. Image field was not updated"
WARNING,97,14,"Original file image does not exist. Image field was not updated"
WARNING,98,14,"Original file image does not exist. Image field was not updated"
WARNING,98,14,"Original file image does not exist. Image field was not updated"
WARNING,98,14,"Original file image does not exist. Image field was not updated"
WARNING,99,14,"Original file image does not exist. Image field was not updated"
WARNING,99,14,"Original file image does not exist. Image field was not updated"
WARNING,99,14,"Original file image does not exist. Image field was not updated"
WARNING,100,14,"Original file image does not exist. Image field was not updated"
WARNING,100,14,"Original file image does not exist. Image field was not updated"
WARNING,100,14,"Original file image does not exist. Image field was not updated"
SUCCESS,101,5,
WARNING,101,14,"Original file image does not exist. Image field was not updated"
WARNING,101,14,"Original file image does not exist. Image field was not updated"
WARNING,101,14,"Original file image does not exist. Image field was not updated"
SUCCESS,4,0,
WARNING,109,-1,"The attribute 'sale' does not apply to attribute set 'Default', and will not be imported"
WARNING,109,-1,"The attribute 'california_compliant' does not apply to attribute set 'Default', and will not be imported"
WARNING,109,-1,"The attribute 'includes_seats' does not apply to attribute set 'Default', and will not be imported"
WARNING,109,-1,"The attribute 'sink_overflow' does not apply to attribute set 'Default', and will not be imported"
WARNING,109,-1,"The attribute 'includes_seat' does not apply to attribute set 'Default', and will not be imported"
WARNING,109,-1,"The attribute 'watersense_certified' does not apply to attribute set 'Default', and will not be imported"
WARNING,109,-1,"The attribute 'hand_showersh_ncludes_hose' does not apply to attribute set 'Default', and will not be imported"
WARNING,109,-1,"The attribute 'hand_showersh_includes_slide_bar' does not apply to attribute set 'Default', and will not be imported"
WARNING,109,-1,"The attribute 'bath_shower_faucets_includes_handles' does not apply to attribute set 'Default', and will not be imported"
WARNING,102,14,"Original file image does not exist. Image field was not updated"
WARNING,102,14,"Original file image does not exist. Image field was not updated"
WARNING,102,14,"Original file image does not exist. Image field was not updated"
WARNING,103,14,"Original file image does not exist. Image field was not updated"
WARNING,103,14,"Original file image does not exist. Image field was not updated"
WARNING,103,14,"Original file image does not exist. Image field was not updated"
WARNING,104,14,"Original file image does not exist. Image field was not updated"
WARNING,104,14,"Original file image does not exist. Image field was not updated"
WARNING,104,14,"Original file image does not exist. Image field was not updated"
WARNING,105,14,"Original file image does not exist. Image field was not updated"
WARNING,105,14,"Original file image does not exist. Image field was not updated"
WARNING,105,14,"Original file image does not exist. Image field was not updated"
WARNING,106,14,"Original file image does not exist. Image field was not updated"
WARNING,106,14,"Original file image does not exist. Image field was not updated"
WARNING,106,14,"Original file image does not exist. Image field was not updated"
WARNING,107,14,"Original file image does not exist. Image field was not updated"
WARNING,107,14,"Original file image does not exist. Image field was not updated"
WARNING,107,14,"Original file image does not exist. Image field was not updated"
WARNING,108,14,"Original file image does not exist. Image field was not updated"
WARNING,108,14,"Original file image does not exist. Image field was not updated"
WARNING,108,14,"Original file image does not exist. Image field was not updated"
WARNING,109,14,"Original file image does not exist. Image field was not updated"
WARNING,109,14,"Original file image does not exist. Image field was not updated"
WARNING,109,14,"Original file image does not exist. Image field was not updated"
WARNING,110,14,"Original file image does not exist. Image field was not updated"
WARNING,110,14,"Original file image does not exist. Image field was not updated"
WARNING,110,14,"Original file image does not exist. Image field was not updated"
WARNING,111,14,"Original file image does not exist. Image field was not updated"
WARNING,111,14,"Original file image does not exist. Image field was not updated"
WARNING,111,14,"Original file image does not exist. Image field was not updated"
WARNING,112,14,"Original file image does not exist. Image field was not updated"
WARNING,112,14,"Original file image does not exist. Image field was not updated"
WARNING,112,14,"Original file image does not exist. Image field was not updated"
WARNING,113,14,"Original file image does not exist. Image field was not updated"
WARNING,113,14,"Original file image does not exist. Image field was not updated"
WARNING,113,14,"Original file image does not exist. Image field was not updated"
WARNING,114,14,"Original file image does not exist. Image field was not updated"
WARNING,114,14,"Original file image does not exist. Image field was not updated"
WARNING,114,14,"Original file image does not exist. Image field was not updated"
WARNING,115,14,"Original file image does not exist. Image field was not updated"
WARNING,115,14,"Original file image does not exist. Image field was not updated"
WARNING,115,14,"Original file image does not exist. Image field was not updated"
SUCCESS,109,0,
ACTIVITY,,,"Reindexing: Catalog URL Rewrites"
