ACTIVITY,,,"Retrieving number of rows"
ACTIVITY,,,"Preparing data"
WARNING,2,6,"Unknown field, the column will be ignored"
WARNING,2,8,"Unknown field, the column will be ignored"
WARNING,2,9,"Unknown field, the column will be ignored"
WARNING,2,10,"Unknown field, the column will be ignored"
ACTIVITY,,,Importing
WARNING,2,-1,"The attribute 'sale' does not apply to attribute set 'Default', and will not be imported"
WARNING,2,-1,"The attribute 'california_compliant' does not apply to attribute set 'Default', and will not be imported"
WARNING,2,-1,"The attribute 'includes_seats' does not apply to attribute set 'Default', and will not be imported"
WARNING,2,-1,"The attribute 'sink_overflow' does not apply to attribute set 'Default', and will not be imported"
WARNING,2,-1,"The attribute 'includes_seat' does not apply to attribute set 'Default', and will not be imported"
WARNING,2,-1,"The attribute 'watersense_certified' does not apply to attribute set 'Default', and will not be imported"
WARNING,2,-1,"The attribute 'hand_showersh_ncludes_hose' does not apply to attribute set 'Default', and will not be imported"
WARNING,2,-1,"The attribute 'hand_showersh_includes_slide_bar' does not apply to attribute set 'Default', and will not be imported"
WARNING,2,-1,"The attribute 'bath_shower_faucets_includes_handles' does not apply to attribute set 'Default', and will not be imported"
WARNING,2,-1,"The attribute 'lighting_energy_star' does not apply to attribute set 'Default', and will not be imported"
WARNING,2,-1,"The attribute 'soap_dispencers_opening' does not apply to attribute set 'Default', and will not be imported"
WARNING,3,-1,"The attribute 'sale' does not apply to attribute set 'Default', and will not be imported"
WARNING,3,-1,"The attribute 'california_compliant' does not apply to attribute set 'Default', and will not be imported"
WARNING,3,-1,"The attribute 'includes_seats' does not apply to attribute set 'Default', and will not be imported"
WARNING,3,-1,"The attribute 'sink_overflow' does not apply to attribute set 'Default', and will not be imported"
WARNING,3,-1,"The attribute 'includes_seat' does not apply to attribute set 'Default', and will not be imported"
WARNING,3,-1,"The attribute 'watersense_certified' does not apply to attribute set 'Default', and will not be imported"
WARNING,3,-1,"The attribute 'hand_showersh_ncludes_hose' does not apply to attribute set 'Default', and will not be imported"
WARNING,3,-1,"The attribute 'hand_showersh_includes_slide_bar' does not apply to attribute set 'Default', and will not be imported"
WARNING,3,-1,"The attribute 'bath_shower_faucets_includes_handles' does not apply to attribute set 'Default', and will not be imported"
WARNING,3,-1,"The attribute 'lighting_energy_star' does not apply to attribute set 'Default', and will not be imported"
WARNING,3,-1,"The attribute 'soap_dispencers_opening' does not apply to attribute set 'Default', and will not be imported"
WARNING,4,-1,"The attribute 'sale' does not apply to attribute set 'Default', and will not be imported"
WARNING,4,-1,"The attribute 'california_compliant' does not apply to attribute set 'Default', and will not be imported"
WARNING,4,-1,"The attribute 'includes_seats' does not apply to attribute set 'Default', and will not be imported"
WARNING,4,-1,"The attribute 'sink_overflow' does not apply to attribute set 'Default', and will not be imported"
WARNING,4,-1,"The attribute 'includes_seat' does not apply to attribute set 'Default', and will not be imported"
WARNING,4,-1,"The attribute 'watersense_certified' does not apply to attribute set 'Default', and will not be imported"
WARNING,4,-1,"The attribute 'hand_showersh_ncludes_hose' does not apply to attribute set 'Default', and will not be imported"
WARNING,4,-1,"The attribute 'hand_showersh_includes_slide_bar' does not apply to attribute set 'Default', and will not be imported"
WARNING,4,-1,"The attribute 'bath_shower_faucets_includes_handles' does not apply to attribute set 'Default', and will not be imported"
WARNING,4,-1,"The attribute 'lighting_energy_star' does not apply to attribute set 'Default', and will not be imported"
WARNING,4,-1,"The attribute 'soap_dispencers_opening' does not apply to attribute set 'Default', and will not be imported"
WARNING,5,-1,"The attribute 'sale' does not apply to attribute set 'Default', and will not be imported"
WARNING,5,-1,"The attribute 'california_compliant' does not apply to attribute set 'Default', and will not be imported"
WARNING,5,-1,"The attribute 'includes_seats' does not apply to attribute set 'Default', and will not be imported"
WARNING,5,-1,"The attribute 'sink_overflow' does not apply to attribute set 'Default', and will not be imported"
WARNING,5,-1,"The attribute 'includes_seat' does not apply to attribute set 'Default', and will not be imported"
WARNING,5,-1,"The attribute 'watersense_certified' does not apply to attribute set 'Default', and will not be imported"
WARNING,5,-1,"The attribute 'hand_showersh_ncludes_hose' does not apply to attribute set 'Default', and will not be imported"
WARNING,5,-1,"The attribute 'hand_showersh_includes_slide_bar' does not apply to attribute set 'Default', and will not be imported"
WARNING,5,-1,"The attribute 'bath_shower_faucets_includes_handles' does not apply to attribute set 'Default', and will not be imported"
WARNING,5,-1,"The attribute 'lighting_energy_star' does not apply to attribute set 'Default', and will not be imported"
WARNING,5,-1,"The attribute 'soap_dispencers_opening' does not apply to attribute set 'Default', and will not be imported"
WARNING,6,-1,"The attribute 'sale' does not apply to attribute set 'Default', and will not be imported"
WARNING,6,-1,"The attribute 'california_compliant' does not apply to attribute set 'Default', and will not be imported"
WARNING,6,-1,"The attribute 'includes_seats' does not apply to attribute set 'Default', and will not be imported"
WARNING,6,-1,"The attribute 'sink_overflow' does not apply to attribute set 'Default', and will not be imported"
WARNING,6,-1,"The attribute 'includes_seat' does not apply to attribute set 'Default', and will not be imported"
WARNING,6,-1,"The attribute 'watersense_certified' does not apply to attribute set 'Default', and will not be imported"
WARNING,6,-1,"The attribute 'hand_showersh_ncludes_hose' does not apply to attribute set 'Default', and will not be imported"
WARNING,6,-1,"The attribute 'hand_showersh_includes_slide_bar' does not apply to attribute set 'Default', and will not be imported"
WARNING,6,-1,"The attribute 'bath_shower_faucets_includes_handles' does not apply to attribute set 'Default', and will not be imported"
WARNING,6,-1,"The attribute 'lighting_energy_star' does not apply to attribute set 'Default', and will not be imported"
WARNING,6,-1,"The attribute 'soap_dispencers_opening' does not apply to attribute set 'Default', and will not be imported"
WARNING,7,-1,"The attribute 'sale' does not apply to attribute set 'Default', and will not be imported"
WARNING,7,-1,"The attribute 'california_compliant' does not apply to attribute set 'Default', and will not be imported"
WARNING,7,-1,"The attribute 'includes_seats' does not apply to attribute set 'Default', and will not be imported"
WARNING,7,-1,"The attribute 'sink_overflow' does not apply to attribute set 'Default', and will not be imported"
WARNING,7,-1,"The attribute 'includes_seat' does not apply to attribute set 'Default', and will not be imported"
WARNING,7,-1,"The attribute 'watersense_certified' does not apply to attribute set 'Default', and will not be imported"
WARNING,7,-1,"The attribute 'hand_showersh_ncludes_hose' does not apply to attribute set 'Default', and will not be imported"
WARNING,7,-1,"The attribute 'hand_showersh_includes_slide_bar' does not apply to attribute set 'Default', and will not be imported"
WARNING,7,-1,"The attribute 'bath_shower_faucets_includes_handles' does not apply to attribute set 'Default', and will not be imported"
WARNING,7,-1,"The attribute 'lighting_energy_star' does not apply to attribute set 'Default', and will not be imported"
WARNING,7,-1,"The attribute 'soap_dispencers_opening' does not apply to attribute set 'Default', and will not be imported"
WARNING,8,-1,"The attribute 'sale' does not apply to attribute set 'Default', and will not be imported"
WARNING,8,-1,"The attribute 'california_compliant' does not apply to attribute set 'Default', and will not be imported"
WARNING,8,-1,"The attribute 'includes_seats' does not apply to attribute set 'Default', and will not be imported"
WARNING,8,-1,"The attribute 'sink_overflow' does not apply to attribute set 'Default', and will not be imported"
WARNING,8,-1,"The attribute 'includes_seat' does not apply to attribute set 'Default', and will not be imported"
WARNING,8,-1,"The attribute 'watersense_certified' does not apply to attribute set 'Default', and will not be imported"
WARNING,8,-1,"The attribute 'hand_showersh_ncludes_hose' does not apply to attribute set 'Default', and will not be imported"
WARNING,8,-1,"The attribute 'hand_showersh_includes_slide_bar' does not apply to attribute set 'Default', and will not be imported"
WARNING,8,-1,"The attribute 'bath_shower_faucets_includes_handles' does not apply to attribute set 'Default', and will not be imported"
WARNING,8,-1,"The attribute 'lighting_energy_star' does not apply to attribute set 'Default', and will not be imported"
WARNING,8,-1,"The attribute 'soap_dispencers_opening' does not apply to attribute set 'Default', and will not be imported"
WARNING,9,-1,"The attribute 'sale' does not apply to attribute set 'Default', and will not be imported"
WARNING,9,-1,"The attribute 'california_compliant' does not apply to attribute set 'Default', and will not be imported"
WARNING,9,-1,"The attribute 'includes_seats' does not apply to attribute set 'Default', and will not be imported"
WARNING,9,-1,"The attribute 'sink_overflow' does not apply to attribute set 'Default', and will not be imported"
WARNING,9,-1,"The attribute 'includes_seat' does not apply to attribute set 'Default', and will not be imported"
WARNING,9,-1,"The attribute 'watersense_certified' does not apply to attribute set 'Default', and will not be imported"
WARNING,9,-1,"The attribute 'hand_showersh_ncludes_hose' does not apply to attribute set 'Default', and will not be imported"
WARNING,9,-1,"The attribute 'hand_showersh_includes_slide_bar' does not apply to attribute set 'Default', and will not be imported"
WARNING,9,-1,"The attribute 'bath_shower_faucets_includes_handles' does not apply to attribute set 'Default', and will not be imported"
WARNING,9,-1,"The attribute 'lighting_energy_star' does not apply to attribute set 'Default', and will not be imported"
WARNING,9,-1,"The attribute 'soap_dispencers_opening' does not apply to attribute set 'Default', and will not be imported"
WARNING,10,-1,"The attribute 'sale' does not apply to attribute set 'Default', and will not be imported"
WARNING,10,-1,"The attribute 'california_compliant' does not apply to attribute set 'Default', and will not be imported"
WARNING,10,-1,"The attribute 'includes_seats' does not apply to attribute set 'Default', and will not be imported"
WARNING,10,-1,"The attribute 'sink_overflow' does not apply to attribute set 'Default', and will not be imported"
WARNING,10,-1,"The attribute 'includes_seat' does not apply to attribute set 'Default', and will not be imported"
WARNING,10,-1,"The attribute 'watersense_certified' does not apply to attribute set 'Default', and will not be imported"
WARNING,10,-1,"The attribute 'hand_showersh_ncludes_hose' does not apply to attribute set 'Default', and will not be imported"
WARNING,10,-1,"The attribute 'hand_showersh_includes_slide_bar' does not apply to attribute set 'Default', and will not be imported"
WARNING,10,-1,"The attribute 'bath_shower_faucets_includes_handles' does not apply to attribute set 'Default', and will not be imported"
WARNING,10,-1,"The attribute 'lighting_energy_star' does not apply to attribute set 'Default', and will not be imported"
WARNING,10,-1,"The attribute 'soap_dispencers_opening' does not apply to attribute set 'Default', and will not be imported"
WARNING,11,-1,"The attribute 'sale' does not apply to attribute set 'Default', and will not be imported"
WARNING,11,-1,"The attribute 'california_compliant' does not apply to attribute set 'Default', and will not be imported"
WARNING,11,-1,"The attribute 'includes_seats' does not apply to attribute set 'Default', and will not be imported"
WARNING,11,-1,"The attribute 'sink_overflow' does not apply to attribute set 'Default', and will not be imported"
WARNING,11,-1,"The attribute 'includes_seat' does not apply to attribute set 'Default', and will not be imported"
WARNING,11,-1,"The attribute 'watersense_certified' does not apply to attribute set 'Default', and will not be imported"
WARNING,11,-1,"The attribute 'hand_showersh_ncludes_hose' does not apply to attribute set 'Default', and will not be imported"
WARNING,11,-1,"The attribute 'hand_showersh_includes_slide_bar' does not apply to attribute set 'Default', and will not be imported"
WARNING,11,-1,"The attribute 'bath_shower_faucets_includes_handles' does not apply to attribute set 'Default', and will not be imported"
WARNING,11,-1,"The attribute 'lighting_energy_star' does not apply to attribute set 'Default', and will not be imported"
WARNING,11,-1,"The attribute 'soap_dispencers_opening' does not apply to attribute set 'Default', and will not be imported"
WARNING,12,-1,"The attribute 'sale' does not apply to attribute set 'Default', and will not be imported"
WARNING,12,-1,"The attribute 'california_compliant' does not apply to attribute set 'Default', and will not be imported"
WARNING,12,-1,"The attribute 'includes_seats' does not apply to attribute set 'Default', and will not be imported"
WARNING,12,-1,"The attribute 'sink_overflow' does not apply to attribute set 'Default', and will not be imported"
WARNING,12,-1,"The attribute 'includes_seat' does not apply to attribute set 'Default', and will not be imported"
WARNING,12,-1,"The attribute 'watersense_certified' does not apply to attribute set 'Default', and will not be imported"
WARNING,12,-1,"The attribute 'hand_showersh_ncludes_hose' does not apply to attribute set 'Default', and will not be imported"
WARNING,12,-1,"The attribute 'hand_showersh_includes_slide_bar' does not apply to attribute set 'Default', and will not be imported"
WARNING,12,-1,"The attribute 'bath_shower_faucets_includes_handles' does not apply to attribute set 'Default', and will not be imported"
WARNING,12,-1,"The attribute 'lighting_energy_star' does not apply to attribute set 'Default', and will not be imported"
WARNING,12,-1,"The attribute 'soap_dispencers_opening' does not apply to attribute set 'Default', and will not be imported"
WARNING,13,-1,"The attribute 'sale' does not apply to attribute set 'Default', and will not be imported"
WARNING,13,-1,"The attribute 'california_compliant' does not apply to attribute set 'Default', and will not be imported"
WARNING,13,-1,"The attribute 'includes_seats' does not apply to attribute set 'Default', and will not be imported"
WARNING,13,-1,"The attribute 'sink_overflow' does not apply to attribute set 'Default', and will not be imported"
WARNING,13,-1,"The attribute 'includes_seat' does not apply to attribute set 'Default', and will not be imported"
WARNING,13,-1,"The attribute 'watersense_certified' does not apply to attribute set 'Default', and will not be imported"
WARNING,13,-1,"The attribute 'hand_showersh_ncludes_hose' does not apply to attribute set 'Default', and will not be imported"
WARNING,13,-1,"The attribute 'hand_showersh_includes_slide_bar' does not apply to attribute set 'Default', and will not be imported"
WARNING,13,-1,"The attribute 'bath_shower_faucets_includes_handles' does not apply to attribute set 'Default', and will not be imported"
WARNING,13,-1,"The attribute 'lighting_energy_star' does not apply to attribute set 'Default', and will not be imported"
WARNING,13,-1,"The attribute 'soap_dispencers_opening' does not apply to attribute set 'Default', and will not be imported"
WARNING,14,-1,"The attribute 'sale' does not apply to attribute set 'Default', and will not be imported"
WARNING,14,-1,"The attribute 'california_compliant' does not apply to attribute set 'Default', and will not be imported"
WARNING,14,-1,"The attribute 'includes_seats' does not apply to attribute set 'Default', and will not be imported"
WARNING,14,-1,"The attribute 'sink_overflow' does not apply to attribute set 'Default', and will not be imported"
WARNING,14,-1,"The attribute 'includes_seat' does not apply to attribute set 'Default', and will not be imported"
WARNING,14,-1,"The attribute 'watersense_certified' does not apply to attribute set 'Default', and will not be imported"
WARNING,14,-1,"The attribute 'hand_showersh_ncludes_hose' does not apply to attribute set 'Default', and will not be imported"
WARNING,14,-1,"The attribute 'hand_showersh_includes_slide_bar' does not apply to attribute set 'Default', and will not be imported"
WARNING,14,-1,"The attribute 'bath_shower_faucets_includes_handles' does not apply to attribute set 'Default', and will not be imported"
WARNING,14,-1,"The attribute 'lighting_energy_star' does not apply to attribute set 'Default', and will not be imported"
WARNING,14,-1,"The attribute 'soap_dispencers_opening' does not apply to attribute set 'Default', and will not be imported"
WARNING,15,-1,"The attribute 'sale' does not apply to attribute set 'Default', and will not be imported"
WARNING,15,-1,"The attribute 'california_compliant' does not apply to attribute set 'Default', and will not be imported"
WARNING,15,-1,"The attribute 'includes_seats' does not apply to attribute set 'Default', and will not be imported"
WARNING,15,-1,"The attribute 'sink_overflow' does not apply to attribute set 'Default', and will not be imported"
WARNING,15,-1,"The attribute 'includes_seat' does not apply to attribute set 'Default', and will not be imported"
WARNING,15,-1,"The attribute 'watersense_certified' does not apply to attribute set 'Default', and will not be imported"
WARNING,15,-1,"The attribute 'hand_showersh_ncludes_hose' does not apply to attribute set 'Default', and will not be imported"
WARNING,15,-1,"The attribute 'hand_showersh_includes_slide_bar' does not apply to attribute set 'Default', and will not be imported"
WARNING,15,-1,"The attribute 'bath_shower_faucets_includes_handles' does not apply to attribute set 'Default', and will not be imported"
WARNING,15,-1,"The attribute 'lighting_energy_star' does not apply to attribute set 'Default', and will not be imported"
WARNING,15,-1,"The attribute 'soap_dispencers_opening' does not apply to attribute set 'Default', and will not be imported"
WARNING,16,-1,"The attribute 'sale' does not apply to attribute set 'Default', and will not be imported"
WARNING,16,-1,"The attribute 'california_compliant' does not apply to attribute set 'Default', and will not be imported"
WARNING,16,-1,"The attribute 'includes_seats' does not apply to attribute set 'Default', and will not be imported"
WARNING,16,-1,"The attribute 'sink_overflow' does not apply to attribute set 'Default', and will not be imported"
WARNING,16,-1,"The attribute 'includes_seat' does not apply to attribute set 'Default', and will not be imported"
WARNING,16,-1,"The attribute 'watersense_certified' does not apply to attribute set 'Default', and will not be imported"
WARNING,16,-1,"The attribute 'hand_showersh_ncludes_hose' does not apply to attribute set 'Default', and will not be imported"
WARNING,16,-1,"The attribute 'hand_showersh_includes_slide_bar' does not apply to attribute set 'Default', and will not be imported"
WARNING,16,-1,"The attribute 'bath_shower_faucets_includes_handles' does not apply to attribute set 'Default', and will not be imported"
WARNING,16,-1,"The attribute 'lighting_energy_star' does not apply to attribute set 'Default', and will not be imported"
WARNING,16,-1,"The attribute 'soap_dispencers_opening' does not apply to attribute set 'Default', and will not be imported"
WARNING,17,-1,"The attribute 'sale' does not apply to attribute set 'Default', and will not be imported"
WARNING,17,-1,"The attribute 'california_compliant' does not apply to attribute set 'Default', and will not be imported"
WARNING,17,-1,"The attribute 'includes_seats' does not apply to attribute set 'Default', and will not be imported"
WARNING,17,-1,"The attribute 'sink_overflow' does not apply to attribute set 'Default', and will not be imported"
WARNING,17,-1,"The attribute 'includes_seat' does not apply to attribute set 'Default', and will not be imported"
WARNING,17,-1,"The attribute 'watersense_certified' does not apply to attribute set 'Default', and will not be imported"
WARNING,17,-1,"The attribute 'hand_showersh_ncludes_hose' does not apply to attribute set 'Default', and will not be imported"
WARNING,17,-1,"The attribute 'hand_showersh_includes_slide_bar' does not apply to attribute set 'Default', and will not be imported"
WARNING,17,-1,"The attribute 'bath_shower_faucets_includes_handles' does not apply to attribute set 'Default', and will not be imported"
WARNING,17,-1,"The attribute 'lighting_energy_star' does not apply to attribute set 'Default', and will not be imported"
WARNING,17,-1,"The attribute 'soap_dispencers_opening' does not apply to attribute set 'Default', and will not be imported"
WARNING,18,-1,"The attribute 'sale' does not apply to attribute set 'Default', and will not be imported"
WARNING,18,-1,"The attribute 'california_compliant' does not apply to attribute set 'Default', and will not be imported"
WARNING,18,-1,"The attribute 'includes_seats' does not apply to attribute set 'Default', and will not be imported"
WARNING,18,-1,"The attribute 'sink_overflow' does not apply to attribute set 'Default', and will not be imported"
WARNING,18,-1,"The attribute 'includes_seat' does not apply to attribute set 'Default', and will not be imported"
WARNING,18,-1,"The attribute 'watersense_certified' does not apply to attribute set 'Default', and will not be imported"
WARNING,18,-1,"The attribute 'hand_showersh_ncludes_hose' does not apply to attribute set 'Default', and will not be imported"
WARNING,18,-1,"The attribute 'hand_showersh_includes_slide_bar' does not apply to attribute set 'Default', and will not be imported"
WARNING,18,-1,"The attribute 'bath_shower_faucets_includes_handles' does not apply to attribute set 'Default', and will not be imported"
WARNING,18,-1,"The attribute 'lighting_energy_star' does not apply to attribute set 'Default', and will not be imported"
WARNING,18,-1,"The attribute 'soap_dispencers_opening' does not apply to attribute set 'Default', and will not be imported"
WARNING,19,-1,"The attribute 'sale' does not apply to attribute set 'Default', and will not be imported"
WARNING,19,-1,"The attribute 'california_compliant' does not apply to attribute set 'Default', and will not be imported"
WARNING,19,-1,"The attribute 'includes_seats' does not apply to attribute set 'Default', and will not be imported"
WARNING,19,-1,"The attribute 'sink_overflow' does not apply to attribute set 'Default', and will not be imported"
WARNING,19,-1,"The attribute 'includes_seat' does not apply to attribute set 'Default', and will not be imported"
WARNING,19,-1,"The attribute 'watersense_certified' does not apply to attribute set 'Default', and will not be imported"
WARNING,19,-1,"The attribute 'hand_showersh_ncludes_hose' does not apply to attribute set 'Default', and will not be imported"
WARNING,19,-1,"The attribute 'hand_showersh_includes_slide_bar' does not apply to attribute set 'Default', and will not be imported"
WARNING,19,-1,"The attribute 'bath_shower_faucets_includes_handles' does not apply to attribute set 'Default', and will not be imported"
WARNING,19,-1,"The attribute 'lighting_energy_star' does not apply to attribute set 'Default', and will not be imported"
WARNING,19,-1,"The attribute 'soap_dispencers_opening' does not apply to attribute set 'Default', and will not be imported"
WARNING,20,-1,"The attribute 'sale' does not apply to attribute set 'Default', and will not be imported"
WARNING,20,-1,"The attribute 'california_compliant' does not apply to attribute set 'Default', and will not be imported"
WARNING,20,-1,"The attribute 'includes_seats' does not apply to attribute set 'Default', and will not be imported"
WARNING,20,-1,"The attribute 'sink_overflow' does not apply to attribute set 'Default', and will not be imported"
WARNING,20,-1,"The attribute 'includes_seat' does not apply to attribute set 'Default', and will not be imported"
WARNING,20,-1,"The attribute 'watersense_certified' does not apply to attribute set 'Default', and will not be imported"
WARNING,20,-1,"The attribute 'hand_showersh_ncludes_hose' does not apply to attribute set 'Default', and will not be imported"
WARNING,20,-1,"The attribute 'hand_showersh_includes_slide_bar' does not apply to attribute set 'Default', and will not be imported"
WARNING,20,-1,"The attribute 'bath_shower_faucets_includes_handles' does not apply to attribute set 'Default', and will not be imported"
WARNING,20,-1,"The attribute 'lighting_energy_star' does not apply to attribute set 'Default', and will not be imported"
WARNING,20,-1,"The attribute 'soap_dispencers_opening' does not apply to attribute set 'Default', and will not be imported"
WARNING,21,-1,"The attribute 'sale' does not apply to attribute set 'Default', and will not be imported"
WARNING,21,-1,"The attribute 'california_compliant' does not apply to attribute set 'Default', and will not be imported"
WARNING,21,-1,"The attribute 'includes_seats' does not apply to attribute set 'Default', and will not be imported"
WARNING,21,-1,"The attribute 'sink_overflow' does not apply to attribute set 'Default', and will not be imported"
WARNING,21,-1,"The attribute 'includes_seat' does not apply to attribute set 'Default', and will not be imported"
WARNING,21,-1,"The attribute 'watersense_certified' does not apply to attribute set 'Default', and will not be imported"
WARNING,21,-1,"The attribute 'hand_showersh_ncludes_hose' does not apply to attribute set 'Default', and will not be imported"
WARNING,21,-1,"The attribute 'hand_showersh_includes_slide_bar' does not apply to attribute set 'Default', and will not be imported"
WARNING,21,-1,"The attribute 'bath_shower_faucets_includes_handles' does not apply to attribute set 'Default', and will not be imported"
WARNING,21,-1,"The attribute 'lighting_energy_star' does not apply to attribute set 'Default', and will not be imported"
WARNING,21,-1,"The attribute 'soap_dispencers_opening' does not apply to attribute set 'Default', and will not be imported"
WARNING,22,-1,"The attribute 'sale' does not apply to attribute set 'Default', and will not be imported"
WARNING,22,-1,"The attribute 'california_compliant' does not apply to attribute set 'Default', and will not be imported"
WARNING,22,-1,"The attribute 'includes_seats' does not apply to attribute set 'Default', and will not be imported"
WARNING,22,-1,"The attribute 'sink_overflow' does not apply to attribute set 'Default', and will not be imported"
WARNING,22,-1,"The attribute 'includes_seat' does not apply to attribute set 'Default', and will not be imported"
WARNING,22,-1,"The attribute 'watersense_certified' does not apply to attribute set 'Default', and will not be imported"
WARNING,22,-1,"The attribute 'hand_showersh_ncludes_hose' does not apply to attribute set 'Default', and will not be imported"
WARNING,22,-1,"The attribute 'hand_showersh_includes_slide_bar' does not apply to attribute set 'Default', and will not be imported"
WARNING,22,-1,"The attribute 'bath_shower_faucets_includes_handles' does not apply to attribute set 'Default', and will not be imported"
WARNING,22,-1,"The attribute 'lighting_energy_star' does not apply to attribute set 'Default', and will not be imported"
WARNING,22,-1,"The attribute 'soap_dispencers_opening' does not apply to attribute set 'Default', and will not be imported"
WARNING,23,-1,"The attribute 'sale' does not apply to attribute set 'Default', and will not be imported"
WARNING,23,-1,"The attribute 'california_compliant' does not apply to attribute set 'Default', and will not be imported"
WARNING,23,-1,"The attribute 'includes_seats' does not apply to attribute set 'Default', and will not be imported"
WARNING,23,-1,"The attribute 'sink_overflow' does not apply to attribute set 'Default', and will not be imported"
WARNING,23,-1,"The attribute 'includes_seat' does not apply to attribute set 'Default', and will not be imported"
WARNING,23,-1,"The attribute 'watersense_certified' does not apply to attribute set 'Default', and will not be imported"
WARNING,23,-1,"The attribute 'hand_showersh_ncludes_hose' does not apply to attribute set 'Default', and will not be imported"
WARNING,23,-1,"The attribute 'hand_showersh_includes_slide_bar' does not apply to attribute set 'Default', and will not be imported"
WARNING,23,-1,"The attribute 'bath_shower_faucets_includes_handles' does not apply to attribute set 'Default', and will not be imported"
WARNING,23,-1,"The attribute 'lighting_energy_star' does not apply to attribute set 'Default', and will not be imported"
WARNING,23,-1,"The attribute 'soap_dispencers_opening' does not apply to attribute set 'Default', and will not be imported"
WARNING,24,-1,"The attribute 'sale' does not apply to attribute set 'Default', and will not be imported"
WARNING,24,-1,"The attribute 'california_compliant' does not apply to attribute set 'Default', and will not be imported"
WARNING,24,-1,"The attribute 'includes_seats' does not apply to attribute set 'Default', and will not be imported"
WARNING,24,-1,"The attribute 'sink_overflow' does not apply to attribute set 'Default', and will not be imported"
WARNING,24,-1,"The attribute 'includes_seat' does not apply to attribute set 'Default', and will not be imported"
WARNING,24,-1,"The attribute 'watersense_certified' does not apply to attribute set 'Default', and will not be imported"
WARNING,24,-1,"The attribute 'hand_showersh_ncludes_hose' does not apply to attribute set 'Default', and will not be imported"
WARNING,24,-1,"The attribute 'hand_showersh_includes_slide_bar' does not apply to attribute set 'Default', and will not be imported"
WARNING,24,-1,"The attribute 'bath_shower_faucets_includes_handles' does not apply to attribute set 'Default', and will not be imported"
WARNING,24,-1,"The attribute 'lighting_energy_star' does not apply to attribute set 'Default', and will not be imported"
WARNING,24,-1,"The attribute 'soap_dispencers_opening' does not apply to attribute set 'Default', and will not be imported"
WARNING,25,-1,"The attribute 'sale' does not apply to attribute set 'Default', and will not be imported"
WARNING,25,-1,"The attribute 'california_compliant' does not apply to attribute set 'Default', and will not be imported"
WARNING,25,-1,"The attribute 'includes_seats' does not apply to attribute set 'Default', and will not be imported"
WARNING,25,-1,"The attribute 'sink_overflow' does not apply to attribute set 'Default', and will not be imported"
WARNING,25,-1,"The attribute 'includes_seat' does not apply to attribute set 'Default', and will not be imported"
WARNING,25,-1,"The attribute 'watersense_certified' does not apply to attribute set 'Default', and will not be imported"
WARNING,25,-1,"The attribute 'hand_showersh_ncludes_hose' does not apply to attribute set 'Default', and will not be imported"
WARNING,25,-1,"The attribute 'hand_showersh_includes_slide_bar' does not apply to attribute set 'Default', and will not be imported"
WARNING,25,-1,"The attribute 'bath_shower_faucets_includes_handles' does not apply to attribute set 'Default', and will not be imported"
WARNING,25,-1,"The attribute 'lighting_energy_star' does not apply to attribute set 'Default', and will not be imported"
WARNING,25,-1,"The attribute 'soap_dispencers_opening' does not apply to attribute set 'Default', and will not be imported"
WARNING,26,-1,"The attribute 'sale' does not apply to attribute set 'Default', and will not be imported"
WARNING,26,-1,"The attribute 'california_compliant' does not apply to attribute set 'Default', and will not be imported"
WARNING,26,-1,"The attribute 'includes_seats' does not apply to attribute set 'Default', and will not be imported"
WARNING,26,-1,"The attribute 'sink_overflow' does not apply to attribute set 'Default', and will not be imported"
WARNING,26,-1,"The attribute 'includes_seat' does not apply to attribute set 'Default', and will not be imported"
WARNING,26,-1,"The attribute 'watersense_certified' does not apply to attribute set 'Default', and will not be imported"
WARNING,26,-1,"The attribute 'hand_showersh_ncludes_hose' does not apply to attribute set 'Default', and will not be imported"
WARNING,26,-1,"The attribute 'hand_showersh_includes_slide_bar' does not apply to attribute set 'Default', and will not be imported"
WARNING,26,-1,"The attribute 'bath_shower_faucets_includes_handles' does not apply to attribute set 'Default', and will not be imported"
WARNING,26,-1,"The attribute 'lighting_energy_star' does not apply to attribute set 'Default', and will not be imported"
WARNING,26,-1,"The attribute 'soap_dispencers_opening' does not apply to attribute set 'Default', and will not be imported"
WARNING,27,-1,"The attribute 'sale' does not apply to attribute set 'Default', and will not be imported"
WARNING,27,-1,"The attribute 'california_compliant' does not apply to attribute set 'Default', and will not be imported"
WARNING,27,-1,"The attribute 'includes_seats' does not apply to attribute set 'Default', and will not be imported"
WARNING,27,-1,"The attribute 'sink_overflow' does not apply to attribute set 'Default', and will not be imported"
WARNING,27,-1,"The attribute 'includes_seat' does not apply to attribute set 'Default', and will not be imported"
WARNING,27,-1,"The attribute 'watersense_certified' does not apply to attribute set 'Default', and will not be imported"
WARNING,27,-1,"The attribute 'hand_showersh_ncludes_hose' does not apply to attribute set 'Default', and will not be imported"
WARNING,27,-1,"The attribute 'hand_showersh_includes_slide_bar' does not apply to attribute set 'Default', and will not be imported"
WARNING,27,-1,"The attribute 'bath_shower_faucets_includes_handles' does not apply to attribute set 'Default', and will not be imported"
WARNING,27,-1,"The attribute 'lighting_energy_star' does not apply to attribute set 'Default', and will not be imported"
WARNING,27,-1,"The attribute 'soap_dispencers_opening' does not apply to attribute set 'Default', and will not be imported"
WARNING,28,-1,"The attribute 'sale' does not apply to attribute set 'Default', and will not be imported"
WARNING,28,-1,"The attribute 'california_compliant' does not apply to attribute set 'Default', and will not be imported"
WARNING,28,-1,"The attribute 'includes_seats' does not apply to attribute set 'Default', and will not be imported"
WARNING,28,-1,"The attribute 'sink_overflow' does not apply to attribute set 'Default', and will not be imported"
WARNING,28,-1,"The attribute 'includes_seat' does not apply to attribute set 'Default', and will not be imported"
WARNING,28,-1,"The attribute 'watersense_certified' does not apply to attribute set 'Default', and will not be imported"
WARNING,28,-1,"The attribute 'hand_showersh_ncludes_hose' does not apply to attribute set 'Default', and will not be imported"
WARNING,28,-1,"The attribute 'hand_showersh_includes_slide_bar' does not apply to attribute set 'Default', and will not be imported"
WARNING,28,-1,"The attribute 'bath_shower_faucets_includes_handles' does not apply to attribute set 'Default', and will not be imported"
WARNING,28,-1,"The attribute 'lighting_energy_star' does not apply to attribute set 'Default', and will not be imported"
WARNING,28,-1,"The attribute 'soap_dispencers_opening' does not apply to attribute set 'Default', and will not be imported"
WARNING,29,-1,"The attribute 'sale' does not apply to attribute set 'Default', and will not be imported"
WARNING,29,-1,"The attribute 'california_compliant' does not apply to attribute set 'Default', and will not be imported"
WARNING,29,-1,"The attribute 'includes_seats' does not apply to attribute set 'Default', and will not be imported"
WARNING,29,-1,"The attribute 'sink_overflow' does not apply to attribute set 'Default', and will not be imported"
WARNING,29,-1,"The attribute 'includes_seat' does not apply to attribute set 'Default', and will not be imported"
WARNING,29,-1,"The attribute 'watersense_certified' does not apply to attribute set 'Default', and will not be imported"
WARNING,29,-1,"The attribute 'hand_showersh_ncludes_hose' does not apply to attribute set 'Default', and will not be imported"
WARNING,29,-1,"The attribute 'hand_showersh_includes_slide_bar' does not apply to attribute set 'Default', and will not be imported"
WARNING,29,-1,"The attribute 'bath_shower_faucets_includes_handles' does not apply to attribute set 'Default', and will not be imported"
WARNING,29,-1,"The attribute 'lighting_energy_star' does not apply to attribute set 'Default', and will not be imported"
WARNING,29,-1,"The attribute 'soap_dispencers_opening' does not apply to attribute set 'Default', and will not be imported"
WARNING,30,-1,"The attribute 'sale' does not apply to attribute set 'Default', and will not be imported"
WARNING,30,-1,"The attribute 'california_compliant' does not apply to attribute set 'Default', and will not be imported"
WARNING,30,-1,"The attribute 'includes_seats' does not apply to attribute set 'Default', and will not be imported"
WARNING,30,-1,"The attribute 'sink_overflow' does not apply to attribute set 'Default', and will not be imported"
WARNING,30,-1,"The attribute 'includes_seat' does not apply to attribute set 'Default', and will not be imported"
WARNING,30,-1,"The attribute 'watersense_certified' does not apply to attribute set 'Default', and will not be imported"
WARNING,30,-1,"The attribute 'hand_showersh_ncludes_hose' does not apply to attribute set 'Default', and will not be imported"
WARNING,30,-1,"The attribute 'hand_showersh_includes_slide_bar' does not apply to attribute set 'Default', and will not be imported"
WARNING,30,-1,"The attribute 'bath_shower_faucets_includes_handles' does not apply to attribute set 'Default', and will not be imported"
WARNING,30,-1,"The attribute 'lighting_energy_star' does not apply to attribute set 'Default', and will not be imported"
WARNING,30,-1,"The attribute 'soap_dispencers_opening' does not apply to attribute set 'Default', and will not be imported"
WARNING,31,-1,"The attribute 'sale' does not apply to attribute set 'Default', and will not be imported"
WARNING,31,-1,"The attribute 'california_compliant' does not apply to attribute set 'Default', and will not be imported"
WARNING,31,-1,"The attribute 'includes_seats' does not apply to attribute set 'Default', and will not be imported"
WARNING,31,-1,"The attribute 'sink_overflow' does not apply to attribute set 'Default', and will not be imported"
WARNING,31,-1,"The attribute 'includes_seat' does not apply to attribute set 'Default', and will not be imported"
WARNING,31,-1,"The attribute 'watersense_certified' does not apply to attribute set 'Default', and will not be imported"
WARNING,31,-1,"The attribute 'hand_showersh_ncludes_hose' does not apply to attribute set 'Default', and will not be imported"
WARNING,31,-1,"The attribute 'hand_showersh_includes_slide_bar' does not apply to attribute set 'Default', and will not be imported"
WARNING,31,-1,"The attribute 'bath_shower_faucets_includes_handles' does not apply to attribute set 'Default', and will not be imported"
WARNING,31,-1,"The attribute 'lighting_energy_star' does not apply to attribute set 'Default', and will not be imported"
WARNING,31,-1,"The attribute 'soap_dispencers_opening' does not apply to attribute set 'Default', and will not be imported"
WARNING,32,-1,"The attribute 'sale' does not apply to attribute set 'Default', and will not be imported"
WARNING,32,-1,"The attribute 'california_compliant' does not apply to attribute set 'Default', and will not be imported"
WARNING,32,-1,"The attribute 'includes_seats' does not apply to attribute set 'Default', and will not be imported"
WARNING,32,-1,"The attribute 'sink_overflow' does not apply to attribute set 'Default', and will not be imported"
WARNING,32,-1,"The attribute 'includes_seat' does not apply to attribute set 'Default', and will not be imported"
WARNING,32,-1,"The attribute 'watersense_certified' does not apply to attribute set 'Default', and will not be imported"
WARNING,32,-1,"The attribute 'hand_showersh_ncludes_hose' does not apply to attribute set 'Default', and will not be imported"
WARNING,32,-1,"The attribute 'hand_showersh_includes_slide_bar' does not apply to attribute set 'Default', and will not be imported"
WARNING,32,-1,"The attribute 'bath_shower_faucets_includes_handles' does not apply to attribute set 'Default', and will not be imported"
WARNING,32,-1,"The attribute 'lighting_energy_star' does not apply to attribute set 'Default', and will not be imported"
WARNING,32,-1,"The attribute 'soap_dispencers_opening' does not apply to attribute set 'Default', and will not be imported"
WARNING,33,-1,"The attribute 'sale' does not apply to attribute set 'Default', and will not be imported"
WARNING,33,-1,"The attribute 'california_compliant' does not apply to attribute set 'Default', and will not be imported"
WARNING,33,-1,"The attribute 'includes_seats' does not apply to attribute set 'Default', and will not be imported"
WARNING,33,-1,"The attribute 'sink_overflow' does not apply to attribute set 'Default', and will not be imported"
WARNING,33,-1,"The attribute 'includes_seat' does not apply to attribute set 'Default', and will not be imported"
WARNING,33,-1,"The attribute 'watersense_certified' does not apply to attribute set 'Default', and will not be imported"
WARNING,33,-1,"The attribute 'hand_showersh_ncludes_hose' does not apply to attribute set 'Default', and will not be imported"
WARNING,33,-1,"The attribute 'hand_showersh_includes_slide_bar' does not apply to attribute set 'Default', and will not be imported"
WARNING,33,-1,"The attribute 'bath_shower_faucets_includes_handles' does not apply to attribute set 'Default', and will not be imported"
WARNING,33,-1,"The attribute 'lighting_energy_star' does not apply to attribute set 'Default', and will not be imported"
WARNING,33,-1,"The attribute 'soap_dispencers_opening' does not apply to attribute set 'Default', and will not be imported"
WARNING,34,-1,"The attribute 'sale' does not apply to attribute set 'Default', and will not be imported"
WARNING,34,-1,"The attribute 'california_compliant' does not apply to attribute set 'Default', and will not be imported"
WARNING,34,-1,"The attribute 'includes_seats' does not apply to attribute set 'Default', and will not be imported"
WARNING,34,-1,"The attribute 'sink_overflow' does not apply to attribute set 'Default', and will not be imported"
WARNING,34,-1,"The attribute 'includes_seat' does not apply to attribute set 'Default', and will not be imported"
WARNING,34,-1,"The attribute 'watersense_certified' does not apply to attribute set 'Default', and will not be imported"
WARNING,34,-1,"The attribute 'hand_showersh_ncludes_hose' does not apply to attribute set 'Default', and will not be imported"
WARNING,34,-1,"The attribute 'hand_showersh_includes_slide_bar' does not apply to attribute set 'Default', and will not be imported"
WARNING,34,-1,"The attribute 'bath_shower_faucets_includes_handles' does not apply to attribute set 'Default', and will not be imported"
WARNING,34,-1,"The attribute 'lighting_energy_star' does not apply to attribute set 'Default', and will not be imported"
WARNING,34,-1,"The attribute 'soap_dispencers_opening' does not apply to attribute set 'Default', and will not be imported"
WARNING,35,-1,"The attribute 'sale' does not apply to attribute set 'Default', and will not be imported"
WARNING,35,-1,"The attribute 'california_compliant' does not apply to attribute set 'Default', and will not be imported"
WARNING,35,-1,"The attribute 'includes_seats' does not apply to attribute set 'Default', and will not be imported"
WARNING,35,-1,"The attribute 'sink_overflow' does not apply to attribute set 'Default', and will not be imported"
WARNING,35,-1,"The attribute 'includes_seat' does not apply to attribute set 'Default', and will not be imported"
WARNING,35,-1,"The attribute 'watersense_certified' does not apply to attribute set 'Default', and will not be imported"
WARNING,35,-1,"The attribute 'hand_showersh_ncludes_hose' does not apply to attribute set 'Default', and will not be imported"
WARNING,35,-1,"The attribute 'hand_showersh_includes_slide_bar' does not apply to attribute set 'Default', and will not be imported"
WARNING,35,-1,"The attribute 'bath_shower_faucets_includes_handles' does not apply to attribute set 'Default', and will not be imported"
WARNING,35,-1,"The attribute 'lighting_energy_star' does not apply to attribute set 'Default', and will not be imported"
WARNING,35,-1,"The attribute 'soap_dispencers_opening' does not apply to attribute set 'Default', and will not be imported"
WARNING,36,-1,"The attribute 'sale' does not apply to attribute set 'Default', and will not be imported"
WARNING,36,-1,"The attribute 'california_compliant' does not apply to attribute set 'Default', and will not be imported"
WARNING,36,-1,"The attribute 'includes_seats' does not apply to attribute set 'Default', and will not be imported"
WARNING,36,-1,"The attribute 'sink_overflow' does not apply to attribute set 'Default', and will not be imported"
WARNING,36,-1,"The attribute 'includes_seat' does not apply to attribute set 'Default', and will not be imported"
WARNING,36,-1,"The attribute 'watersense_certified' does not apply to attribute set 'Default', and will not be imported"
WARNING,36,-1,"The attribute 'hand_showersh_ncludes_hose' does not apply to attribute set 'Default', and will not be imported"
WARNING,36,-1,"The attribute 'hand_showersh_includes_slide_bar' does not apply to attribute set 'Default', and will not be imported"
WARNING,36,-1,"The attribute 'bath_shower_faucets_includes_handles' does not apply to attribute set 'Default', and will not be imported"
WARNING,36,-1,"The attribute 'lighting_energy_star' does not apply to attribute set 'Default', and will not be imported"
WARNING,36,-1,"The attribute 'soap_dispencers_opening' does not apply to attribute set 'Default', and will not be imported"
WARNING,37,-1,"The attribute 'sale' does not apply to attribute set 'Default', and will not be imported"
WARNING,37,-1,"The attribute 'california_compliant' does not apply to attribute set 'Default', and will not be imported"
WARNING,37,-1,"The attribute 'includes_seats' does not apply to attribute set 'Default', and will not be imported"
WARNING,37,-1,"The attribute 'sink_overflow' does not apply to attribute set 'Default', and will not be imported"
WARNING,37,-1,"The attribute 'includes_seat' does not apply to attribute set 'Default', and will not be imported"
WARNING,37,-1,"The attribute 'watersense_certified' does not apply to attribute set 'Default', and will not be imported"
WARNING,37,-1,"The attribute 'hand_showersh_ncludes_hose' does not apply to attribute set 'Default', and will not be imported"
WARNING,37,-1,"The attribute 'hand_showersh_includes_slide_bar' does not apply to attribute set 'Default', and will not be imported"
WARNING,37,-1,"The attribute 'bath_shower_faucets_includes_handles' does not apply to attribute set 'Default', and will not be imported"
WARNING,37,-1,"The attribute 'lighting_energy_star' does not apply to attribute set 'Default', and will not be imported"
WARNING,37,-1,"The attribute 'soap_dispencers_opening' does not apply to attribute set 'Default', and will not be imported"
WARNING,38,-1,"The attribute 'sale' does not apply to attribute set 'Default', and will not be imported"
WARNING,38,-1,"The attribute 'california_compliant' does not apply to attribute set 'Default', and will not be imported"
WARNING,38,-1,"The attribute 'includes_seats' does not apply to attribute set 'Default', and will not be imported"
WARNING,38,-1,"The attribute 'sink_overflow' does not apply to attribute set 'Default', and will not be imported"
WARNING,38,-1,"The attribute 'includes_seat' does not apply to attribute set 'Default', and will not be imported"
WARNING,38,-1,"The attribute 'watersense_certified' does not apply to attribute set 'Default', and will not be imported"
WARNING,38,-1,"The attribute 'hand_showersh_ncludes_hose' does not apply to attribute set 'Default', and will not be imported"
WARNING,38,-1,"The attribute 'hand_showersh_includes_slide_bar' does not apply to attribute set 'Default', and will not be imported"
WARNING,38,-1,"The attribute 'bath_shower_faucets_includes_handles' does not apply to attribute set 'Default', and will not be imported"
WARNING,38,-1,"The attribute 'lighting_energy_star' does not apply to attribute set 'Default', and will not be imported"
WARNING,38,-1,"The attribute 'soap_dispencers_opening' does not apply to attribute set 'Default', and will not be imported"
WARNING,39,-1,"The attribute 'sale' does not apply to attribute set 'Default', and will not be imported"
WARNING,39,-1,"The attribute 'california_compliant' does not apply to attribute set 'Default', and will not be imported"
WARNING,39,-1,"The attribute 'includes_seats' does not apply to attribute set 'Default', and will not be imported"
WARNING,39,-1,"The attribute 'sink_overflow' does not apply to attribute set 'Default', and will not be imported"
WARNING,39,-1,"The attribute 'includes_seat' does not apply to attribute set 'Default', and will not be imported"
WARNING,39,-1,"The attribute 'watersense_certified' does not apply to attribute set 'Default', and will not be imported"
WARNING,39,-1,"The attribute 'hand_showersh_ncludes_hose' does not apply to attribute set 'Default', and will not be imported"
WARNING,39,-1,"The attribute 'hand_showersh_includes_slide_bar' does not apply to attribute set 'Default', and will not be imported"
WARNING,39,-1,"The attribute 'bath_shower_faucets_includes_handles' does not apply to attribute set 'Default', and will not be imported"
WARNING,39,-1,"The attribute 'lighting_energy_star' does not apply to attribute set 'Default', and will not be imported"
WARNING,39,-1,"The attribute 'soap_dispencers_opening' does not apply to attribute set 'Default', and will not be imported"
WARNING,40,-1,"The attribute 'sale' does not apply to attribute set 'Default', and will not be imported"
WARNING,40,-1,"The attribute 'california_compliant' does not apply to attribute set 'Default', and will not be imported"
WARNING,40,-1,"The attribute 'includes_seats' does not apply to attribute set 'Default', and will not be imported"
WARNING,40,-1,"The attribute 'sink_overflow' does not apply to attribute set 'Default', and will not be imported"
WARNING,40,-1,"The attribute 'includes_seat' does not apply to attribute set 'Default', and will not be imported"
WARNING,40,-1,"The attribute 'watersense_certified' does not apply to attribute set 'Default', and will not be imported"
WARNING,40,-1,"The attribute 'hand_showersh_ncludes_hose' does not apply to attribute set 'Default', and will not be imported"
WARNING,40,-1,"The attribute 'hand_showersh_includes_slide_bar' does not apply to attribute set 'Default', and will not be imported"
WARNING,40,-1,"The attribute 'bath_shower_faucets_includes_handles' does not apply to attribute set 'Default', and will not be imported"
WARNING,40,-1,"The attribute 'lighting_energy_star' does not apply to attribute set 'Default', and will not be imported"
WARNING,40,-1,"The attribute 'soap_dispencers_opening' does not apply to attribute set 'Default', and will not be imported"
WARNING,41,-1,"The attribute 'sale' does not apply to attribute set 'Default', and will not be imported"
WARNING,41,-1,"The attribute 'california_compliant' does not apply to attribute set 'Default', and will not be imported"
WARNING,41,-1,"The attribute 'includes_seats' does not apply to attribute set 'Default', and will not be imported"
WARNING,41,-1,"The attribute 'sink_overflow' does not apply to attribute set 'Default', and will not be imported"
WARNING,41,-1,"The attribute 'includes_seat' does not apply to attribute set 'Default', and will not be imported"
WARNING,41,-1,"The attribute 'watersense_certified' does not apply to attribute set 'Default', and will not be imported"
WARNING,41,-1,"The attribute 'hand_showersh_ncludes_hose' does not apply to attribute set 'Default', and will not be imported"
WARNING,41,-1,"The attribute 'hand_showersh_includes_slide_bar' does not apply to attribute set 'Default', and will not be imported"
WARNING,41,-1,"The attribute 'bath_shower_faucets_includes_handles' does not apply to attribute set 'Default', and will not be imported"
WARNING,41,-1,"The attribute 'lighting_energy_star' does not apply to attribute set 'Default', and will not be imported"
WARNING,41,-1,"The attribute 'soap_dispencers_opening' does not apply to attribute set 'Default', and will not be imported"
WARNING,42,-1,"The attribute 'sale' does not apply to attribute set 'Default', and will not be imported"
WARNING,42,-1,"The attribute 'california_compliant' does not apply to attribute set 'Default', and will not be imported"
WARNING,42,-1,"The attribute 'includes_seats' does not apply to attribute set 'Default', and will not be imported"
WARNING,42,-1,"The attribute 'sink_overflow' does not apply to attribute set 'Default', and will not be imported"
WARNING,42,-1,"The attribute 'includes_seat' does not apply to attribute set 'Default', and will not be imported"
WARNING,42,-1,"The attribute 'watersense_certified' does not apply to attribute set 'Default', and will not be imported"
WARNING,42,-1,"The attribute 'hand_showersh_ncludes_hose' does not apply to attribute set 'Default', and will not be imported"
WARNING,42,-1,"The attribute 'hand_showersh_includes_slide_bar' does not apply to attribute set 'Default', and will not be imported"
WARNING,42,-1,"The attribute 'bath_shower_faucets_includes_handles' does not apply to attribute set 'Default', and will not be imported"
WARNING,42,-1,"The attribute 'lighting_energy_star' does not apply to attribute set 'Default', and will not be imported"
WARNING,42,-1,"The attribute 'soap_dispencers_opening' does not apply to attribute set 'Default', and will not be imported"
WARNING,43,-1,"The attribute 'sale' does not apply to attribute set 'Default', and will not be imported"
WARNING,43,-1,"The attribute 'california_compliant' does not apply to attribute set 'Default', and will not be imported"
WARNING,43,-1,"The attribute 'includes_seats' does not apply to attribute set 'Default', and will not be imported"
WARNING,43,-1,"The attribute 'sink_overflow' does not apply to attribute set 'Default', and will not be imported"
WARNING,43,-1,"The attribute 'includes_seat' does not apply to attribute set 'Default', and will not be imported"
WARNING,43,-1,"The attribute 'watersense_certified' does not apply to attribute set 'Default', and will not be imported"
WARNING,43,-1,"The attribute 'hand_showersh_ncludes_hose' does not apply to attribute set 'Default', and will not be imported"
WARNING,43,-1,"The attribute 'hand_showersh_includes_slide_bar' does not apply to attribute set 'Default', and will not be imported"
WARNING,43,-1,"The attribute 'bath_shower_faucets_includes_handles' does not apply to attribute set 'Default', and will not be imported"
WARNING,43,-1,"The attribute 'lighting_energy_star' does not apply to attribute set 'Default', and will not be imported"
WARNING,43,-1,"The attribute 'soap_dispencers_opening' does not apply to attribute set 'Default', and will not be imported"
WARNING,44,-1,"The attribute 'sale' does not apply to attribute set 'Default', and will not be imported"
WARNING,44,-1,"The attribute 'california_compliant' does not apply to attribute set 'Default', and will not be imported"
WARNING,44,-1,"The attribute 'includes_seats' does not apply to attribute set 'Default', and will not be imported"
WARNING,44,-1,"The attribute 'sink_overflow' does not apply to attribute set 'Default', and will not be imported"
WARNING,44,-1,"The attribute 'includes_seat' does not apply to attribute set 'Default', and will not be imported"
WARNING,44,-1,"The attribute 'watersense_certified' does not apply to attribute set 'Default', and will not be imported"
WARNING,44,-1,"The attribute 'hand_showersh_ncludes_hose' does not apply to attribute set 'Default', and will not be imported"
WARNING,44,-1,"The attribute 'hand_showersh_includes_slide_bar' does not apply to attribute set 'Default', and will not be imported"
WARNING,44,-1,"The attribute 'bath_shower_faucets_includes_handles' does not apply to attribute set 'Default', and will not be imported"
WARNING,44,-1,"The attribute 'lighting_energy_star' does not apply to attribute set 'Default', and will not be imported"
WARNING,44,-1,"The attribute 'soap_dispencers_opening' does not apply to attribute set 'Default', and will not be imported"
SUCCESS,2,0,
SUCCESS,3,0,
SUCCESS,4,0,
SUCCESS,5,0,
SUCCESS,6,0,
SUCCESS,7,0,
SUCCESS,8,0,
SUCCESS,9,0,
SUCCESS,10,0,
SUCCESS,11,0,
SUCCESS,12,0,
SUCCESS,13,0,
SUCCESS,14,0,
SUCCESS,15,0,
SUCCESS,16,0,
SUCCESS,17,0,
SUCCESS,18,0,
SUCCESS,19,0,
SUCCESS,20,0,
SUCCESS,21,0,
SUCCESS,22,0,
SUCCESS,23,0,
SUCCESS,24,0,
SUCCESS,25,0,
SUCCESS,26,0,
SUCCESS,27,0,
SUCCESS,28,0,
SUCCESS,29,0,
SUCCESS,30,0,
SUCCESS,31,0,
SUCCESS,32,0,
SUCCESS,33,0,
SUCCESS,34,0,
SUCCESS,35,0,
SUCCESS,36,0,
SUCCESS,37,0,
SUCCESS,38,0,
SUCCESS,39,0,
SUCCESS,40,0,
SUCCESS,41,0,
SUCCESS,42,0,
SUCCESS,43,0,
SUCCESS,44,0,
ACTIVITY,,,"Reindexing: Catalog URL Rewrites"
