ACTIVITY,,,"Fetching number of rows"
ACTIVITY,,,Importing
SUCCESS,330,0,
SUCCESS,331,0,
SUCCESS,332,0,
SUCCESS,333,0,
SUCCESS,334,0,
SUCCESS,335,0,
SUCCESS,336,0,
SUCCESS,337,0,
SUCCESS,338,0,
SUCCESS,339,0,
SUCCESS,340,0,
SUCCESS,341,0,
SUCCESS,342,0,
SUCCESS,343,0,
SUCCESS,344,0,
SUCCESS,345,0,
SUCCESS,346,0,
SUCCESS,347,0,
SUCCESS,348,0,
SUCCESS,349,0,
SUCCESS,350,0,
SUCCESS,351,0,
SUCCESS,352,0,
SUCCESS,353,0,
SUCCESS,354,0,
SUCCESS,355,0,
SUCCESS,356,0,
SUCCESS,357,0,
SUCCESS,358,0,
SUCCESS,359,0,
SUCCESS,360,0,
SUCCESS,361,0,
SUCCESS,362,0,
SUCCESS,363,0,
SUCCESS,364,0,
SUCCESS,365,0,
SUCCESS,366,0,
SUCCESS,367,0,
SUCCESS,368,0,
SUCCESS,369,0,
SUCCESS,370,0,
SUCCESS,371,0,
SUCCESS,372,0,
SUCCESS,373,0,
SUCCESS,374,0,
SUCCESS,375,0,
SUCCESS,376,0,
SUCCESS,377,0,
SUCCESS,378,0,
SUCCESS,379,0,
SUCCESS,380,0,
SUCCESS,381,0,
SUCCESS,382,0,
SUCCESS,383,0,
SUCCESS,384,0,
SUCCESS,385,0,
SUCCESS,386,0,
SUCCESS,387,0,
SUCCESS,388,0,
SUCCESS,389,0,
SUCCESS,390,0,
SUCCESS,391,0,
SUCCESS,392,0,
SUCCESS,393,0,
SUCCESS,394,0,
SUCCESS,395,0,
SUCCESS,396,0,
SUCCESS,397,0,
SUCCESS,398,0,
SUCCESS,399,0,
SUCCESS,400,0,
SUCCESS,401,0,
SUCCESS,402,0,
SUCCESS,403,0,
SUCCESS,404,0,
SUCCESS,405,0,
SUCCESS,406,0,
SUCCESS,407,0,
SUCCESS,408,0,
SUCCESS,409,0,
SUCCESS,410,0,
SUCCESS,411,0,
SUCCESS,412,0,
SUCCESS,413,0,
SUCCESS,414,0,
SUCCESS,415,0,
SUCCESS,416,0,
SUCCESS,417,0,
SUCCESS,418,0,
SUCCESS,419,0,
SUCCESS,420,0,
SUCCESS,421,0,
SUCCESS,422,0,
SUCCESS,423,0,
SUCCESS,424,0,
SUCCESS,425,0,
SUCCESS,426,0,
SUCCESS,427,0,
SUCCESS,428,0,
SUCCESS,429,0,
SUCCESS,430,0,
SUCCESS,431,0,
SUCCESS,432,0,
SUCCESS,433,0,
SUCCESS,434,0,
SUCCESS,435,0,
SUCCESS,436,0,
SUCCESS,437,0,
SUCCESS,438,0,
SUCCESS,439,0,
SUCCESS,440,0,
SUCCESS,441,0,
SUCCESS,442,0,
SUCCESS,443,0,
SUCCESS,444,0,
SUCCESS,445,0,
SUCCESS,446,0,
SUCCESS,447,0,
SUCCESS,448,0,
SUCCESS,449,0,
SUCCESS,450,0,
SUCCESS,451,0,
SUCCESS,452,0,
SUCCESS,453,0,
SUCCESS,454,0,
SUCCESS,455,0,
SUCCESS,456,0,
SUCCESS,457,0,
SUCCESS,458,0,
SUCCESS,459,0,
SUCCESS,460,0,
SUCCESS,461,0,
SUCCESS,462,0,
SUCCESS,463,0,
SUCCESS,464,0,
SUCCESS,465,0,
SUCCESS,466,0,
SUCCESS,467,0,
SUCCESS,468,0,
SUCCESS,469,0,
SUCCESS,470,0,
SUCCESS,471,0,
SUCCESS,472,0,
SUCCESS,473,0,
SUCCESS,474,0,
SUCCESS,475,0,
SUCCESS,476,0,
SUCCESS,477,0,
SUCCESS,478,0,
SUCCESS,479,0,
SUCCESS,480,0,
SUCCESS,481,0,
SUCCESS,482,0,
SUCCESS,483,0,
SUCCESS,484,0,
SUCCESS,485,0,
SUCCESS,486,0,
SUCCESS,487,0,
SUCCESS,488,0,
SUCCESS,489,0,
SUCCESS,490,0,
SUCCESS,491,0,
SUCCESS,492,0,
SUCCESS,493,0,
SUCCESS,494,0,
SUCCESS,495,0,
SUCCESS,496,0,
SUCCESS,497,0,
SUCCESS,498,0,
SUCCESS,499,0,
SUCCESS,500,0,
SUCCESS,501,0,
SUCCESS,502,0,
SUCCESS,503,0,
SUCCESS,504,0,
SUCCESS,505,0,
SUCCESS,506,0,
SUCCESS,507,0,
SUCCESS,508,0,
SUCCESS,509,0,
SUCCESS,510,0,
SUCCESS,511,0,
SUCCESS,512,0,
SUCCESS,513,0,
SUCCESS,514,0,
SUCCESS,515,0,
SUCCESS,516,0,
SUCCESS,517,0,
SUCCESS,518,0,
SUCCESS,519,0,
SUCCESS,520,0,
SUCCESS,521,0,
SUCCESS,522,0,
SUCCESS,523,0,
SUCCESS,524,0,
SUCCESS,525,0,
SUCCESS,526,0,
SUCCESS,527,0,
SUCCESS,528,0,
SUCCESS,529,0,
SUCCESS,530,0,
SUCCESS,531,0,
SUCCESS,532,0,
SUCCESS,533,0,
SUCCESS,534,0,
SUCCESS,535,0,
SUCCESS,536,0,
SUCCESS,537,0,
SUCCESS,538,0,
SUCCESS,539,0,
SUCCESS,540,0,
SUCCESS,541,0,
SUCCESS,542,0,
SUCCESS,543,0,
SUCCESS,544,0,
SUCCESS,545,0,
SUCCESS,546,0,
SUCCESS,547,0,
SUCCESS,548,0,
SUCCESS,549,0,
SUCCESS,550,0,
SUCCESS,551,0,
SUCCESS,552,0,
SUCCESS,553,0,
SUCCESS,554,0,
SUCCESS,555,0,
SUCCESS,556,0,
SUCCESS,557,0,
SUCCESS,558,0,
SUCCESS,559,0,
SUCCESS,560,0,
SUCCESS,561,0,
SUCCESS,562,0,
SUCCESS,563,0,
SUCCESS,564,0,
SUCCESS,565,0,
SUCCESS,566,0,
SUCCESS,567,0,
SUCCESS,568,0,
SUCCESS,569,0,
SUCCESS,570,0,
SUCCESS,571,0,
SUCCESS,572,0,
SUCCESS,573,0,
SUCCESS,574,0,
SUCCESS,575,0,
SUCCESS,576,0,
SUCCESS,577,0,
SUCCESS,578,0,
SUCCESS,579,0,
SUCCESS,580,0,
SUCCESS,581,0,
SUCCESS,582,0,
SUCCESS,583,0,
SUCCESS,584,0,
SUCCESS,585,0,
SUCCESS,586,0,
SUCCESS,587,0,
SUCCESS,588,0,
SUCCESS,589,0,
SUCCESS,590,0,
SUCCESS,591,0,
SUCCESS,592,0,
SUCCESS,593,0,
SUCCESS,594,0,
SUCCESS,595,0,
SUCCESS,596,0,
SUCCESS,597,0,
SUCCESS,598,0,
SUCCESS,599,0,
SUCCESS,600,0,
SUCCESS,601,0,
SUCCESS,602,0,
SUCCESS,603,0,
SUCCESS,604,0,
SUCCESS,605,0,
SUCCESS,606,0,
SUCCESS,607,0,
SUCCESS,608,0,
SUCCESS,609,0,
SUCCESS,610,0,
SUCCESS,611,0,
SUCCESS,612,0,
SUCCESS,613,0,
SUCCESS,614,0,
SUCCESS,615,0,
SUCCESS,616,0,
SUCCESS,617,0,
SUCCESS,618,0,
SUCCESS,619,0,
SUCCESS,620,0,
SUCCESS,621,0,
SUCCESS,622,0,
SUCCESS,623,0,
SUCCESS,624,0,
SUCCESS,625,0,
SUCCESS,626,0,
SUCCESS,627,0,
SUCCESS,628,0,
SUCCESS,629,0,
SUCCESS,630,0,
SUCCESS,631,0,
SUCCESS,632,0,
SUCCESS,633,0,
SUCCESS,634,0,
SUCCESS,635,0,
SUCCESS,636,0,
SUCCESS,637,0,
SUCCESS,638,0,
SUCCESS,639,0,
SUCCESS,640,0,
SUCCESS,641,0,
SUCCESS,642,0,
SUCCESS,643,0,
SUCCESS,644,0,
SUCCESS,645,0,
SUCCESS,646,0,
SUCCESS,647,0,
SUCCESS,648,0,
SUCCESS,649,0,
SUCCESS,650,0,
SUCCESS,651,0,
SUCCESS,652,0,
SUCCESS,653,0,
SUCCESS,654,0,
SUCCESS,655,0,
SUCCESS,656,0,
SUCCESS,657,0,
SUCCESS,658,0,
SUCCESS,659,0,
SUCCESS,660,0,
SUCCESS,661,0,
SUCCESS,662,0,
SUCCESS,663,0,
SUCCESS,664,0,
SUCCESS,665,0,
SUCCESS,666,0,
SUCCESS,667,0,
SUCCESS,668,0,
SUCCESS,669,0,
SUCCESS,670,0,
SUCCESS,671,0,
SUCCESS,672,0,
SUCCESS,673,0,
SUCCESS,674,0,
SUCCESS,675,0,
SUCCESS,676,0,
SUCCESS,677,0,
SUCCESS,678,0,
SUCCESS,679,0,
SUCCESS,680,0,
SUCCESS,681,0,
SUCCESS,682,0,
SUCCESS,683,0,
SUCCESS,684,0,
SUCCESS,685,0,
SUCCESS,686,0,
SUCCESS,687,0,
SUCCESS,688,0,
SUCCESS,689,0,
SUCCESS,690,0,
SUCCESS,691,0,
SUCCESS,692,0,
SUCCESS,693,0,
SUCCESS,694,0,
SUCCESS,695,0,
SUCCESS,696,0,
SUCCESS,697,0,
SUCCESS,698,0,
SUCCESS,699,0,
SUCCESS,700,0,
SUCCESS,701,0,
SUCCESS,702,0,
SUCCESS,703,0,
SUCCESS,704,0,
SUCCESS,705,0,
SUCCESS,706,0,
SUCCESS,707,0,
SUCCESS,708,0,
SUCCESS,709,0,
SUCCESS,710,0,
SUCCESS,711,0,
SUCCESS,712,0,
SUCCESS,713,0,
SUCCESS,714,0,
SUCCESS,715,0,
SUCCESS,716,0,
SUCCESS,717,0,
SUCCESS,718,0,
SUCCESS,719,0,
SUCCESS,720,0,
SUCCESS,721,0,
SUCCESS,722,0,
SUCCESS,723,0,
SUCCESS,724,0,
SUCCESS,725,0,
SUCCESS,726,0,
SUCCESS,727,0,
SUCCESS,728,0,
SUCCESS,729,0,
SUCCESS,730,0,
SUCCESS,731,0,
SUCCESS,732,0,
SUCCESS,733,0,
SUCCESS,734,0,
SUCCESS,735,0,
SUCCESS,736,0,
SUCCESS,737,0,
SUCCESS,738,0,
SUCCESS,739,0,
SUCCESS,740,0,
SUCCESS,741,0,
SUCCESS,742,0,
SUCCESS,743,0,
SUCCESS,744,0,
SUCCESS,745,0,
SUCCESS,746,0,
SUCCESS,747,0,
SUCCESS,748,0,
SUCCESS,749,0,
SUCCESS,750,0,
SUCCESS,751,0,
SUCCESS,752,0,
SUCCESS,753,0,
SUCCESS,754,0,
SUCCESS,755,0,
SUCCESS,756,0,
SUCCESS,757,0,
SUCCESS,758,0,
SUCCESS,759,0,
SUCCESS,760,0,
SUCCESS,761,0,
SUCCESS,762,0,
SUCCESS,763,0,
SUCCESS,764,0,
SUCCESS,765,0,
SUCCESS,766,0,
SUCCESS,767,0,
SUCCESS,768,0,
SUCCESS,769,0,
SUCCESS,770,0,
SUCCESS,771,0,
SUCCESS,772,0,
SUCCESS,773,0,
SUCCESS,774,0,
SUCCESS,775,0,
SUCCESS,776,0,
SUCCESS,777,0,
SUCCESS,778,0,
SUCCESS,779,0,
SUCCESS,780,0,
SUCCESS,781,0,
SUCCESS,782,0,
SUCCESS,783,0,
SUCCESS,784,0,
SUCCESS,785,0,
SUCCESS,786,0,
SUCCESS,787,0,
SUCCESS,788,0,
SUCCESS,789,0,
SUCCESS,790,0,
SUCCESS,791,0,
SUCCESS,792,0,
SUCCESS,793,0,
SUCCESS,794,0,
SUCCESS,795,0,
SUCCESS,796,0,
SUCCESS,797,0,
SUCCESS,798,0,
SUCCESS,799,0,
SUCCESS,800,0,
SUCCESS,801,0,
SUCCESS,802,0,
SUCCESS,803,0,
SUCCESS,804,0,
SUCCESS,805,0,
SUCCESS,806,0,
SUCCESS,807,0,
SUCCESS,808,0,
SUCCESS,809,0,
SUCCESS,810,0,
SUCCESS,811,0,
SUCCESS,812,0,
SUCCESS,813,0,
SUCCESS,814,0,
SUCCESS,815,0,
SUCCESS,816,0,
SUCCESS,817,0,
SUCCESS,818,0,
SUCCESS,819,0,
SUCCESS,820,0,
SUCCESS,821,0,
SUCCESS,822,0,
SUCCESS,823,0,
SUCCESS,824,0,
SUCCESS,825,0,
SUCCESS,826,0,
SUCCESS,827,0,
SUCCESS,828,0,
SUCCESS,829,0,
SUCCESS,830,0,
SUCCESS,831,0,
SUCCESS,832,0,
SUCCESS,833,0,
SUCCESS,834,0,
SUCCESS,835,0,
SUCCESS,836,0,
SUCCESS,837,0,
SUCCESS,838,0,
SUCCESS,839,0,
SUCCESS,840,0,
SUCCESS,841,0,
SUCCESS,842,0,
SUCCESS,843,0,
SUCCESS,844,0,
SUCCESS,845,0,
SUCCESS,846,0,
SUCCESS,847,0,
SUCCESS,848,0,
SUCCESS,849,0,
SUCCESS,850,0,
SUCCESS,851,0,
SUCCESS,852,0,
SUCCESS,853,0,
SUCCESS,854,0,
SUCCESS,855,0,
SUCCESS,856,0,
SUCCESS,857,0,
SUCCESS,858,0,
SUCCESS,859,0,
SUCCESS,860,0,
SUCCESS,861,0,
SUCCESS,862,0,
SUCCESS,863,0,
SUCCESS,864,0,
SUCCESS,865,0,
SUCCESS,866,0,
SUCCESS,867,0,
SUCCESS,868,0,
SUCCESS,869,0,
SUCCESS,870,0,
SUCCESS,871,0,
SUCCESS,872,0,
SUCCESS,873,0,
SUCCESS,874,0,
SUCCESS,875,0,
SUCCESS,876,0,
SUCCESS,877,0,
SUCCESS,878,0,
SUCCESS,879,0,
SUCCESS,880,0,
SUCCESS,881,0,
SUCCESS,882,0,
SUCCESS,883,0,
SUCCESS,884,0,
SUCCESS,885,0,
SUCCESS,886,0,
SUCCESS,887,0,
SUCCESS,888,0,
SUCCESS,889,0,
SUCCESS,890,0,
SUCCESS,891,0,
SUCCESS,892,0,
SUCCESS,893,0,
SUCCESS,894,0,
SUCCESS,895,0,
SUCCESS,896,0,
SUCCESS,897,0,
SUCCESS,898,0,
SUCCESS,899,0,
SUCCESS,900,0,
SUCCESS,901,0,
SUCCESS,902,0,
SUCCESS,903,0,
SUCCESS,904,0,
SUCCESS,905,0,
SUCCESS,906,0,
SUCCESS,907,0,
SUCCESS,908,0,
SUCCESS,909,0,
SUCCESS,910,0,
SUCCESS,911,0,
SUCCESS,912,0,
SUCCESS,913,0,
SUCCESS,914,0,
SUCCESS,915,0,
SUCCESS,916,0,
SUCCESS,917,0,
SUCCESS,918,0,
SUCCESS,919,0,
SUCCESS,920,0,
SUCCESS,921,0,
SUCCESS,922,0,
SUCCESS,923,0,
SUCCESS,924,0,
SUCCESS,925,0,
SUCCESS,926,0,
SUCCESS,927,0,
SUCCESS,928,0,
SUCCESS,929,0,
SUCCESS,930,0,
SUCCESS,931,0,
SUCCESS,932,0,
SUCCESS,933,0,
SUCCESS,934,0,
SUCCESS,935,0,
SUCCESS,936,0,
SUCCESS,937,0,
SUCCESS,938,0,
SUCCESS,939,0,
SUCCESS,940,0,
SUCCESS,941,0,
SUCCESS,942,0,
SUCCESS,943,0,
SUCCESS,944,0,
SUCCESS,945,0,
SUCCESS,946,0,
SUCCESS,947,0,
SUCCESS,948,0,
SUCCESS,949,0,
SUCCESS,950,0,
SUCCESS,951,0,
SUCCESS,952,0,
SUCCESS,953,0,
SUCCESS,954,0,
SUCCESS,955,0,
SUCCESS,956,0,
SUCCESS,957,0,
SUCCESS,958,0,
SUCCESS,959,0,
SUCCESS,960,0,
SUCCESS,961,0,
SUCCESS,962,0,
SUCCESS,963,0,
SUCCESS,964,0,
SUCCESS,965,0,
SUCCESS,966,0,
SUCCESS,967,0,
SUCCESS,968,0,
SUCCESS,969,0,
SUCCESS,970,0,
SUCCESS,971,0,
SUCCESS,972,0,
SUCCESS,973,0,
SUCCESS,974,0,
SUCCESS,975,0,
SUCCESS,976,0,
SUCCESS,977,0,
SUCCESS,978,0,
SUCCESS,979,0,
SUCCESS,980,0,
SUCCESS,981,0,
SUCCESS,982,0,
SUCCESS,983,0,
SUCCESS,984,0,
SUCCESS,985,0,
SUCCESS,986,0,
SUCCESS,987,0,
SUCCESS,988,0,
SUCCESS,989,0,
SUCCESS,990,0,
SUCCESS,991,0,
SUCCESS,992,0,
SUCCESS,993,0,
SUCCESS,994,0,
SUCCESS,995,0,
SUCCESS,996,0,
SUCCESS,997,0,
SUCCESS,998,0,
SUCCESS,999,0,
SUCCESS,1000,0,
SUCCESS,1001,0,
SUCCESS,1002,0,
SUCCESS,1003,0,
SUCCESS,1004,0,
SUCCESS,1005,0,
SUCCESS,1006,0,
SUCCESS,1007,0,
SUCCESS,1008,0,
SUCCESS,1009,0,
SUCCESS,1010,0,
SUCCESS,1011,0,
SUCCESS,1012,0,
SUCCESS,1013,0,
SUCCESS,1014,0,
SUCCESS,1015,0,
SUCCESS,1016,0,
SUCCESS,1017,0,
SUCCESS,1018,0,
SUCCESS,1019,0,
SUCCESS,1020,0,
SUCCESS,1021,0,
SUCCESS,1022,0,
SUCCESS,1023,0,
SUCCESS,1024,0,
SUCCESS,1025,0,
SUCCESS,1026,0,
SUCCESS,1027,0,
SUCCESS,1028,0,
SUCCESS,1029,0,
SUCCESS,1030,0,
SUCCESS,1031,0,
SUCCESS,1032,0,
SUCCESS,1033,0,
SUCCESS,1034,0,
SUCCESS,1035,0,
SUCCESS,1036,0,
SUCCESS,1037,0,
SUCCESS,1038,0,
SUCCESS,1039,0,
SUCCESS,1040,0,
SUCCESS,1041,0,
SUCCESS,1042,0,
SUCCESS,1043,0,
SUCCESS,1044,0,
SUCCESS,1045,0,
SUCCESS,1046,0,
SUCCESS,1047,0,
SUCCESS,1048,0,
SUCCESS,1049,0,
SUCCESS,1050,0,
SUCCESS,1051,0,
SUCCESS,1052,0,
SUCCESS,1053,0,
SUCCESS,1054,0,
SUCCESS,1055,0,
SUCCESS,1056,0,
SUCCESS,1057,0,
SUCCESS,1058,0,
SUCCESS,1059,0,
SUCCESS,1060,0,
SUCCESS,1061,0,
SUCCESS,1062,0,
SUCCESS,1063,0,
SUCCESS,1064,0,
SUCCESS,1065,0,
SUCCESS,1066,0,
SUCCESS,1067,0,
SUCCESS,1068,0,
SUCCESS,1069,0,
SUCCESS,1070,0,
SUCCESS,1071,0,
SUCCESS,1072,0,
SUCCESS,1073,0,
SUCCESS,1074,0,
SUCCESS,1075,0,
SUCCESS,1076,0,
SUCCESS,1077,0,
SUCCESS,1078,0,
SUCCESS,1079,0,
SUCCESS,1080,0,
SUCCESS,1081,0,
SUCCESS,1082,0,
SUCCESS,1083,0,
SUCCESS,1084,0,
SUCCESS,1085,0,
SUCCESS,1086,0,
SUCCESS,1087,0,
SUCCESS,1088,0,
SUCCESS,1089,0,
SUCCESS,1090,0,
SUCCESS,1091,0,
SUCCESS,1092,0,
SUCCESS,1093,0,
SUCCESS,1094,0,
SUCCESS,1095,0,
SUCCESS,1096,0,
SUCCESS,1097,0,
SUCCESS,1098,0,
SUCCESS,1099,0,
SUCCESS,1100,0,
SUCCESS,1101,0,
SUCCESS,1102,0,
SUCCESS,1103,0,
SUCCESS,1104,0,
SUCCESS,1105,0,
SUCCESS,1106,0,
SUCCESS,1107,0,
SUCCESS,1108,0,
SUCCESS,1109,0,
SUCCESS,1110,0,
SUCCESS,1111,0,
SUCCESS,1112,0,
SUCCESS,1113,0,
SUCCESS,1114,0,
SUCCESS,1115,0,
SUCCESS,1116,0,
SUCCESS,1117,0,
SUCCESS,1118,0,
SUCCESS,1119,0,
SUCCESS,1120,0,
SUCCESS,1121,0,
SUCCESS,1122,0,
SUCCESS,1123,0,
SUCCESS,1124,0,
SUCCESS,1125,0,
SUCCESS,1126,0,
SUCCESS,1127,0,
SUCCESS,1128,0,
SUCCESS,1129,0,
SUCCESS,1130,0,
SUCCESS,1131,0,
SUCCESS,1132,0,
SUCCESS,1133,0,
SUCCESS,1134,0,
SUCCESS,1135,0,
SUCCESS,1136,0,
SUCCESS,1137,0,
SUCCESS,1138,0,
SUCCESS,1139,0,
SUCCESS,1140,0,
SUCCESS,1141,0,
SUCCESS,1142,0,
SUCCESS,1143,0,
SUCCESS,1144,0,
SUCCESS,1145,0,
SUCCESS,1146,0,
SUCCESS,1147,0,
SUCCESS,1148,0,
SUCCESS,1149,0,
SUCCESS,1150,0,
SUCCESS,1151,0,
SUCCESS,1152,0,
SUCCESS,1153,0,
SUCCESS,1154,0,
SUCCESS,1155,0,
SUCCESS,1156,0,
SUCCESS,1157,0,
SUCCESS,1158,0,
SUCCESS,1159,0,
SUCCESS,1160,0,
SUCCESS,1161,0,
SUCCESS,1162,0,
SUCCESS,1163,0,
SUCCESS,1164,0,
SUCCESS,1165,0,
SUCCESS,1166,0,
SUCCESS,1167,0,
SUCCESS,1168,0,
SUCCESS,1169,0,
SUCCESS,1170,0,
SUCCESS,1171,0,
SUCCESS,1172,0,
SUCCESS,1173,0,
SUCCESS,1174,0,
SUCCESS,1175,0,
SUCCESS,1176,0,
SUCCESS,1177,0,
SUCCESS,1178,0,
SUCCESS,1179,0,
SUCCESS,1180,0,
SUCCESS,1181,0,
SUCCESS,1182,0,
SUCCESS,1183,0,
SUCCESS,1184,0,
SUCCESS,1185,0,
SUCCESS,1186,0,
SUCCESS,1187,0,
SUCCESS,1188,0,
SUCCESS,1189,0,
SUCCESS,1190,0,
SUCCESS,1191,0,
SUCCESS,1192,0,
SUCCESS,1193,0,
SUCCESS,1194,0,
SUCCESS,1195,0,
SUCCESS,1196,0,
SUCCESS,1197,0,
SUCCESS,1198,0,
SUCCESS,1199,0,
SUCCESS,1200,0,
SUCCESS,1201,0,
SUCCESS,1202,0,
SUCCESS,1203,0,
SUCCESS,1204,0,
SUCCESS,1205,0,
SUCCESS,1206,0,
SUCCESS,1207,0,
SUCCESS,1208,0,
SUCCESS,1209,0,
SUCCESS,1210,0,
SUCCESS,1211,0,
SUCCESS,1212,0,
SUCCESS,1213,0,
SUCCESS,1214,0,
SUCCESS,1215,0,
SUCCESS,1216,0,
SUCCESS,1217,0,
SUCCESS,1218,0,
SUCCESS,1219,0,
SUCCESS,1220,0,
SUCCESS,1221,0,
SUCCESS,1222,0,
SUCCESS,1223,0,
SUCCESS,1224,0,
SUCCESS,1225,0,
SUCCESS,1226,0,
SUCCESS,1227,0,
SUCCESS,1228,0,
SUCCESS,1229,0,
SUCCESS,1230,0,
SUCCESS,1231,0,
SUCCESS,1232,0,
SUCCESS,1233,0,
SUCCESS,1234,0,
SUCCESS,1235,0,
SUCCESS,1236,0,
SUCCESS,1237,0,
SUCCESS,1238,0,
SUCCESS,1239,0,
SUCCESS,1240,0,
SUCCESS,1241,0,
SUCCESS,1242,0,
SUCCESS,1243,0,
SUCCESS,1244,0,
SUCCESS,1245,0,
SUCCESS,1246,0,
SUCCESS,1247,0,
SUCCESS,1248,0,
SUCCESS,1249,0,
SUCCESS,1250,0,
SUCCESS,1251,0,
SUCCESS,1252,0,
SUCCESS,1253,0,
SUCCESS,1254,0,
SUCCESS,1255,0,
SUCCESS,1256,0,
SUCCESS,1257,0,
SUCCESS,1258,0,
SUCCESS,1259,0,
SUCCESS,1260,0,
SUCCESS,1261,0,
SUCCESS,1262,0,
SUCCESS,1263,0,
SUCCESS,1264,0,
SUCCESS,1265,0,
SUCCESS,1266,0,
SUCCESS,1267,0,
SUCCESS,1268,0,
SUCCESS,1269,0,
SUCCESS,1270,0,
SUCCESS,1271,0,
SUCCESS,1272,0,
SUCCESS,1273,0,
SUCCESS,1274,0,
SUCCESS,1275,0,
SUCCESS,1276,0,
SUCCESS,1277,0,
SUCCESS,1278,0,
SUCCESS,1279,0,
SUCCESS,1280,0,
SUCCESS,1281,0,
SUCCESS,1282,0,
SUCCESS,1283,0,
SUCCESS,1284,0,
SUCCESS,1285,0,
SUCCESS,1286,0,
SUCCESS,1287,0,
SUCCESS,1288,0,
SUCCESS,1289,0,
SUCCESS,1290,0,
SUCCESS,1291,0,
SUCCESS,1292,0,
SUCCESS,1293,0,
SUCCESS,1294,0,
SUCCESS,1295,0,
SUCCESS,1296,0,
SUCCESS,1297,0,
SUCCESS,1298,0,
SUCCESS,1299,0,
SUCCESS,1300,0,
SUCCESS,1301,0,
SUCCESS,1302,0,
SUCCESS,1303,0,
SUCCESS,1304,0,
SUCCESS,1305,0,
SUCCESS,1306,0,
SUCCESS,1307,0,
SUCCESS,1308,0,
SUCCESS,1309,0,
SUCCESS,1310,0,
SUCCESS,1311,0,
SUCCESS,1312,0,
SUCCESS,1313,0,
SUCCESS,1314,0,
SUCCESS,1315,0,
SUCCESS,1316,0,
SUCCESS,1317,0,
SUCCESS,1318,0,
SUCCESS,1319,0,
SUCCESS,1320,0,
SUCCESS,1321,0,
SUCCESS,1322,0,
SUCCESS,1323,0,
SUCCESS,1324,0,
SUCCESS,1325,0,
SUCCESS,1326,0,
SUCCESS,1327,0,
SUCCESS,1328,0,
SUCCESS,1329,0,
SUCCESS,1330,0,
SUCCESS,1331,0,
SUCCESS,1332,0,
SUCCESS,1333,0,
SUCCESS,1334,0,
SUCCESS,1335,0,
SUCCESS,1336,0,
SUCCESS,1337,0,
SUCCESS,1338,0,
SUCCESS,1339,0,
SUCCESS,1340,0,
SUCCESS,1341,0,
SUCCESS,1342,0,
SUCCESS,1343,0,
SUCCESS,1344,0,
SUCCESS,1345,0,
SUCCESS,1346,0,
SUCCESS,1347,0,
SUCCESS,1348,0,
SUCCESS,1349,0,
SUCCESS,1350,0,
SUCCESS,1351,0,
SUCCESS,1352,0,
SUCCESS,1353,0,
SUCCESS,1354,0,
SUCCESS,1355,0,
SUCCESS,1356,0,
SUCCESS,1357,0,
SUCCESS,1358,0,
SUCCESS,1359,0,
SUCCESS,1360,0,
SUCCESS,1361,0,
SUCCESS,1362,0,
SUCCESS,1363,0,
SUCCESS,1364,0,
SUCCESS,1365,0,
SUCCESS,1366,0,
SUCCESS,1367,0,
SUCCESS,1368,0,
SUCCESS,1369,0,
SUCCESS,1370,0,
SUCCESS,1371,0,
SUCCESS,1372,0,
SUCCESS,1373,0,
SUCCESS,1374,0,
SUCCESS,1375,0,
SUCCESS,1376,0,
SUCCESS,1377,0,
SUCCESS,1378,0,
SUCCESS,1379,0,
SUCCESS,1380,0,
SUCCESS,1381,0,
SUCCESS,1382,0,
SUCCESS,1383,0,
SUCCESS,1384,0,
SUCCESS,1385,0,
SUCCESS,1386,0,
SUCCESS,1387,0,
SUCCESS,1388,0,
SUCCESS,1389,0,
SUCCESS,1390,0,
SUCCESS,1391,0,
SUCCESS,1392,0,
SUCCESS,1393,0,
SUCCESS,1394,0,
SUCCESS,1395,0,
SUCCESS,1396,0,
SUCCESS,1397,0,
SUCCESS,1398,0,
SUCCESS,1399,0,
SUCCESS,1400,0,
SUCCESS,1401,0,
SUCCESS,1402,0,
SUCCESS,1403,0,
SUCCESS,1404,0,
SUCCESS,1405,0,
SUCCESS,1406,0,
SUCCESS,1407,0,
SUCCESS,1408,0,
SUCCESS,1409,0,
SUCCESS,1410,0,
SUCCESS,1411,0,
SUCCESS,1412,0,
SUCCESS,1413,0,
SUCCESS,1414,0,
SUCCESS,1415,0,
SUCCESS,1416,0,
SUCCESS,1417,0,
SUCCESS,1418,0,
SUCCESS,1419,0,
SUCCESS,1420,0,
SUCCESS,1421,0,
SUCCESS,1422,0,
SUCCESS,1423,0,
SUCCESS,1424,0,
SUCCESS,1425,0,
SUCCESS,1426,0,
SUCCESS,1427,0,
SUCCESS,1428,0,
SUCCESS,1429,0,
SUCCESS,1430,0,
SUCCESS,1431,0,
SUCCESS,1432,0,
SUCCESS,1433,0,
SUCCESS,1434,0,
SUCCESS,1435,0,
SUCCESS,1436,0,
SUCCESS,1437,0,
SUCCESS,1438,0,
SUCCESS,1439,0,
SUCCESS,1440,0,
SUCCESS,1441,0,
SUCCESS,1442,0,
SUCCESS,1443,0,
SUCCESS,1444,0,
SUCCESS,1445,0,
SUCCESS,1446,0,
SUCCESS,1447,0,
SUCCESS,1448,0,
SUCCESS,1449,0,
SUCCESS,1450,0,
SUCCESS,1451,0,
SUCCESS,1452,0,
SUCCESS,1453,0,
SUCCESS,1454,0,
SUCCESS,1455,0,
SUCCESS,1456,0,
SUCCESS,1457,0,
SUCCESS,1458,0,
SUCCESS,1459,0,
SUCCESS,1460,0,
SUCCESS,1461,0,
SUCCESS,1462,0,
SUCCESS,1463,0,
SUCCESS,1464,0,
SUCCESS,1465,0,
SUCCESS,1466,0,
SUCCESS,1467,0,
SUCCESS,1468,0,
SUCCESS,1469,0,
SUCCESS,1470,0,
SUCCESS,1471,0,
SUCCESS,1472,0,
SUCCESS,1473,0,
SUCCESS,1474,0,
SUCCESS,1475,0,
SUCCESS,1476,0,
SUCCESS,1477,0,
SUCCESS,1478,0,
SUCCESS,1479,0,
SUCCESS,1480,0,
SUCCESS,1481,0,
SUCCESS,1482,0,
SUCCESS,1483,0,
SUCCESS,1484,0,
SUCCESS,1485,0,
SUCCESS,1486,0,
SUCCESS,1487,0,
SUCCESS,1488,0,
SUCCESS,1489,0,
SUCCESS,1490,0,
SUCCESS,1491,0,
SUCCESS,1492,0,
SUCCESS,1493,0,
SUCCESS,1494,0,
SUCCESS,1495,0,
SUCCESS,1496,0,
SUCCESS,1497,0,
SUCCESS,1498,0,
SUCCESS,1499,0,
SUCCESS,1500,0,
SUCCESS,1501,0,
SUCCESS,1502,0,
SUCCESS,1503,0,
SUCCESS,1504,0,
SUCCESS,1505,0,
SUCCESS,1506,0,
SUCCESS,1507,0,
SUCCESS,1508,0,
SUCCESS,1509,0,
SUCCESS,1510,0,
SUCCESS,1511,0,
SUCCESS,1512,0,
SUCCESS,1513,0,
SUCCESS,1514,0,
SUCCESS,1515,0,
SUCCESS,1516,0,
SUCCESS,1517,0,
SUCCESS,1518,0,
SUCCESS,1519,0,
SUCCESS,1520,0,
SUCCESS,1521,0,
SUCCESS,1522,0,
SUCCESS,1523,0,
SUCCESS,1524,0,
SUCCESS,1525,0,
SUCCESS,1526,0,
SUCCESS,1527,0,
SUCCESS,1528,0,
SUCCESS,1529,0,
SUCCESS,1530,0,
SUCCESS,1531,0,
SUCCESS,1532,0,
SUCCESS,1533,0,
SUCCESS,1534,0,
SUCCESS,1535,0,
SUCCESS,1536,0,
SUCCESS,1537,0,
SUCCESS,1538,0,
SUCCESS,1539,0,
SUCCESS,1540,0,
SUCCESS,1541,0,
SUCCESS,1542,0,
SUCCESS,1543,0,
SUCCESS,1544,0,
SUCCESS,1545,0,
SUCCESS,1546,0,
SUCCESS,1547,0,
SUCCESS,1548,0,
SUCCESS,1549,0,
SUCCESS,1550,0,
SUCCESS,1551,0,
SUCCESS,1552,0,
SUCCESS,1553,0,
SUCCESS,1554,0,
SUCCESS,1555,0,
SUCCESS,1556,0,
SUCCESS,1557,0,
SUCCESS,1558,0,
SUCCESS,1559,0,
SUCCESS,1560,0,
SUCCESS,1561,0,
SUCCESS,1562,0,
SUCCESS,1563,0,
SUCCESS,1564,0,
SUCCESS,1565,0,
SUCCESS,1566,0,
SUCCESS,1567,0,
SUCCESS,1568,0,
SUCCESS,1569,0,
SUCCESS,1570,0,
SUCCESS,1571,0,
SUCCESS,1572,0,
SUCCESS,1573,0,
SUCCESS,1574,0,
SUCCESS,1575,0,
SUCCESS,1576,0,
SUCCESS,1577,0,
SUCCESS,1578,0,
SUCCESS,1579,0,
SUCCESS,1580,0,
SUCCESS,1581,0,
SUCCESS,1582,0,
SUCCESS,1583,0,
SUCCESS,1584,0,
SUCCESS,1585,0,
SUCCESS,1586,0,
SUCCESS,1587,0,
SUCCESS,1588,0,
SUCCESS,1589,0,
SUCCESS,1590,0,
SUCCESS,1591,0,
SUCCESS,1592,0,
SUCCESS,1593,0,
SUCCESS,1594,0,
SUCCESS,1595,0,
SUCCESS,1596,0,
SUCCESS,1597,0,
SUCCESS,1598,0,
SUCCESS,1599,0,
SUCCESS,1600,0,
SUCCESS,1601,0,
SUCCESS,1602,0,
SUCCESS,1603,0,
SUCCESS,1604,0,
SUCCESS,1605,0,
SUCCESS,1606,0,
SUCCESS,1607,0,
ACTIVITY,,,"Running after import procedures"
ACTIVITY,,,Done
