ACTIVITY,,,"Fetching number of rows"
ACTIVITY,,,Importing
SUCCESS,24,0,
SUCCESS,25,0,
SUCCESS,26,0,
SUCCESS,27,0,
SUCCESS,28,0,
SUCCESS,29,0,
SUCCESS,30,0,
SUCCESS,31,0,
SUCCESS,32,0,
SUCCESS,33,0,
SUCCESS,34,0,
SUCCESS,35,0,
SUCCESS,36,0,
SUCCESS,37,0,
SUCCESS,38,0,
SUCCESS,39,0,
SUCCESS,40,0,
SUCCESS,41,0,
SUCCESS,42,0,
SUCCESS,43,0,
SUCCESS,44,0,
SUCCESS,45,0,
SUCCESS,46,0,
SUCCESS,47,0,
SUCCESS,48,0,
SUCCESS,49,0,
SUCCESS,50,0,
SUCCESS,51,0,
SUCCESS,52,0,
SUCCESS,53,0,
SUCCESS,54,0,
SUCCESS,55,0,
SUCCESS,56,0,
SUCCESS,57,0,
SUCCESS,58,0,
SUCCESS,59,0,
SUCCESS,69,0,
SUCCESS,141,0,
SUCCESS,142,0,
SUCCESS,143,0,
SUCCESS,197,0,
SUCCESS,238,0,
SUCCESS,261,0,
SUCCESS,262,0,
SUCCESS,263,0,
SUCCESS,279,0,
SUCCESS,299,0,
SUCCESS,300,0,
SUCCESS,301,0,
SUCCESS,302,0,
SUCCESS,303,0,
SUCCESS,304,0,
SUCCESS,305,0,
SUCCESS,306,0,
SUCCESS,307,0,
SUCCESS,308,0,
SUCCESS,309,0,
SUCCESS,310,0,
SUCCESS,311,0,
SUCCESS,328,0,
SUCCESS,329,0,
SUCCESS,330,0,
SUCCESS,331,0,
SUCCESS,332,0,
SUCCESS,333,0,
SUCCESS,334,0,
SUCCESS,335,0,
SUCCESS,336,0,
SUCCESS,337,0,
SUCCESS,338,0,
SUCCESS,339,0,
SUCCESS,340,0,
SUCCESS,341,0,
SUCCESS,342,0,
SUCCESS,344,0,
SUCCESS,413,0,
SUCCESS,414,0,
SUCCESS,439,0,
SUCCESS,440,0,
SUCCESS,443,0,
SUCCESS,444,0,
SUCCESS,445,0,
SUCCESS,457,0,
SUCCESS,458,0,
SUCCESS,459,0,
SUCCESS,476,0,
SUCCESS,477,0,
SUCCESS,478,0,
SUCCESS,479,0,
SUCCESS,480,0,
SUCCESS,481,0,
SUCCESS,482,0,
SUCCESS,483,0,
SUCCESS,484,0,
SUCCESS,485,0,
SUCCESS,486,0,
SUCCESS,487,0,
SUCCESS,488,0,
SUCCESS,489,0,
SUCCESS,490,0,
SUCCESS,491,0,
SUCCESS,492,0,
SUCCESS,493,0,
SUCCESS,494,0,
SUCCESS,495,0,
SUCCESS,496,0,
SUCCESS,497,0,
SUCCESS,498,0,
SUCCESS,499,0,
SUCCESS,500,0,
SUCCESS,501,0,
SUCCESS,502,0,
SUCCESS,544,0,
SUCCESS,545,0,
SUCCESS,546,0,
SUCCESS,547,0,
SUCCESS,548,0,
SUCCESS,549,0,
SUCCESS,550,0,
SUCCESS,565,0,
SUCCESS,566,0,
SUCCESS,567,0,
SUCCESS,568,0,
SUCCESS,569,0,
SUCCESS,570,0,
SUCCESS,598,0,
SUCCESS,599,0,
SUCCESS,600,0,
SUCCESS,601,0,
SUCCESS,602,0,
SUCCESS,603,0,
SUCCESS,604,0,
SUCCESS,605,0,
SUCCESS,606,0,
SUCCESS,607,0,
SUCCESS,608,0,
SUCCESS,611,0,
SUCCESS,612,0,
SUCCESS,613,0,
SUCCESS,614,0,
SUCCESS,615,0,
SUCCESS,616,0,
SUCCESS,617,0,
SUCCESS,618,0,
SUCCESS,619,0,
SUCCESS,620,0,
SUCCESS,621,0,
SUCCESS,622,0,
SUCCESS,623,0,
SUCCESS,624,0,
SUCCESS,625,0,
SUCCESS,626,0,
SUCCESS,627,0,
SUCCESS,628,0,
SUCCESS,629,0,
SUCCESS,630,0,
SUCCESS,631,0,
SUCCESS,636,0,
SUCCESS,637,0,
SUCCESS,638,0,
SUCCESS,639,0,
SUCCESS,640,0,
SUCCESS,641,0,
SUCCESS,642,0,
SUCCESS,643,0,
SUCCESS,644,0,
SUCCESS,666,0,
SUCCESS,667,0,
SUCCESS,668,0,
SUCCESS,669,0,
SUCCESS,735,0,
SUCCESS,758,0,
SUCCESS,760,0,
SUCCESS,761,0,
SUCCESS,762,0,
SUCCESS,763,0,
SUCCESS,782,0,
SUCCESS,783,0,
SUCCESS,784,0,
SUCCESS,785,0,
SUCCESS,814,0,
SUCCESS,869,0,
SUCCESS,870,0,
SUCCESS,871,0,
SUCCESS,872,0,
SUCCESS,873,0,
SUCCESS,874,0,
SUCCESS,875,0,
SUCCESS,876,0,
SUCCESS,877,0,
SUCCESS,878,0,
SUCCESS,879,0,
SUCCESS,880,0,
SUCCESS,881,0,
SUCCESS,882,0,
SUCCESS,883,0,
SUCCESS,884,0,
SUCCESS,885,0,
SUCCESS,886,0,
SUCCESS,887,0,
SUCCESS,888,0,
SUCCESS,889,0,
SUCCESS,890,0,
SUCCESS,891,0,
SUCCESS,892,0,
SUCCESS,893,0,
SUCCESS,894,0,
SUCCESS,895,0,
SUCCESS,896,0,
SUCCESS,897,0,
SUCCESS,898,0,
SUCCESS,899,0,
SUCCESS,900,0,
SUCCESS,901,0,
SUCCESS,902,0,
SUCCESS,903,0,
SUCCESS,904,0,
SUCCESS,905,0,
SUCCESS,906,0,
SUCCESS,907,0,
SUCCESS,908,0,
SUCCESS,909,0,
SUCCESS,910,0,
SUCCESS,911,0,
SUCCESS,912,0,
SUCCESS,913,0,
SUCCESS,914,0,
SUCCESS,915,0,
SUCCESS,916,0,
SUCCESS,917,0,
SUCCESS,918,0,
SUCCESS,919,0,
SUCCESS,920,0,
SUCCESS,921,0,
SUCCESS,922,0,
SUCCESS,923,0,
SUCCESS,924,0,
SUCCESS,925,0,
SUCCESS,926,0,
SUCCESS,927,0,
SUCCESS,928,0,
SUCCESS,929,0,
SUCCESS,930,0,
SUCCESS,931,0,
SUCCESS,932,0,
SUCCESS,933,0,
SUCCESS,934,0,
SUCCESS,935,0,
SUCCESS,936,0,
SUCCESS,937,0,
SUCCESS,938,0,
SUCCESS,939,0,
SUCCESS,940,0,
SUCCESS,941,0,
SUCCESS,942,0,
SUCCESS,959,0,
SUCCESS,960,0,
SUCCESS,1103,0,
SUCCESS,1104,0,
SUCCESS,1105,0,
SUCCESS,1106,0,
SUCCESS,1107,0,
SUCCESS,1108,0,
SUCCESS,1115,0,
SUCCESS,1116,0,
SUCCESS,1117,0,
SUCCESS,1118,0,
SUCCESS,1119,0,
SUCCESS,1120,0,
SUCCESS,1121,0,
SUCCESS,1122,0,
SUCCESS,1123,0,
SUCCESS,1124,0,
SUCCESS,1125,0,
SUCCESS,1126,0,
SUCCESS,1127,0,
SUCCESS,1128,0,
SUCCESS,1159,0,
SUCCESS,1160,0,
SUCCESS,1167,0,
SUCCESS,1168,0,
SUCCESS,1169,0,
SUCCESS,1170,0,
SUCCESS,1215,0,
SUCCESS,1216,0,
SUCCESS,1217,0,
SUCCESS,1218,0,
SUCCESS,1289,0,
SUCCESS,1290,0,
SUCCESS,1293,0,
SUCCESS,1294,0,
SUCCESS,1297,0,
SUCCESS,1298,0,
SUCCESS,1343,0,
SUCCESS,1344,0,
SUCCESS,1345,0,
SUCCESS,1346,0,
SUCCESS,1347,0,
SUCCESS,1348,0,
SUCCESS,1379,0,
SUCCESS,1380,0,
SUCCESS,1419,0,
SUCCESS,1420,0,
SUCCESS,1421,0,
SUCCESS,1422,0,
SUCCESS,1423,0,
SUCCESS,1424,0,
SUCCESS,1425,0,
SUCCESS,1426,0,
SUCCESS,1427,0,
SUCCESS,1428,0,
SUCCESS,1429,0,
SUCCESS,1430,0,
SUCCESS,1431,0,
SUCCESS,1432,0,
SUCCESS,1433,0,
SUCCESS,1434,0,
SUCCESS,1435,0,
SUCCESS,1436,0,
SUCCESS,1437,0,
SUCCESS,1438,0,
SUCCESS,1439,0,
SUCCESS,1440,0,
SUCCESS,1441,0,
SUCCESS,1442,0,
SUCCESS,1443,0,
SUCCESS,1444,0,
SUCCESS,1477,0,
SUCCESS,1478,0,
SUCCESS,1479,0,
SUCCESS,1480,0,
SUCCESS,1481,0,
SUCCESS,1482,0,
SUCCESS,1483,0,
SUCCESS,1484,0,
SUCCESS,1485,0,
SUCCESS,1486,0,
SUCCESS,1487,0,
SUCCESS,1488,0,
SUCCESS,1489,0,
SUCCESS,1490,0,
SUCCESS,1491,0,
SUCCESS,1492,0,
SUCCESS,1493,0,
SUCCESS,1494,0,
SUCCESS,1495,0,
SUCCESS,1496,0,
SUCCESS,1497,0,
SUCCESS,1498,0,
SUCCESS,1499,0,
SUCCESS,1500,0,
SUCCESS,1501,0,
SUCCESS,1502,0,
SUCCESS,1503,0,
SUCCESS,1504,0,
SUCCESS,1505,0,
SUCCESS,1506,0,
SUCCESS,1507,0,
SUCCESS,1508,0,
SUCCESS,1509,0,
SUCCESS,1510,0,
SUCCESS,1511,0,
SUCCESS,1512,0,
SUCCESS,1513,0,
SUCCESS,1514,0,
SUCCESS,1515,0,
SUCCESS,1516,0,
SUCCESS,1517,0,
SUCCESS,1518,0,
SUCCESS,1519,0,
SUCCESS,1520,0,
SUCCESS,1521,0,
SUCCESS,1525,0,
SUCCESS,1526,0,
SUCCESS,1527,0,
SUCCESS,1622,0,
SUCCESS,1623,0,
SUCCESS,1732,0,
SUCCESS,1733,0,
SUCCESS,1734,0,
SUCCESS,1735,0,
SUCCESS,1736,0,
SUCCESS,1737,0,
SUCCESS,1756,0,
SUCCESS,1757,0,
SUCCESS,1758,0,
SUCCESS,1783,0,
SUCCESS,1785,0,
SUCCESS,1810,0,
SUCCESS,1811,0,
SUCCESS,1812,0,
SUCCESS,1813,0,
SUCCESS,1814,0,
SUCCESS,1815,0,
SUCCESS,1822,0,
SUCCESS,1823,0,
SUCCESS,1824,0,
SUCCESS,1825,0,
SUCCESS,1826,0,
SUCCESS,1827,0,
SUCCESS,1828,0,
SUCCESS,1829,0,
SUCCESS,1830,0,
SUCCESS,1864,0,
SUCCESS,1865,0,
SUCCESS,1866,0,
SUCCESS,1867,0,
SUCCESS,1868,0,
SUCCESS,1869,0,
SUCCESS,1870,0,
SUCCESS,1871,0,
SUCCESS,1872,0,
SUCCESS,1921,0,
SUCCESS,1922,0,
SUCCESS,1923,0,
SUCCESS,1924,0,
SUCCESS,1925,0,
SUCCESS,1926,0,
SUCCESS,1927,0,
SUCCESS,1928,0,
SUCCESS,1929,0,
SUCCESS,1930,0,
SUCCESS,1931,0,
SUCCESS,1932,0,
SUCCESS,1933,0,
SUCCESS,1934,0,
SUCCESS,1935,0,
SUCCESS,1936,0,
SUCCESS,1937,0,
SUCCESS,1938,0,
SUCCESS,1939,0,
SUCCESS,1940,0,
SUCCESS,1941,0,
SUCCESS,1942,0,
SUCCESS,1943,0,
SUCCESS,1944,0,
SUCCESS,1945,0,
SUCCESS,1946,0,
SUCCESS,1947,0,
SUCCESS,1948,0,
SUCCESS,1949,0,
SUCCESS,1950,0,
SUCCESS,1951,0,
SUCCESS,1952,0,
SUCCESS,1953,0,
SUCCESS,1954,0,
SUCCESS,1955,0,
SUCCESS,1956,0,
SUCCESS,1957,0,
SUCCESS,1958,0,
SUCCESS,1959,0,
SUCCESS,1960,0,
SUCCESS,1961,0,
SUCCESS,1962,0,
SUCCESS,1963,0,
SUCCESS,1964,0,
SUCCESS,1965,0,
SUCCESS,1966,0,
SUCCESS,1967,0,
SUCCESS,1968,0,
SUCCESS,1969,0,
SUCCESS,1970,0,
SUCCESS,1971,0,
SUCCESS,1972,0,
SUCCESS,1973,0,
SUCCESS,1974,0,
SUCCESS,1975,0,
SUCCESS,1976,0,
SUCCESS,1977,0,
SUCCESS,1978,0,
SUCCESS,1979,0,
SUCCESS,1980,0,
SUCCESS,1981,0,
SUCCESS,1982,0,
SUCCESS,1983,0,
SUCCESS,1984,0,
SUCCESS,1985,0,
SUCCESS,1986,0,
SUCCESS,1987,0,
SUCCESS,1988,0,
SUCCESS,1989,0,
SUCCESS,1990,0,
SUCCESS,1991,0,
SUCCESS,1992,0,
SUCCESS,1993,0,
SUCCESS,1994,0,
SUCCESS,1995,0,
SUCCESS,1996,0,
SUCCESS,1997,0,
SUCCESS,1998,0,
SUCCESS,1999,0,
SUCCESS,2000,0,
SUCCESS,2001,0,
SUCCESS,2002,0,
SUCCESS,2003,0,
SUCCESS,2004,0,
SUCCESS,2005,0,
SUCCESS,2006,0,
SUCCESS,2007,0,
SUCCESS,2008,0,
SUCCESS,2009,0,
SUCCESS,2010,0,
SUCCESS,2011,0,
SUCCESS,2012,0,
SUCCESS,2013,0,
SUCCESS,2014,0,
SUCCESS,2015,0,
SUCCESS,2016,0,
SUCCESS,2017,0,
SUCCESS,2018,0,
SUCCESS,2019,0,
SUCCESS,2020,0,
SUCCESS,2021,0,
SUCCESS,2022,0,
SUCCESS,2023,0,
SUCCESS,2024,0,
SUCCESS,2025,0,
SUCCESS,2026,0,
SUCCESS,2027,0,
SUCCESS,2028,0,
SUCCESS,2034,0,
SUCCESS,2036,0,
SUCCESS,2042,0,
SUCCESS,2044,0,
SUCCESS,2082,0,
SUCCESS,2084,0,
SUCCESS,2099,0,
SUCCESS,2100,0,
SUCCESS,2103,0,
SUCCESS,2104,0,
SUCCESS,2106,0,
SUCCESS,2108,0,
SUCCESS,2115,0,
SUCCESS,2116,0,
SUCCESS,2154,0,
SUCCESS,2156,0,
SUCCESS,2166,0,
SUCCESS,2168,0,
SUCCESS,2178,0,
SUCCESS,2180,0,
SUCCESS,2182,0,
SUCCESS,2184,0,
SUCCESS,2186,0,
SUCCESS,2188,0,
SUCCESS,2190,0,
SUCCESS,2192,0,
SUCCESS,2193,0,
SUCCESS,2194,0,
SUCCESS,2195,0,
SUCCESS,2196,0,
SUCCESS,2197,0,
SUCCESS,2198,0,
SUCCESS,2199,0,
SUCCESS,2200,0,
SUCCESS,2201,0,
SUCCESS,2202,0,
SUCCESS,2203,0,
SUCCESS,2204,0,
SUCCESS,2205,0,
SUCCESS,2206,0,
SUCCESS,2207,0,
SUCCESS,2208,0,
SUCCESS,2209,0,
SUCCESS,2210,0,
SUCCESS,2211,0,
SUCCESS,2212,0,
SUCCESS,2213,0,
SUCCESS,2214,0,
SUCCESS,2215,0,
SUCCESS,2216,0,
SUCCESS,2217,0,
SUCCESS,2218,0,
SUCCESS,2219,0,
SUCCESS,2220,0,
SUCCESS,2237,0,
SUCCESS,2239,0,
SUCCESS,2261,0,
SUCCESS,2263,0,
SUCCESS,2265,0,
SUCCESS,2266,0,
SUCCESS,2267,0,
SUCCESS,2268,0,
SUCCESS,2269,0,
SUCCESS,2270,0,
SUCCESS,2271,0,
SUCCESS,2272,0,
SUCCESS,2273,0,
SUCCESS,2274,0,
SUCCESS,2275,0,
SUCCESS,2276,0,
SUCCESS,2277,0,
SUCCESS,2278,0,
SUCCESS,2279,0,
SUCCESS,2280,0,
SUCCESS,2281,0,
SUCCESS,2282,0,
SUCCESS,2283,0,
SUCCESS,2284,0,
SUCCESS,2285,0,
SUCCESS,2286,0,
SUCCESS,2287,0,
SUCCESS,2288,0,
SUCCESS,2289,0,
SUCCESS,2290,0,
SUCCESS,2291,0,
SUCCESS,2292,0,
SUCCESS,2293,0,
SUCCESS,2294,0,
SUCCESS,2295,0,
SUCCESS,2296,0,
SUCCESS,2297,0,
SUCCESS,2298,0,
SUCCESS,2299,0,
SUCCESS,2300,0,
SUCCESS,2409,0,
SUCCESS,2410,0,
SUCCESS,2411,0,
SUCCESS,2412,0,
SUCCESS,2413,0,
SUCCESS,2414,0,
SUCCESS,2415,0,
SUCCESS,2416,0,
SUCCESS,2417,0,
SUCCESS,2418,0,
SUCCESS,2419,0,
SUCCESS,2420,0,
SUCCESS,2421,0,
SUCCESS,2422,0,
SUCCESS,2423,0,
SUCCESS,2424,0,
SUCCESS,2425,0,
SUCCESS,2426,0,
SUCCESS,2427,0,
SUCCESS,2428,0,
SUCCESS,2429,0,
SUCCESS,2430,0,
SUCCESS,2431,0,
SUCCESS,2432,0,
SUCCESS,2433,0,
SUCCESS,2434,0,
SUCCESS,2435,0,
SUCCESS,2436,0,
SUCCESS,2437,0,
SUCCESS,2438,0,
SUCCESS,2439,0,
SUCCESS,2440,0,
SUCCESS,2441,0,
SUCCESS,2442,0,
SUCCESS,2443,0,
SUCCESS,2444,0,
SUCCESS,2445,0,
SUCCESS,2446,0,
SUCCESS,2447,0,
SUCCESS,2448,0,
SUCCESS,2449,0,
SUCCESS,2450,0,
SUCCESS,2451,0,
SUCCESS,2452,0,
SUCCESS,2461,0,
SUCCESS,2462,0,
SUCCESS,2463,0,
SUCCESS,2464,0,
SUCCESS,2465,0,
SUCCESS,2466,0,
SUCCESS,2467,0,
SUCCESS,2468,0,
SUCCESS,2469,0,
SUCCESS,2470,0,
SUCCESS,2471,0,
SUCCESS,2472,0,
SUCCESS,2473,0,
SUCCESS,2474,0,
SUCCESS,2475,0,
SUCCESS,2476,0,
SUCCESS,2477,0,
SUCCESS,2478,0,
SUCCESS,2479,0,
SUCCESS,2480,0,
SUCCESS,2481,0,
SUCCESS,2482,0,
SUCCESS,2483,0,
SUCCESS,2484,0,
SUCCESS,2485,0,
SUCCESS,2486,0,
SUCCESS,2487,0,
SUCCESS,2488,0,
SUCCESS,2489,0,
SUCCESS,2490,0,
SUCCESS,2491,0,
SUCCESS,2492,0,
SUCCESS,2493,0,
SUCCESS,2494,0,
SUCCESS,2495,0,
SUCCESS,2496,0,
SUCCESS,2497,0,
SUCCESS,2498,0,
SUCCESS,2499,0,
SUCCESS,2500,0,
SUCCESS,2501,0,
SUCCESS,2502,0,
SUCCESS,2503,0,
SUCCESS,2504,0,
SUCCESS,2505,0,
SUCCESS,2506,0,
SUCCESS,2507,0,
SUCCESS,2508,0,
SUCCESS,2509,0,
SUCCESS,2510,0,
SUCCESS,2511,0,
SUCCESS,2512,0,
SUCCESS,2513,0,
SUCCESS,2514,0,
SUCCESS,2515,0,
SUCCESS,2516,0,
SUCCESS,2517,0,
SUCCESS,2518,0,
SUCCESS,2519,0,
SUCCESS,2520,0,
SUCCESS,2521,0,
SUCCESS,2522,0,
SUCCESS,2523,0,
SUCCESS,2524,0,
SUCCESS,2525,0,
SUCCESS,2526,0,
SUCCESS,2527,0,
SUCCESS,2528,0,
SUCCESS,2529,0,
SUCCESS,2530,0,
SUCCESS,2531,0,
SUCCESS,2532,0,
SUCCESS,2533,0,
SUCCESS,2534,0,
SUCCESS,2535,0,
SUCCESS,2536,0,
SUCCESS,2537,0,
SUCCESS,2538,0,
SUCCESS,2539,0,
SUCCESS,2540,0,
SUCCESS,2541,0,
SUCCESS,2542,0,
SUCCESS,2543,0,
SUCCESS,2544,0,
SUCCESS,2561,0,
SUCCESS,2562,0,
SUCCESS,2563,0,
SUCCESS,2564,0,
SUCCESS,2565,0,
SUCCESS,2566,0,
SUCCESS,2567,0,
SUCCESS,2568,0,
SUCCESS,2569,0,
SUCCESS,2570,0,
SUCCESS,2571,0,
SUCCESS,2572,0,
SUCCESS,2573,0,
SUCCESS,2574,0,
SUCCESS,2575,0,
SUCCESS,2576,0,
SUCCESS,2577,0,
SUCCESS,2578,0,
SUCCESS,2579,0,
SUCCESS,2580,0,
SUCCESS,2581,0,
SUCCESS,2582,0,
SUCCESS,2583,0,
SUCCESS,2584,0,
SUCCESS,2585,0,
SUCCESS,2586,0,
SUCCESS,2587,0,
SUCCESS,2588,0,
SUCCESS,2589,0,
SUCCESS,2590,0,
SUCCESS,2591,0,
SUCCESS,2592,0,
SUCCESS,2593,0,
SUCCESS,2594,0,
SUCCESS,2595,0,
SUCCESS,2596,0,
SUCCESS,2681,0,
SUCCESS,2682,0,
SUCCESS,2683,0,
SUCCESS,2684,0,
SUCCESS,2685,0,
SUCCESS,2686,0,
SUCCESS,2687,0,
SUCCESS,2688,0,
SUCCESS,2689,0,
SUCCESS,2690,0,
SUCCESS,2691,0,
SUCCESS,2692,0,
SUCCESS,2693,0,
SUCCESS,2694,0,
SUCCESS,2695,0,
SUCCESS,2696,0,
SUCCESS,2956,0,
SUCCESS,2957,0,
SUCCESS,2958,0,
SUCCESS,2959,0,
SUCCESS,2960,0,
SUCCESS,2961,0,
SUCCESS,2962,0,
SUCCESS,2985,0,
SUCCESS,2987,0,
SUCCESS,3025,0,
SUCCESS,3027,0,
SUCCESS,3030,0,
SUCCESS,3032,0,
SUCCESS,3035,0,
SUCCESS,3037,0,
SUCCESS,3040,0,
SUCCESS,3042,0,
SUCCESS,3043,0,
SUCCESS,3045,0,
SUCCESS,3073,0,
SUCCESS,3074,0,
SUCCESS,3075,0,
SUCCESS,3076,0,
SUCCESS,3077,0,
SUCCESS,3083,0,
SUCCESS,3084,0,
SUCCESS,3085,0,
SUCCESS,3086,0,
SUCCESS,3087,0,
SUCCESS,3088,0,
SUCCESS,3089,0,
SUCCESS,3090,0,
SUCCESS,3091,0,
SUCCESS,3092,0,
SUCCESS,3093,0,
SUCCESS,3094,0,
SUCCESS,3095,0,
SUCCESS,3096,0,
SUCCESS,3097,0,
SUCCESS,3098,0,
SUCCESS,3099,0,
SUCCESS,3100,0,
SUCCESS,3101,0,
SUCCESS,3102,0,
SUCCESS,3193,0,
SUCCESS,3194,0,
SUCCESS,3195,0,
SUCCESS,3196,0,
SUCCESS,3197,0,
SUCCESS,3198,0,
SUCCESS,3199,0,
SUCCESS,3200,0,
SUCCESS,3201,0,
SUCCESS,3202,0,
SUCCESS,3203,0,
SUCCESS,3204,0,
SUCCESS,3205,0,
SUCCESS,3206,0,
SUCCESS,3207,0,
SUCCESS,3208,0,
SUCCESS,3209,0,
SUCCESS,3210,0,
SUCCESS,3211,0,
SUCCESS,3212,0,
SUCCESS,3213,0,
SUCCESS,3214,0,
SUCCESS,3215,0,
SUCCESS,3216,0,
SUCCESS,3349,0,
SUCCESS,3350,0,
SUCCESS,3351,0,
SUCCESS,3352,0,
SUCCESS,3353,0,
SUCCESS,3354,0,
SUCCESS,3355,0,
SUCCESS,3356,0,
SUCCESS,3357,0,
SUCCESS,3358,0,
SUCCESS,3359,0,
SUCCESS,3360,0,
SUCCESS,3370,0,
SUCCESS,3373,0,
SUCCESS,3389,0,
SUCCESS,3390,0,
SUCCESS,3391,0,
SUCCESS,3392,0,
SUCCESS,3393,0,
SUCCESS,3394,0,
SUCCESS,3395,0,
SUCCESS,3396,0,
SUCCESS,3409,0,
SUCCESS,3412,0,
ACTIVITY,,,"Running after import procedures"
ACTIVITY,,,Done
