ACTIVITY,,,"Fetching number of rows"
ACTIVITY,,,Importing
SUCCESS,1,0,
SUCCESS,2,0,
SUCCESS,3,0,
SUCCESS,4,0,
SUCCESS,5,0,
SUCCESS,6,0,
SUCCESS,7,0,
SUCCESS,8,0,
SUCCESS,9,0,
SUCCESS,10,0,
SUCCESS,11,0,
SUCCESS,12,0,
SUCCESS,13,0,
SUCCESS,14,0,
SUCCESS,15,0,
SUCCESS,16,0,
SUCCESS,17,0,
SUCCESS,18,0,
SUCCESS,19,0,
SUCCESS,20,0,
SUCCESS,21,0,
SUCCESS,22,0,
SUCCESS,23,0,
SUCCESS,24,0,
SUCCESS,25,0,
SUCCESS,26,0,
SUCCESS,27,0,
SUCCESS,28,0,
SUCCESS,29,0,
SUCCESS,30,0,
SUCCESS,31,0,
SUCCESS,32,0,
SUCCESS,33,0,
SUCCESS,34,0,
SUCCESS,35,0,
SUCCESS,36,0,
SUCCESS,37,0,
SUCCESS,38,0,
SUCCESS,39,0,
SUCCESS,40,0,
SUCCESS,41,0,
SUCCESS,42,0,
SUCCESS,43,0,
SUCCESS,44,0,
SUCCESS,45,0,
SUCCESS,46,0,
SUCCESS,47,0,
SUCCESS,48,0,
SUCCESS,49,0,
SUCCESS,50,0,
SUCCESS,51,0,
SUCCESS,52,0,
SUCCESS,53,0,
SUCCESS,54,0,
SUCCESS,55,0,
SUCCESS,56,0,
SUCCESS,57,0,
SUCCESS,58,0,
SUCCESS,59,0,
SUCCESS,60,0,
SUCCESS,61,0,
SUCCESS,62,0,
SUCCESS,63,0,
SUCCESS,64,0,
SUCCESS,65,0,
SUCCESS,66,0,
SUCCESS,67,0,
SUCCESS,68,0,
SUCCESS,69,0,
SUCCESS,70,0,
SUCCESS,71,0,
SUCCESS,72,0,
SUCCESS,73,0,
SUCCESS,74,0,
SUCCESS,75,0,
SUCCESS,76,0,
SUCCESS,77,0,
SUCCESS,78,0,
SUCCESS,79,0,
SUCCESS,80,0,
SUCCESS,81,0,
SUCCESS,82,0,
SUCCESS,83,0,
SUCCESS,84,0,
SUCCESS,85,0,
SUCCESS,86,0,
SUCCESS,87,0,
SUCCESS,88,0,
SUCCESS,89,0,
SUCCESS,90,0,
SUCCESS,91,0,
SUCCESS,92,0,
SUCCESS,93,0,
SUCCESS,94,0,
SUCCESS,95,0,
SUCCESS,96,0,
SUCCESS,97,0,
SUCCESS,98,0,
SUCCESS,99,0,
SUCCESS,100,0,
SUCCESS,101,0,
SUCCESS,102,0,
SUCCESS,103,0,
SUCCESS,104,0,
SUCCESS,105,0,
SUCCESS,106,0,
SUCCESS,107,0,
SUCCESS,108,0,
SUCCESS,109,0,
SUCCESS,110,0,
SUCCESS,111,0,
SUCCESS,112,0,
SUCCESS,113,0,
SUCCESS,114,0,
SUCCESS,115,0,
SUCCESS,116,0,
SUCCESS,117,0,
SUCCESS,118,0,
SUCCESS,119,0,
SUCCESS,120,0,
SUCCESS,121,0,
SUCCESS,122,0,
SUCCESS,123,0,
SUCCESS,124,0,
SUCCESS,125,0,
SUCCESS,126,0,
SUCCESS,127,0,
SUCCESS,128,0,
SUCCESS,129,0,
SUCCESS,130,0,
SUCCESS,131,0,
SUCCESS,132,0,
SUCCESS,133,0,
SUCCESS,134,0,
SUCCESS,135,0,
SUCCESS,136,0,
SUCCESS,137,0,
SUCCESS,138,0,
SUCCESS,139,0,
SUCCESS,140,0,
SUCCESS,141,0,
SUCCESS,142,0,
SUCCESS,143,0,
SUCCESS,144,0,
SUCCESS,145,0,
SUCCESS,146,0,
SUCCESS,147,0,
SUCCESS,148,0,
SUCCESS,149,0,
SUCCESS,150,0,
SUCCESS,151,0,
SUCCESS,152,0,
SUCCESS,153,0,
SUCCESS,154,0,
SUCCESS,155,0,
SUCCESS,156,0,
SUCCESS,157,0,
SUCCESS,158,0,
SUCCESS,159,0,
SUCCESS,160,0,
SUCCESS,161,0,
SUCCESS,162,0,
SUCCESS,163,0,
SUCCESS,164,0,
SUCCESS,165,0,
SUCCESS,166,0,
SUCCESS,167,0,
SUCCESS,168,0,
SUCCESS,169,0,
SUCCESS,170,0,
SUCCESS,171,0,
SUCCESS,172,0,
SUCCESS,173,0,
SUCCESS,174,0,
SUCCESS,175,0,
SUCCESS,176,0,
SUCCESS,177,0,
SUCCESS,178,0,
SUCCESS,179,0,
SUCCESS,180,0,
SUCCESS,181,0,
SUCCESS,182,0,
SUCCESS,183,0,
SUCCESS,184,0,
SUCCESS,185,0,
SUCCESS,186,0,
SUCCESS,187,0,
SUCCESS,188,0,
SUCCESS,189,0,
SUCCESS,190,0,
SUCCESS,191,0,
SUCCESS,192,0,
SUCCESS,193,0,
SUCCESS,194,0,
SUCCESS,195,0,
SUCCESS,196,0,
SUCCESS,197,0,
SUCCESS,198,0,
SUCCESS,199,0,
SUCCESS,200,0,
SUCCESS,201,0,
SUCCESS,202,0,
SUCCESS,203,0,
SUCCESS,204,0,
SUCCESS,205,0,
SUCCESS,206,0,
SUCCESS,207,0,
SUCCESS,208,0,
SUCCESS,209,0,
SUCCESS,210,0,
SUCCESS,211,0,
SUCCESS,212,0,
SUCCESS,213,0,
SUCCESS,214,0,
SUCCESS,215,0,
SUCCESS,216,0,
SUCCESS,217,0,
SUCCESS,218,0,
SUCCESS,219,0,
SUCCESS,220,0,
SUCCESS,221,0,
SUCCESS,222,0,
SUCCESS,223,0,
SUCCESS,224,0,
SUCCESS,225,0,
SUCCESS,226,0,
SUCCESS,227,0,
SUCCESS,228,0,
SUCCESS,229,0,
SUCCESS,230,0,
SUCCESS,231,0,
SUCCESS,232,0,
SUCCESS,233,0,
SUCCESS,234,0,
SUCCESS,235,0,
SUCCESS,236,0,
SUCCESS,237,0,
SUCCESS,238,0,
SUCCESS,239,0,
SUCCESS,240,0,
SUCCESS,241,0,
SUCCESS,242,0,
SUCCESS,243,0,
SUCCESS,244,0,
SUCCESS,245,0,
SUCCESS,246,0,
SUCCESS,247,0,
SUCCESS,248,0,
SUCCESS,249,0,
SUCCESS,250,0,
SUCCESS,251,0,
SUCCESS,252,0,
SUCCESS,253,0,
SUCCESS,254,0,
SUCCESS,255,0,
SUCCESS,256,0,
SUCCESS,257,0,
SUCCESS,258,0,
SUCCESS,259,0,
SUCCESS,260,0,
SUCCESS,261,0,
SUCCESS,262,0,
SUCCESS,263,0,
SUCCESS,264,0,
SUCCESS,265,0,
SUCCESS,266,0,
SUCCESS,267,0,
SUCCESS,268,0,
SUCCESS,269,0,
SUCCESS,270,0,
SUCCESS,271,0,
SUCCESS,272,0,
SUCCESS,273,0,
SUCCESS,274,0,
SUCCESS,275,0,
SUCCESS,276,0,
SUCCESS,277,0,
SUCCESS,278,0,
SUCCESS,279,0,
SUCCESS,280,0,
SUCCESS,281,0,
SUCCESS,282,0,
SUCCESS,283,0,
SUCCESS,284,0,
SUCCESS,285,0,
SUCCESS,286,0,
SUCCESS,287,0,
SUCCESS,288,0,
SUCCESS,289,0,
SUCCESS,290,0,
SUCCESS,291,0,
SUCCESS,292,0,
SUCCESS,293,0,
SUCCESS,294,0,
SUCCESS,295,0,
SUCCESS,296,0,
SUCCESS,297,0,
SUCCESS,298,0,
SUCCESS,299,0,
SUCCESS,300,0,
SUCCESS,301,0,
SUCCESS,302,0,
SUCCESS,303,0,
SUCCESS,304,0,
SUCCESS,305,0,
SUCCESS,306,0,
SUCCESS,307,0,
SUCCESS,308,0,
SUCCESS,309,0,
SUCCESS,310,0,
SUCCESS,311,0,
SUCCESS,312,0,
SUCCESS,313,0,
SUCCESS,314,0,
SUCCESS,315,0,
SUCCESS,316,0,
SUCCESS,317,0,
SUCCESS,318,0,
SUCCESS,319,0,
SUCCESS,320,0,
SUCCESS,321,0,
SUCCESS,322,0,
SUCCESS,323,0,
SUCCESS,324,0,
SUCCESS,325,0,
SUCCESS,326,0,
SUCCESS,327,0,
SUCCESS,328,0,
SUCCESS,329,0,
SUCCESS,330,0,
SUCCESS,331,0,
SUCCESS,332,0,
SUCCESS,333,0,
SUCCESS,334,0,
SUCCESS,335,0,
SUCCESS,336,0,
SUCCESS,337,0,
SUCCESS,338,0,
SUCCESS,339,0,
SUCCESS,340,0,
SUCCESS,341,0,
SUCCESS,342,0,
SUCCESS,343,0,
SUCCESS,344,0,
SUCCESS,345,0,
SUCCESS,346,0,
SUCCESS,347,0,
SUCCESS,348,0,
SUCCESS,349,0,
SUCCESS,350,0,
SUCCESS,351,0,
SUCCESS,352,0,
SUCCESS,353,0,
SUCCESS,354,0,
SUCCESS,355,0,
SUCCESS,356,0,
SUCCESS,357,0,
SUCCESS,358,0,
SUCCESS,359,0,
SUCCESS,360,0,
SUCCESS,361,0,
SUCCESS,362,0,
SUCCESS,363,0,
SUCCESS,364,0,
SUCCESS,365,0,
SUCCESS,366,0,
SUCCESS,367,0,
SUCCESS,368,0,
SUCCESS,369,0,
SUCCESS,370,0,
SUCCESS,371,0,
SUCCESS,372,0,
SUCCESS,373,0,
SUCCESS,374,0,
SUCCESS,375,0,
SUCCESS,376,0,
SUCCESS,377,0,
SUCCESS,378,0,
SUCCESS,379,0,
SUCCESS,380,0,
SUCCESS,381,0,
SUCCESS,382,0,
SUCCESS,383,0,
SUCCESS,384,0,
SUCCESS,385,0,
SUCCESS,386,0,
SUCCESS,387,0,
SUCCESS,388,0,
SUCCESS,389,0,
SUCCESS,390,0,
SUCCESS,391,0,
SUCCESS,392,0,
SUCCESS,393,0,
SUCCESS,394,0,
SUCCESS,395,0,
SUCCESS,396,0,
SUCCESS,397,0,
SUCCESS,398,0,
SUCCESS,399,0,
SUCCESS,400,0,
SUCCESS,401,0,
SUCCESS,402,0,
SUCCESS,403,0,
SUCCESS,404,0,
SUCCESS,405,0,
SUCCESS,406,0,
SUCCESS,407,0,
SUCCESS,408,0,
SUCCESS,409,0,
SUCCESS,410,0,
SUCCESS,411,0,
SUCCESS,412,0,
SUCCESS,413,0,
SUCCESS,414,0,
SUCCESS,415,0,
SUCCESS,416,0,
SUCCESS,417,0,
SUCCESS,418,0,
SUCCESS,419,0,
SUCCESS,420,0,
SUCCESS,421,0,
SUCCESS,422,0,
SUCCESS,423,0,
SUCCESS,424,0,
SUCCESS,425,0,
SUCCESS,426,0,
SUCCESS,427,0,
SUCCESS,428,0,
SUCCESS,429,0,
SUCCESS,430,0,
SUCCESS,431,0,
SUCCESS,432,0,
SUCCESS,433,0,
SUCCESS,434,0,
SUCCESS,435,0,
SUCCESS,436,0,
SUCCESS,437,0,
SUCCESS,438,0,
SUCCESS,439,0,
SUCCESS,440,0,
SUCCESS,441,0,
SUCCESS,442,0,
SUCCESS,443,0,
SUCCESS,444,0,
SUCCESS,445,0,
SUCCESS,446,0,
SUCCESS,447,0,
SUCCESS,448,0,
SUCCESS,449,0,
SUCCESS,450,0,
SUCCESS,451,0,
SUCCESS,452,0,
SUCCESS,453,0,
SUCCESS,454,0,
SUCCESS,455,0,
SUCCESS,456,0,
SUCCESS,457,0,
SUCCESS,458,0,
SUCCESS,459,0,
SUCCESS,460,0,
SUCCESS,461,0,
SUCCESS,462,0,
SUCCESS,463,0,
SUCCESS,464,0,
SUCCESS,465,0,
SUCCESS,466,0,
SUCCESS,467,0,
SUCCESS,468,0,
SUCCESS,469,0,
SUCCESS,470,0,
SUCCESS,471,0,
SUCCESS,472,0,
SUCCESS,473,0,
SUCCESS,474,0,
SUCCESS,475,0,
SUCCESS,476,0,
SUCCESS,477,0,
SUCCESS,478,0,
SUCCESS,479,0,
SUCCESS,480,0,
SUCCESS,481,0,
SUCCESS,482,0,
SUCCESS,483,0,
SUCCESS,484,0,
SUCCESS,485,0,
SUCCESS,486,0,
SUCCESS,487,0,
SUCCESS,488,0,
SUCCESS,489,0,
SUCCESS,490,0,
SUCCESS,491,0,
SUCCESS,492,0,
SUCCESS,493,0,
SUCCESS,494,0,
SUCCESS,495,0,
SUCCESS,496,0,
SUCCESS,497,0,
SUCCESS,498,0,
SUCCESS,499,0,
SUCCESS,500,0,
SUCCESS,501,0,
SUCCESS,502,0,
SUCCESS,503,0,
SUCCESS,504,0,
SUCCESS,505,0,
SUCCESS,506,0,
SUCCESS,507,0,
SUCCESS,508,0,
SUCCESS,509,0,
SUCCESS,510,0,
SUCCESS,511,0,
SUCCESS,512,0,
SUCCESS,513,0,
SUCCESS,514,0,
SUCCESS,515,0,
SUCCESS,516,0,
SUCCESS,517,0,
SUCCESS,518,0,
SUCCESS,519,0,
SUCCESS,520,0,
SUCCESS,521,0,
SUCCESS,522,0,
SUCCESS,523,0,
SUCCESS,524,0,
SUCCESS,525,0,
SUCCESS,526,0,
SUCCESS,527,0,
SUCCESS,528,0,
SUCCESS,529,0,
SUCCESS,530,0,
SUCCESS,531,0,
SUCCESS,532,0,
SUCCESS,533,0,
SUCCESS,534,0,
SUCCESS,535,0,
SUCCESS,536,0,
SUCCESS,537,0,
SUCCESS,538,0,
SUCCESS,539,0,
SUCCESS,540,0,
SUCCESS,541,0,
SUCCESS,542,0,
SUCCESS,543,0,
SUCCESS,544,0,
SUCCESS,545,0,
SUCCESS,546,0,
SUCCESS,547,0,
SUCCESS,548,0,
SUCCESS,549,0,
SUCCESS,550,0,
SUCCESS,551,0,
SUCCESS,552,0,
SUCCESS,553,0,
SUCCESS,554,0,
SUCCESS,555,0,
SUCCESS,556,0,
SUCCESS,557,0,
SUCCESS,558,0,
SUCCESS,559,0,
SUCCESS,560,0,
SUCCESS,561,0,
SUCCESS,562,0,
SUCCESS,563,0,
SUCCESS,564,0,
SUCCESS,565,0,
SUCCESS,566,0,
SUCCESS,567,0,
SUCCESS,568,0,
SUCCESS,569,0,
SUCCESS,570,0,
SUCCESS,571,0,
SUCCESS,572,0,
SUCCESS,573,0,
SUCCESS,574,0,
SUCCESS,575,0,
SUCCESS,576,0,
SUCCESS,577,0,
SUCCESS,578,0,
SUCCESS,579,0,
SUCCESS,580,0,
SUCCESS,581,0,
SUCCESS,582,0,
SUCCESS,583,0,
SUCCESS,584,0,
SUCCESS,585,0,
SUCCESS,586,0,
SUCCESS,587,0,
SUCCESS,588,0,
SUCCESS,589,0,
SUCCESS,590,0,
SUCCESS,591,0,
SUCCESS,592,0,
SUCCESS,593,0,
SUCCESS,594,0,
SUCCESS,595,0,
SUCCESS,596,0,
SUCCESS,597,0,
SUCCESS,598,0,
SUCCESS,599,0,
SUCCESS,600,0,
SUCCESS,601,0,
SUCCESS,602,0,
ACTIVITY,,,"Running after import procedures"
ACTIVITY,,,Done
