ACTIVITY,,,"Retrieving number of rows"
ACTIVITY,,,"Preparing data"
WARNING,2,5,"Unknown field, the column will be ignored"
WARNING,2,11,"Unknown field, the column will be ignored"
WARNING,2,15,"Unknown field, the column will be ignored"
WARNING,2,16,"Unknown field, the column will be ignored"
WARNING,2,18,"Unknown field, the column will be ignored"
WARNING,2,22,"Unknown field, the column will be ignored"
WARNING,2,23,"Unknown field, the column will be ignored"
WARNING,2,24,"Unknown field, the column will be ignored"
WARNING,2,25,"Unknown field, the column will be ignored"
WARNING,2,26,"Unknown field, the column will be ignored"
WARNING,2,27,"Unknown field, the column will be ignored"
WARNING,2,29,"Unknown field, the column will be ignored"
ACTIVITY,,,Importing
ERROR,48,17,"Duplicate SKU"
WARNING,56,-1,"The attribute 'california_compliant' does not apply to attribute set 'Kitchen Sinks', and will not be imported"
WARNING,56,-1,"The attribute 'includes_seats' does not apply to attribute set 'Kitchen Sinks', and will not be imported"
WARNING,56,-1,"The attribute 'sink_overflow' does not apply to attribute set 'Kitchen Sinks', and will not be imported"
WARNING,56,-1,"The attribute 'includes_seat' does not apply to attribute set 'Kitchen Sinks', and will not be imported"
WARNING,56,-1,"The attribute 'watersense_certified' does not apply to attribute set 'Kitchen Sinks', and will not be imported"
WARNING,56,-1,"The attribute 'hand_showersh_ncludes_hose' does not apply to attribute set 'Kitchen Sinks', and will not be imported"
WARNING,56,-1,"The attribute 'hand_showersh_includes_slide_bar' does not apply to attribute set 'Kitchen Sinks', and will not be imported"
WARNING,56,-1,"The attribute 'bath_shower_faucets_includes_handles' does not apply to attribute set 'Kitchen Sinks', and will not be imported"
WARNING,56,-1,"The attribute 'lighting_energy_star' does not apply to attribute set 'Kitchen Sinks', and will not be imported"
WARNING,56,-1,"The attribute 'soap_dispencers_opening' does not apply to attribute set 'Kitchen Sinks', and will not be imported"
WARNING,56,-1,"The attribute 'availability' does not apply to attribute set 'Kitchen Sinks', and will not be imported"
WARNING,56,7,"The attribute 'sink_material' does not apply to attribute set 'Kitchen Sinks', and will not be imported"
WARNING,58,-1,"The attribute 'california_compliant' does not apply to attribute set 'Kitchen Sinks', and will not be imported"
WARNING,58,-1,"The attribute 'includes_seats' does not apply to attribute set 'Kitchen Sinks', and will not be imported"
WARNING,58,-1,"The attribute 'sink_overflow' does not apply to attribute set 'Kitchen Sinks', and will not be imported"
WARNING,58,-1,"The attribute 'includes_seat' does not apply to attribute set 'Kitchen Sinks', and will not be imported"
WARNING,58,-1,"The attribute 'watersense_certified' does not apply to attribute set 'Kitchen Sinks', and will not be imported"
WARNING,58,-1,"The attribute 'hand_showersh_ncludes_hose' does not apply to attribute set 'Kitchen Sinks', and will not be imported"
WARNING,58,-1,"The attribute 'hand_showersh_includes_slide_bar' does not apply to attribute set 'Kitchen Sinks', and will not be imported"
WARNING,58,-1,"The attribute 'bath_shower_faucets_includes_handles' does not apply to attribute set 'Kitchen Sinks', and will not be imported"
WARNING,58,-1,"The attribute 'lighting_energy_star' does not apply to attribute set 'Kitchen Sinks', and will not be imported"
WARNING,58,-1,"The attribute 'soap_dispencers_opening' does not apply to attribute set 'Kitchen Sinks', and will not be imported"
WARNING,58,-1,"The attribute 'availability' does not apply to attribute set 'Kitchen Sinks', and will not be imported"
WARNING,58,7,"The attribute 'sink_material' does not apply to attribute set 'Kitchen Sinks', and will not be imported"
WARNING,64,-1,"The attribute 'california_compliant' does not apply to attribute set 'Kitchen Sinks', and will not be imported"
WARNING,64,-1,"The attribute 'includes_seats' does not apply to attribute set 'Kitchen Sinks', and will not be imported"
WARNING,64,-1,"The attribute 'sink_overflow' does not apply to attribute set 'Kitchen Sinks', and will not be imported"
WARNING,64,-1,"The attribute 'includes_seat' does not apply to attribute set 'Kitchen Sinks', and will not be imported"
WARNING,64,-1,"The attribute 'watersense_certified' does not apply to attribute set 'Kitchen Sinks', and will not be imported"
WARNING,64,-1,"The attribute 'hand_showersh_ncludes_hose' does not apply to attribute set 'Kitchen Sinks', and will not be imported"
WARNING,64,-1,"The attribute 'hand_showersh_includes_slide_bar' does not apply to attribute set 'Kitchen Sinks', and will not be imported"
WARNING,64,-1,"The attribute 'bath_shower_faucets_includes_handles' does not apply to attribute set 'Kitchen Sinks', and will not be imported"
WARNING,64,-1,"The attribute 'lighting_energy_star' does not apply to attribute set 'Kitchen Sinks', and will not be imported"
WARNING,64,-1,"The attribute 'soap_dispencers_opening' does not apply to attribute set 'Kitchen Sinks', and will not be imported"
WARNING,64,-1,"The attribute 'availability' does not apply to attribute set 'Kitchen Sinks', and will not be imported"
WARNING,64,7,"The attribute 'sink_material' does not apply to attribute set 'Kitchen Sinks', and will not be imported"
WARNING,72,-1,"The attribute 'california_compliant' does not apply to attribute set 'Kitchen Sinks', and will not be imported"
WARNING,72,-1,"The attribute 'includes_seats' does not apply to attribute set 'Kitchen Sinks', and will not be imported"
WARNING,72,-1,"The attribute 'sink_overflow' does not apply to attribute set 'Kitchen Sinks', and will not be imported"
WARNING,72,-1,"The attribute 'includes_seat' does not apply to attribute set 'Kitchen Sinks', and will not be imported"
WARNING,72,-1,"The attribute 'watersense_certified' does not apply to attribute set 'Kitchen Sinks', and will not be imported"
WARNING,72,-1,"The attribute 'hand_showersh_ncludes_hose' does not apply to attribute set 'Kitchen Sinks', and will not be imported"
WARNING,72,-1,"The attribute 'hand_showersh_includes_slide_bar' does not apply to attribute set 'Kitchen Sinks', and will not be imported"
WARNING,72,-1,"The attribute 'bath_shower_faucets_includes_handles' does not apply to attribute set 'Kitchen Sinks', and will not be imported"
WARNING,72,-1,"The attribute 'lighting_energy_star' does not apply to attribute set 'Kitchen Sinks', and will not be imported"
WARNING,72,-1,"The attribute 'soap_dispencers_opening' does not apply to attribute set 'Kitchen Sinks', and will not be imported"
WARNING,72,-1,"The attribute 'availability' does not apply to attribute set 'Kitchen Sinks', and will not be imported"
WARNING,72,7,"The attribute 'sink_material' does not apply to attribute set 'Kitchen Sinks', and will not be imported"
WARNING,73,-1,"The attribute 'california_compliant' does not apply to attribute set 'Kitchen Sinks', and will not be imported"
WARNING,73,-1,"The attribute 'includes_seats' does not apply to attribute set 'Kitchen Sinks', and will not be imported"
WARNING,73,-1,"The attribute 'sink_overflow' does not apply to attribute set 'Kitchen Sinks', and will not be imported"
WARNING,73,-1,"The attribute 'includes_seat' does not apply to attribute set 'Kitchen Sinks', and will not be imported"
WARNING,73,-1,"The attribute 'watersense_certified' does not apply to attribute set 'Kitchen Sinks', and will not be imported"
WARNING,73,-1,"The attribute 'hand_showersh_ncludes_hose' does not apply to attribute set 'Kitchen Sinks', and will not be imported"
WARNING,73,-1,"The attribute 'hand_showersh_includes_slide_bar' does not apply to attribute set 'Kitchen Sinks', and will not be imported"
WARNING,73,-1,"The attribute 'bath_shower_faucets_includes_handles' does not apply to attribute set 'Kitchen Sinks', and will not be imported"
WARNING,73,-1,"The attribute 'lighting_energy_star' does not apply to attribute set 'Kitchen Sinks', and will not be imported"
WARNING,73,-1,"The attribute 'soap_dispencers_opening' does not apply to attribute set 'Kitchen Sinks', and will not be imported"
WARNING,73,-1,"The attribute 'availability' does not apply to attribute set 'Kitchen Sinks', and will not be imported"
WARNING,73,7,"The attribute 'sink_material' does not apply to attribute set 'Kitchen Sinks', and will not be imported"
WARNING,74,-1,"The attribute 'california_compliant' does not apply to attribute set 'Kitchen Sinks', and will not be imported"
WARNING,74,-1,"The attribute 'includes_seats' does not apply to attribute set 'Kitchen Sinks', and will not be imported"
WARNING,74,-1,"The attribute 'sink_overflow' does not apply to attribute set 'Kitchen Sinks', and will not be imported"
WARNING,74,-1,"The attribute 'includes_seat' does not apply to attribute set 'Kitchen Sinks', and will not be imported"
WARNING,74,-1,"The attribute 'watersense_certified' does not apply to attribute set 'Kitchen Sinks', and will not be imported"
WARNING,74,-1,"The attribute 'hand_showersh_ncludes_hose' does not apply to attribute set 'Kitchen Sinks', and will not be imported"
WARNING,74,-1,"The attribute 'hand_showersh_includes_slide_bar' does not apply to attribute set 'Kitchen Sinks', and will not be imported"
WARNING,74,-1,"The attribute 'bath_shower_faucets_includes_handles' does not apply to attribute set 'Kitchen Sinks', and will not be imported"
WARNING,74,-1,"The attribute 'lighting_energy_star' does not apply to attribute set 'Kitchen Sinks', and will not be imported"
WARNING,74,-1,"The attribute 'soap_dispencers_opening' does not apply to attribute set 'Kitchen Sinks', and will not be imported"
WARNING,74,-1,"The attribute 'availability' does not apply to attribute set 'Kitchen Sinks', and will not be imported"
WARNING,74,7,"The attribute 'sink_material' does not apply to attribute set 'Kitchen Sinks', and will not be imported"
WARNING,75,-1,"The attribute 'california_compliant' does not apply to attribute set 'Kitchen Sinks', and will not be imported"
WARNING,75,-1,"The attribute 'includes_seats' does not apply to attribute set 'Kitchen Sinks', and will not be imported"
WARNING,75,-1,"The attribute 'sink_overflow' does not apply to attribute set 'Kitchen Sinks', and will not be imported"
WARNING,75,-1,"The attribute 'includes_seat' does not apply to attribute set 'Kitchen Sinks', and will not be imported"
WARNING,75,-1,"The attribute 'watersense_certified' does not apply to attribute set 'Kitchen Sinks', and will not be imported"
WARNING,75,-1,"The attribute 'hand_showersh_ncludes_hose' does not apply to attribute set 'Kitchen Sinks', and will not be imported"
WARNING,75,-1,"The attribute 'hand_showersh_includes_slide_bar' does not apply to attribute set 'Kitchen Sinks', and will not be imported"
WARNING,75,-1,"The attribute 'bath_shower_faucets_includes_handles' does not apply to attribute set 'Kitchen Sinks', and will not be imported"
WARNING,75,-1,"The attribute 'lighting_energy_star' does not apply to attribute set 'Kitchen Sinks', and will not be imported"
WARNING,75,-1,"The attribute 'soap_dispencers_opening' does not apply to attribute set 'Kitchen Sinks', and will not be imported"
WARNING,75,-1,"The attribute 'availability' does not apply to attribute set 'Kitchen Sinks', and will not be imported"
WARNING,75,7,"The attribute 'sink_material' does not apply to attribute set 'Kitchen Sinks', and will not be imported"
WARNING,76,-1,"The attribute 'california_compliant' does not apply to attribute set 'Kitchen Sinks', and will not be imported"
WARNING,76,-1,"The attribute 'includes_seats' does not apply to attribute set 'Kitchen Sinks', and will not be imported"
WARNING,76,-1,"The attribute 'sink_overflow' does not apply to attribute set 'Kitchen Sinks', and will not be imported"
WARNING,76,-1,"The attribute 'includes_seat' does not apply to attribute set 'Kitchen Sinks', and will not be imported"
WARNING,76,-1,"The attribute 'watersense_certified' does not apply to attribute set 'Kitchen Sinks', and will not be imported"
WARNING,76,-1,"The attribute 'hand_showersh_ncludes_hose' does not apply to attribute set 'Kitchen Sinks', and will not be imported"
WARNING,76,-1,"The attribute 'hand_showersh_includes_slide_bar' does not apply to attribute set 'Kitchen Sinks', and will not be imported"
WARNING,76,-1,"The attribute 'bath_shower_faucets_includes_handles' does not apply to attribute set 'Kitchen Sinks', and will not be imported"
WARNING,76,-1,"The attribute 'lighting_energy_star' does not apply to attribute set 'Kitchen Sinks', and will not be imported"
WARNING,76,-1,"The attribute 'soap_dispencers_opening' does not apply to attribute set 'Kitchen Sinks', and will not be imported"
WARNING,76,-1,"The attribute 'availability' does not apply to attribute set 'Kitchen Sinks', and will not be imported"
WARNING,76,7,"The attribute 'sink_material' does not apply to attribute set 'Kitchen Sinks', and will not be imported"
WARNING,80,-1,"The attribute 'california_compliant' does not apply to attribute set 'Kitchen Sinks', and will not be imported"
WARNING,80,-1,"The attribute 'includes_seats' does not apply to attribute set 'Kitchen Sinks', and will not be imported"
WARNING,80,-1,"The attribute 'sink_overflow' does not apply to attribute set 'Kitchen Sinks', and will not be imported"
WARNING,80,-1,"The attribute 'includes_seat' does not apply to attribute set 'Kitchen Sinks', and will not be imported"
WARNING,80,-1,"The attribute 'watersense_certified' does not apply to attribute set 'Kitchen Sinks', and will not be imported"
WARNING,80,-1,"The attribute 'hand_showersh_ncludes_hose' does not apply to attribute set 'Kitchen Sinks', and will not be imported"
WARNING,80,-1,"The attribute 'hand_showersh_includes_slide_bar' does not apply to attribute set 'Kitchen Sinks', and will not be imported"
WARNING,80,-1,"The attribute 'bath_shower_faucets_includes_handles' does not apply to attribute set 'Kitchen Sinks', and will not be imported"
WARNING,80,-1,"The attribute 'lighting_energy_star' does not apply to attribute set 'Kitchen Sinks', and will not be imported"
WARNING,80,-1,"The attribute 'soap_dispencers_opening' does not apply to attribute set 'Kitchen Sinks', and will not be imported"
WARNING,80,-1,"The attribute 'availability' does not apply to attribute set 'Kitchen Sinks', and will not be imported"
WARNING,80,7,"The attribute 'sink_material' does not apply to attribute set 'Kitchen Sinks', and will not be imported"
WARNING,90,-1,"The attribute 'california_compliant' does not apply to attribute set 'Kitchen Sinks', and will not be imported"
WARNING,90,-1,"The attribute 'includes_seats' does not apply to attribute set 'Kitchen Sinks', and will not be imported"
WARNING,90,-1,"The attribute 'sink_overflow' does not apply to attribute set 'Kitchen Sinks', and will not be imported"
WARNING,90,-1,"The attribute 'includes_seat' does not apply to attribute set 'Kitchen Sinks', and will not be imported"
WARNING,90,-1,"The attribute 'watersense_certified' does not apply to attribute set 'Kitchen Sinks', and will not be imported"
WARNING,90,-1,"The attribute 'hand_showersh_ncludes_hose' does not apply to attribute set 'Kitchen Sinks', and will not be imported"
WARNING,90,-1,"The attribute 'hand_showersh_includes_slide_bar' does not apply to attribute set 'Kitchen Sinks', and will not be imported"
WARNING,90,-1,"The attribute 'bath_shower_faucets_includes_handles' does not apply to attribute set 'Kitchen Sinks', and will not be imported"
WARNING,90,-1,"The attribute 'lighting_energy_star' does not apply to attribute set 'Kitchen Sinks', and will not be imported"
WARNING,90,-1,"The attribute 'soap_dispencers_opening' does not apply to attribute set 'Kitchen Sinks', and will not be imported"
WARNING,90,-1,"The attribute 'availability' does not apply to attribute set 'Kitchen Sinks', and will not be imported"
WARNING,90,7,"The attribute 'sink_material' does not apply to attribute set 'Kitchen Sinks', and will not be imported"
SUCCESS,56,0,
SUCCESS,58,0,
SUCCESS,64,0,
SUCCESS,72,0,
SUCCESS,73,0,
SUCCESS,74,0,
SUCCESS,75,0,
SUCCESS,76,0,
SUCCESS,80,0,
SUCCESS,90,0,
WARNING,107,-1,"The attribute 'california_compliant' does not apply to attribute set 'Kitchen Sinks', and will not be imported"
WARNING,107,-1,"The attribute 'includes_seats' does not apply to attribute set 'Kitchen Sinks', and will not be imported"
WARNING,107,-1,"The attribute 'sink_overflow' does not apply to attribute set 'Kitchen Sinks', and will not be imported"
WARNING,107,-1,"The attribute 'includes_seat' does not apply to attribute set 'Kitchen Sinks', and will not be imported"
WARNING,107,-1,"The attribute 'watersense_certified' does not apply to attribute set 'Kitchen Sinks', and will not be imported"
WARNING,107,-1,"The attribute 'hand_showersh_ncludes_hose' does not apply to attribute set 'Kitchen Sinks', and will not be imported"
WARNING,107,-1,"The attribute 'hand_showersh_includes_slide_bar' does not apply to attribute set 'Kitchen Sinks', and will not be imported"
WARNING,107,-1,"The attribute 'bath_shower_faucets_includes_handles' does not apply to attribute set 'Kitchen Sinks', and will not be imported"
WARNING,107,-1,"The attribute 'lighting_energy_star' does not apply to attribute set 'Kitchen Sinks', and will not be imported"
WARNING,107,-1,"The attribute 'soap_dispencers_opening' does not apply to attribute set 'Kitchen Sinks', and will not be imported"
WARNING,107,-1,"The attribute 'availability' does not apply to attribute set 'Kitchen Sinks', and will not be imported"
WARNING,107,7,"The attribute 'sink_material' does not apply to attribute set 'Kitchen Sinks', and will not be imported"
SUCCESS,107,0,
ACTIVITY,,,Done
